Thu 29 Aug 2024 04:51:31 IDT

SLURM_JOBID:		 969637
SLURM_JOB_NODELIST:	 cs-cpu-01 


executing python ./train_darpatc.py --scene theia
rm: cannot remove 'result_*': No such file or directory
Start training graph 0 2024-08-29 04:52:04
Data(edge_index=[2, 9388492], test_mask=[304973], train_mask=[304973], x=[304973, 36], y=[304973])
feature  36 ; label  5
1 483.91081406837793 0.8073239270361638 2024-08-29 04:53:58
2 35.661447083928195 0.8633485587248707 2024-08-29 04:55:03
3 3.147510521479863 0.8801828358576005 2024-08-29 04:56:09
4 1.1277913125355206 0.8686736202876976 2024-08-29 04:57:13
5 0.79911857014098 0.867381702642529 2024-08-29 04:58:19
6 0.5949087639053284 0.863027218802976 2024-08-29 04:59:24
7 0.5787948053441402 0.8598039826476442 2024-08-29 05:00:30
8 0.5548948072768727 0.8658996042272594 2024-08-29 05:01:34
9 0.5131838328419758 0.8662701288310769 2024-08-29 05:02:38
10 0.49370744181736353 0.8721001531283097 2024-08-29 05:03:43
11 0.5033692825437348 0.871588632436314 2024-08-29 05:04:49
12 0.473233784532231 0.8725493732232034 2024-08-29 05:05:53
13 0.5018411050127461 0.8712017129385224 2024-08-29 05:06:58
14 0.4719283429776371 0.8727854596964322 2024-08-29 05:08:03
15 0.47996700464505926 0.8748151475704407 2024-08-29 05:09:09
16 0.46572524165967477 0.8734642083069649 2024-08-29 05:10:14
17 0.46258055556636357 0.8741396779387027 2024-08-29 05:11:19
18 0.4826924348877151 0.8762054345794545 2024-08-29 05:12:23
19 0.47866854778199913 0.872493630583691 2024-08-29 05:13:29
20 0.48364442481594455 0.8769628786810636 2024-08-29 05:14:36
21 0.4687847052780262 0.8726903693113817 2024-08-29 05:15:39
22 0.4696932092294291 0.8773235663484964 2024-08-29 05:16:44
23 0.46609210284067015 0.8730215461696609 2024-08-29 05:17:51
24 0.4753540339826021 0.876343151688838 2024-08-29 05:18:56
25 0.47020337677199975 0.8735232299252721 2024-08-29 05:20:00
26 0.4659456098095864 0.879353254222505 2024-08-29 05:21:04
27 0.45897669416679693 0.8765759591832719 2024-08-29 05:22:10
28 0.4626604990028776 0.8771825702603181 2024-08-29 05:23:16
29 0.46169054396924347 0.8802910421578304 2024-08-29 05:24:21
36508
268465
1 2.513835347912144 0.06982031335597677 2024-08-29 05:25:46
2 2.331718566423702 0.039005149556261644 2024-08-29 05:26:09
3 1.9658948089672335 0.12315109017201709 2024-08-29 05:26:34
4 1.6548909566038552 0.4598718089185932 2024-08-29 05:26:57
5 1.5126137773165427 0.11539936452284431 2024-08-29 05:27:21
6 1.3535761624995883 0.125095869398488 2024-08-29 05:27:44
7 1.2579393014075058 0.16122493700010956 2024-08-29 05:28:07
8 1.1749867093619242 0.604661991892188 2024-08-29 05:28:30
9 1.1535704071503212 0.5845294182097075 2024-08-29 05:28:54
10 1.103383138483582 0.6003615645885834 2024-08-29 05:29:16
11 1.0907299892004028 0.6167689273583872 2024-08-29 05:29:41
12 1.0718291945273035 0.6033746028267777 2024-08-29 05:30:04
13 1.0634701116278096 0.6095102443300099 2024-08-29 05:30:26
14 1.0446807225614907 0.6243836967240057 2024-08-29 05:30:50
15 1.0294675744349167 0.6266023885175852 2024-08-29 05:31:14
16 1.017534462687506 0.6288210803111647 2024-08-29 05:31:38
17 1.0190542407543646 0.6197819655965816 2024-08-29 05:32:03
18 1.00311414421199 0.6167415361016764 2024-08-29 05:32:26
19 1.0140555370699031 0.6126328475950477 2024-08-29 05:32:50
20 1.0088647167353768 0.6191793579489427 2024-08-29 05:33:14
21 0.9949985888201004 0.6200010956502684 2024-08-29 05:33:38
13873
22635
1 1.431138942848843 0.00273913356880271 2024-08-29 05:34:12
2 1.4130080455332374 0.013695667844013552 2024-08-29 05:34:30
3 1.2910817794360536 0.0022345563324443164 2024-08-29 05:34:50
4 1.2056897383094358 0.027247170763353278 2024-08-29 05:35:10
5 1.1356174258571228 0.2977726519137894 2024-08-29 05:35:29
6 1.051878435209749 0.7543429683557991 2024-08-29 05:35:50
7 1.0052856428633683 0.7558567000648743 2024-08-29 05:36:08
8 0.9651876307810718 0.7633532761479133 2024-08-29 05:36:27
3283
10590
1 2.0958404541015625 0.0015229972586049345 2024-08-29 05:36:40
2 2.0371193885803223 0.007614986293024673 2024-08-29 05:36:45
3 1.9380980730056763 0.0015229972586049345 2024-08-29 05:36:49
4 1.9887491464614868 0.008528784648187633 2024-08-29 05:36:53
5 1.857189416885376 0.008528784648187633 2024-08-29 05:36:57
6 1.8724762201309204 0.008528784648187633 2024-08-29 05:37:01
7 1.7680548429489136 0.009137983551629607 2024-08-29 05:37:06
8 1.8288835287094116 0.08863844045080718 2024-08-29 05:37:10
9 1.8009204864501953 0.0907706366128541 2024-08-29 05:37:14
10 1.746475338935852 0.09259823332318001 2024-08-29 05:37:19
11 1.656150460243225 0.09442583003350594 2024-08-29 05:37:22
12 1.5719976425170898 0.10265001522997258 2024-08-29 05:37:27
13 1.5429563522338867 0.11818458726774292 2024-08-29 05:37:31
14 1.4772322177886963 0.1251903746573256 2024-08-29 05:37:35
15 1.434400200843811 0.14773073408467866 2024-08-29 05:37:40
16 1.3813313245773315 0.16326530612244897 2024-08-29 05:37:44
17 1.3833568096160889 0.17270788912579957 2024-08-29 05:37:48
18 1.473527193069458 0.16966189460858971 2024-08-29 05:37:52
19 1.3403114080429077 0.1839780688394761 2024-08-29 05:37:56
20 1.2691149711608887 0.18915625951873286 2024-08-29 05:38:00
21 1.2227329015731812 0.20316783429789825 2024-08-29 05:38:05
22 1.2134896516799927 0.22966798659762414 2024-08-29 05:38:09
23 1.2299691438674927 0.25007614986293025 2024-08-29 05:38:13
24 1.1890006065368652 0.3070362473347548 2024-08-29 05:38:17
25 1.1637133359909058 0.3618641486445324 2024-08-29 05:38:21
26 1.202445149421692 0.4483703929332927 2024-08-29 05:38:25
27 1.1114810705184937 0.5635089856838258 2024-08-29 05:38:30
28 1.1450526714324951 0.5912275357904356 2024-08-29 05:38:34
29 1.1385188102722168 0.7036247334754797 2024-08-29 05:38:38
30 1.0744990110397339 0.7088029241547366 2024-08-29 05:38:42
31 1.0158841609954834 0.7142857142857143 2024-08-29 05:38:47
32 1.0502080917358398 0.7167225098994822 2024-08-29 05:38:51
33 1.054224967956543 0.7182455071580871 2024-08-29 05:38:55
34 1.0206809043884277 0.7188547060615291 2024-08-29 05:39:00
35 0.9992801547050476 0.7182455071580871 2024-08-29 05:39:04
925
2358
1 1.9554189443588257 0.002162162162162162 2024-08-29 05:39:09
2 1.9678045511245728 0.014054054054054054 2024-08-29 05:39:11
3 1.8695584535598755 0.05945945945945946 2024-08-29 05:39:13
4 1.9097174406051636 0.08648648648648649 2024-08-29 05:39:16
5 1.7897883653640747 0.10378378378378378 2024-08-29 05:39:18
6 1.8958779573440552 0.09513513513513513 2024-08-29 05:39:20
7 1.745806097984314 0.09513513513513513 2024-08-29 05:39:23
8 1.7692005634307861 0.11243243243243244 2024-08-29 05:39:25
9 1.639888048171997 0.16648648648648648 2024-08-29 05:39:27
10 2.7402427196502686 0.08540540540540541 2024-08-29 05:39:29
11 1.885597586631775 0.018378378378378378 2024-08-29 05:39:32
12 1.7817360162734985 0.006486486486486486 2024-08-29 05:39:34
13 1.8234952688217163 0.001081081081081081 2024-08-29 05:39:36
14 1.9155009984970093 0.001081081081081081 2024-08-29 05:39:39
15 1.9000976085662842 0.002162162162162162 2024-08-29 05:39:41
16 1.8731602430343628 0.002162162162162162 2024-08-29 05:39:43
17 1.8451098203659058 0.002162162162162162 2024-08-29 05:39:46
18 1.8131197690963745 0.002162162162162162 2024-08-29 05:39:48
19 1.7776793241500854 0.002162162162162162 2024-08-29 05:39:50
20 1.7868131399154663 0.002162162162162162 2024-08-29 05:39:53
21 1.7131990194320679 0.002162162162162162 2024-08-29 05:39:55
22 1.7177873849868774 0.002162162162162162 2024-08-29 05:39:57
23 1.672874927520752 0.002162162162162162 2024-08-29 05:40:00
24 1.6559381484985352 0.002162162162162162 2024-08-29 05:40:02
25 1.6077523231506348 0.002162162162162162 2024-08-29 05:40:04
26 1.589329719543457 0.002162162162162162 2024-08-29 05:40:07
27 1.5384665727615356 0.002162162162162162 2024-08-29 05:40:09
28 1.5274156332015991 0.001081081081081081 2024-08-29 05:40:11
29 1.4807804822921753 0.001081081081081081 2024-08-29 05:40:14
30 1.4483393430709839 0.001081081081081081 2024-08-29 05:40:16
31 1.4285554885864258 0.001081081081081081 2024-08-29 05:40:18
32 1.4035086631774902 0.001081081081081081 2024-08-29 05:40:21
33 1.3676214218139648 0.001081081081081081 2024-08-29 05:40:23
34 1.3526501655578613 0.001081081081081081 2024-08-29 05:40:25
35 1.2644050121307373 0.2064864864864865 2024-08-29 05:40:28
36 1.229193091392517 0.28216216216216217 2024-08-29 05:40:30
37 1.149444580078125 0.3535135135135135 2024-08-29 05:40:32
38 1.1560771465301514 0.3545945945945946 2024-08-29 05:40:35
39 1.1268794536590576 0.3535135135135135 2024-08-29 05:40:37
40 1.114250898361206 0.3535135135135135 2024-08-29 05:40:39
41 1.101441740989685 0.3535135135135135 2024-08-29 05:40:42
42 1.0320711135864258 0.3535135135135135 2024-08-29 05:40:44
43 1.0035773515701294 0.3545945945945946 2024-08-29 05:40:46
44 1.0231235027313232 0.3567567567567568 2024-08-29 05:40:48
45 1.050544023513794 0.3621621621621622 2024-08-29 05:40:51
46 1.146675944328308 0.3621621621621622 2024-08-29 05:40:53
47 0.9914531111717224 0.3621621621621622 2024-08-29 05:40:55
590
335
1 1.4764701128005981 0.0 2024-08-29 05:40:59
2 1.392586588859558 0.0 2024-08-29 05:41:01
3 1.328094482421875 0.0 2024-08-29 05:41:03
4 1.2424496412277222 0.0 2024-08-29 05:41:05
5 1.2102335691452026 0.10338983050847457 2024-08-29 05:41:08
6 1.1691921949386597 0.30338983050847457 2024-08-29 05:41:10
7 1.1245769262313843 0.4864406779661017 2024-08-29 05:41:12
8 1.0899208784103394 0.7830508474576271 2024-08-29 05:41:14
9 1.0589810609817505 0.8169491525423729 2024-08-29 05:41:17
10 1.0324815511703491 0.8169491525423729 2024-08-29 05:41:19
11 1.0108709335327148 0.8169491525423729 2024-08-29 05:41:21
12 0.9974453449249268 0.8169491525423729 2024-08-29 05:41:23
108
482
1 1.7873204946517944 0.0 2024-08-29 05:41:26
2 1.8089064359664917 0.0 2024-08-29 05:41:28
3 1.7854619026184082 0.0 2024-08-29 05:41:30
4 1.7632460594177246 0.0 2024-08-29 05:41:32
5 1.7495298385620117 0.0 2024-08-29 05:41:34
6 1.7053428888320923 0.0 2024-08-29 05:41:36
7 1.6997535228729248 0.0 2024-08-29 05:41:38
8 1.640867829322815 0.0 2024-08-29 05:41:40
9 1.6240617036819458 0.0 2024-08-29 05:41:42
10 1.5913841724395752 0.0 2024-08-29 05:41:44
11 1.5320578813552856 0.0 2024-08-29 05:41:46
12 1.4710397720336914 0.018518518518518517 2024-08-29 05:41:48
13 1.4037134647369385 0.018518518518518517 2024-08-29 05:41:50
14 1.3609641790390015 0.027777777777777776 2024-08-29 05:41:52
15 1.2473021745681763 0.19444444444444445 2024-08-29 05:41:54
16 1.2722418308258057 0.3888888888888889 2024-08-29 05:41:56
17 1.2316207885742188 0.5648148148148148 2024-08-29 05:41:58
18 1.0383316278457642 0.5833333333333334 2024-08-29 05:42:00
19 1.005346417427063 0.5833333333333334 2024-08-29 05:42:02
20 1.0206069946289062 0.5925925925925926 2024-08-29 05:42:04
21 1.0136773586273193 0.5925925925925926 2024-08-29 05:42:06
22 1.0157667398452759 0.5925925925925926 2024-08-29 05:42:08
23 0.8614614009857178 0.5925925925925926 2024-08-29 05:42:10
44
64
1 1.2026267051696777 0.0 2024-08-29 05:42:13
2 1.485861897468567 0.0 2024-08-29 05:42:15
3 1.3422961235046387 0.022727272727272728 2024-08-29 05:42:17
4 1.1637037992477417 0.022727272727272728 2024-08-29 05:42:19
5 1.1224910020828247 0.045454545454545456 2024-08-29 05:42:21
6 1.118979573249817 0.045454545454545456 2024-08-29 05:42:23
7 1.0683118104934692 0.7727272727272727 2024-08-29 05:42:25
8 1.057348370552063 0.8409090909090909 2024-08-29 05:42:27
9 1.0579371452331543 0.8409090909090909 2024-08-29 05:42:29
10 0.998405396938324 0.8409090909090909 2024-08-29 05:42:31
7
37
1 2.755298376083374 0.0 2024-08-29 05:42:34
2 2.4790005683898926 0.0 2024-08-29 05:42:36
3 2.4985196590423584 0.0 2024-08-29 05:42:38
4 2.675452470779419 0.0 2024-08-29 05:42:40
5 2.35595440864563 0.0 2024-08-29 05:42:42
6 2.6157991886138916 0.0 2024-08-29 05:42:44
7 2.4634759426116943 0.0 2024-08-29 05:42:46
8 2.517289638519287 0.0 2024-08-29 05:42:48
9 2.38381028175354 0.14285714285714285 2024-08-29 05:42:50
10 2.124974012374878 0.14285714285714285 2024-08-29 05:42:52
11 2.0965769290924072 0.14285714285714285 2024-08-29 05:42:54
12 2.3841214179992676 0.14285714285714285 2024-08-29 05:42:56
13 2.1160624027252197 0.2857142857142857 2024-08-29 05:42:58
14 1.948660135269165 0.2857142857142857 2024-08-29 05:43:00
15 2.145766019821167 0.2857142857142857 2024-08-29 05:43:02
16 2.0961384773254395 0.2857142857142857 2024-08-29 05:43:04
17 1.9537566900253296 0.2857142857142857 2024-08-29 05:43:06
18 1.898903250694275 0.2857142857142857 2024-08-29 05:43:08
19 2.0130667686462402 0.2857142857142857 2024-08-29 05:43:10
20 1.9462206363677979 0.2857142857142857 2024-08-29 05:43:12
21 2.5197415351867676 0.42857142857142855 2024-08-29 05:43:14
22 1.3931639194488525 0.42857142857142855 2024-08-29 05:43:16
23 1.5871537923812866 0.42857142857142855 2024-08-29 05:43:18
24 1.9395307302474976 0.2857142857142857 2024-08-29 05:43:20
25 1.689105749130249 0.2857142857142857 2024-08-29 05:43:22
26 1.799418330192566 0.2857142857142857 2024-08-29 05:43:24
27 1.7682619094848633 0.2857142857142857 2024-08-29 05:43:26
28 1.7474507093429565 0.2857142857142857 2024-08-29 05:43:28
29 1.9269464015960693 0.2857142857142857 2024-08-29 05:43:30
30 1.7668997049331665 0.2857142857142857 2024-08-29 05:43:32
31 1.4851247072219849 0.2857142857142857 2024-08-29 05:43:34
32 1.47565758228302 0.2857142857142857 2024-08-29 05:43:36
33 1.4564640522003174 0.2857142857142857 2024-08-29 05:43:38
34 1.6703332662582397 0.2857142857142857 2024-08-29 05:43:40
35 1.4241012334823608 0.2857142857142857 2024-08-29 05:43:42
36 1.3995106220245361 0.2857142857142857 2024-08-29 05:43:44
37 1.4310204982757568 0.2857142857142857 2024-08-29 05:43:46
38 1.4098056554794312 0.2857142857142857 2024-08-29 05:43:48
39 1.5224316120147705 0.2857142857142857 2024-08-29 05:43:50
40 1.382831335067749 0.2857142857142857 2024-08-29 05:43:52
41 1.4983025789260864 0.2857142857142857 2024-08-29 05:43:54
42 1.5079023838043213 0.2857142857142857 2024-08-29 05:43:56
43 1.2971926927566528 0.2857142857142857 2024-08-29 05:43:58
44 1.274729609489441 0.2857142857142857 2024-08-29 05:44:00
45 1.590489149093628 0.2857142857142857 2024-08-29 05:44:02
46 1.2473831176757812 0.2857142857142857 2024-08-29 05:44:04
47 1.4403599500656128 0.2857142857142857 2024-08-29 05:44:06
48 1.3845692873001099 0.2857142857142857 2024-08-29 05:44:08
49 1.3628326654434204 0.2857142857142857 2024-08-29 05:44:10
50 1.3860626220703125 0.2857142857142857 2024-08-29 05:44:12
51 1.3817472457885742 0.2857142857142857 2024-08-29 05:44:14
52 1.1685783863067627 0.2857142857142857 2024-08-29 05:44:16
53 1.3327522277832031 0.2857142857142857 2024-08-29 05:44:18
54 1.3058421611785889 0.2857142857142857 2024-08-29 05:44:20
55 1.1321046352386475 0.2857142857142857 2024-08-29 05:44:22
56 1.1784089803695679 0.2857142857142857 2024-08-29 05:44:24
57 1.1336218118667603 0.7142857142857143 2024-08-29 05:44:26
58 1.2749879360198975 0.7142857142857143 2024-08-29 05:44:28
59 1.3631418943405151 0.7142857142857143 2024-08-29 05:44:30
60 1.1982756853103638 0.7142857142857143 2024-08-29 05:44:32
61 1.023044466972351 0.7142857142857143 2024-08-29 05:44:34
62 1.054223656654358 0.7142857142857143 2024-08-29 05:44:36
63 0.9202035665512085 0.7142857142857143 2024-08-29 05:44:38
2
5
1 2.1011788845062256 0.0 2024-08-29 05:44:38
2 2.081632375717163 0.0 2024-08-29 05:44:38
3 1.9771674871444702 0.0 2024-08-29 05:44:38
4 1.9448812007904053 0.0 2024-08-29 05:44:39
5 2.00217866897583 0.0 2024-08-29 05:44:39
6 1.9709681272506714 0.0 2024-08-29 05:44:39
7 1.9383301734924316 0.0 2024-08-29 05:44:39
8 1.904655933380127 0.0 2024-08-29 05:44:39
9 1.8702828884124756 0.0 2024-08-29 05:44:39
10 1.835501790046692 0.0 2024-08-29 05:44:39
11 1.654008150100708 0.0 2024-08-29 05:44:39
12 1.7655789852142334 0.0 2024-08-29 05:44:39
13 1.5632448196411133 0.0 2024-08-29 05:44:39
14 1.6964631080627441 0.0 2024-08-29 05:44:39
15 1.4687145948410034 0.0 2024-08-29 05:44:39
16 1.4197850227355957 0.0 2024-08-29 05:44:39
17 1.596980333328247 0.0 2024-08-29 05:44:39
18 1.5653637647628784 0.0 2024-08-29 05:44:39
19 1.276409387588501 0.0 2024-08-29 05:44:39
20 1.5049304962158203 0.0 2024-08-29 05:44:39
21 1.1872437000274658 0.0 2024-08-29 05:44:39
22 1.4485373497009277 0.0 2024-08-29 05:44:39
23 1.1028163433074951 0.0 2024-08-29 05:44:39
24 1.0617549419403076 0.0 2024-08-29 05:44:39
25 1.3720650672912598 0.0 2024-08-29 05:44:39
26 0.9832336902618408 0.0 2024-08-29 05:44:39
1 0.9460541605949402 0.5 2024-08-29 05:44:39
1
1
1 1.1351789236068726 0.0 2024-08-29 05:44:39
2 1.119912028312683 0.0 2024-08-29 05:44:39
3 1.1016790866851807 0.0 2024-08-29 05:44:39
4 1.0809065103530884 0.0 2024-08-29 05:44:39
5 1.058000922203064 0.0 2024-08-29 05:44:39
6 1.0333458185195923 1.0 2024-08-29 05:44:39
7 1.0072989463806152 1.0 2024-08-29 05:44:39
8 0.9801898002624512 1.0 2024-08-29 05:44:39
0
1
Finish training graph 0 2024-08-29 05:44:39
Start validating 2024-08-29 05:44:39
../graphchi-cpp-master/graph_data/darpatc/theia_test.txt 2024-08-29 05:44:39
Data(edge_index=[2, 9426573], test_mask=[344765], train_mask=[344765], x=[344765, 36], y=[344765])
validating in model  0
fp and fn:  37208 307557
Precision:  0.405915831663326
Recall:  0.9999999999999961
validating in model  1
fp and fn:  20594 16614
Precision:  0.5531064313177199
Recall:  0.9999999999999961
validating in model  2
fp and fn:  10450 10144
Precision:  0.707968317053372
Recall:  0.9990520952644221
Resource usage: resource.struct_rusage(ru_utime=4092.105582, ru_stime=318.879841, ru_maxrss=4377244, ru_ixrss=0, ru_idrss=0, ru_isrss=0, ru_minflt=8047427, ru_majflt=3955, ru_nswap=0, ru_inblock=5726000, ru_oublock=136480, ru_msgsnd=0, ru_msgrcv=0, ru_nsignals=0, ru_nvcsw=2656930, ru_nivcsw=31949) 2024-08-29 05:47:25
