Thu 29 Aug 2024 04:51:34 IDT

SLURM_JOBID:		 969638
SLURM_JOB_NODELIST:	 ise-cpu-intl-21 


executing python ./train_darpatc.py --scene trace
rm: cannot remove 'result_*': No such file or directory
Start training graph 0 2024-08-29 04:52:05
Data(edge_index=[2, 3572351], test_mask=[1271939], train_mask=[1271939], x=[1271939, 46], y=[1271939])
feature  46 ; label  11
1 104.06036734340019 0.8324408639093541 2024-08-29 04:53:50
2 3.7995523888136695 0.8597417014495192 2024-08-29 04:55:11
3 3.8699054517604217 0.8082392315983706 2024-08-29 04:56:32
4 2.6290850953424383 0.8172019255640404 2024-08-29 04:57:53
5 1.7500675931792335 0.8928635728600193 2024-08-29 04:59:15
6 1.636011799281145 0.8338921913708126 2024-08-29 05:00:38
7 1.3069797860456132 0.7657513449937458 2024-08-29 05:01:58
8 1.0824696692905345 0.7658173858966507 2024-08-29 05:03:19
9 1.0742030472884279 0.7692082717803291 2024-08-29 05:04:42
10 1.2731105665045512 0.7388569734869361 2024-08-29 05:06:03
11 0.9324178391246498 0.6017309006170893 2024-08-29 05:07:23
12 0.8723281853845699 0.7386368371439196 2024-08-29 05:08:44
13 0.9942145973231493 0.7132079447206194 2024-08-29 05:10:04
14 0.9932293305226447 0.6174557113194894 2024-08-29 05:11:26
15 0.97994579671573 0.6107682836991397 2024-08-29 05:12:47
16 0.9723179009044176 0.8378735143745101 2024-08-29 05:14:08
17 1.0377926525409955 0.6219920923880784 2024-08-29 05:15:30
18 1.035767429622157 0.7001986730495724 2024-08-29 05:16:51
19 6.742070175866721 0.7052366504997488 2024-08-29 05:18:12
20 2.8082762580414378 0.7105710258117724 2024-08-29 05:19:35
21 2.2203524769828684 0.7069049694993235 2024-08-29 05:20:57
22 3.1283760456533964 0.7108697822772947 2024-08-29 05:22:17
23 2.0419992482467286 0.713255902995348 2024-08-29 05:23:37
24 2.3108641912193346 0.7118879128637459 2024-08-29 05:24:58
25 1.8924208032525525 0.7419459581001919 2024-08-29 05:26:20
26 1.6743702226470594 0.5892444527607062 2024-08-29 05:27:40
27 1.1140784359087064 0.5887711596232209 2024-08-29 05:29:01
28 1.0648570373463184 0.5908978339370048 2024-08-29 05:30:22
29 1.655199209226004 0.5891839152663768 2024-08-29 05:31:42
522533
749406
1 1.1835010628581688 0.7658865564471526 2024-08-29 05:34:24
2 0.9775026686469207 0.7721789819973093 2024-08-29 05:35:01
119044
403489
1 3.0148852126884593 0.019757400624979 2024-08-29 05:36:08
2 2.3547072998198253 0.03159336043815732 2024-08-29 05:36:21
3 1.9761088479050288 0.06218709048755082 2024-08-29 05:36:34
4 1.787029886248932 0.2881203588589093 2024-08-29 05:36:47
5 1.6832340599079734 0.45646147642888346 2024-08-29 05:36:59
6 1.6228786028423663 0.16419979167366688 2024-08-29 05:37:12
7 7.039194116656977 0.4485400356170828 2024-08-29 05:37:25
8 1.5420292043216461 0.44933805987702025 2024-08-29 05:37:38
9 1.518341865668049 0.4462299653909479 2024-08-29 05:37:50
10 1.499171134581277 0.4464315715197742 2024-08-29 05:38:03
11 1.48678603793083 0.45121971707939923 2024-08-29 05:38:16
12 1.492043968907071 0.4396105641611505 2024-08-29 05:38:29
13 1.4662332998673235 0.45208494338227884 2024-08-29 05:38:41
14 1.4488632911748334 0.48853365142300326 2024-08-29 05:38:54
15 1.4403449662217753 0.4537061926682571 2024-08-29 05:39:07
16 1.4287566825277338 0.4587295453781795 2024-08-29 05:39:20
17 1.800445394567903 0.4614260273512315 2024-08-29 05:39:32
18 1.4342202798184487 0.4503460905211518 2024-08-29 05:39:45
19 1.4306864246662447 0.4379473135983334 2024-08-29 05:39:58
20 1.4230475324700145 0.45358858909310845 2024-08-29 05:40:10
21 1.4245442646589055 0.43547763852021104 2024-08-29 05:40:23
22 1.4200258284886316 0.45125331810087027 2024-08-29 05:40:36
23 1.501556176058744 0.4379473135983334 2024-08-29 05:40:48
24 1.4112434210161549 0.4479856187628104 2024-08-29 05:41:01
25 1.4026034938756755 0.456654682302342 2024-08-29 05:41:13
26 1.3966189629608359 0.45878834716575384 2024-08-29 05:41:26
27 1.3906572968772108 0.46382010013104397 2024-08-29 05:41:38
28 1.3935610331625736 0.4549410302073183 2024-08-29 05:41:51
29 1.5457751759998597 0.6105137596182924 2024-08-29 05:42:04
30 1.2728236410783738 0.4597543765330466 2024-08-29 05:42:17
31 1.3849036262935899 0.46729780585329794 2024-08-29 05:42:29
32 1.3853345142729936 0.4583683343973657 2024-08-29 05:42:42
33 1.3827773413588125 0.4612832230099795 2024-08-29 05:42:55
34 1.3764201127602798 0.0862622223715601 2024-08-29 05:43:08
35 1.395776764995881 0.45775511575551897 2024-08-29 05:43:20
36 1.379264261132066 0.4640637075367091 2024-08-29 05:43:33
37 1.3733722241726507 0.46147642888343804 2024-08-29 05:43:46
38 1.3738516016170859 0.46320688148919725 2024-08-29 05:43:59
39 1.376665600000428 0.46013238802459594 2024-08-29 05:44:11
40 1.374906499504959 0.45962837270253015 2024-08-29 05:44:24
41 1.3679995234905602 0.4635680924700111 2024-08-29 05:44:37
42 1.3733684941047277 0.46432411545310975 2024-08-29 05:44:49
43 1.3682759287240287 0.4662141729108565 2024-08-29 05:45:02
44 1.359590758864291 0.5072914216592185 2024-08-29 05:45:14
45 1.3820086844381372 0.4511861160579282 2024-08-29 05:45:27
46 1.3828060638920192 0.4555290480830617 2024-08-29 05:45:40
47 1.3763735533433554 0.45655387923792884 2024-08-29 05:45:53
48 1.3774253337366686 0.4577467155001512 2024-08-29 05:46:06
49 1.3814443587888325 0.45531904169886767 2024-08-29 05:46:19
50 1.3752305584486435 0.45787271933066764 2024-08-29 05:46:32
51 1.3863711008192898 0.45440341386378147 2024-08-29 05:46:44
52 1.3732721731269486 0.4590487550821545 2024-08-29 05:46:58
53 1.375693584637257 0.4578139175430933 2024-08-29 05:47:10
54 6.8909055927476635 0.45483182688753737 2024-08-29 05:47:23
55 1.3891103326711542 0.44736399986559594 2024-08-29 05:47:36
56 1.3741246383599763 0.45468062229091766 2024-08-29 05:47:48
57 1.3783322977509407 0.45179933469977485 2024-08-29 05:48:01
58 1.373348148991226 0.4545042169281946 2024-08-29 05:48:14
59 1.3721975130698545 0.4579147206075065 2024-08-29 05:48:27
60 1.37559052004913 0.4545294176942979 2024-08-29 05:48:39
61 1.3674069597357315 0.4581751285239071 2024-08-29 05:48:52
62 1.3680109739111321 0.45809952622559724 2024-08-29 05:49:05
63 1.372392064949617 0.45678068613285844 2024-08-29 05:49:18
64 1.3749006003334672 0.45408420415980644 2024-08-29 05:49:30
65 1.3671043749950869 0.45856154027082424 2024-08-29 05:49:43
66 1.372347848761695 0.45641107489667687 2024-08-29 05:49:55
67 1.371108605690146 0.45686468868653607 2024-08-29 05:50:08
68 1.3701734492576978 0.45668828332381306 2024-08-29 05:50:20
69 1.3659629344956208 0.46493733409495647 2024-08-29 05:50:33
70 1.3758473247454888 0.45515943684688015 2024-08-29 05:50:46
71 1.3636881791873587 0.46104801585968214 2024-08-29 05:50:58
72 1.3650047248026915 0.07651792614495481 2024-08-29 05:51:11
73 1.3637559069432277 0.4568730889419038 2024-08-29 05:51:24
74 1.361811673768181 0.45643627566278017 2024-08-29 05:51:37
75 1.3550026783086468 0.4655505527368032 2024-08-29 05:51:49
76 1.3664246023608522 0.4581415275024361 2024-08-29 05:52:02
77 1.3561243114241996 0.4544370148852525 2024-08-29 05:52:14
78 1.360785785603718 0.45394980007392227 2024-08-29 05:52:27
79 1.3537237977537753 0.45162292933705184 2024-08-29 05:52:40
80 1.3560399392099696 0.4503712912872551 2024-08-29 05:52:52
81 1.348246900013332 0.4572847014549242 2024-08-29 05:53:05
82 1.3523910711907614 0.4537229931789926 2024-08-29 05:53:18
83 5.385628684210099 0.4568730889419038 2024-08-29 05:53:30
84 1.3467040726271797 0.45843553644030777 2024-08-29 05:53:43
85 1.353811701997338 0.45459661973724 2024-08-29 05:53:56
86 1.347859293750159 0.46084640973085583 2024-08-29 05:54:08
87 1.3473492703656187 0.45869594435670846 2024-08-29 05:54:21
88 1.344122334968771 0.4604599979839387 2024-08-29 05:54:34
89 1.3486994361810147 0.4612160209670374 2024-08-29 05:54:47
90 1.3449746918876158 0.4626692651456604 2024-08-29 05:54:59
91 1.3479583249097389 0.4566714828130775 2024-08-29 05:55:12
92 1.3461276126049695 0.46188804139645845 2024-08-29 05:55:25
93 1.3398969133576135 0.4609136117737979 2024-08-29 05:55:38
94 1.3387453162835565 0.4634000873626558 2024-08-29 05:55:50
95 1.342731603431003 0.46015758879069923 2024-08-29 05:56:03
96 1.3450243902248078 0.4633832868519203 2024-08-29 05:56:16
97 1.339795085171819 0.4627952689761769 2024-08-29 05:56:29
98 1.3452491466366416 0.46193844292866504 2024-08-29 05:56:41
99 1.3372485306765987 0.4634000873626558 2024-08-29 05:56:53
100 1.3384886011353607 0.46287927152985453 2024-08-29 05:57:06
101 1.336243502199119 0.4635512919592756 2024-08-29 05:57:19
102 1.3416434307339684 0.46336648634118477 2024-08-29 05:57:31
103 1.3820158387779817 0.4632488827660361 2024-08-29 05:57:44
104 1.3497479012254336 0.46554215248143543 2024-08-29 05:57:56
105 1.3481696761306152 0.4628876717852223 2024-08-29 05:58:09
106 1.4777689059332395 0.4653657471187124 2024-08-29 05:58:22
107 1.337477809799394 0.46195524343940053 2024-08-29 05:58:35
108 1.3427590192163397 0.46691139410638083 2024-08-29 05:58:47
109 1.3423640876002043 0.46463492490171704 2024-08-29 05:59:00
110 1.3406964843381552 0.4644417190282585 2024-08-29 05:59:13
111 1.3415885320101841 0.46305567689257754 2024-08-29 05:59:26
112 1.3790366882750922 0.46442491851752293 2024-08-29 05:59:38
113 1.33814335612415 0.4649793353717953 2024-08-29 05:59:51
114 1.3397894375611288 0.4665333826148315 2024-08-29 06:00:04
115 1.339437333759868 0.4662141729108565 2024-08-29 06:00:17
116 1.336856514995551 0.4661721716340177 2024-08-29 06:00:30
117 1.3426659519860416 0.4666677867007157 2024-08-29 06:00:42
118 1.3242710685141965 0.09724975639259434 2024-08-29 06:00:55
119 1.3538334187887389 0.4653069453311381 2024-08-29 06:01:08
120 1.3687634665151864 0.22644568394879205 2024-08-29 06:01:20
121 1.7998365239107514 0.47167433889990257 2024-08-29 06:01:33
122 1.3347985180774717 0.4701622929337052 2024-08-29 06:01:45
123 1.3296632366488688 0.4732283861429388 2024-08-29 06:01:58
124 1.335220979392891 0.0924196095561305 2024-08-29 06:02:11
125 1.3547771239984876 0.4684066395618427 2024-08-29 06:02:23
126 1.350490643277868 0.4699522865495111 2024-08-29 06:02:36
127 1.342824006027754 0.4684570410940493 2024-08-29 06:02:48
128 1.3437707928022442 0.46910386075736704 2024-08-29 06:03:01
129 1.344942317979598 0.46917946305567687 2024-08-29 06:03:14
130 1.3564540441188195 0.4695490742918585 2024-08-29 06:03:27
131 1.3308207353257888 0.47491683747185914 2024-08-29 06:03:40
132 1.329129455579128 0.4758240650515776 2024-08-29 06:03:53
133 1.3275372901673734 0.47499243977016903 2024-08-29 06:04:06
134 1.338444589046432 0.4739004065723598 2024-08-29 06:04:19
135 1.3332562469305729 0.47423641678707035 2024-08-29 06:04:32
136 1.3345566314177055 0.4746228285339874 2024-08-29 06:04:45
137 1.3311749349089546 0.47233795907395587 2024-08-29 06:04:58
138 1.3287061361619084 0.4747908336413427 2024-08-29 06:05:11
139 1.3335126274748237 0.47397600887066965 2024-08-29 06:05:23
140 1.328433078145521 0.4749252377272269 2024-08-29 06:05:36
141 1.3330396626177567 0.4760172709250361 2024-08-29 06:05:49
142 1.3335954153843375 0.4743708208729545 2024-08-29 06:06:02
143 1.3294800872952703 0.4753620510063506 2024-08-29 06:06:15
144 1.3351153522877077 0.47233795907395587 2024-08-29 06:06:28
145 1.328477665239723 0.478327341151171 2024-08-29 06:06:40
146 1.3281144641835716 0.47505124155774336 2024-08-29 06:06:53
147 1.3343869194637235 0.47418601525486376 2024-08-29 06:07:06
148 1.328386419058399 0.47260676724572426 2024-08-29 06:07:18
149 1.3297508800347395 0.47584926581768083 2024-08-29 06:07:31
62397
56647
1 1.6954169994684658 0.006747119252528166 2024-08-29 06:07:54
2 1.6817080282080963 0.011122329599179448 2024-08-29 06:08:03
3 1.759634994414704 0.008862605573985929 2024-08-29 06:08:12
4 1.5233015735873423 0.41178261775405867 2024-08-29 06:08:21
5 1.494998175964097 0.4122794365113707 2024-08-29 06:08:30
6 1.441249166539589 0.4117665913425325 2024-08-29 06:08:39
7 1.4172052320846429 0.4120230139269516 2024-08-29 06:08:48
8 1.3918466907526714 0.4125198326842637 2024-08-29 06:08:57
9 1.3719299581682598 0.41285638732631375 2024-08-29 06:09:06
10 1.3551777132100389 0.41250380627273747 2024-08-29 06:09:15
11 1.3405172545181945 0.4131128099107329 2024-08-29 06:09:24
12 1.3277977485275556 0.4134814173758354 2024-08-29 06:09:34
13 1.3180225770083778 0.4130487042646281 2024-08-29 06:09:43
14 1.3250768732516023 0.41314486273378526 2024-08-29 06:09:52
15 1.2989395072044183 0.4137218135487283 2024-08-29 06:10:00
16 1.2908995718287855 0.41370578713720213 2024-08-29 06:10:10
17 1.2992509750150125 0.41490776800166673 2024-08-29 06:10:19
18 1.281050510675263 0.41397823613314744 2024-08-29 06:10:28
19 1.2745825073983705 0.4144430020674071 2024-08-29 06:10:37
20 1.2696947510533583 0.4142026058945142 2024-08-29 06:10:46
21 1.2650131033707068 0.41566100934339795 2024-08-29 06:10:55
22 1.2612738817347997 0.416077696043079 2024-08-29 06:11:04
23 1.2559243066304349 0.4165104091542863 2024-08-29 06:11:13
24 1.250288342824702 0.41689504303091496 2024-08-29 06:11:22
25 1.2490037972933552 0.415997563985448 2024-08-29 06:11:31
26 1.245118456528615 0.417471993845858 2024-08-29 06:11:40
27 1.2442204647725852 0.41522829623219065 2024-08-29 06:11:49
28 1.2431229970729403 0.4160937224546052 2024-08-29 06:11:58
29 1.530100388817465 0.4149879000592977 2024-08-29 06:12:07
30 1.7948928105173363 0.4173758353767008 2024-08-29 06:12:16
31 1.232010757042196 0.4167027260926006 2024-08-29 06:12:26
32 1.2296013201169713 0.41785662772248666 2024-08-29 06:12:35
33 1.2302098927124248 0.41820920877606294 2024-08-29 06:12:44
34 1.2291583609179406 0.41838549930285107 2024-08-29 06:12:53
35 1.2230555314537173 0.41848165777200824 2024-08-29 06:13:02
36 1.2204393185218416 0.41896245011779415 2024-08-29 06:13:11
37 1.2222584602223232 0.4202766158629421 2024-08-29 06:13:21
38 1.2181826288456286 0.41934708399442283 2024-08-29 06:13:29
39 1.2188073127761163 0.4190586085869513 2024-08-29 06:13:38
40 1.2168672449426727 0.42019648380531116 2024-08-29 06:13:47
41 1.2121578062688938 0.4205170120358351 2024-08-29 06:13:56
42 1.2109098882154141 0.42018045739378496 2024-08-29 06:14:05
43 1.2488548692026198 0.4174078881997532 2024-08-29 06:14:14
44 1.2138776023248405 0.41713543920380786 2024-08-29 06:14:23
45 1.2142525583069559 0.41784060131096046 2024-08-29 06:14:32
46 1.2139949738250484 0.4177444428418033 2024-08-29 06:14:41
47 1.2119219532925698 0.4173437825536484 2024-08-29 06:14:50
48 1.2864730028257345 0.41811305030690576 2024-08-29 06:14:59
49 1.2054774917402196 0.41822523518758914 2024-08-29 06:15:08
50 1.2067723763222697 0.41883423882558457 2024-08-29 06:15:17
51 1.206509092407108 0.41918681987916084 2024-08-29 06:15:26
52 1.2022351998519556 0.4202605894514159 2024-08-29 06:15:35
53 1.2002587580101203 0.4212061477314614 2024-08-29 06:15:44
54 1.198698574211635 0.4209336987355161 2024-08-29 06:15:53
55 1.200844393872427 0.4201163517476802 2024-08-29 06:16:02
56 1.1958942610608012 0.4206291969165184 2024-08-29 06:16:11
57 1.1989202669557628 0.4210298572046733 2024-08-29 06:16:20
58 1.199144231401342 0.4209497251470423 2024-08-29 06:16:29
59 1.1957312719633593 0.4216068080196163 2024-08-29 06:16:38
60 1.636919359781632 0.42143051749282817 2024-08-29 06:16:47
61 1.296411050744039 0.4213503854351972 2024-08-29 06:16:56
62 1.193597897750868 0.42110998926230425 2024-08-29 06:17:05
63 1.1927464732982862 0.4216548872541949 2024-08-29 06:17:14
64 1.1948406086202321 0.42019648380531116 2024-08-29 06:17:23
65 1.1946844178491585 0.4205170120358351 2024-08-29 06:17:32
66 1.1922955054977906 0.4209657515585685 2024-08-29 06:17:40
67 1.1905755901905233 0.42152667596198534 2024-08-29 06:17:49
68 1.1887605415352767 0.42195938907319264 2024-08-29 06:17:58
69 1.189625651417576 0.4216709136657211 2024-08-29 06:18:08
70 1.1879269109868216 0.42192733625014023 2024-08-29 06:18:16
71 1.1900477376368508 0.4217510457233521 2024-08-29 06:18:25
72 1.1908095671350833 0.42184720419250926 2024-08-29 06:18:34
73 1.1888594999335058 0.42181515136945685 2024-08-29 06:18:43
74 1.1879568863009036 0.42282481529560717 2024-08-29 06:18:52
75 1.193878501577729 0.4202605894514159 2024-08-29 06:19:01
76 1.191380281063361 0.42072535538567557 2024-08-29 06:19:10
77 1.1896954548806546 0.4214625703158806 2024-08-29 06:19:19
78 1.1908759481756306 0.4217029664887735 2024-08-29 06:19:28
79 1.185488785159743 0.42159078160809016 2024-08-29 06:19:37
80 1.1889326419100819 0.4216548872541949 2024-08-29 06:19:46
81 1.186098293797535 0.4217830985464045 2024-08-29 06:19:55
82 1.187155224798291 0.42183117778098306 2024-08-29 06:20:04
83 1.1880006293489194 0.421991441896245 2024-08-29 06:20:13
84 1.1862507046538537 0.4229850794108691 2024-08-29 06:20:22
85 1.18427693545804 0.4236581886949693 2024-08-29 06:20:31
86 1.1816783033468148 0.42282481529560717 2024-08-29 06:20:40
87 1.179474640722116 0.42295302658781675 2024-08-29 06:20:49
88 1.186210647082809 0.42348189816818116 2024-08-29 06:20:58
89 1.1809663782861481 0.42391461127938845 2024-08-29 06:21:07
90 1.1818981450121817 0.4230011058223953 2024-08-29 06:21:16
91 1.1813462493927724 0.42316136993765724 2024-08-29 06:21:25
92 1.1839393846235597 0.42226389089219035 2024-08-29 06:21:34
93 1.1815354372940474 0.4226805775918714 2024-08-29 06:21:43
94 1.1848309016245682 0.42030866868599454 2024-08-29 06:21:52
95 1.3117952412121654 0.41952337452121097 2024-08-29 06:22:01
96 1.1952185981431878 0.4202766158629421 2024-08-29 06:22:10
97 1.191339689655476 0.4208054874433066 2024-08-29 06:22:19
98 1.1898895622776557 0.40998765966312484 2024-08-29 06:22:28
99 1.221490676581448 0.42154270237351155 2024-08-29 06:22:37
100 1.1940219984155134 0.4216709136657211 2024-08-29 06:22:46
101 1.193470134189393 0.42110998926230425 2024-08-29 06:22:55
102 1.194508787697167 0.4213503854351972 2024-08-29 06:23:03
103 1.1908627534800276 0.42282481529560717 2024-08-29 06:23:13
104 1.1921646437251472 0.4221677324230332 2024-08-29 06:23:22
105 1.1936462657284308 0.4226966040033976 2024-08-29 06:23:31
106 1.191141106519649 0.42306521146850007 2024-08-29 06:23:39
107 1.19408713142763 0.4226164719457666 2024-08-29 06:23:49
108 1.198283344357721 0.4203567479205731 2024-08-29 06:23:58
109 1.1950327936941239 0.4208054874433066 2024-08-29 06:24:07
110 1.1912047152951228 0.4214465439043544 2024-08-29 06:24:16
111 1.1900288269745511 0.4196996650479991 2024-08-29 06:24:25
112 1.1893670944162085 0.42143051749282817 2024-08-29 06:24:34
113 1.186749625684 0.42127025337756624 2024-08-29 06:24:43
114 1.1881524071390874 0.42125422696604004 2024-08-29 06:24:52
115 1.1851993627952633 0.42141449108130197 2024-08-29 06:25:01
116 1.1853313004261565 0.4209176723239899 2024-08-29 06:25:10
117 1.1863772446317091 0.42168694007724733 2024-08-29 06:25:19
118 1.1858283626132817 0.4216388608426687 2024-08-29 06:25:29
119 1.1846856930042793 0.42083754026635894 2024-08-29 06:25:38
120 1.1848124769602606 0.42053303844736123 2024-08-29 06:25:47
121 1.1856105827220307 0.4216228344311425 2024-08-29 06:25:56
122 1.1836254465783838 0.4224241550074523 2024-08-29 06:26:05
123 1.1853023124722764 0.42237607577287367 2024-08-29 06:26:14
124 1.183176963646878 0.423305607641393 2024-08-29 06:26:23
125 1.1851672120210228 0.42295302658781675 2024-08-29 06:26:32
126 3.358550708068514 0.41867397471032264 2024-08-29 06:26:41
127 1.1912611385399534 0.41984390275173483 2024-08-29 06:26:50
128 1.1913621155407947 0.42003621969004923 2024-08-29 06:26:59
129 1.1882669682521623 0.4204048271551517 2024-08-29 06:27:08
130 1.1872904684604095 0.4203407215090469 2024-08-29 06:27:17
131 1.1871208551497556 0.4204208535666779 2024-08-29 06:27:26
132 1.186809855865657 0.42187925701556167 2024-08-29 06:27:35
133 1.1861355358555827 0.4231132907030787 2024-08-29 06:27:44
134 1.1829209188556247 0.4230812378800263 2024-08-29 06:27:53
135 1.180818349678478 0.42263249835729283 2024-08-29 06:28:02
136 1.18542324821886 0.4203727743320993 2024-08-29 06:28:11
137 1.1844139785830183 0.4222799173037165 2024-08-29 06:28:20
138 1.1845171453880305 0.4228408417071334 2024-08-29 06:28:28
139 1.1849877769210326 0.42168694007724733 2024-08-29 06:28:37
140 1.181338076876385 0.291921085949645 2024-08-29 06:28:46
141 1.790793476621411 0.4230972642915525 2024-08-29 06:28:56
142 1.1829897425259808 0.42317739634918344 2024-08-29 06:29:05
143 1.181910887491203 0.4227446832379762 2024-08-29 06:29:14
144 1.1817282543947794 0.4226164719457666 2024-08-29 06:29:23
145 1.1832592872988157 0.42292097376476434 2024-08-29 06:29:32
146 1.1818650294903836 0.4234338189336026 2024-08-29 06:29:41
147 1.1833979658532805 0.4233697132874978 2024-08-29 06:29:50
148 1.2170707764724054 0.42054906485888743 2024-08-29 06:29:59
149 1.1835209004651304 0.4208054874433066 2024-08-29 06:30:08
36140
26257
1 1.3814705058099424 0.6725511898173768 2024-08-29 06:30:24
2 1.3264930878941632 0.6749308245711123 2024-08-29 06:30:31
3 1.2477071382224922 0.6760099612617598 2024-08-29 06:30:39
4 1.1751042780588528 0.6762866629773104 2024-08-29 06:30:46
5 1.1198687044770663 0.6767570558937466 2024-08-29 06:30:53
6 1.0746481665340524 0.676978417266187 2024-08-29 06:31:00
7 1.0415047036394205 0.677365799667958 2024-08-29 06:31:07
8 1.0106922149262378 0.6788876591034865 2024-08-29 06:31:15
9 0.986210864158909 0.684781405644715 2024-08-29 06:31:22
11392
24748
1 2.0722590308176 0.0049157303370786515 2024-08-29 06:31:33
2 1.91894888350468 0.0056179775280898875 2024-08-29 06:31:39
3 1.8625129705734467 0.006759129213483146 2024-08-29 06:31:45
4 1.778665880473812 0.01228932584269663 2024-08-29 06:31:51
5 1.6773629255509108 0.017029494382022472 2024-08-29 06:31:57
6 1.5726533925600266 0.019838483146067416 2024-08-29 06:32:03
7 1.4869146487686071 0.024139747191011238 2024-08-29 06:32:09
8 1.411826113636574 0.7890625 2024-08-29 06:32:14
9 1.3234069318081556 0.26465941011235955 2024-08-29 06:32:20
10 5.552857247966059 0.792749297752809 2024-08-29 06:32:26
11 1.1824878411514035 0.7959094101123596 2024-08-29 06:32:32
12 1.146271020676313 0.7957338483146067 2024-08-29 06:32:38
13 1.1119720987724455 0.7957338483146067 2024-08-29 06:32:44
14 1.0841883770033214 0.7955582865168539 2024-08-29 06:32:50
15 1.028880496289623 0.7951193820224719 2024-08-29 06:32:56
16 1.0247990647226237 0.7951193820224719 2024-08-29 06:33:02
17 0.9851609447950058 0.7953827247191011 2024-08-29 06:33:08
2331
9061
1 2.8996100425720215 0.000429000429000429 2024-08-29 06:33:17
2 2.813826322555542 0.001716001716001716 2024-08-29 06:33:22
3 2.745878219604492 0.002145002145002145 2024-08-29 06:33:27
4 2.6672394275665283 0.003432003432003432 2024-08-29 06:33:33
5 2.744033098220825 0.005577005577005577 2024-08-29 06:33:38
6 3.271315097808838 0.011583011583011582 2024-08-29 06:33:43
7 2.659985065460205 0.015015015015015015 2024-08-29 06:33:49
8 2.5289745330810547 0.014157014157014158 2024-08-29 06:33:54
9 2.4989070892333984 0.057057057057057055 2024-08-29 06:33:59
10 3.3163981437683105 0.057057057057057055 2024-08-29 06:34:04
11 2.4205422401428223 0.028743028743028743 2024-08-29 06:34:10
12 2.3618030548095703 0.045903045903045905 2024-08-29 06:34:15
13 2.345641613006592 0.04804804804804805 2024-08-29 06:34:21
14 2.2754485607147217 0.049764049764049766 2024-08-29 06:34:26
15 2.2187728881835938 0.060918060918060915 2024-08-29 06:34:31
16 2.210094451904297 0.06477906477906478 2024-08-29 06:34:37
17 2.13364315032959 0.07078507078507079 2024-08-29 06:34:42
18 2.137173891067505 0.07464607464607464 2024-08-29 06:34:48
19 2.063218116760254 0.07722007722007722 2024-08-29 06:34:53
20 2.0421454906463623 0.10467610467610468 2024-08-29 06:34:58
21 1.9534832239151 0.10853710853710853 2024-08-29 06:35:04
22 2.024263620376587 0.12054912054912055 2024-08-29 06:35:09
23 1.918501853942871 0.12012012012012012 2024-08-29 06:35:14
24 1.8924983739852905 0.11969111969111969 2024-08-29 06:35:20
25 1.8937549591064453 0.12226512226512226 2024-08-29 06:35:25
26 1.830397605895996 0.5894465894465895 2024-08-29 06:35:31
27 1.9110556840896606 0.5877305877305877 2024-08-29 06:35:36
28 1.8008053302764893 0.5877305877305877 2024-08-29 06:35:41
29 1.857603669166565 0.5877305877305877 2024-08-29 06:35:47
30 1.7459747791290283 0.5928785928785929 2024-08-29 06:35:53
31 1.8139238357543945 0.5928785928785929 2024-08-29 06:35:58
32 1.7707089185714722 0.5928785928785929 2024-08-29 06:36:03
33 1.7033315896987915 0.5945945945945946 2024-08-29 06:36:09
34 1.7607203722000122 0.595023595023595 2024-08-29 06:36:14
35 1.7071276903152466 0.5975975975975976 2024-08-29 06:36:20
36 1.702548861503601 0.601029601029601 2024-08-29 06:36:25
37 1.6573537588119507 0.601029601029601 2024-08-29 06:36:30
38 1.690218210220337 0.6014586014586014 2024-08-29 06:36:36
39 1.6587828397750854 0.6014586014586014 2024-08-29 06:36:41
40 1.672093152999878 0.6001716001716002 2024-08-29 06:36:47
41 1.5834192037582397 0.5997425997425997 2024-08-29 06:36:52
42 1.5555698871612549 0.5967395967395968 2024-08-29 06:36:57
43 1.5106925964355469 0.5984555984555985 2024-08-29 06:37:03
44 1.535666823387146 0.6018876018876019 2024-08-29 06:37:08
45 1.5909165143966675 0.6027456027456027 2024-08-29 06:37:13
46 1.4823763370513916 0.6066066066066066 2024-08-29 06:37:19
47 1.587339997291565 0.6074646074646075 2024-08-29 06:37:24
48 1.5762271881103516 0.6057486057486058 2024-08-29 06:37:30
49 1.499463438987732 0.6057486057486058 2024-08-29 06:37:35
50 1.5519263744354248 0.6053196053196053 2024-08-29 06:37:40
51 1.5119551420211792 0.6048906048906049 2024-08-29 06:37:46
52 1.5352225303649902 0.6053196053196053 2024-08-29 06:37:51
53 1.4056111574172974 0.6066066066066066 2024-08-29 06:37:56
54 1.4576354026794434 0.6014586014586014 2024-08-29 06:38:02
55 1.5026538372039795 0.6018876018876019 2024-08-29 06:38:08
56 1.446885585784912 0.6023166023166023 2024-08-29 06:38:13
57 1.4914536476135254 0.6027456027456027 2024-08-29 06:38:18
58 1.4828448295593262 0.6053196053196053 2024-08-29 06:38:24
59 1.4525142908096313 0.6006006006006006 2024-08-29 06:38:29
60 1.3355849981307983 0.6006006006006006 2024-08-29 06:38:34
61 1.3367663621902466 0.6057486057486058 2024-08-29 06:38:40
62 1.447251319885254 0.6061776061776062 2024-08-29 06:38:45
63 1.4747328758239746 0.6121836121836122 2024-08-29 06:38:50
64 1.388417363166809 0.607035607035607 2024-08-29 06:38:55
65 1.4221899509429932 0.6066066066066066 2024-08-29 06:39:01
66 1.3963768482208252 0.6091806091806092 2024-08-29 06:39:06
67 1.3861243724822998 0.6113256113256114 2024-08-29 06:39:12
68 1.3702518939971924 0.6053196053196053 2024-08-29 06:39:17
69 1.3533776998519897 0.6113256113256114 2024-08-29 06:39:23
70 1.452614426612854 0.6057486057486058 2024-08-29 06:39:29
71 1.426896095275879 0.6066066066066066 2024-08-29 06:39:34
72 1.3365949392318726 0.6138996138996139 2024-08-29 06:39:39
73 1.3349047899246216 0.6138996138996139 2024-08-29 06:39:45
74 1.3665815591812134 0.6164736164736164 2024-08-29 06:39:50
75 1.4332232475280762 0.6203346203346203 2024-08-29 06:39:56
76 1.3576388359069824 0.6207636207636208 2024-08-29 06:40:01
77 1.4408146142959595 0.61003861003861 2024-08-29 06:40:07
78 1.5598050355911255 0.6199056199056199 2024-08-29 06:40:12
79 1.3360190391540527 0.6190476190476191 2024-08-29 06:40:17
80 1.392878532409668 0.6194766194766195 2024-08-29 06:40:23
81 1.370473027229309 0.6190476190476191 2024-08-29 06:40:28
82 1.3769053220748901 0.6199056199056199 2024-08-29 06:40:34
83 1.3556827306747437 0.6216216216216216 2024-08-29 06:40:39
84 1.3182786703109741 0.622050622050622 2024-08-29 06:40:44
85 1.3361741304397583 0.6267696267696268 2024-08-29 06:40:50
86 1.2799267768859863 0.6666666666666666 2024-08-29 06:40:55
87 1.3203548192977905 0.6280566280566281 2024-08-29 06:41:00
88 1.3061764240264893 0.6203346203346203 2024-08-29 06:41:06
89 1.2809609174728394 0.6207636207636208 2024-08-29 06:41:11
90 1.2762569189071655 0.6263406263406264 2024-08-29 06:41:16
91 1.2988407611846924 0.6246246246246246 2024-08-29 06:41:22
92 1.344708800315857 0.622050622050622 2024-08-29 06:41:27
93 1.3651927709579468 0.6233376233376233 2024-08-29 06:41:32
94 1.3580131530761719 0.6237666237666237 2024-08-29 06:41:38
95 1.3080809116363525 0.6241956241956242 2024-08-29 06:41:43
96 1.3496450185775757 0.625053625053625 2024-08-29 06:41:49
97 1.281246542930603 0.6254826254826255 2024-08-29 06:41:54
98 1.322664737701416 0.6383526383526383 2024-08-29 06:42:00
99 1.2702672481536865 0.6396396396396397 2024-08-29 06:42:05
100 1.343493103981018 0.6374946374946375 2024-08-29 06:42:10
101 1.3639321327209473 0.637065637065637 2024-08-29 06:42:16
102 1.3138513565063477 0.6349206349206349 2024-08-29 06:42:21
103 1.2666860818862915 0.6374946374946375 2024-08-29 06:42:26
104 1.2463409900665283 0.6362076362076362 2024-08-29 06:42:32
105 1.238162875175476 0.6366366366366366 2024-08-29 06:42:37
106 1.3056087493896484 0.6241956241956242 2024-08-29 06:42:43
107 1.3775182962417603 0.6374946374946375 2024-08-29 06:42:48
108 1.2511428594589233 0.6374946374946375 2024-08-29 06:42:54
109 1.3021875619888306 0.6374946374946375 2024-08-29 06:42:59
110 1.3147468566894531 0.6366366366366366 2024-08-29 06:43:04
111 1.3417752981185913 0.637065637065637 2024-08-29 06:43:10
112 1.273793339729309 0.637065637065637 2024-08-29 06:43:15
113 1.2643718719482422 0.6396396396396397 2024-08-29 06:43:21
114 1.2951453924179077 0.6400686400686401 2024-08-29 06:43:26
115 1.324096918106079 0.6400686400686401 2024-08-29 06:43:31
116 1.292627215385437 0.6413556413556414 2024-08-29 06:43:37
117 1.3019201755523682 0.640926640926641 2024-08-29 06:43:42
118 1.2203387022018433 0.6413556413556414 2024-08-29 06:43:48
119 1.2646267414093018 0.6426426426426426 2024-08-29 06:43:53
120 1.3275986909866333 0.6426426426426426 2024-08-29 06:43:58
121 1.2908891439437866 0.6482196482196482 2024-08-29 06:44:04
122 1.3041893243789673 0.6486486486486487 2024-08-29 06:44:09
123 1.2395802736282349 0.6486486486486487 2024-08-29 06:44:15
124 1.2125612497329712 0.6486486486486487 2024-08-29 06:44:20
125 1.2707213163375854 0.6486486486486487 2024-08-29 06:44:25
126 1.2772926092147827 0.6482196482196482 2024-08-29 06:44:30
127 1.2313560247421265 0.6490776490776491 2024-08-29 06:44:36
128 1.241437315940857 0.6495066495066495 2024-08-29 06:44:41
129 1.2859915494918823 0.6503646503646504 2024-08-29 06:44:47
130 1.3121120929718018 0.6477906477906478 2024-08-29 06:44:52
131 1.2037632465362549 0.6404976404976405 2024-08-29 06:44:57
132 1.2225375175476074 0.6400686400686401 2024-08-29 06:45:03
133 1.2259443998336792 0.6404976404976405 2024-08-29 06:45:08
134 1.2109649181365967 0.6396396396396397 2024-08-29 06:45:13
135 1.2580381631851196 0.6400686400686401 2024-08-29 06:45:19
136 1.2376015186309814 0.6422136422136422 2024-08-29 06:45:24
137 1.1947100162506104 0.6447876447876448 2024-08-29 06:45:30
138 1.241052269935608 0.6447876447876448 2024-08-29 06:45:35
139 1.2249186038970947 0.6422136422136422 2024-08-29 06:45:41
140 1.2116729021072388 0.6422136422136422 2024-08-29 06:45:46
141 1.2211599349975586 0.6400686400686401 2024-08-29 06:45:51
142 1.2676087617874146 0.6396396396396397 2024-08-29 06:45:56
143 1.2601522207260132 0.6357786357786358 2024-08-29 06:46:02
144 1.270073413848877 0.6392106392106393 2024-08-29 06:46:07
145 1.2160534858703613 0.6392106392106393 2024-08-29 06:46:12
146 1.226466417312622 0.6383526383526383 2024-08-29 06:46:18
147 1.2727547883987427 0.6383526383526383 2024-08-29 06:46:23
148 1.2382200956344604 0.6396396396396397 2024-08-29 06:46:29
149 1.2038294076919556 0.6400686400686401 2024-08-29 06:46:34
839
1492
1 2.5634922981262207 0.0023837902264600714 2024-08-29 06:46:42
2 2.650967597961426 0.0059594755661501785 2024-08-29 06:46:47
3 2.5167860984802246 0.01907032181168057 2024-08-29 06:46:53
4 2.287161350250244 0.026221692491060787 2024-08-29 06:46:58
5 2.378298044204712 0.028605482717520857 2024-08-29 06:47:03
6 2.3611788749694824 0.13706793802145412 2024-08-29 06:47:08
7 2.450150489807129 0.133492252681764 2024-08-29 06:47:13
8 2.2766664028167725 0.10131108462455304 2024-08-29 06:47:19
9 2.3365025520324707 0.09773539928486293 2024-08-29 06:47:24
10 2.190809965133667 0.10369487485101311 2024-08-29 06:47:29
11 2.362778902053833 0.09892729439809297 2024-08-29 06:47:34
12 2.1491386890411377 0.11084624553039332 2024-08-29 06:47:40
13 2.0869781970977783 0.11799761620977355 2024-08-29 06:47:45
14 2.183046340942383 0.15852205005959474 2024-08-29 06:47:50
15 2.122215986251831 0.19547079856972585 2024-08-29 06:47:55
16 2.0250861644744873 0.21096543504171633 2024-08-29 06:48:00
17 2.1224286556243896 0.23361144219308702 2024-08-29 06:48:06
18 2.1239612102508545 0.24195470798569726 2024-08-29 06:48:11
19 1.8546103239059448 0.32419547079856975 2024-08-29 06:48:16
20 1.9354037046432495 0.3539928486293206 2024-08-29 06:48:21
21 2.0273356437683105 0.29558998808104886 2024-08-29 06:48:26
22 1.926596999168396 0.4827175208581645 2024-08-29 06:48:32
23 1.8255654573440552 0.47437425506555425 2024-08-29 06:48:37
24 1.754818320274353 0.48510131108462456 2024-08-29 06:48:42
25 1.7119393348693848 0.48867699642431467 2024-08-29 06:48:48
26 1.7991451025009155 0.5613825983313468 2024-08-29 06:48:53
27 1.6709330081939697 0.5792610250297974 2024-08-29 06:48:58
28 1.665588140487671 0.6769964243146603 2024-08-29 06:49:03
29 1.7140823602676392 0.6805721096543504 2024-08-29 06:49:08
30 1.7531946897506714 0.7222884386174017 2024-08-29 06:49:14
31 4.733813762664795 0.7377830750893921 2024-08-29 06:49:19
32 2.0366549491882324 0.7437425506555423 2024-08-29 06:49:24
33 1.6061564683914185 0.7175208581644815 2024-08-29 06:49:30
34 1.6450777053833008 0.6972586412395709 2024-08-29 06:49:35
35 1.6576077938079834 0.6972586412395709 2024-08-29 06:49:40
36 1.5638171434402466 0.6912991656734208 2024-08-29 06:49:45
37 2.148608684539795 0.6722288438617402 2024-08-29 06:49:51
38 1.7668133974075317 0.6781883194278904 2024-08-29 06:49:56
39 1.5556083917617798 0.6781883194278904 2024-08-29 06:50:01
40 1.632629632949829 0.6817640047675805 2024-08-29 06:50:07
41 1.687779188156128 0.698450536352801 2024-08-29 06:50:12
42 1.6495479345321655 0.7044100119189511 2024-08-29 06:50:18
43 1.6207618713378906 0.7044100119189511 2024-08-29 06:50:23
44 1.6374878883361816 0.7103694874851013 2024-08-29 06:50:28
45 1.6141971349716187 0.7175208581644815 2024-08-29 06:50:34
46 1.5930285453796387 0.734207389749702 2024-08-29 06:50:39
47 1.6065829992294312 0.7401668653158522 2024-08-29 06:50:44
48 1.6032519340515137 0.7449344457687723 2024-08-29 06:50:50
49 1.547054648399353 0.7389749702026222 2024-08-29 06:50:55
50 1.5889159440994263 0.7258641239570918 2024-08-29 06:51:01
51 1.5355377197265625 0.7163289630512515 2024-08-29 06:51:06
52 1.5539199113845825 0.7187127532777116 2024-08-29 06:51:11
53 1.5375471115112305 0.7199046483909416 2024-08-29 06:51:17
54 1.5064074993133545 0.7318235995232419 2024-08-29 06:51:22
55 1.557708978652954 0.733015494636472 2024-08-29 06:51:28
56 1.5278635025024414 0.7258641239570918 2024-08-29 06:51:33
57 1.548285722732544 0.7234803337306317 2024-08-29 06:51:38
58 1.4788488149642944 0.7175208581644815 2024-08-29 06:51:43
59 1.5350488424301147 0.7139451728247914 2024-08-29 06:51:49
60 1.5737258195877075 0.7163289630512515 2024-08-29 06:51:54
61 1.4979360103607178 0.7199046483909416 2024-08-29 06:51:59
62 1.5116488933563232 0.7389749702026222 2024-08-29 06:52:04
63 1.515424370765686 0.7413587604290822 2024-08-29 06:52:10
64 1.5645962953567505 0.7473182359952324 2024-08-29 06:52:15
65 1.4886493682861328 0.7413587604290822 2024-08-29 06:52:20
66 1.4892888069152832 0.7365911799761621 2024-08-29 06:52:26
67 1.5357813835144043 0.735399284862932 2024-08-29 06:52:31
68 1.5362720489501953 0.735399284862932 2024-08-29 06:52:36
69 1.5308789014816284 0.7365911799761621 2024-08-29 06:52:41
70 1.509964942932129 0.7377830750893921 2024-08-29 06:52:47
71 1.420695424079895 0.7449344457687723 2024-08-29 06:52:52
72 1.4986084699630737 0.7520858164481525 2024-08-29 06:52:57
73 1.3813501596450806 0.7532777115613826 2024-08-29 06:53:02
74 1.3852012157440186 0.7401668653158522 2024-08-29 06:53:08
75 1.4457833766937256 0.7485101311084624 2024-08-29 06:53:13
76 1.3339155912399292 0.7497020262216925 2024-08-29 06:53:18
77 1.5310122966766357 0.7532777115613826 2024-08-29 06:53:23
78 1.3692455291748047 0.7544696066746126 2024-08-29 06:53:29
79 1.389573335647583 0.7592371871275327 2024-08-29 06:53:34
80 1.4646251201629639 0.7640047675804529 2024-08-29 06:53:39
81 1.3825078010559082 0.768772348033373 2024-08-29 06:53:45
82 1.476343035697937 0.7628128724672228 2024-08-29 06:53:50
83 1.309376835823059 0.7640047675804529 2024-08-29 06:53:55
84 1.3814128637313843 0.7616209773539928 2024-08-29 06:54:01
85 1.3649665117263794 0.766388557806913 2024-08-29 06:54:06
86 1.4209312200546265 0.7628128724672228 2024-08-29 06:54:12
87 1.3691790103912354 0.7568533969010727 2024-08-29 06:54:17
88 1.3369280099868774 0.7544696066746126 2024-08-29 06:54:22
89 1.4068498611450195 0.7532777115613826 2024-08-29 06:54:27
90 1.365372896194458 0.7604290822407628 2024-08-29 06:54:33
91 1.4744256734848022 0.7651966626936829 2024-08-29 06:54:38
92 1.2814948558807373 0.7735399284862932 2024-08-29 06:54:43
93 1.3977651596069336 0.7771156138259833 2024-08-29 06:54:48
94 1.381322979927063 0.7759237187127532 2024-08-29 06:54:53
95 1.2705005407333374 0.7759237187127532 2024-08-29 06:54:59
96 1.3925306797027588 0.7640047675804529 2024-08-29 06:55:04
97 1.379038691520691 0.7592371871275327 2024-08-29 06:55:10
98 1.3691520690917969 0.7544696066746126 2024-08-29 06:55:15
99 1.4296096563339233 0.7508939213349225 2024-08-29 06:55:20
100 1.4583771228790283 0.7497020262216925 2024-08-29 06:55:25
101 1.351059913635254 0.7437425506555423 2024-08-29 06:55:31
102 1.4246472120285034 0.7461263408820024 2024-08-29 06:55:36
103 1.4780447483062744 0.7508939213349225 2024-08-29 06:55:41
104 1.357448935508728 0.7544696066746126 2024-08-29 06:55:46
105 1.3340650796890259 0.7520858164481525 2024-08-29 06:55:52
106 1.332044005393982 0.7556615017878426 2024-08-29 06:55:57
107 1.3819804191589355 0.7592371871275327 2024-08-29 06:56:03
108 1.4043221473693848 0.7604290822407628 2024-08-29 06:56:08
109 1.3873728513717651 0.7604290822407628 2024-08-29 06:56:13
110 1.2589712142944336 0.7532777115613826 2024-08-29 06:56:19
111 1.2841302156448364 0.7556615017878426 2024-08-29 06:56:24
112 1.2950098514556885 0.7568533969010727 2024-08-29 06:56:29
113 1.3555606603622437 0.7604290822407628 2024-08-29 06:56:34
114 1.353311538696289 0.7616209773539928 2024-08-29 06:56:39
115 1.4361653327941895 0.7604290822407628 2024-08-29 06:56:45
116 1.341251254081726 0.7580452920143027 2024-08-29 06:56:50
117 1.3542009592056274 0.7556615017878426 2024-08-29 06:56:55
118 1.33522367477417 0.7592371871275327 2024-08-29 06:57:00
119 1.3152629137039185 0.7628128724672228 2024-08-29 06:57:06
120 1.3242965936660767 0.7640047675804529 2024-08-29 06:57:11
121 1.282716155052185 0.7640047675804529 2024-08-29 06:57:16
122 1.3080788850784302 0.7651966626936829 2024-08-29 06:57:21
123 1.2706191539764404 0.7568533969010727 2024-08-29 06:57:26
124 1.2608165740966797 0.7544696066746126 2024-08-29 06:57:32
125 1.2333019971847534 0.7568533969010727 2024-08-29 06:57:37
126 1.2878010272979736 0.7568533969010727 2024-08-29 06:57:42
127 1.3321375846862793 0.7616209773539928 2024-08-29 06:57:47
128 1.386792540550232 0.766388557806913 2024-08-29 06:57:53
129 1.17585289478302 0.7759237187127532 2024-08-29 06:57:58
130 1.3664473295211792 0.7794994040524433 2024-08-29 06:58:03
131 1.2516404390335083 0.7806912991656734 2024-08-29 06:58:08
132 1.3194010257720947 0.7854588796185935 2024-08-29 06:58:13
133 1.2578771114349365 0.7806912991656734 2024-08-29 06:58:19
134 1.291854977607727 0.7842669845053635 2024-08-29 06:58:24
135 1.2108373641967773 0.7806912991656734 2024-08-29 06:58:29
136 1.4023892879486084 0.7771156138259833 2024-08-29 06:58:35
137 1.3437494039535522 0.7747318235995232 2024-08-29 06:58:40
138 1.1789079904556274 0.7759237187127532 2024-08-29 06:58:45
139 1.1871830224990845 0.7783075089392133 2024-08-29 06:58:51
140 1.2664196491241455 0.7854588796185935 2024-08-29 06:58:56
141 1.2365658283233643 0.7806912991656734 2024-08-29 06:59:01
142 1.252059817314148 0.7794994040524433 2024-08-29 06:59:07
143 1.2542915344238281 0.7854588796185935 2024-08-29 06:59:12
144 1.21257746219635 0.7854588796185935 2024-08-29 06:59:17
145 1.3020528554916382 0.7878426698450537 2024-08-29 06:59:22
146 1.132995843887329 0.7926102502979738 2024-08-29 06:59:28
147 1.2006999254226685 0.7890345649582837 2024-08-29 06:59:33
148 1.2332085371017456 0.7866507747318237 2024-08-29 06:59:38
149 1.1691925525665283 0.7854588796185935 2024-08-29 06:59:43
180
659
1 2.972409963607788 0.016666666666666666 2024-08-29 06:59:46
2 2.8159916400909424 0.027777777777777776 2024-08-29 06:59:46
3 2.7735958099365234 0.08333333333333333 2024-08-29 06:59:46
4 2.693082094192505 0.1111111111111111 2024-08-29 06:59:46
5 2.3949079513549805 0.17777777777777778 2024-08-29 06:59:47
6 2.528106927871704 0.26666666666666666 2024-08-29 06:59:47
7 2.274965524673462 0.3 2024-08-29 06:59:47
8 2.144380807876587 0.2833333333333333 2024-08-29 06:59:47
9 2.068603992462158 0.3 2024-08-29 06:59:47
10 1.9778133630752563 0.31666666666666665 2024-08-29 06:59:47
11 2.1589488983154297 0.31666666666666665 2024-08-29 06:59:48
12 2.398679256439209 0.3111111111111111 2024-08-29 06:59:48
13 2.3585143089294434 0.3111111111111111 2024-08-29 06:59:48
14 2.010047435760498 0.31666666666666665 2024-08-29 06:59:48
15 1.9046177864074707 0.3277777777777778 2024-08-29 06:59:48
16 2.269930839538574 0.3277777777777778 2024-08-29 06:59:48
17 2.289626359939575 0.3388888888888889 2024-08-29 06:59:49
18 1.7660967111587524 0.34444444444444444 2024-08-29 06:59:49
19 1.8263554573059082 0.34444444444444444 2024-08-29 06:59:49
20 1.7435109615325928 0.5111111111111111 2024-08-29 06:59:49
21 2.1339776515960693 0.5222222222222223 2024-08-29 06:59:49
22 1.779805302619934 0.5388888888888889 2024-08-29 06:59:49
23 1.7157597541809082 0.55 2024-08-29 06:59:50
24 1.631646752357483 0.5611111111111111 2024-08-29 06:59:50
25 2.094460964202881 0.5722222222222222 2024-08-29 06:59:50
26 1.9171090126037598 0.5777777777777777 2024-08-29 06:59:50
27 1.6695997714996338 0.5888888888888889 2024-08-29 06:59:50
28 1.5735307931900024 0.35555555555555557 2024-08-29 06:59:50
29 2.6694233417510986 0.5722222222222222 2024-08-29 06:59:51
30 1.9424917697906494 0.45 2024-08-29 06:59:51
31 1.6315242052078247 0.4444444444444444 2024-08-29 06:59:51
32 2.0992088317871094 0.45 2024-08-29 06:59:51
33 2.096531629562378 0.23333333333333334 2024-08-29 06:59:51
34 2.2712345123291016 0.45555555555555555 2024-08-29 06:59:51
35 2.018033266067505 0.4444444444444444 2024-08-29 06:59:52
36 1.9634653329849243 0.43333333333333335 2024-08-29 06:59:52
37 1.8776386976242065 0.4111111111111111 2024-08-29 06:59:52
38 1.9867610931396484 0.40555555555555556 2024-08-29 06:59:52
39 1.9847569465637207 0.4222222222222222 2024-08-29 06:59:52
40 1.8338547945022583 0.4222222222222222 2024-08-29 06:59:52
41 1.9407423734664917 0.5666666666666667 2024-08-29 06:59:53
42 1.78446364402771 0.6277777777777778 2024-08-29 06:59:53
43 1.7884413003921509 0.6222222222222222 2024-08-29 06:59:53
44 1.718259334564209 0.6166666666666667 2024-08-29 06:59:53
45 2.512155055999756 0.6277777777777778 2024-08-29 06:59:53
46 1.7251077890396118 0.6333333333333333 2024-08-29 06:59:53
47 1.7414394617080688 0.65 2024-08-29 06:59:54
48 1.7682973146438599 0.6611111111111111 2024-08-29 06:59:54
49 1.549273133277893 0.6611111111111111 2024-08-29 06:59:54
50 1.7870851755142212 0.6611111111111111 2024-08-29 06:59:54
51 1.6904329061508179 0.65 2024-08-29 06:59:54
52 1.7441201210021973 0.6444444444444445 2024-08-29 06:59:54
53 1.4670928716659546 0.6555555555555556 2024-08-29 06:59:55
54 1.3544578552246094 0.6666666666666666 2024-08-29 06:59:55
55 1.8144160509109497 0.6666666666666666 2024-08-29 06:59:55
56 1.8283811807632446 0.6666666666666666 2024-08-29 06:59:55
57 1.613010287284851 0.6666666666666666 2024-08-29 06:59:55
58 1.7957278490066528 0.6666666666666666 2024-08-29 06:59:55
59 1.7188800573349 0.6666666666666666 2024-08-29 06:59:56
60 1.787324070930481 0.6666666666666666 2024-08-29 06:59:56
61 1.3532930612564087 0.6666666666666666 2024-08-29 06:59:56
62 1.6795437335968018 0.6666666666666666 2024-08-29 06:59:56
63 1.7266720533370972 0.6666666666666666 2024-08-29 06:59:56
64 1.5571081638336182 0.6666666666666666 2024-08-29 06:59:56
65 1.704025387763977 0.6611111111111111 2024-08-29 06:59:57
66 1.7026638984680176 0.6611111111111111 2024-08-29 06:59:57
67 1.6848056316375732 0.6555555555555556 2024-08-29 06:59:57
68 1.4552522897720337 0.6555555555555556 2024-08-29 06:59:57
69 1.5117837190628052 0.6555555555555556 2024-08-29 06:59:57
70 1.4204909801483154 0.6555555555555556 2024-08-29 06:59:57
71 1.5814547538757324 0.6611111111111111 2024-08-29 06:59:58
72 1.547317624092102 0.6611111111111111 2024-08-29 06:59:58
73 1.575729250907898 0.6666666666666666 2024-08-29 06:59:58
74 1.3452229499816895 0.6777777777777778 2024-08-29 06:59:58
75 1.588857650756836 0.6777777777777778 2024-08-29 06:59:58
76 1.3182547092437744 0.6777777777777778 2024-08-29 06:59:58
77 1.3749784231185913 0.6777777777777778 2024-08-29 06:59:58
78 1.5736281871795654 0.6777777777777778 2024-08-29 06:59:59
79 1.6922407150268555 0.6666666666666666 2024-08-29 06:59:59
80 1.5865682363510132 0.65 2024-08-29 06:59:59
81 1.4417407512664795 0.65 2024-08-29 06:59:59
82 1.5751672983169556 0.65 2024-08-29 06:59:59
83 1.3466768264770508 0.65 2024-08-29 06:59:59
84 1.4103055000305176 0.7388888888888889 2024-08-29 07:00:00
85 1.219947099685669 0.7277777777777777 2024-08-29 07:00:00
86 1.3664723634719849 0.7333333333333333 2024-08-29 07:00:00
87 1.2796562910079956 0.7333333333333333 2024-08-29 07:00:00
88 1.6337980031967163 0.7277777777777777 2024-08-29 07:00:00
89 1.5706031322479248 0.7222222222222222 2024-08-29 07:00:00
90 1.3594268560409546 0.6222222222222222 2024-08-29 07:00:01
91 1.5815093517303467 0.6166666666666667 2024-08-29 07:00:01
92 1.3851982355117798 0.6333333333333333 2024-08-29 07:00:01
93 1.3341948986053467 0.6333333333333333 2024-08-29 07:00:01
94 1.651384949684143 0.6555555555555556 2024-08-29 07:00:01
95 1.5873264074325562 0.6555555555555556 2024-08-29 07:00:01
96 1.59908127784729 0.6555555555555556 2024-08-29 07:00:02
97 1.6306898593902588 0.6611111111111111 2024-08-29 07:00:02
98 1.3692047595977783 0.6611111111111111 2024-08-29 07:00:02
99 1.356750726699829 0.6666666666666666 2024-08-29 07:00:02
100 1.433439016342163 0.6666666666666666 2024-08-29 07:00:02
101 1.4197224378585815 0.6666666666666666 2024-08-29 07:00:02
102 1.380459189414978 0.65 2024-08-29 07:00:03
103 1.3180468082427979 0.6388888888888888 2024-08-29 07:00:03
104 1.3323101997375488 0.6388888888888888 2024-08-29 07:00:03
105 1.2008081674575806 0.6388888888888888 2024-08-29 07:00:03
106 1.566940426826477 0.6388888888888888 2024-08-29 07:00:03
107 1.5231597423553467 0.6388888888888888 2024-08-29 07:00:03
108 1.4790095090866089 0.75 2024-08-29 07:00:04
109 1.158196210861206 0.7444444444444445 2024-08-29 07:00:04
110 1.2512845993041992 0.7444444444444445 2024-08-29 07:00:04
111 1.6722564697265625 0.6444444444444445 2024-08-29 07:00:04
112 1.4672346115112305 0.6444444444444445 2024-08-29 07:00:04
113 1.2564702033996582 0.6444444444444445 2024-08-29 07:00:04
114 1.2681196928024292 0.6666666666666666 2024-08-29 07:00:05
115 1.2482225894927979 0.65 2024-08-29 07:00:05
116 1.5134892463684082 0.65 2024-08-29 07:00:05
117 1.4362856149673462 0.6666666666666666 2024-08-29 07:00:05
118 1.309777021408081 0.6722222222222223 2024-08-29 07:00:05
119 1.1923353672027588 0.6722222222222223 2024-08-29 07:00:05
120 1.3091959953308105 0.6888888888888889 2024-08-29 07:00:06
121 1.3476510047912598 0.6888888888888889 2024-08-29 07:00:06
122 1.3723219633102417 0.7 2024-08-29 07:00:06
123 1.4597686529159546 0.7 2024-08-29 07:00:06
124 1.123143196105957 0.6833333333333333 2024-08-29 07:00:06
125 1.3941570520401 0.6833333333333333 2024-08-29 07:00:06
126 1.4685163497924805 0.6833333333333333 2024-08-29 07:00:07
127 1.2430222034454346 0.6833333333333333 2024-08-29 07:00:07
128 1.5413767099380493 0.6833333333333333 2024-08-29 07:00:07
129 1.307497501373291 0.6777777777777778 2024-08-29 07:00:07
130 1.504953145980835 0.6722222222222223 2024-08-29 07:00:07
131 1.339219093322754 0.7444444444444445 2024-08-29 07:00:07
132 1.4283580780029297 0.7388888888888889 2024-08-29 07:00:08
133 1.3963050842285156 0.6444444444444445 2024-08-29 07:00:08
134 1.2824652194976807 0.7333333333333333 2024-08-29 07:00:08
135 1.291477084159851 0.7333333333333333 2024-08-29 07:00:08
136 1.2209628820419312 0.7333333333333333 2024-08-29 07:00:08
137 1.5335357189178467 0.7333333333333333 2024-08-29 07:00:08
138 1.4547885656356812 0.7333333333333333 2024-08-29 07:00:09
139 1.287311315536499 0.7388888888888889 2024-08-29 07:00:09
140 1.3118335008621216 0.7388888888888889 2024-08-29 07:00:09
141 1.1914277076721191 0.7388888888888889 2024-08-29 07:00:09
142 1.2838199138641357 0.7388888888888889 2024-08-29 07:00:09
143 1.1959446668624878 0.7388888888888889 2024-08-29 07:00:09
144 1.4910355806350708 0.7388888888888889 2024-08-29 07:00:10
145 1.4073224067687988 0.6444444444444445 2024-08-29 07:00:10
146 1.2475916147232056 0.6666666666666666 2024-08-29 07:00:10
147 1.5839072465896606 0.6722222222222223 2024-08-29 07:00:10
148 1.621004343032837 0.6833333333333333 2024-08-29 07:00:10
149 1.63079833984375 0.6833333333333333 2024-08-29 07:00:10
57
123
1 2.299329996109009 0.03508771929824561 2024-08-29 07:00:11
2 2.217020034790039 0.3684210526315789 2024-08-29 07:00:11
3 2.1071200370788574 0.3684210526315789 2024-08-29 07:00:11
4 2.219799757003784 0.3684210526315789 2024-08-29 07:00:11
5 2.259880781173706 0.38596491228070173 2024-08-29 07:00:11
6 2.2803871631622314 0.42105263157894735 2024-08-29 07:00:11
7 2.179111957550049 0.42105263157894735 2024-08-29 07:00:11
8 2.0767552852630615 0.43859649122807015 2024-08-29 07:00:11
9 2.5541789531707764 0.45614035087719296 2024-08-29 07:00:11
10 2.2390265464782715 0.47368421052631576 2024-08-29 07:00:11
11 2.075284481048584 0.45614035087719296 2024-08-29 07:00:11
12 2.050119400024414 0.43859649122807015 2024-08-29 07:00:11
13 1.6443612575531006 0.7543859649122807 2024-08-29 07:00:11
14 1.456268548965454 0.7368421052631579 2024-08-29 07:00:11
15 2.155008554458618 0.7368421052631579 2024-08-29 07:00:11
16 1.2180354595184326 0.7368421052631579 2024-08-29 07:00:11
17 1.3624094724655151 0.7368421052631579 2024-08-29 07:00:11
18 1.2938600778579712 0.7368421052631579 2024-08-29 07:00:11
19 2.0477843284606934 0.8070175438596491 2024-08-29 07:00:11
20 0.9107868671417236 0.8070175438596491 2024-08-29 07:00:12
11
46
1 3.0060067176818848 0.0 2024-08-29 07:00:12
2 2.590991258621216 0.0 2024-08-29 07:00:12
3 2.6767594814300537 0.0 2024-08-29 07:00:12
4 2.371230125427246 0.09090909090909091 2024-08-29 07:00:12
5 2.2438600063323975 0.09090909090909091 2024-08-29 07:00:12
6 1.8522120714187622 0.2727272727272727 2024-08-29 07:00:12
7 1.783974051475525 0.2727272727272727 2024-08-29 07:00:12
8 1.5987454652786255 0.2727272727272727 2024-08-29 07:00:12
9 1.6260285377502441 0.2727272727272727 2024-08-29 07:00:12
10 2.0445945262908936 0.2727272727272727 2024-08-29 07:00:12
11 1.353493571281433 0.2727272727272727 2024-08-29 07:00:12
12 1.759790301322937 0.2727272727272727 2024-08-29 07:00:12
13 1.9910378456115723 0.2727272727272727 2024-08-29 07:00:12
14 1.8598510026931763 0.2727272727272727 2024-08-29 07:00:12
15 1.0817830562591553 0.2727272727272727 2024-08-29 07:00:12
16 1.6155807971954346 0.5454545454545454 2024-08-29 07:00:12
17 1.4548195600509644 0.9090909090909091 2024-08-29 07:00:12
18 1.0675619840621948 1.0 2024-08-29 07:00:12
19 1.0169386863708496 0.7272727272727273 2024-08-29 07:00:12
20 0.7564868330955505 0.8181818181818182 2024-08-29 07:00:12
2
9
1 6.0470380783081055 1.0 2024-08-29 07:00:13
2 1.9429649114608765 1.0 2024-08-29 07:00:13
3 2.432603359222412 1.0 2024-08-29 07:00:13
4 0.11867760866880417 1.0 2024-08-29 07:00:13
0
2
Finish training graph 0 2024-08-29 07:00:13
Start validating 2024-08-29 07:00:13
../graphchi-cpp-master/graph_data/darpatc/trace_test.txt 2024-08-29 07:00:13
Data(edge_index=[2, 3405646], test_mask=[1211448], train_mask=[1211448], x=[1211448, 46], y=[1211448])
validating in model  0
fp and fn:  564935 646513
Precision:  0.11995044120500499
Recall:  0.9999999999999984
validating in model  1
fp and fn:  186912 378023
Precision:  0.36262707258138277
Recall:  0.9999999999999984
validating in model  2
fp and fn:  163976 22936
Precision:  0.4133317793699085
Recall:  0.9999999999999984
validating in model  3
fp and fn:  107866 56110
Precision:  0.6278640713373891
Recall:  0.9999999999999984
validating in model  4
fp and fn:  14632 93234
Precision:  0.8265824337585859
Recall:  0.9999999999999984
Resource usage: resource.struct_rusage(ru_utime=10423.818159, ru_stime=777.914971, ru_maxrss=3084380, ru_ixrss=0, ru_idrss=0, ru_isrss=0, ru_minflt=20616483, ru_majflt=3271, ru_nswap=0, ru_inblock=2367184, ru_oublock=854408, ru_msgsnd=0, ru_msgrcv=0, ru_nsignals=0, ru_nvcsw=18113688, ru_nivcsw=187030) 2024-08-29 07:14:37
