Sun 01 Sep 2024 10:29:54 IDT

SLURM_JOBID:		 986863
SLURM_JOB_NODELIST:	 ise-cpu-intl-19 


executing python ./train_darpatc.py --scene trace
rm: cannot remove 'result_*': No such file or directory
Start training graph 0 2024-09-01 10:30:03
Data(edge_index=[2, 3572351], test_mask=[1271939], train_mask=[1271939], x=[1271939, 46], y=[1271939])
feature  46 ; label  11
1 157.82064967532605 0.9268141003617312 2024-09-01 10:33:20
2 8.797706201421963 0.9325848173536624 2024-09-01 10:36:01
3 3.6061298368195334 0.9452583811016094 2024-09-01 10:38:36
4 2.375796840606434 0.9334095424387491 2024-09-01 10:41:13
5 2.2067737689814737 0.9496249427055857 2024-09-01 10:43:51
6 1.4804522072810355 0.9390450328199701 2024-09-01 10:46:32
7 1.8163160006931762 0.9131027509967066 2024-09-01 10:49:12
8 3.542679157405501 0.765447085119648 2024-09-01 10:51:50
9 1.4154000512150438 0.8625673086523803 2024-09-01 10:54:30
10 1.3382592026938602 0.6648864450260586 2024-09-01 10:57:10
11 1.0174280634480959 0.7830965164209919 2024-09-01 10:59:49
12 0.9383008034312866 0.6605607658857854 2024-09-01 11:02:27
13 0.828659284479315 0.662497179503105 2024-09-01 11:05:04
14 0.8781060590367472 0.6327268839150305 2024-09-01 11:07:44
15 0.8814856094517756 0.655457533733929 2024-09-01 11:10:22
16 1.0281946106031257 0.6540580955533245 2024-09-01 11:13:00
17 1.0705487811807457 0.6274082326275081 2024-09-01 11:15:38
18 0.9458885508064512 0.6539967718577699 2024-09-01 11:18:16
19 0.8709144899532781 0.7621473985780765 2024-09-01 11:20:55
20 0.9737582503097205 0.5780568093281203 2024-09-01 11:23:33
21 0.9104867437604499 0.6288957253453192 2024-09-01 11:26:12
22 0.9386174496072222 0.5988526179321493 2024-09-01 11:28:51
23 0.9072947955205272 0.6298116497725127 2024-09-01 11:31:30
24 0.912447370539581 0.6335594710123678 2024-09-01 11:34:08
25 0.9388507475572185 0.6312865632707229 2024-09-01 11:36:46
26 0.934674950367037 0.6315916093460456 2024-09-01 11:39:24
27 0.9461962659725458 0.6242594967211478 2024-09-01 11:42:01
28 0.938142769237035 0.6250488427511067 2024-09-01 11:44:38
29 0.9382530798173104 0.6295946582343964 2024-09-01 11:47:17
471133
800806
1 0.9096155426211262 0.8484461924764345 2024-09-01 11:51:23
71402
399731
1 3.34296984367486 0.045811041707515196 2024-09-01 11:52:54
2 3.1699102006437117 0.045572953138567546 2024-09-01 11:53:14
3 2.234909998950182 0.05854177754124534 2024-09-01 11:53:33
4 1.876446963879198 0.08123021764096244 2024-09-01 11:53:53
5 1.6905039994176578 0.4662614492591244 2024-09-01 11:54:12
6 1.5831095499336705 0.4633763760118764 2024-09-01 11:54:32
7 1.5209273677931283 0.4629842301336097 2024-09-01 11:54:51
8 1.469533093362752 0.4733060698579872 2024-09-01 11:55:11
9 1.4376353474746 0.43158454945239627 2024-09-01 11:55:30
10 1.4077702009298232 0.4352118988263634 2024-09-01 11:55:49
11 1.383053847178802 0.4402397691941402 2024-09-01 11:56:09
12 1.3607562508811062 0.4390073107195877 2024-09-01 11:56:29
13 1.3650524084789941 0.4394134618077925 2024-09-01 11:56:48
14 1.3511472653549281 0.43554802386487773 2024-09-01 11:57:08
15 1.3438209376446404 0.4403238004537688 2024-09-01 11:57:27
16 1.3325105988175618 0.4306882160163581 2024-09-01 11:57:46
17 1.340200164392146 0.43116439315425337 2024-09-01 11:58:06
18 1.3336024603013321 0.4316405702921487 2024-09-01 11:58:25
19 1.3323948486209038 0.4320187109604773 2024-09-01 11:58:45
20 1.326005510230588 0.4316405702921487 2024-09-01 11:59:05
21 1.3194312310940726 0.4356320551245063 2024-09-01 11:59:24
22 1.3156261965793132 0.43176661718159154 2024-09-01 11:59:44
23 1.313468607770058 0.4356320551245063 2024-09-01 12:00:03
24 1.3153015736728713 0.4360522114226492 2024-09-01 12:00:23
25 1.316926293675497 0.4318506484412201 2024-09-01 12:00:42
26 1.3105333618835784 0.4347777373182824 2024-09-01 12:01:01
27 1.3056437353744437 0.4353379457158063 2024-09-01 12:01:20
28 1.3071396243475066 0.43368533094311085 2024-09-01 12:01:40
29 1.2979074299714468 0.43409148203131565 2024-09-01 12:01:59
30 1.2958797977296637 0.43420352371082044 2024-09-01 12:02:18
31 1.2979767559316024 0.42927368981261027 2024-09-01 12:02:38
32 1.2998207299696831 0.4314304921430772 2024-09-01 12:02:57
33 1.307677023197295 0.42665471555418616 2024-09-01 12:03:17
34 1.3151232104038197 0.42855942410576736 2024-09-01 12:03:37
35 1.2975067199303294 0.4330270860760203 2024-09-01 12:03:57
36 1.2931034508507704 0.4324948880983726 2024-09-01 12:04:16
37 1.2845940268850105 0.43376936220273943 2024-09-01 12:04:36
38 1.576768022645926 0.43043612223747235 2024-09-01 12:04:55
39 1.295101499918786 0.4314304921430772 2024-09-01 12:05:14
40 1.2784685047196191 0.4315705442424582 2024-09-01 12:05:34
41 1.2805607701205381 0.42559031959889077 2024-09-01 12:05:53
42 1.2826397653380808 0.4288815439343436 2024-09-01 12:06:12
43 1.276203831278414 0.4151564381950085 2024-09-01 12:06:32
44 67.53034403383162 0.43263494019775356 2024-09-01 12:06:51
45 1.283649334726953 0.4260244811069718 2024-09-01 12:07:10
46 1.2778823197026543 0.44467942074451694 2024-09-01 12:07:29
47 1.2700536656568693 0.43914736281896866 2024-09-01 12:07:49
48 1.2657516622025107 0.4410940870003641 2024-09-01 12:08:08
49 1.2714053874042388 0.44535167082154564 2024-09-01 12:08:27
50 1.2744489109772252 0.44364303520909776 2024-09-01 12:08:47
51 1.2669211693502722 0.4454917229209266 2024-09-01 12:09:07
52 1.2807096022223394 0.4451696030923504 2024-09-01 12:09:26
53 1.2587672247311932 0.4536987759446514 2024-09-01 12:09:45
54 1.263674665190573 0.45065964538808434 2024-09-01 12:10:05
55 1.2567281960666368 0.4577882972465757 2024-09-01 12:10:24
56 1.2519721037559972 0.45679392734097085 2024-09-01 12:10:44
57 1.2476344610648957 0.4458838687991933 2024-09-01 12:11:04
58 1.2472950538224303 0.4600851516764236 2024-09-01 12:11:23
59 1.25011137480402 0.45764824514719477 2024-09-01 12:11:42
60 1.2472584016256107 0.44890899414582225 2024-09-01 12:12:01
61 1.2466542067666277 0.45679392734097085 2024-09-01 12:12:21
62 1.2499061656737507 0.4593708859695807 2024-09-01 12:12:41
63 1.2444049109998816 0.4455197333408028 2024-09-01 12:13:00
64 1.2481461669553184 0.46033724545530935 2024-09-01 12:13:20
65 1.2428348144160368 0.45717206800929944 2024-09-01 12:13:39
66 1.2479680073982173 0.44365704041903586 2024-09-01 12:13:59
67 1.243859284478594 0.4572701044788661 2024-09-01 12:14:18
68 1.2444479897998535 0.44745245231226016 2024-09-01 12:14:38
69 1.2436774998518443 0.45656984398196127 2024-09-01 12:14:58
70 1.2443266876778787 0.4564858127223327 2024-09-01 12:15:17
71 1.2440726229438013 0.4445113582252598 2024-09-01 12:15:37
72 1.2413604272480074 0.456093666844066 2024-09-01 12:15:57
73 1.2398458932555392 0.4450435562029075 2024-09-01 12:16:16
74 1.2443785805958787 0.4945519733340803 2024-09-01 12:16:35
75 1.2468638029797319 0.45816643791490436 2024-09-01 12:16:55
76 1.2407589194948327 0.4463320355172124 2024-09-01 12:17:14
77 1.2498339595375554 0.45624772415338505 2024-09-01 12:17:34
78 1.2448415294260788 0.4602252037758046 2024-09-01 12:17:54
79 1.2395263673350883 0.447284389793003 2024-09-01 12:18:14
80 1.2391556470802374 0.4757569815971541 2024-09-01 12:18:33
81 1.2399525679492445 0.46635948572869107 2024-09-01 12:18:52
82 1.2373163925326207 0.47749362762947817 2024-09-01 12:19:12
83 1.2390048837752567 0.4575782190975043 2024-09-01 12:19:31
84 1.2402927017436303 0.4490770566650794 2024-09-01 12:19:51
85 1.2406762408187104 0.4594409120192712 2024-09-01 12:20:11
86 1.2390864277576512 0.4504215568191367 2024-09-01 12:20:30
87 1.2385525976735696 0.4606033444441332 2024-09-01 12:20:49
88 1.2405357038549694 0.4498053275818604 2024-09-01 12:21:09
89 1.2414929345022654 0.4598750735273522 2024-09-01 12:21:28
90 1.2375203936925632 0.45039354639926055 2024-09-01 12:21:48
91 1.236927262387928 0.45981905268759976 2024-09-01 12:22:07
92 1.2401110741381638 0.46340438643175264 2024-09-01 12:22:27
93 1.2344879792059227 0.44792862945015544 2024-09-01 12:22:46
94 1.2369348497531791 0.46339038122181453 2024-09-01 12:23:05
95 1.2376089885032417 0.44878294725637935 2024-09-01 12:23:24
96 1.2349316480597115 0.4596930057981569 2024-09-01 12:23:44
97 1.2325966216005841 0.4597490266379093 2024-09-01 12:24:03
98 1.2367147301088905 0.45079969748746535 2024-09-01 12:24:22
99 1.2357501729804026 0.4468922439147363 2024-09-01 12:24:41
100 1.23364221819649 0.4645107980168623 2024-09-01 12:25:01
101 1.2373137215246244 0.45942690680933307 2024-09-01 12:25:21
102 1.2318460216328817 0.45902075572112827 2024-09-01 12:25:40
103 1.2291995250812442 0.4491050670849556 2024-09-01 12:26:00
104 1.2412776596382358 0.4620738914876334 2024-09-01 12:26:19
105 1.2322888438038684 0.46466485532618135 2024-09-01 12:26:39
106 1.2366721043182431 0.45060362454833197 2024-09-01 12:26:58
107 1.2318080322591736 0.46675163160695776 2024-09-01 12:27:18
108 1.2264707235624694 0.4642867146578527 2024-09-01 12:27:37
109 1.2334413453646493 0.44973530153216995 2024-09-01 12:27:56
110 1.2272610082762845 0.4654631522926529 2024-09-01 12:28:16
111 1.2308926055359308 0.4557715470154898 2024-09-01 12:28:35
112 1.22707345427854 0.4528724685583037 2024-09-01 12:28:55
113 1.231028062930438 0.45710204195960896 2024-09-01 12:29:14
114 1.2262553521382809 0.46684966807652445 2024-09-01 12:29:33
115 1.2258877945408422 0.47169547071510604 2024-09-01 12:29:52
116 1.2288740500492634 0.49847343211674744 2024-09-01 12:30:12
117 1.22679916387085 0.4952522338309851 2024-09-01 12:30:31
118 1.337013275615775 0.46463684490630514 2024-09-01 12:30:51
119 17.084887928226234 0.4529424946079942 2024-09-01 12:31:10
120 1.2540425510721172 0.44141620682894034 2024-09-01 12:31:30
121 1.2551223517719736 0.448432817007927 2024-09-01 12:31:49
122 1.2539367337530192 0.44437130612587883 2024-09-01 12:32:08
123 1.2447871699867046 0.4425506288339262 2024-09-01 12:32:29
124 1.263910094231358 0.4453936864513599 2024-09-01 12:32:48
125 1.2492819734055243 0.4364863729307302 2024-09-01 12:33:07
126 1.2558247806117606 0.4448754936836503 2024-09-01 12:33:27
127 1.2515394436952791 0.44890899414582225 2024-09-01 12:33:46
128 1.2465307856002765 0.4500574213607462 2024-09-01 12:34:05
129 1.2350473225589214 0.44699028038430294 2024-09-01 12:34:25
130 1.2813648081157045 0.4431528528612644 2024-09-01 12:34:44
131 1.2965630529234113 0.443390941430212 2024-09-01 12:35:04
132 1.2973611608032005 0.44742444189238395 2024-09-01 12:35:24
133 1.2893919082440026 0.4486569003669365 2024-09-01 12:35:43
134 1.2909742386841092 0.4497913223719224 2024-09-01 12:36:02
135 1.2919735273978699 0.4499173692613652 2024-09-01 12:36:21
136 1.2883904240037283 0.4509257443769082 2024-09-01 12:36:41
137 1.2907174760255322 0.450463572448951 2024-09-01 12:37:01
138 1.2881867489405117 0.4506456401781463 2024-09-01 12:37:20
139 1.2874391672274055 0.4514579423545559 2024-09-01 12:37:40
140 1.28425348605406 0.4513599058849892 2024-09-01 12:38:00
141 1.315384339195704 0.45176605697319405 2024-09-01 12:38:19
142 1.286988582157901 0.451906109072575 2024-09-01 12:38:39
143 1.2857084757960953 0.451471947564494 2024-09-01 12:38:58
144 1.2851550981432867 0.45164001008375115 2024-09-01 12:39:18
145 1.285092748175455 0.4514439371446178 2024-09-01 12:39:37
146 1.2831892160163108 0.4514299319346797 2024-09-01 12:39:56
147 1.2838940161763277 0.45248032268003696 2024-09-01 12:40:16
148 1.2823956236746201 0.45203215596201785 2024-09-01 12:40:36
149 1.2820596446149781 0.4513599058849892 2024-09-01 12:40:55
39174
32228
1 1.6229042132318174 0.015188645530198601 2024-09-01 12:41:25
2 1.5704927202290364 0.6314902741614336 2024-09-01 12:41:40
3 1.5001822231240336 0.6351661816510951 2024-09-01 12:41:54
4 1.4368548928951848 0.6362893756062694 2024-09-01 12:42:09
5 1.3830087486352685 0.638765507734722 2024-09-01 12:42:23
6 1.3570763090458131 0.6375912595088579 2024-09-01 12:42:38
7 1.3062404199149749 0.6393271047123091 2024-09-01 12:42:52
8 1.2822371806717152 0.6431817021493847 2024-09-01 12:43:07
9 1.2992988787597164 0.6400929187726553 2024-09-01 12:43:22
10 1.2411376422705436 0.6401184459080002 2024-09-01 12:43:36
11 1.224934282526583 0.6408842599683463 2024-09-01 12:43:51
12 1.2136366467457145 0.6410884770511053 2024-09-01 12:44:05
13 1.2030725183156825 0.6409863685097258 2024-09-01 12:44:20
14 1.1933323637707747 0.6409863685097258 2024-09-01 12:44:34
15 1.186232131905521 0.6412161127278296 2024-09-01 12:44:49
16 1.1783489365304307 0.6410374227804155 2024-09-01 12:45:03
17 1.1712215041994969 0.6414203298105886 2024-09-01 12:45:18
18 1.1660382055107896 0.641139531321795 2024-09-01 12:45:32
19 1.1591480116253334 0.6411905855924848 2024-09-01 12:45:47
20 1.1571005370889937 0.6410374227804155 2024-09-01 12:46:01
21 1.1516231252557134 0.6410374227804155 2024-09-01 12:46:15
22 1.1493856415982548 0.6410884770511053 2024-09-01 12:46:30
23 1.145387117601119 0.6414458569459335 2024-09-01 12:46:45
24 1.138180948772967 0.6414458569459335 2024-09-01 12:47:00
25 1.1360954895935862 0.6412671669985194 2024-09-01 12:47:15
26 1.1334778339335643 0.641547965487313 2024-09-01 12:47:29
27 1.1325139927512295 0.6411650584571399 2024-09-01 12:47:43
28 1.1591534062306341 0.6387144534640322 2024-09-01 12:47:58
29 1.128443074426005 0.639352631847654 2024-09-01 12:48:12
30 1.1232960831792163 0.6418798182467963 2024-09-01 12:48:27
31 1.1218060678646236 0.6417011282993822 2024-09-01 12:48:42
32 1.1194410255566705 0.6420074539235207 2024-09-01 12:48:56
33 1.11780468247937 0.6420840353295553 2024-09-01 12:49:11
34 1.1167382519990214 0.6419053453821412 2024-09-01 12:49:25
35 1.1148498317345352 0.6419053453821412 2024-09-01 12:49:39
36 1.110983918830216 0.6422627252769694 2024-09-01 12:49:54
37 1.111528533142985 0.6420585081942104 2024-09-01 12:50:08
38 1.1102239085100702 0.6419053453821412 2024-09-01 12:50:23
39 1.1051784471219803 0.6423903609536937 2024-09-01 12:50:38
40 1.1044224676058778 0.6426711594424873 2024-09-01 12:50:52
41 1.1046026518171181 0.6426711594424873 2024-09-01 12:51:06
42 1.102644622779315 0.6427222137131771 2024-09-01 12:51:21
43 1.1001130976233626 0.6432327564200745 2024-09-01 12:51:35
44 1.099717681188949 0.6458875784959411 2024-09-01 12:51:49
45 1.0990278263177733 0.6455557257364578 2024-09-01 12:52:04
46 1.0981803047910805 0.6454280900597335 2024-09-01 12:52:18
47 1.095960207766204 0.6450451830295604 2024-09-01 12:52:33
48 1.0926561972360587 0.6456067800071476 2024-09-01 12:52:47
49 1.0935188618968321 0.6454280900597335 2024-09-01 12:53:01
50 1.1349233112224681 0.6457344156838719 2024-09-01 12:53:16
51 1.0859120750936049 0.6458620513605963 2024-09-01 12:53:31
52 1.5297107744613736 0.6454536171950783 2024-09-01 12:53:45
53 1.0896295772891755 0.6456323071424924 2024-09-01 12:53:59
54 1.0898749087411532 0.6461939041200796 2024-09-01 12:54:14
55 1.0880561989433533 0.6459896870373206 2024-09-01 12:54:28
56 1.0871118549829044 0.6467555010976668 2024-09-01 12:54:43
57 1.085450736147257 0.6464747026088732 2024-09-01 12:54:58
58 1.0853421421567617 0.6471639352631847 2024-09-01 12:55:12
59 1.0851809366949425 0.6471384081278398 2024-09-01 12:55:27
60 1.0943368180346975 0.6470873538571501 2024-09-01 12:55:41
61 1.0846304206246347 0.6470873538571501 2024-09-01 12:55:56
62 1.0834352714140103 0.6474192066166334 2024-09-01 12:56:11
63 1.0834539279325721 0.6478786950528411 2024-09-01 12:56:25
64 1.0822517410527024 0.650686679940777 2024-09-01 12:56:39
65 1.0434122244784798 0.6732781947209884 2024-09-01 12:56:54
66 1.0866279366273588 0.6464491754735283 2024-09-01 12:57:08
67 1.02904040162107 0.6546944401899218 2024-09-01 12:57:22
68 1.0344598671619114 0.6769030479399601 2024-09-01 12:57:37
69 1.0241277787284562 0.6482616020830142 2024-09-01 12:57:51
70 1.0355278385502886 0.6435135549088681 2024-09-01 12:58:06
71 1.0225167251347753 0.6492316332261193 2024-09-01 12:58:20
72 1.0169039759633733 0.6693470158778781 2024-09-01 12:58:34
73 1.025894264419697 0.642926430795936 2024-09-01 12:58:49
74 1.0264229516300898 0.6424924694950732 2024-09-01 12:59:04
75 1.0266345802356207 0.6410118956450707 2024-09-01 12:59:18
76 1.014406861934885 0.6485679277071527 2024-09-01 12:59:33
77 1.0062253316706036 0.655460254250268 2024-09-01 12:59:47
78 1.0083828923250282 0.6493082146321539 2024-09-01 13:00:02
79 1.005475526759932 0.6711339153520192 2024-09-01 13:00:16
80 1.003943767367214 0.6721805279011589 2024-09-01 13:00:31
81 1.0124559074787862 0.6501250829631898 2024-09-01 13:00:46
82 1.0056300265942282 0.6498187573390514 2024-09-01 13:01:00
83 1.0051837137941138 0.6553326185735436 2024-09-01 13:01:15
84 1.0082431458499352 0.6781028233011691 2024-09-01 13:01:29
85 1.0166792928238293 0.6772349006994435 2024-09-01 13:01:43
86 0.9989035515591191 0.6560218512278552 2024-09-01 13:01:58
13475
25699
1 2.0100294495336644 0.022708719851576995 2024-09-01 13:02:19
2 1.9783993950580179 0.07784786641929499 2024-09-01 13:02:30
3 1.8997066421278774 0.036734693877551024 2024-09-01 13:02:41
4 1.8275597615233157 0.0925417439703154 2024-09-01 13:02:52
5 1.749284171217669 0.09595547309833025 2024-09-01 13:03:03
6 1.6907431013287773 0.09721706864564007 2024-09-01 13:03:14
7 1.6474891949673087 0.03354359925788497 2024-09-01 13:03:25
8 1.5748626086618993 0.6580333951762524 2024-09-01 13:03:36
9 1.5169950796633351 0.6750278293135435 2024-09-01 13:03:47
10 1.439620509439585 0.7279406307977736 2024-09-01 13:03:58
11 1.4293368152430859 0.7280148423005566 2024-09-01 13:04:09
12 1.3859898168213514 0.7260111317254174 2024-09-01 13:04:20
13 1.343975214215068 0.7247495361781076 2024-09-01 13:04:31
14 1.5893556421453303 0.7057513914656772 2024-09-01 13:04:42
15 1.3708829587819624 0.7279406307977736 2024-09-01 13:04:53
16 1.2844702525130007 0.7279406307977736 2024-09-01 13:05:04
17 1.2727257378247319 0.7267532467532467 2024-09-01 13:05:15
18 1.2641770335429232 0.7267532467532467 2024-09-01 13:05:26
19 1.2340963729458527 0.7272727272727273 2024-09-01 13:05:37
20 1.2053548705821135 0.7273469387755102 2024-09-01 13:05:48
21 1.2058439535643484 0.7283858998144712 2024-09-01 13:05:59
22 1.2221963876695934 0.7288311688311688 2024-09-01 13:06:10
23 1.1882495984075685 0.7310575139146568 2024-09-01 13:06:21
24 1.193354423501717 0.7300927643784787 2024-09-01 13:06:32
25 1.1838176564515632 0.7326901669758813 2024-09-01 13:06:44
26 1.173083286117313 0.7347680890538033 2024-09-01 13:06:55
27 1.1658533325000686 0.7402597402597403 2024-09-01 13:07:05
28 1.1618351255144392 0.7409276437847866 2024-09-01 13:07:17
29 1.1662967574397354 0.7412244897959184 2024-09-01 13:07:28
30 1.1483972503877968 0.7420408163265306 2024-09-01 13:07:39
31 1.1316883298594345 0.7426345083487941 2024-09-01 13:07:50
32 1.1344748655807553 0.7475324675324675 2024-09-01 13:08:01
33 1.1085562513577916 0.7509461966604823 2024-09-01 13:08:12
34 1.121016888981184 0.7518367346938776 2024-09-01 13:08:23
35 1.1127422114692505 0.7516883116883117 2024-09-01 13:08:34
36 1.1256051855317295 0.7520593692022264 2024-09-01 13:08:45
37 1.0973847248558652 0.7530983302411873 2024-09-01 13:08:56
38 2.582349863255842 0.7420408163265306 2024-09-01 13:09:07
39 1.105376883428924 0.7398144712430427 2024-09-01 13:09:18
40 1.1074604948287992 0.7389239332096474 2024-09-01 13:09:29
41 1.1226504707159493 0.7387012987012987 2024-09-01 13:09:40
42 1.1108443838767086 0.7385528756957328 2024-09-01 13:09:51
43 1.1024734246266352 0.738404452690167 2024-09-01 13:10:02
44 1.1034282883819269 0.7385528756957328 2024-09-01 13:10:14
45 1.1005583672001544 0.7391465677179963 2024-09-01 13:10:25
46 1.095778363976275 0.7395918367346939 2024-09-01 13:10:36
47 1.0808480000451677 0.7396660482374768 2024-09-01 13:10:47
48 1.1035685247304488 0.6693135435992579 2024-09-01 13:10:58
49 1.1271843832808655 0.6696846011131725 2024-09-01 13:11:09
50 1.1050321266248628 0.7404823747680891 2024-09-01 13:11:20
51 1.0755008609485095 0.7313543599257885 2024-09-01 13:11:31
52 1.0782870248872407 0.730834879406308 2024-09-01 13:11:42
53 1.1016059711381987 0.7313543599257885 2024-09-01 13:11:53
54 1.07186466820386 0.7412987012987013 2024-09-01 13:12:04
55 1.0827957327600313 0.7414471243042672 2024-09-01 13:12:15
56 1.0716911636168527 0.7409276437847866 2024-09-01 13:12:26
57 1.0711078258967355 0.7391465677179963 2024-09-01 13:12:37
58 1.0702601178015319 0.7392949907235622 2024-09-01 13:12:49
59 1.0739932593255406 0.739443413729128 2024-09-01 13:13:00
60 1.078681288269765 0.7399628942486085 2024-09-01 13:13:11
61 1.0638939162132248 0.7426345083487941 2024-09-01 13:13:22
62 1.0611837825881307 0.7424860853432282 2024-09-01 13:13:33
63 1.0522946117096796 0.7426345083487941 2024-09-01 13:13:44
64 1.0599749630147761 0.7402597402597403 2024-09-01 13:13:55
65 1.0614154644047837 0.7398144712430427 2024-09-01 13:14:06
66 1.039097380328488 0.7395176252319109 2024-09-01 13:14:17
67 1.0617514198476619 0.7401113172541745 2024-09-01 13:14:28
68 1.0669673070836818 0.7424860853432282 2024-09-01 13:14:40
69 1.098653018363995 0.7398886827458256 2024-09-01 13:14:50
70 1.0531953701504086 0.7403339517625231 2024-09-01 13:15:01
71 1.0293799985981165 0.7396660482374768 2024-09-01 13:15:13
72 1.0327567700331197 0.7392207792207792 2024-09-01 13:15:24
73 1.0306094059917612 0.7407792207792208 2024-09-01 13:15:35
74 1.0564319412871948 0.7408534322820037 2024-09-01 13:15:46
75 1.0493958679776023 0.7407792207792208 2024-09-01 13:15:57
76 1.0431946962795364 0.7413729128014842 2024-09-01 13:16:08
77 1.051647692752902 0.741595547309833 2024-09-01 13:16:19
78 1.04112281604689 0.741595547309833 2024-09-01 13:16:30
79 1.0552196327963212 0.7418923933209648 2024-09-01 13:16:41
80 1.0240873735335851 0.7421892393320965 2024-09-01 13:16:53
81 1.0354134005827895 0.7421150278293135 2024-09-01 13:17:04
82 1.053155197062165 0.7430055658627087 2024-09-01 13:17:15
83 1.0467367464182329 0.7458256029684601 2024-09-01 13:17:25
84 1.0436669922051933 0.7453061224489796 2024-09-01 13:17:36
85 1.0381657820685675 0.739443413729128 2024-09-01 13:17:48
86 1.0231905894730662 0.7391465677179963 2024-09-01 13:17:58
87 1.0239733753929776 0.7391465677179963 2024-09-01 13:18:09
88 1.0387914508083536 0.739443413729128 2024-09-01 13:18:20
89 1.0443707967733409 0.7395918367346939 2024-09-01 13:18:31
90 1.035977393001705 0.7400371057513915 2024-09-01 13:18:42
91 1.0317095033755328 0.7398886827458256 2024-09-01 13:18:54
92 1.0208821973464484 0.7391465677179963 2024-09-01 13:19:04
93 1.0337902095189564 0.7392207792207792 2024-09-01 13:19:15
94 1.0381097278258795 0.7400371057513915 2024-09-01 13:19:26
95 1.027781529417728 0.7406307977736549 2024-09-01 13:19:38
96 1.0459135246630724 0.7407050092764379 2024-09-01 13:19:49
97 1.0511866655332038 0.7464192949907236 2024-09-01 13:20:00
98 1.0296465016915317 0.7453061224489796 2024-09-01 13:20:11
99 1.0499201849351787 0.7395176252319109 2024-09-01 13:20:22
100 1.0316572613972679 0.7393692022263451 2024-09-01 13:20:33
101 1.0178174417403723 0.7395176252319109 2024-09-01 13:20:44
102 1.0355940924504692 0.739443413729128 2024-09-01 13:20:55
103 1.0172695768565105 0.7441929499072356 2024-09-01 13:21:06
104 1.0451453621179585 0.7441929499072356 2024-09-01 13:21:17
105 1.0433274828215477 0.7395176252319109 2024-09-01 13:21:28
106 1.0036452486696403 0.7395176252319109 2024-09-01 13:21:39
107 1.0277285341429134 0.7396660482374768 2024-09-01 13:21:50
108 1.0264501571655273 0.7395918367346939 2024-09-01 13:22:02
109 1.0375853064772371 0.7401113172541745 2024-09-01 13:22:13
110 1.0095083835173626 0.7401855287569573 2024-09-01 13:22:24
111 1.010195616888425 0.7397402597402597 2024-09-01 13:22:35
112 1.0317676193417777 0.7401855287569573 2024-09-01 13:22:46
113 1.011861302414719 0.7402597402597403 2024-09-01 13:22:57
114 1.0339581453291515 0.6260482374768089 2024-09-01 13:23:08
115 1.9904070168125385 0.7407050092764379 2024-09-01 13:23:19
116 1.0188965403746144 0.740556586270872 2024-09-01 13:23:30
117 1.0159759517061024 0.740556586270872 2024-09-01 13:23:41
118 1.0120815396972402 0.740556586270872 2024-09-01 13:23:52
119 0.9970407614239072 0.7404823747680891 2024-09-01 13:24:03
3497
9978
1 2.7007787227630615 0.00028595939376608524 2024-09-01 13:24:18
2 2.670295238494873 0.020017157563625966 2024-09-01 13:24:27
3 2.6451244354248047 0.04775521875893623 2024-09-01 13:24:36
4 2.5879344940185547 0.0580497569345153 2024-09-01 13:24:45
5 2.574080228805542 0.05919359450957964 2024-09-01 13:24:55
6 2.5272393226623535 0.05947955390334572 2024-09-01 13:25:04
7 2.517892360687256 0.06090935087217615 2024-09-01 13:25:13
8 2.4630117416381836 0.063768944809837 2024-09-01 13:25:22
9 2.396644353866577 0.0832141835859308 2024-09-01 13:25:31
10 2.3652708530426025 0.10351730054332285 2024-09-01 13:25:40
11 2.3306937217712402 0.10551901629968545 2024-09-01 13:25:49
12 2.2750415802001953 0.13239919931369745 2024-09-01 13:25:58
13 2.2571654319763184 0.13640263082642265 2024-09-01 13:26:07
14 2.1965651512145996 0.1120960823563054 2024-09-01 13:26:16
15 2.1556568145751953 0.1258221332570775 2024-09-01 13:26:25
16 2.115666627883911 0.14097798112668 2024-09-01 13:26:34
17 2.075479507446289 0.1449814126394052 2024-09-01 13:26:43
18 2.0513830184936523 0.14869888475836432 2024-09-01 13:26:53
19 2.031010150909424 0.14955676293966258 2024-09-01 13:27:01
20 1.9891263246536255 0.150986559908493 2024-09-01 13:27:10
21 1.9655975103378296 0.15270231627108952 2024-09-01 13:27:19
22 1.943597674369812 0.15356019445238775 2024-09-01 13:27:28
23 1.9200986623764038 0.15470403202745212 2024-09-01 13:27:37
24 1.8930516242980957 0.15213039748355733 2024-09-01 13:27:47
25 1.8607478141784668 0.154418072633686 2024-09-01 13:27:56
26 1.8561060428619385 0.1549899914212182 2024-09-01 13:28:05
27 1.8384475708007812 0.154418072633686 2024-09-01 13:28:14
28 1.7946943044662476 0.1584215041464112 2024-09-01 13:28:23
29 1.8117427825927734 0.45581927366313985 2024-09-01 13:28:32
30 1.7906396389007568 0.4543894766943094 2024-09-01 13:28:41
31 1.7631306648254395 0.45581927366313985 2024-09-01 13:28:50
32 1.736933946609497 0.45581927366313985 2024-09-01 13:28:59
33 1.7187857627868652 0.45581927366313985 2024-09-01 13:29:08
34 1.7164746522903442 0.4641120960823563 2024-09-01 13:29:16
35 1.7051459550857544 0.4643980554761224 2024-09-01 13:29:25
36 1.6962318420410156 0.46496997426365455 2024-09-01 13:29:34
37 1.690781831741333 0.46496997426365455 2024-09-01 13:29:43
38 1.6875710487365723 0.4635401772948241 2024-09-01 13:29:52
39 1.780611515045166 0.4643980554761224 2024-09-01 13:30:01
40 1.6594364643096924 0.4641120960823563 2024-09-01 13:30:10
41 1.6591293811798096 0.4641120960823563 2024-09-01 13:30:19
42 1.6454557180404663 0.45696311123820416 2024-09-01 13:30:28
43 1.6393076181411743 0.4566771518444381 2024-09-01 13:30:37
44 1.638662576675415 0.4566771518444381 2024-09-01 13:30:46
45 1.6164629459381104 0.4566771518444381 2024-09-01 13:30:55
46 1.599479079246521 0.46496997426365455 2024-09-01 13:31:04
47 1.6232243776321411 0.4641120960823563 2024-09-01 13:31:13
48 1.5922088623046875 0.4643980554761224 2024-09-01 13:31:22
49 1.6031159162521362 0.466399771232485 2024-09-01 13:31:31
50 1.5959486961364746 0.4646840148698885 2024-09-01 13:31:40
51 1.604867935180664 0.46668573062625107 2024-09-01 13:31:49
52 1.5760152339935303 0.466399771232485 2024-09-01 13:31:58
53 1.5773881673812866 0.46525593365742063 2024-09-01 13:32:07
54 1.5788543224334717 0.46525593365742063 2024-09-01 13:32:17
55 1.5471707582473755 0.4646840148698885 2024-09-01 13:32:26
56 1.540612816810608 0.46296825850729195 2024-09-01 13:32:35
57 1.5917210578918457 0.45782098941950244 2024-09-01 13:32:44
58 1.55215322971344 0.4606805833571633 2024-09-01 13:32:53
59 1.5578118562698364 0.46125250214469543 2024-09-01 13:33:02
60 1.5626633167266846 0.46868744638261367 2024-09-01 13:33:11
61 1.5467023849487305 0.46868744638261367 2024-09-01 13:33:20
62 1.5318372249603271 0.46868744638261367 2024-09-01 13:33:29
63 1.5440341234207153 0.4684014869888476 2024-09-01 13:33:38
64 1.5302410125732422 0.4695453245639119 2024-09-01 13:33:47
65 1.5297746658325195 0.4695453245639119 2024-09-01 13:33:56
66 1.5214691162109375 0.46983128395767804 2024-09-01 13:34:05
67 1.5492511987686157 0.4701172433514441 2024-09-01 13:34:14
68 1.514709234237671 0.4701172433514441 2024-09-01 13:34:23
69 1.533555269241333 0.47068916213897627 2024-09-01 13:34:32
70 1.5294402837753296 0.4712610809265084 2024-09-01 13:34:41
71 1.5294533967971802 0.47898198455819274 2024-09-01 13:34:50
72 1.5100308656692505 0.47898198455819274 2024-09-01 13:34:59
73 1.5210744142532349 0.47898198455819274 2024-09-01 13:35:08
74 1.526735782623291 0.47898198455819274 2024-09-01 13:35:17
75 1.5329318046569824 0.47898198455819274 2024-09-01 13:35:26
76 1.53268563747406 0.47898198455819274 2024-09-01 13:35:35
77 1.5383538007736206 0.47898198455819274 2024-09-01 13:35:44
78 1.5166183710098267 0.47898198455819274 2024-09-01 13:35:53
79 1.5101549625396729 0.4804117815270232 2024-09-01 13:36:02
80 1.520754098892212 0.48098370031455534 2024-09-01 13:36:11
81 1.4885526895523071 0.48098370031455534 2024-09-01 13:36:20
82 1.532808780670166 0.48098370031455534 2024-09-01 13:36:29
83 1.503210425376892 0.48098370031455534 2024-09-01 13:36:38
84 1.5101701021194458 0.48098370031455534 2024-09-01 13:36:47
85 1.4998821020126343 0.48098370031455534 2024-09-01 13:36:56
86 1.494602918624878 0.48098370031455534 2024-09-01 13:37:05
87 1.5029164552688599 0.48098370031455534 2024-09-01 13:37:14
88 1.5034334659576416 0.48098370031455534 2024-09-01 13:37:23
89 1.4977364540100098 0.48069774092078926 2024-09-01 13:37:32
90 1.5027261972427368 0.4792679439519588 2024-09-01 13:37:41
91 1.4940372705459595 0.4792679439519588 2024-09-01 13:37:50
92 1.483012318611145 0.47869602516442666 2024-09-01 13:37:59
93 1.4802976846694946 0.47869602516442666 2024-09-01 13:38:08
94 1.4915199279785156 0.47869602516442666 2024-09-01 13:38:17
95 1.488265872001648 0.47869602516442666 2024-09-01 13:38:26
96 1.488243818283081 0.47898198455819274 2024-09-01 13:38:35
97 1.4746339321136475 0.47898198455819274 2024-09-01 13:38:44
98 1.4590586423873901 0.4804117815270232 2024-09-01 13:38:53
99 1.4476886987686157 0.479839862739491 2024-09-01 13:39:02
100 1.4316219091415405 0.479839862739491 2024-09-01 13:39:11
101 1.4548639059066772 0.4792679439519588 2024-09-01 13:39:20
102 1.4721616506576538 0.4792679439519588 2024-09-01 13:39:29
103 1.4598864316940308 0.4792679439519588 2024-09-01 13:39:38
104 1.4813202619552612 0.4792679439519588 2024-09-01 13:39:47
105 1.4415748119354248 0.4792679439519588 2024-09-01 13:39:56
106 1.430345058441162 0.483271375464684 2024-09-01 13:40:06
107 1.4276196956634521 0.4792679439519588 2024-09-01 13:40:15
108 1.4608851671218872 0.47898198455819274 2024-09-01 13:40:24
109 1.450581669807434 0.47898198455819274 2024-09-01 13:40:33
110 1.4575004577636719 0.47898198455819274 2024-09-01 13:40:42
111 1.4410767555236816 0.479839862739491 2024-09-01 13:40:50
112 1.4479732513427734 0.479839862739491 2024-09-01 13:40:59
113 1.4499621391296387 0.4784100657706606 2024-09-01 13:41:08
114 1.4587715864181519 0.4784100657706606 2024-09-01 13:41:17
115 1.4317234754562378 0.4784100657706606 2024-09-01 13:41:26
116 1.4542819261550903 0.47869602516442666 2024-09-01 13:41:36
117 1.434350848197937 0.47869602516442666 2024-09-01 13:41:45
118 1.43421471118927 0.4804117815270232 2024-09-01 13:41:54
119 1.4426885843276978 0.4804117815270232 2024-09-01 13:42:03
120 1.9647990465164185 0.5979410923648842 2024-09-01 13:42:12
121 1.4218902587890625 0.4795539033457249 2024-09-01 13:42:20
122 1.4244844913482666 0.47812410637689445 2024-09-01 13:42:30
123 1.433220386505127 0.4778381469831284 2024-09-01 13:42:38
124 1.4288851022720337 0.4775521875893623 2024-09-01 13:42:47
125 1.453136682510376 0.4778381469831284 2024-09-01 13:42:56
126 1.4503509998321533 0.4784100657706606 2024-09-01 13:43:05
127 1.4448782205581665 0.47812410637689445 2024-09-01 13:43:14
128 1.4378994703292847 0.47812410637689445 2024-09-01 13:43:23
129 1.443569540977478 0.4784100657706606 2024-09-01 13:43:31
130 1.4030506610870361 0.48269945667715186 2024-09-01 13:43:41
131 1.427708625793457 0.48269945667715186 2024-09-01 13:43:50
132 1.430465817451477 0.4792679439519588 2024-09-01 13:43:59
133 1.4047476053237915 0.479839862739491 2024-09-01 13:44:08
134 1.4157921075820923 0.47869602516442666 2024-09-01 13:44:17
135 1.3990103006362915 0.48012582213325705 2024-09-01 13:44:26
136 1.410510778427124 0.48012582213325705 2024-09-01 13:44:35
137 1.4131526947021484 0.4795539033457249 2024-09-01 13:44:44
138 1.3933138847351074 0.4792679439519588 2024-09-01 13:44:53
139 1.4087836742401123 0.47898198455819274 2024-09-01 13:45:02
140 1.4045971632003784 0.4784100657706606 2024-09-01 13:45:11
141 1.3992741107940674 0.479839862739491 2024-09-01 13:45:20
142 1.411810040473938 0.4804117815270232 2024-09-01 13:45:30
143 1.3783173561096191 0.4818415784958536 2024-09-01 13:45:38
144 1.3826192617416382 0.4815556191020875 2024-09-01 13:45:47
145 1.3770489692687988 0.4812696597083214 2024-09-01 13:45:56
146 1.3737330436706543 0.48069774092078926 2024-09-01 13:46:05
147 1.357580304145813 0.4812696597083214 2024-09-01 13:46:14
148 1.408575177192688 0.483271375464684 2024-09-01 13:46:23
149 1.3936001062393188 0.48584501000857877 2024-09-01 13:46:32
1798
1699
1 1.882683277130127 0.0005561735261401557 2024-09-01 13:46:45
2 1.9011796712875366 0.10344827586206896 2024-09-01 13:46:53
3 1.910043716430664 0.10344827586206896 2024-09-01 13:47:01
4 1.7833287715911865 0.10622914349276974 2024-09-01 13:47:09
5 1.812663197517395 0.12736373748609567 2024-09-01 13:47:18
6 1.7210036516189575 0.05506117908787542 2024-09-01 13:47:26
7 1.7061690092086792 0.10066740823136819 2024-09-01 13:47:34
8 1.691102147102356 0.1774193548387097 2024-09-01 13:47:42
9 1.7094465494155884 0.20411568409343714 2024-09-01 13:47:50
10 1.6523362398147583 0.6101223581757509 2024-09-01 13:47:59
11 2.3390932083129883 0.6140155728587319 2024-09-01 13:48:07
12 1.9431297779083252 0.6512791991101223 2024-09-01 13:48:15
13 1.597701072692871 0.6546162402669633 2024-09-01 13:48:23
14 1.5930827856063843 0.6540600667408232 2024-09-01 13:48:31
15 1.5971239805221558 0.6540600667408232 2024-09-01 13:48:39
16 1.5604376792907715 0.6551724137931034 2024-09-01 13:48:47
17 1.672613501548767 0.6551724137931034 2024-09-01 13:48:56
18 1.5909929275512695 0.6434927697441601 2024-09-01 13:49:04
19 1.498448133468628 0.6434927697441601 2024-09-01 13:49:12
20 1.517818570137024 0.6468298109010011 2024-09-01 13:49:20
21 1.5148330926895142 0.6468298109010011 2024-09-01 13:49:28
22 1.4143980741500854 0.6468298109010011 2024-09-01 13:49:36
23 1.4699381589889526 0.6479421579532815 2024-09-01 13:49:44
24 1.4286744594573975 0.6384872080088988 2024-09-01 13:49:53
25 1.377692699432373 0.6646273637374861 2024-09-01 13:50:01
26 1.4706976413726807 0.6674082313681868 2024-09-01 13:50:09
27 1.4734066724777222 0.6662958843159066 2024-09-01 13:50:18
28 1.440609097480774 0.6674082313681868 2024-09-01 13:50:26
29 1.4137800931930542 0.6674082313681868 2024-09-01 13:50:34
30 1.4497253894805908 0.6679644048943271 2024-09-01 13:50:42
31 1.4109373092651367 0.6713014460511679 2024-09-01 13:50:50
32 1.4175341129302979 0.6746384872080089 2024-09-01 13:50:58
33 1.4209989309310913 0.6746384872080089 2024-09-01 13:51:06
34 1.4243115186691284 0.6746384872080089 2024-09-01 13:51:15
35 1.340376377105713 0.6757508342602893 2024-09-01 13:51:23
36 1.390548825263977 0.6746384872080089 2024-09-01 13:51:31
37 1.3849292993545532 0.6746384872080089 2024-09-01 13:51:39
38 1.380753755569458 0.6668520578420467 2024-09-01 13:51:48
39 1.3338011503219604 0.699666295884316 2024-09-01 13:51:56
40 1.3521209955215454 0.7102335928809789 2024-09-01 13:52:04
41 1.3645821809768677 0.710789766407119 2024-09-01 13:52:12
42 1.3677088022232056 0.7152391546162402 2024-09-01 13:52:21
43 1.3510390520095825 0.7241379310344828 2024-09-01 13:52:29
44 1.4551783800125122 0.710789766407119 2024-09-01 13:52:37
45 1.2819387912750244 0.6974416017797553 2024-09-01 13:52:45
46 1.354068398475647 0.6907675194660734 2024-09-01 13:52:54
47 1.3247369527816772 0.6902113459399333 2024-09-01 13:53:02
48 1.3062353134155273 0.6946607341490545 2024-09-01 13:53:11
49 1.3088290691375732 0.6941045606229144 2024-09-01 13:53:19
50 1.3216750621795654 0.6946607341490545 2024-09-01 13:53:27
51 1.351922631263733 0.6952169076751946 2024-09-01 13:53:35
52 1.3262841701507568 0.6952169076751946 2024-09-01 13:53:43
53 1.2288371324539185 0.6952169076751946 2024-09-01 13:53:51
54 1.3204026222229004 0.6952169076751946 2024-09-01 13:53:59
55 1.2976545095443726 0.6952169076751946 2024-09-01 13:54:07
56 1.2523342370986938 0.6946607341490545 2024-09-01 13:54:16
57 1.276356816291809 0.6890989988876529 2024-09-01 13:54:24
58 1.2336595058441162 0.6067853170189099 2024-09-01 13:54:32
59 1.2905350923538208 0.6696329254727474 2024-09-01 13:54:40
60 1.274100422859192 0.6941045606229144 2024-09-01 13:54:48
61 1.2593289613723755 0.6941045606229144 2024-09-01 13:54:56
62 1.2690662145614624 0.6924360400444939 2024-09-01 13:55:05
63 1.2519804239273071 0.6924360400444939 2024-09-01 13:55:13
64 1.2469170093536377 0.6879866518353727 2024-09-01 13:55:21
65 1.2603325843811035 0.6885428253615128 2024-09-01 13:55:29
66 1.2301576137542725 0.6879866518353727 2024-09-01 13:55:38
67 1.2608489990234375 0.6879866518353727 2024-09-01 13:55:46
68 1.24095618724823 0.6879866518353727 2024-09-01 13:55:54
69 1.1952184438705444 0.6879866518353727 2024-09-01 13:56:03
70 1.2279677391052246 0.6907675194660734 2024-09-01 13:56:11
71 1.1917370557785034 0.6968854282536151 2024-09-01 13:56:19
72 1.245749592781067 0.6979977753058955 2024-09-01 13:56:27
73 1.1979883909225464 0.6979977753058955 2024-09-01 13:56:35
74 1.242549180984497 0.6802002224694105 2024-09-01 13:56:44
75 1.258374571800232 0.6935483870967742 2024-09-01 13:56:52
76 1.2489755153656006 0.6935483870967742 2024-09-01 13:57:00
77 1.2047712802886963 0.6935483870967742 2024-09-01 13:57:08
78 1.248895525932312 0.6935483870967742 2024-09-01 13:57:16
79 1.2324656248092651 0.6935483870967742 2024-09-01 13:57:25
80 1.2101770639419556 0.6979977753058955 2024-09-01 13:57:33
81 1.168699860572815 0.6985539488320356 2024-09-01 13:57:41
82 1.2445173263549805 0.6979977753058955 2024-09-01 13:57:49
83 1.2945579290390015 0.6979977753058955 2024-09-01 13:57:58
84 1.1567219495773315 0.6935483870967742 2024-09-01 13:58:06
85 1.211161732673645 0.6941045606229144 2024-09-01 13:58:14
86 1.2446534633636475 0.6946607341490545 2024-09-01 13:58:22
87 1.2541980743408203 0.6946607341490545 2024-09-01 13:58:30
88 1.1693439483642578 0.6535038932146829 2024-09-01 13:58:39
89 1.2404241561889648 0.6946607341490545 2024-09-01 13:58:47
90 1.180001974105835 0.6985539488320356 2024-09-01 13:58:55
91 1.2054104804992676 0.6985539488320356 2024-09-01 13:59:03
92 1.163215160369873 0.6991101223581757 2024-09-01 13:59:11
93 1.1966121196746826 0.6991101223581757 2024-09-01 13:59:20
94 1.1888662576675415 0.6991101223581757 2024-09-01 13:59:28
95 1.2170647382736206 0.6991101223581757 2024-09-01 13:59:36
96 1.2063688039779663 0.6974416017797553 2024-09-01 13:59:45
97 1.229111671447754 0.6991101223581757 2024-09-01 13:59:53
98 1.1685945987701416 0.6985539488320356 2024-09-01 14:00:01
99 1.196405291557312 0.6946607341490545 2024-09-01 14:00:09
100 1.1802380084991455 0.6946607341490545 2024-09-01 14:00:18
101 1.1975094079971313 0.6946607341490545 2024-09-01 14:00:26
102 1.1574733257293701 0.6946607341490545 2024-09-01 14:00:34
103 1.1470575332641602 0.6946607341490545 2024-09-01 14:00:42
104 1.1397712230682373 0.6946607341490545 2024-09-01 14:00:51
105 1.185084581375122 0.6985539488320356 2024-09-01 14:00:59
106 1.1824586391448975 0.7152391546162402 2024-09-01 14:01:07
107 1.1932048797607422 0.71412680756396 2024-09-01 14:01:15
108 1.1901732683181763 0.7074527252502781 2024-09-01 14:01:24
109 1.151368498802185 0.7074527252502781 2024-09-01 14:01:32
110 1.21099054813385 0.7152391546162402 2024-09-01 14:01:40
111 1.173164963722229 0.7180200222469411 2024-09-01 14:01:48
112 1.1497610807418823 0.7185761957730812 2024-09-01 14:01:56
113 1.1310991048812866 0.7191323692992213 2024-09-01 14:02:05
114 1.1486998796463013 0.7185761957730812 2024-09-01 14:02:13
115 1.199236512184143 0.71412680756396 2024-09-01 14:02:21
116 1.1848353147506714 0.71412680756396 2024-09-01 14:02:29
117 1.1597840785980225 0.635706340378198 2024-09-01 14:02:37
118 1.2164992094039917 0.7324805339265851 2024-09-01 14:02:45
119 1.1459766626358032 0.7369299221357063 2024-09-01 14:02:54
120 1.2181810140609741 0.7380422691879867 2024-09-01 14:03:02
121 1.2204002141952515 0.7374860956618465 2024-09-01 14:03:10
122 1.0913361310958862 0.7369299221357063 2024-09-01 14:03:18
123 1.2024966478347778 0.7269187986651835 2024-09-01 14:03:26
124 1.1207331418991089 0.7230255839822024 2024-09-01 14:03:34
125 1.1710048913955688 0.7230255839822024 2024-09-01 14:03:42
126 1.1424933671951294 0.7202447163515017 2024-09-01 14:03:51
127 1.1419569253921509 0.7202447163515017 2024-09-01 14:03:59
128 1.1756210327148438 0.7202447163515017 2024-09-01 14:04:07
129 1.191199541091919 0.7157953281423804 2024-09-01 14:04:16
130 1.1658233404159546 0.7146829810901001 2024-09-01 14:04:24
131 1.1947381496429443 0.7146829810901001 2024-09-01 14:04:32
132 1.1793802976608276 0.71412680756396 2024-09-01 14:04:40
133 1.1867098808288574 0.7180200222469411 2024-09-01 14:04:48
134 1.105211853981018 0.7219132369299222 2024-09-01 14:04:57
135 1.1852904558181763 0.7224694104560623 2024-09-01 14:05:05
136 1.1475898027420044 0.7269187986651835 2024-09-01 14:05:13
137 1.1446834802627563 0.7269187986651835 2024-09-01 14:05:21
138 1.1887625455856323 0.735817575083426 2024-09-01 14:05:30
139 1.157282829284668 0.7352614015572859 2024-09-01 14:05:38
140 1.1741032600402832 0.7363737486095662 2024-09-01 14:05:46
141 1.145207405090332 0.7363737486095662 2024-09-01 14:05:54
142 1.1483750343322754 0.7363737486095662 2024-09-01 14:06:02
143 1.1220967769622803 0.7363737486095662 2024-09-01 14:06:11
144 1.188843011856079 0.7363737486095662 2024-09-01 14:06:19
145 1.2187275886535645 0.7363737486095662 2024-09-01 14:06:27
146 1.1222765445709229 0.7363737486095662 2024-09-01 14:06:35
147 1.2089660167694092 0.6512791991101223 2024-09-01 14:06:44
148 1.1570006608963013 0.7469410456062291 2024-09-01 14:06:52
149 1.0871905088424683 0.7519466073414905 2024-09-01 14:07:00
446
1352
1 2.391333818435669 0.07623318385650224 2024-09-01 14:07:12
2 2.2405264377593994 0.07623318385650224 2024-09-01 14:07:20
3 2.3331782817840576 0.08295964125560538 2024-09-01 14:07:28
4 2.3434696197509766 0.08968609865470852 2024-09-01 14:07:36
5 2.217132091522217 0.08968609865470852 2024-09-01 14:07:44
6 2.182232618331909 0.09641255605381166 2024-09-01 14:07:52
7 2.176868200302124 0.026905829596412557 2024-09-01 14:08:00
8 2.1287448406219482 0.1031390134529148 2024-09-01 14:08:08
9 2.0259833335876465 0.1210762331838565 2024-09-01 14:08:16
10 2.0554091930389404 0.11883408071748879 2024-09-01 14:08:24
11 1.960623025894165 0.11883408071748879 2024-09-01 14:08:33
12 1.8951727151870728 0.13228699551569506 2024-09-01 14:08:41
13 1.8833166360855103 0.2085201793721973 2024-09-01 14:08:49
14 1.9585182666778564 0.49551569506726456 2024-09-01 14:08:56
15 1.771499752998352 0.5224215246636771 2024-09-01 14:09:04
16 1.7547026872634888 0.5403587443946188 2024-09-01 14:09:12
17 1.7495478391647339 0.5582959641255605 2024-09-01 14:09:20
18 1.795090913772583 0.5605381165919282 2024-09-01 14:09:28
19 1.7633229494094849 0.5582959641255605 2024-09-01 14:09:36
20 1.6360090970993042 0.6345291479820628 2024-09-01 14:09:44
21 1.6898791790008545 0.647982062780269 2024-09-01 14:09:52
22 1.699536919593811 0.5762331838565022 2024-09-01 14:10:00
23 1.6406831741333008 0.57847533632287 2024-09-01 14:10:08
24 1.6874701976776123 0.5762331838565022 2024-09-01 14:10:17
25 1.5957552194595337 0.5739910313901345 2024-09-01 14:10:25
26 1.4641742706298828 0.6457399103139013 2024-09-01 14:10:33
27 1.54725980758667 0.5829596412556054 2024-09-01 14:10:41
28 1.5935564041137695 0.5852017937219731 2024-09-01 14:10:49
29 1.5966840982437134 0.5852017937219731 2024-09-01 14:10:57
30 1.5138968229293823 0.5852017937219731 2024-09-01 14:11:04
31 1.5558445453643799 0.5852017937219731 2024-09-01 14:11:12
32 1.4968477487564087 0.5874439461883408 2024-09-01 14:11:21
33 1.5311423540115356 0.5852017937219731 2024-09-01 14:11:28
34 1.4977831840515137 0.5896860986547086 2024-09-01 14:11:36
35 1.4633140563964844 0.5986547085201793 2024-09-01 14:11:44
36 1.5490034818649292 0.5964125560538116 2024-09-01 14:11:52
37 1.4497466087341309 0.600896860986547 2024-09-01 14:12:00
38 1.460533618927002 0.6188340807174888 2024-09-01 14:12:08
39 1.5354030132293701 0.625560538116592 2024-09-01 14:12:16
40 1.3989477157592773 0.6278026905829597 2024-09-01 14:12:24
41 1.399906039237976 0.6278026905829597 2024-09-01 14:12:32
42 1.4846218824386597 0.6278026905829597 2024-09-01 14:12:40
43 1.4000420570373535 0.6278026905829597 2024-09-01 14:12:48
44 1.4151442050933838 0.6278026905829597 2024-09-01 14:12:56
45 1.3791583776474 0.6973094170403588 2024-09-01 14:13:04
46 1.470820426940918 0.6278026905829597 2024-09-01 14:13:12
47 1.4033294916152954 0.6210762331838565 2024-09-01 14:13:20
48 1.4711107015609741 0.6188340807174888 2024-09-01 14:13:28
49 1.4543534517288208 0.6076233183856502 2024-09-01 14:13:37
50 1.4019347429275513 0.6771300448430493 2024-09-01 14:13:44
51 1.5655183792114258 0.6053811659192825 2024-09-01 14:13:52
52 1.4147533178329468 0.6053811659192825 2024-09-01 14:14:00
53 1.4787042140960693 0.6098654708520179 2024-09-01 14:14:08
54 1.4996492862701416 0.6098654708520179 2024-09-01 14:14:16
55 1.4239859580993652 0.6883408071748879 2024-09-01 14:14:24
56 1.3989324569702148 0.6143497757847534 2024-09-01 14:14:32
57 1.3985066413879395 0.6053811659192825 2024-09-01 14:14:40
58 1.4693735837936401 0.6098654708520179 2024-09-01 14:14:48
59 1.4466552734375 0.6165919282511211 2024-09-01 14:14:56
60 1.396543264389038 0.6210762331838565 2024-09-01 14:15:04
61 1.3785898685455322 0.6210762331838565 2024-09-01 14:15:12
62 1.3502665758132935 0.6278026905829597 2024-09-01 14:15:20
63 1.367316722869873 0.6278026905829597 2024-09-01 14:15:28
64 1.367132544517517 0.6278026905829597 2024-09-01 14:15:36
65 1.3201630115509033 0.695067264573991 2024-09-01 14:15:44
66 1.4225610494613647 0.7017937219730942 2024-09-01 14:15:53
67 1.3201069831848145 0.6300448430493274 2024-09-01 14:16:01
68 1.345771312713623 0.6278026905829597 2024-09-01 14:16:08
69 1.2760155200958252 0.6278026905829597 2024-09-01 14:16:17
70 1.3117997646331787 0.6883408071748879 2024-09-01 14:16:25
71 1.2777894735336304 0.6860986547085202 2024-09-01 14:16:33
72 1.3254785537719727 0.6322869955156951 2024-09-01 14:16:41
73 1.3258639574050903 0.6322869955156951 2024-09-01 14:16:49
74 1.2599447965621948 0.6322869955156951 2024-09-01 14:16:57
75 1.2710310220718384 0.7107623318385651 2024-09-01 14:17:04
76 1.2644132375717163 0.7130044843049327 2024-09-01 14:17:13
77 1.2376985549926758 0.6412556053811659 2024-09-01 14:17:21
78 1.283104419708252 0.6412556053811659 2024-09-01 14:17:29
79 1.2948179244995117 0.6434977578475336 2024-09-01 14:17:37
80 1.2526553869247437 0.7152466367713004 2024-09-01 14:17:45
81 1.231055736541748 0.6412556053811659 2024-09-01 14:17:53
82 1.2880291938781738 0.6412556053811659 2024-09-01 14:18:01
83 1.3026165962219238 0.6412556053811659 2024-09-01 14:18:09
84 1.292300820350647 0.6412556053811659 2024-09-01 14:18:17
85 1.3002820014953613 0.6434977578475336 2024-09-01 14:18:25
86 1.183628797531128 0.7152466367713004 2024-09-01 14:18:33
87 1.262466549873352 0.6569506726457399 2024-09-01 14:18:41
88 1.2854021787643433 0.6412556053811659 2024-09-01 14:18:48
89 1.2594281435012817 0.6412556053811659 2024-09-01 14:18:56
90 5.27168083190918 0.6457399103139013 2024-09-01 14:19:04
91 1.2887842655181885 0.6434977578475336 2024-09-01 14:19:12
92 1.2403327226638794 0.6547085201793722 2024-09-01 14:19:20
93 1.2324292659759521 0.7107623318385651 2024-09-01 14:19:28
94 1.2481787204742432 0.6412556053811659 2024-09-01 14:19:36
95 1.2445420026779175 0.6322869955156951 2024-09-01 14:19:44
96 1.3220164775848389 0.6345291479820628 2024-09-01 14:19:52
97 1.2889429330825806 0.6322869955156951 2024-09-01 14:20:00
98 1.2513880729675293 0.695067264573991 2024-09-01 14:20:08
99 1.2079201936721802 0.7107623318385651 2024-09-01 14:20:17
100 1.332391381263733 0.6412556053811659 2024-09-01 14:20:24
101 1.2385423183441162 0.6412556053811659 2024-09-01 14:20:32
102 1.2676163911819458 0.6412556053811659 2024-09-01 14:20:40
103 1.2571561336517334 0.6390134529147982 2024-09-01 14:20:48
104 1.2338544130325317 0.6390134529147982 2024-09-01 14:20:56
105 1.2191858291625977 0.6390134529147982 2024-09-01 14:21:04
106 1.2972519397735596 0.6367713004484304 2024-09-01 14:21:12
107 1.2667341232299805 0.6367713004484304 2024-09-01 14:21:20
108 1.2408781051635742 0.6367713004484304 2024-09-01 14:21:28
109 1.1966155767440796 0.6367713004484304 2024-09-01 14:21:36
110 1.31185781955719 0.6995515695067265 2024-09-01 14:21:44
111 1.286703109741211 0.7040358744394619 2024-09-01 14:21:52
112 1.3120414018630981 0.6345291479820628 2024-09-01 14:22:00
113 1.2615071535110474 0.6345291479820628 2024-09-01 14:22:08
114 1.276333212852478 0.6345291479820628 2024-09-01 14:22:16
115 1.286831021308899 0.6345291479820628 2024-09-01 14:22:24
116 1.220400094985962 0.6345291479820628 2024-09-01 14:22:32
117 1.2151738405227661 0.6345291479820628 2024-09-01 14:22:40
118 1.214756727218628 0.7040358744394619 2024-09-01 14:22:48
119 1.208093285560608 0.7040358744394619 2024-09-01 14:22:56
120 1.2204995155334473 0.6345291479820628 2024-09-01 14:23:04
121 1.1919503211975098 0.6345291479820628 2024-09-01 14:23:12
122 1.322290062904358 0.6345291479820628 2024-09-01 14:23:19
123 1.2215787172317505 0.6345291479820628 2024-09-01 14:23:27
124 1.2064568996429443 0.7040358744394619 2024-09-01 14:23:35
125 1.201292872428894 0.7062780269058296 2024-09-01 14:23:43
126 1.2275424003601074 0.6367713004484304 2024-09-01 14:23:51
127 1.211290955543518 0.6367713004484304 2024-09-01 14:23:59
128 1.3082425594329834 0.6367713004484304 2024-09-01 14:24:07
129 1.2401679754257202 0.6367713004484304 2024-09-01 14:24:15
130 1.1668366193771362 0.6367713004484304 2024-09-01 14:24:23
131 1.2829618453979492 0.6367713004484304 2024-09-01 14:24:32
132 1.2468631267547607 0.6367713004484304 2024-09-01 14:24:40
133 1.2400261163711548 0.6367713004484304 2024-09-01 14:24:48
134 1.2406692504882812 0.6367713004484304 2024-09-01 14:24:56
135 1.2624484300613403 0.6345291479820628 2024-09-01 14:25:04
136 1.2577961683273315 0.6345291479820628 2024-09-01 14:25:11
137 1.1960365772247314 0.6345291479820628 2024-09-01 14:25:19
138 1.192448616027832 0.6367713004484304 2024-09-01 14:25:27
139 1.2235757112503052 0.6367713004484304 2024-09-01 14:25:35
140 1.1357641220092773 0.6390134529147982 2024-09-01 14:25:43
141 1.529118537902832 0.6367713004484304 2024-09-01 14:25:51
142 1.2187139987945557 0.6367713004484304 2024-09-01 14:25:59
143 1.2491611242294312 0.6367713004484304 2024-09-01 14:26:07
144 1.2753514051437378 0.7085201793721974 2024-09-01 14:26:15
145 1.1609755754470825 0.7085201793721974 2024-09-01 14:26:23
146 1.202992558479309 0.6390134529147982 2024-09-01 14:26:31
147 1.2018412351608276 0.6367713004484304 2024-09-01 14:26:39
148 1.1890885829925537 0.6367713004484304 2024-09-01 14:26:47
149 1.1887069940567017 0.6367713004484304 2024-09-01 14:26:55
162
284
1 2.2959673404693604 0.2037037037037037 2024-09-01 14:26:59
2 2.197211265563965 0.2222222222222222 2024-09-01 14:27:00
3 2.080012083053589 0.22839506172839505 2024-09-01 14:27:00
4 2.266552209854126 0.24691358024691357 2024-09-01 14:27:00
5 2.1691360473632812 0.25925925925925924 2024-09-01 14:27:01
6 2.078606605529785 0.2716049382716049 2024-09-01 14:27:01
7 2.0233266353607178 0.2716049382716049 2024-09-01 14:27:02
8 1.916993260383606 0.2962962962962963 2024-09-01 14:27:02
9 2.8343632221221924 0.29012345679012347 2024-09-01 14:27:02
10 2.3007988929748535 0.2654320987654321 2024-09-01 14:27:03
11 1.945673942565918 0.25308641975308643 2024-09-01 14:27:03
12 1.9319301843643188 0.25925925925925924 2024-09-01 14:27:04
13 1.7317075729370117 0.2654320987654321 2024-09-01 14:27:04
14 1.7092726230621338 0.49382716049382713 2024-09-01 14:27:04
15 1.676190733909607 0.3148148148148148 2024-09-01 14:27:05
16 1.6673802137374878 0.3271604938271605 2024-09-01 14:27:05
17 1.6567356586456299 0.35802469135802467 2024-09-01 14:27:06
18 1.9275184869766235 0.32098765432098764 2024-09-01 14:27:06
19 1.6832908391952515 0.3148148148148148 2024-09-01 14:27:06
20 1.6111794710159302 0.2777777777777778 2024-09-01 14:27:07
21 1.6397548913955688 0.2777777777777778 2024-09-01 14:27:07
22 1.7047258615493774 0.2777777777777778 2024-09-01 14:27:07
23 1.6946570873260498 0.2777777777777778 2024-09-01 14:27:08
24 1.6771575212478638 0.2777777777777778 2024-09-01 14:27:08
25 1.754541277885437 0.2777777777777778 2024-09-01 14:27:09
26 1.6087347269058228 0.2777777777777778 2024-09-01 14:27:09
27 1.5759611129760742 0.29012345679012347 2024-09-01 14:27:09
28 1.5814067125320435 0.30246913580246915 2024-09-01 14:27:10
29 1.4600111246109009 0.30864197530864196 2024-09-01 14:27:10
30 1.5317111015319824 0.30864197530864196 2024-09-01 14:27:11
31 1.4980049133300781 0.30246913580246915 2024-09-01 14:27:11
32 1.56939697265625 0.2962962962962963 2024-09-01 14:27:11
33 1.623322606086731 0.30246913580246915 2024-09-01 14:27:12
34 1.5367838144302368 0.41358024691358025 2024-09-01 14:27:12
35 1.5481711626052856 0.43209876543209874 2024-09-01 14:27:13
36 1.5613415241241455 0.42592592592592593 2024-09-01 14:27:13
37 1.5518120527267456 0.4382716049382716 2024-09-01 14:27:13
38 1.3479009866714478 0.4691358024691358 2024-09-01 14:27:14
39 1.4401793479919434 0.47530864197530864 2024-09-01 14:27:14
40 1.5272595882415771 0.4691358024691358 2024-09-01 14:27:14
41 1.455790400505066 0.46296296296296297 2024-09-01 14:27:15
42 1.3949228525161743 0.46296296296296297 2024-09-01 14:27:15
43 1.2951291799545288 0.4506172839506173 2024-09-01 14:27:16
44 1.3610092401504517 0.4444444444444444 2024-09-01 14:27:16
45 1.3836560249328613 0.46296296296296297 2024-09-01 14:27:16
46 1.5855993032455444 0.4506172839506173 2024-09-01 14:27:17
47 1.5201700925827026 0.4567901234567901 2024-09-01 14:27:17
48 1.4416964054107666 0.4691358024691358 2024-09-01 14:27:18
49 1.461399793624878 0.46296296296296297 2024-09-01 14:27:18
50 1.4911818504333496 0.4691358024691358 2024-09-01 14:27:18
51 1.3978759050369263 0.4691358024691358 2024-09-01 14:27:19
52 1.4242196083068848 0.47530864197530864 2024-09-01 14:27:19
53 1.4411982297897339 0.49382716049382713 2024-09-01 14:27:20
54 1.3636034727096558 0.5185185185185185 2024-09-01 14:27:20
55 1.7764713764190674 0.5061728395061729 2024-09-01 14:27:20
56 1.5404330492019653 0.49382716049382713 2024-09-01 14:27:21
57 1.5358054637908936 0.5 2024-09-01 14:27:21
58 1.5119609832763672 0.5061728395061729 2024-09-01 14:27:21
59 1.4261072874069214 0.49382716049382713 2024-09-01 14:27:22
60 1.4152926206588745 0.5 2024-09-01 14:27:22
61 1.3910143375396729 0.49382716049382713 2024-09-01 14:27:23
62 1.5965973138809204 0.4691358024691358 2024-09-01 14:27:23
63 1.4333620071411133 0.4876543209876543 2024-09-01 14:27:23
64 1.4109619855880737 0.49382716049382713 2024-09-01 14:27:24
65 1.5249079465866089 0.48148148148148145 2024-09-01 14:27:24
66 1.2890052795410156 0.5 2024-09-01 14:27:25
67 1.3696774244308472 0.49382716049382713 2024-09-01 14:27:25
68 1.4876347780227661 0.4691358024691358 2024-09-01 14:27:25
69 1.257835865020752 0.49382716049382713 2024-09-01 14:27:26
70 1.4052923917770386 0.5370370370370371 2024-09-01 14:27:26
71 1.4446265697479248 0.5555555555555556 2024-09-01 14:27:27
72 1.3717710971832275 0.37037037037037035 2024-09-01 14:27:27
73 1.2854809761047363 0.5493827160493827 2024-09-01 14:27:27
74 1.3728582859039307 0.5493827160493827 2024-09-01 14:27:28
75 1.3427294492721558 0.5555555555555556 2024-09-01 14:27:28
76 1.3107531070709229 0.5617283950617284 2024-09-01 14:27:28
77 1.2693156003952026 0.5617283950617284 2024-09-01 14:27:29
78 1.3704323768615723 0.5617283950617284 2024-09-01 14:27:29
79 1.3132226467132568 0.5555555555555556 2024-09-01 14:27:30
80 1.4237394332885742 0.5555555555555556 2024-09-01 14:27:30
81 1.284919023513794 0.5555555555555556 2024-09-01 14:27:30
82 1.376633882522583 0.5555555555555556 2024-09-01 14:27:31
83 1.3046773672103882 0.5555555555555556 2024-09-01 14:27:31
84 1.284691333770752 0.5493827160493827 2024-09-01 14:27:32
85 1.3634259700775146 0.5493827160493827 2024-09-01 14:27:32
86 1.378779649734497 0.5617283950617284 2024-09-01 14:27:32
87 1.2912580966949463 0.5679012345679012 2024-09-01 14:27:33
88 1.310918927192688 0.5802469135802469 2024-09-01 14:27:33
89 1.3099255561828613 0.5802469135802469 2024-09-01 14:27:33
90 1.370949387550354 0.5802469135802469 2024-09-01 14:27:34
91 1.2727582454681396 0.5802469135802469 2024-09-01 14:27:34
92 1.350771427154541 0.5802469135802469 2024-09-01 14:27:35
93 1.2824565172195435 0.5802469135802469 2024-09-01 14:27:35
94 1.3300505876541138 0.5987654320987654 2024-09-01 14:27:35
95 1.3336354494094849 0.6111111111111112 2024-09-01 14:27:36
96 1.3118109703063965 0.6111111111111112 2024-09-01 14:27:36
97 1.4063043594360352 0.6049382716049383 2024-09-01 14:27:36
98 1.2892600297927856 0.6049382716049383 2024-09-01 14:27:37
99 1.146454930305481 0.5802469135802469 2024-09-01 14:27:37
100 1.279643177986145 0.5802469135802469 2024-09-01 14:27:38
101 1.2407065629959106 0.5740740740740741 2024-09-01 14:27:38
102 1.3056672811508179 0.5740740740740741 2024-09-01 14:27:38
103 1.2554295063018799 0.5740740740740741 2024-09-01 14:27:39
104 1.1881232261657715 0.5740740740740741 2024-09-01 14:27:39
105 1.2610951662063599 0.5617283950617284 2024-09-01 14:27:40
106 1.285828709602356 0.5555555555555556 2024-09-01 14:27:40
107 1.237612009048462 0.5555555555555556 2024-09-01 14:27:40
108 1.266321063041687 0.5802469135802469 2024-09-01 14:27:41
109 1.3742953538894653 0.5864197530864198 2024-09-01 14:27:41
110 1.250813364982605 0.5987654320987654 2024-09-01 14:27:42
111 1.3208943605422974 0.5925925925925926 2024-09-01 14:27:42
112 1.2389605045318604 0.5864197530864198 2024-09-01 14:27:42
113 1.2361085414886475 0.5864197530864198 2024-09-01 14:27:43
114 1.2965195178985596 0.5925925925925926 2024-09-01 14:27:43
115 1.2218115329742432 0.5740740740740741 2024-09-01 14:27:43
116 24.715450286865234 0.5925925925925926 2024-09-01 14:27:44
117 1.529160499572754 0.5925925925925926 2024-09-01 14:27:44
118 1.3616002798080444 0.5864197530864198 2024-09-01 14:27:45
119 1.2790910005569458 0.5802469135802469 2024-09-01 14:27:45
120 1.401362657546997 0.5802469135802469 2024-09-01 14:27:45
121 1.1930127143859863 0.5925925925925926 2024-09-01 14:27:46
122 1.188773274421692 0.5864197530864198 2024-09-01 14:27:46
123 1.1806408166885376 0.5802469135802469 2024-09-01 14:27:46
124 1.1596697568893433 0.5864197530864198 2024-09-01 14:27:47
125 1.1889677047729492 0.5864197530864198 2024-09-01 14:27:47
126 1.153425931930542 0.5864197530864198 2024-09-01 14:27:48
127 1.1403701305389404 0.5925925925925926 2024-09-01 14:27:48
128 1.210816502571106 0.5925925925925926 2024-09-01 14:27:48
129 1.2043602466583252 0.5925925925925926 2024-09-01 14:27:49
130 1.271331548690796 0.5925925925925926 2024-09-01 14:27:49
131 1.3263587951660156 0.6049382716049383 2024-09-01 14:27:50
132 1.214379072189331 0.6172839506172839 2024-09-01 14:27:50
133 1.2031958103179932 0.6296296296296297 2024-09-01 14:27:50
134 1.3087860345840454 0.6419753086419753 2024-09-01 14:27:51
135 1.250447392463684 0.5925925925925926 2024-09-01 14:27:51
136 1.1719774007797241 0.5864197530864198 2024-09-01 14:27:52
137 1.1681177616119385 0.5555555555555556 2024-09-01 14:27:52
138 1.2287877798080444 0.5555555555555556 2024-09-01 14:27:52
139 1.236180067062378 0.5555555555555556 2024-09-01 14:27:53
140 1.158801794052124 0.5555555555555556 2024-09-01 14:27:53
141 1.1656986474990845 0.5555555555555556 2024-09-01 14:27:53
142 1.2691360712051392 0.5555555555555556 2024-09-01 14:27:54
143 1.2304871082305908 0.5555555555555556 2024-09-01 14:27:54
144 1.1412571668624878 0.5555555555555556 2024-09-01 14:27:55
145 1.1877851486206055 0.5679012345679012 2024-09-01 14:27:55
146 1.19644033908844 0.5987654320987654 2024-09-01 14:27:55
147 1.2032471895217896 0.5617283950617284 2024-09-01 14:27:56
148 1.2629224061965942 0.5925925925925926 2024-09-01 14:27:56
149 1.0999735593795776 0.5802469135802469 2024-09-01 14:27:57
68
94
1 1.5869636535644531 0.4852941176470588 2024-09-01 14:27:57
2 1.3851096630096436 0.5441176470588235 2024-09-01 14:27:57
3 1.46843421459198 0.5588235294117647 2024-09-01 14:27:57
4 1.323563575744629 0.5588235294117647 2024-09-01 14:27:57
5 1.244951605796814 0.5735294117647058 2024-09-01 14:27:58
6 1.2700302600860596 0.6470588235294118 2024-09-01 14:27:58
7 1.2127701044082642 0.6617647058823529 2024-09-01 14:27:58
8 1.0676844120025635 0.6911764705882353 2024-09-01 14:27:58
9 1.143080472946167 0.6911764705882353 2024-09-01 14:27:58
10 1.2189741134643555 0.6617647058823529 2024-09-01 14:27:58
11 1.1683349609375 0.6617647058823529 2024-09-01 14:27:59
12 1.363468885421753 0.6617647058823529 2024-09-01 14:27:59
13 1.3897429704666138 0.6617647058823529 2024-09-01 14:27:59
14 1.2264673709869385 0.6617647058823529 2024-09-01 14:27:59
15 1.028878092765808 0.6764705882352942 2024-09-01 14:27:59
16 1.1648648977279663 0.6764705882352942 2024-09-01 14:27:59
17 1.1182843446731567 0.6911764705882353 2024-09-01 14:28:00
18 1.119634985923767 0.6911764705882353 2024-09-01 14:28:00
19 1.1262446641921997 0.75 2024-09-01 14:28:00
20 1.3642264604568481 0.75 2024-09-01 14:28:00
21 1.156433343887329 0.75 2024-09-01 14:28:00
22 1.0227771997451782 0.75 2024-09-01 14:28:00
23 1.102778673171997 0.7647058823529411 2024-09-01 14:28:01
24 0.9593763947486877 0.7647058823529411 2024-09-01 14:28:01
16
52
1 2.5489888191223145 0.0625 2024-09-01 14:28:01
2 2.2442898750305176 0.1875 2024-09-01 14:28:01
3 1.7905542850494385 0.25 2024-09-01 14:28:01
4 1.735567331314087 0.4375 2024-09-01 14:28:01
5 2.136542558670044 0.4375 2024-09-01 14:28:01
6 1.6902943849563599 0.4375 2024-09-01 14:28:01
7 2.0108859539031982 0.5 2024-09-01 14:28:01
8 1.7048183679580688 0.5 2024-09-01 14:28:01
9 1.54398775100708 0.5 2024-09-01 14:28:02
10 1.627943992614746 0.5 2024-09-01 14:28:02
11 2.1026172637939453 0.4375 2024-09-01 14:28:02
12 1.3142269849777222 0.4375 2024-09-01 14:28:02
13 1.378092885017395 0.4375 2024-09-01 14:28:02
14 1.5045095682144165 0.4375 2024-09-01 14:28:02
15 1.6559886932373047 0.5 2024-09-01 14:28:02
16 1.2501109838485718 0.625 2024-09-01 14:28:02
17 1.332289457321167 0.625 2024-09-01 14:28:02
18 1.5695171356201172 0.625 2024-09-01 14:28:02
19 1.565377950668335 0.6875 2024-09-01 14:28:02
20 1.2285034656524658 0.6875 2024-09-01 14:28:02
21 1.358931541442871 0.6875 2024-09-01 14:28:02
22 1.2614147663116455 0.75 2024-09-01 14:28:02
23 1.2116974592208862 0.75 2024-09-01 14:28:02
24 1.13703453540802 0.75 2024-09-01 14:28:03
25 1.2087006568908691 0.6875 2024-09-01 14:28:03
26 0.8971623182296753 0.6875 2024-09-01 14:28:03
5
11
1 1.7980684041976929 0.2 2024-09-01 14:28:03
2 1.7849277257919312 0.4 2024-09-01 14:28:03
3 1.7233574390411377 0.6 2024-09-01 14:28:03
4 1.6893184185028076 0.6 2024-09-01 14:28:03
5 1.5003528594970703 0.6 2024-09-01 14:28:03
6 1.4002156257629395 0.6 2024-09-01 14:28:03
7 1.4378353357315063 0.6 2024-09-01 14:28:03
8 1.2235965728759766 0.6 2024-09-01 14:28:03
9 1.1872369050979614 0.6 2024-09-01 14:28:03
10 18.72525405883789 0.6 2024-09-01 14:28:03
11 19.04199981689453 0.6 2024-09-01 14:28:03
12 3.222957134246826 0.6 2024-09-01 14:28:04
13 1.2516471147537231 0.6 2024-09-01 14:28:04
14 1.2348512411117554 0.6 2024-09-01 14:28:04
15 1.2159783840179443 0.6 2024-09-01 14:28:04
16 1.1992294788360596 0.6 2024-09-01 14:28:04
17 0.9747955203056335 0.6 2024-09-01 14:28:04
2
3
1 2.1309709548950195 0.0 2024-09-01 14:28:04
2 2.0872504711151123 0.0 2024-09-01 14:28:04
3 2.0382587909698486 0.0 2024-09-01 14:28:04
4 1.9871482849121094 0.0 2024-09-01 14:28:04
5 1.932931900024414 0.0 2024-09-01 14:28:04
6 1.8763564825057983 0.0 2024-09-01 14:28:04
7 1.8181555271148682 0.0 2024-09-01 14:28:04
8 1.7596676349639893 0.0 2024-09-01 14:28:04
9 1.6984584331512451 0.0 2024-09-01 14:28:04
10 1.6394176483154297 0.0 2024-09-01 14:28:04
11 1.5798925161361694 1.0 2024-09-01 14:28:04
12 1.5226351022720337 1.0 2024-09-01 14:28:04
13 1.4636192321777344 1.0 2024-09-01 14:28:04
14 1.4064927101135254 1.0 2024-09-01 14:28:05
15 1.3507366180419922 1.0 2024-09-01 14:28:05
16 1.2956968545913696 1.0 2024-09-01 14:28:05
17 1.2428569793701172 1.0 2024-09-01 14:28:05
18 1.1918537616729736 1.0 2024-09-01 14:28:05
19 1.1433008909225464 1.0 2024-09-01 14:28:05
20 1.0953032970428467 1.0 2024-09-01 14:28:05
21 1.0483205318450928 1.0 2024-09-01 14:28:05
22 1.0049779415130615 1.0 2024-09-01 14:28:05
23 0.9623936414718628 1.0 2024-09-01 14:28:05
0
2
Finish training graph 0 2024-09-01 14:28:05
Start validating 2024-09-01 14:28:05
../graphchi-cpp-master/graph_data/darpatc/trace_test.txt 2024-09-01 14:28:05
Data(edge_index=[2, 3405646], test_mask=[1211448], train_mask=[1211448], x=[1211448, 46], y=[1211448])
validating in model  0
fp and fn:  564854 646594
Precision:  0.11989132330072555
Recall:  0.9999999999999984
validating in model  1
fp and fn:  191485 373369
Precision:  0.3539859735756874
Recall:  0.9999999999999984
validating in model  2
fp and fn:  110120 81365
Precision:  0.6167610958051489
Recall:  0.9999999999999984
validating in model  3
fp and fn:  82987 27133
Precision:  0.8178739622275079
Recall:  0.9999999999999984
Resource usage: resource.struct_rusage(ru_utime=22003.836404, ru_stime=1526.041376, ru_maxrss=3134980, ru_ixrss=0, ru_idrss=0, ru_isrss=0, ru_minflt=20355470, ru_majflt=434, ru_nswap=0, ru_inblock=1881120, ru_oublock=798272, ru_msgsnd=0, ru_msgrcv=0, ru_nsignals=0, ru_nvcsw=15839515, ru_nivcsw=10655266) 2024-09-01 14:45:00
