Thu 29 Aug 2024 04:51:59 IDT

SLURM_JOBID:		 969639
SLURM_JOB_NODELIST:	 ise-cpu-intl-18 


executing python ./train_darpatc.py --scene cadets
rm: cannot remove 'result_*': No such file or directory
Start training graph 0 2024-08-29 04:52:10
Data(edge_index=[2, 4347080], test_mask=[362645], train_mask=[362645], x=[362645, 56], y=[362645])
feature  56 ; label  6
1 234.93397338795762 0.8537660797749865 2024-08-29 04:53:08
2 49.96522575736574 0.8643328875346413 2024-08-29 04:53:44
3 26.88499874214251 0.9085248659157027 2024-08-29 04:54:19
4 22.81210588220299 0.9143515007789987 2024-08-29 04:54:56
5 16.036195163024722 0.9093852114326683 2024-08-29 04:55:35
6 12.524945159374859 0.9092335479601263 2024-08-29 04:56:15
7 8.817159859556462 0.9126197796743372 2024-08-29 04:56:54
8 5.906211719415112 0.8091963214714114 2024-08-29 04:57:34
9 3.1257251313991405 0.9163010657805843 2024-08-29 04:58:13
10 3.584530436576319 0.8695638985784996 2024-08-29 04:58:53
11 9.050409059651324 0.9141805346826787 2024-08-29 04:59:31
12 7.08794555051128 0.9181293000041363 2024-08-29 05:00:10
13 4.8963964048607 0.9182313281583918 2024-08-29 05:00:49
14 5.6507667983038 0.7637910353100139 2024-08-29 05:01:28
15 3.1403043241758835 0.7530284437948959 2024-08-29 05:02:08
16 3.2872308324256383 0.7532545602448676 2024-08-29 05:02:48
17 1.7244605686419059 0.752096402818183 2024-08-29 05:03:29
18 1.7793437302088746 0.7457237794537358 2024-08-29 05:04:10
19 1.3214851275293291 0.7517792882846861 2024-08-29 05:04:50
20 3.3087614718607616 0.7518096209791946 2024-08-29 05:05:30
21 3.1232554792476876 0.7509713356036896 2024-08-29 05:06:11
22 2.169799053592055 0.7470639330474707 2024-08-29 05:06:50
23 1.4638995344063002 0.74704187290601 2024-08-29 05:07:30
24 0.848130328813128 0.7467302734078782 2024-08-29 05:08:10
25 0.8578107294699507 0.07875194749686332 2024-08-29 05:08:51
26 0.8097222920064292 0.7744571137062416 2024-08-29 05:09:30
27 0.7490693352246736 0.7762329550938245 2024-08-29 05:10:10
28 0.7478147557596703 0.7736077982600064 2024-08-29 05:10:50
29 0.7324056262720405 0.7758275999944849 2024-08-29 05:11:30
81295
281350
1 1.9591222269830246 0.04573467002890707 2024-08-29 05:12:40
2 1.6715668286555176 0.01912786764253644 2024-08-29 05:13:01
3 1.3758843539715606 0.07288271111384464 2024-08-29 05:13:23
4 1.2305512172840452 0.7480041822990344 2024-08-29 05:13:44
5 1.1814297740988364 0.7894704471369703 2024-08-29 05:14:05
6 1.1781249563957508 0.777723107202165 2024-08-29 05:14:26
7 1.0069564634806791 0.7777354080816778 2024-08-29 05:14:47
8 0.9479223325013659 0.777612399286549 2024-08-29 05:15:08
18079
63216
1 2.7650332535926703 0.0 2024-08-29 05:15:38
2 2.6484526858484596 0.00016593838154765198 2024-08-29 05:15:52
3 2.4482339633316244 0.0026550141047624316 2024-08-29 05:16:05
4 2.2959348929258723 0.0053653410033740806 2024-08-29 05:16:19
5 2.1415869599389876 0.15880303114110295 2024-08-29 05:16:33
6 2.0212229731415374 0.22943746888655345 2024-08-29 05:16:47
7 1.9855519664637697 0.30422036617069526 2024-08-29 05:17:00
8 1.7924107590425369 0.3146744842081974 2024-08-29 05:17:14
9 1.75945666580906 0.32711986282427125 2024-08-29 05:17:28
10 1.6667273504635527 0.32452016151335805 2024-08-29 05:17:41
11 1.6669763326117393 0.32075889153161125 2024-08-29 05:17:55
12 1.6516536192738631 0.3329277061784391 2024-08-29 05:18:09
13 1.5809471573711753 0.3365230377786382 2024-08-29 05:18:23
14 1.5668392621730372 0.3384589855633608 2024-08-29 05:18:36
15 1.5345926836888817 0.33829304718181313 2024-08-29 05:18:50
16 1.4957081655781053 0.34564964876375903 2024-08-29 05:19:04
17 1.4622392830539312 0.3433265114220919 2024-08-29 05:19:18
18 1.4130629561987789 0.3422755683389568 2024-08-29 05:19:31
19 1.3771304658994428 0.33320427014768517 2024-08-29 05:19:45
20 1.396181759709535 0.33054925604292273 2024-08-29 05:19:59
21 1.3997944210923294 0.33165551191990705 2024-08-29 05:20:13
22 1.386091996732094 0.31268322362962553 2024-08-29 05:20:26
23 1.3569271243563452 0.3132363515681177 2024-08-29 05:20:40
24 1.3531077443330226 0.30493943249073513 2024-08-29 05:20:54
25 1.3503367381454852 0.3017866032413297 2024-08-29 05:21:07
26 1.309030568278583 0.30493943249073513 2024-08-29 05:21:21
27 1.3498505262471623 0.307207257038553 2024-08-29 05:21:35
28 1.3261169550119363 0.3288898722274462 2024-08-29 05:21:49
29 1.3235441615039634 0.3261795453288346 2024-08-29 05:22:02
30 1.326438048981916 0.31412135626970517 2024-08-29 05:22:16
31 1.3237544728351434 0.31301510039272085 2024-08-29 05:22:30
32 1.3160428245468896 0.31583605287903094 2024-08-29 05:22:43
33 1.3257062066095224 0.3282261187012556 2024-08-29 05:22:57
34 1.3159918400215176 0.3370761657171304 2024-08-29 05:23:11
35 1.296640351834211 0.32579235577189003 2024-08-29 05:23:25
36 1.2967240305902736 0.31362354112506224 2024-08-29 05:23:38
37 1.2691552824359253 0.3182145030145473 2024-08-29 05:23:52
38 1.2773636712774226 0.31843575418994413 2024-08-29 05:24:06
39 1.2820832470862684 0.31716355993141215 2024-08-29 05:24:19
40 1.2511048146110237 0.3169976215498645 2024-08-29 05:24:33
41 1.2555535173671977 0.3193207588915316 2024-08-29 05:24:47
42 1.2636050998495312 0.31854637977764255 2024-08-29 05:25:01
43 1.243865206030738 0.3171082471375629 2024-08-29 05:25:15
44 1.2609080142089701 0.3164998064052215 2024-08-29 05:25:28
45 1.2319092362306439 0.3161679296421262 2024-08-29 05:25:42
46 1.2876734444047835 0.3167763703744676 2024-08-29 05:25:56
47 1.229689585594841 0.317384811106809 2024-08-29 05:26:10
48 1.267491487764641 0.33884617512030535 2024-08-29 05:26:23
49 1.2768068623045614 0.3387908623264561 2024-08-29 05:26:37
50 1.256974668957516 0.34033962055423417 2024-08-29 05:26:51
51 1.2460674796657518 0.31882294374688863 2024-08-29 05:27:05
52 1.5384666416469523 0.31882294374688863 2024-08-29 05:27:19
53 1.273816011840708 0.32319265446097684 2024-08-29 05:27:33
54 1.2499510539607326 0.3443221417113778 2024-08-29 05:27:46
55 1.2472563255966695 0.3424968195143537 2024-08-29 05:28:00
56 1.2299965706419658 0.33989711820344043 2024-08-29 05:28:14
57 1.2279152943567204 0.3189335693345871 2024-08-29 05:28:28
58 1.2189605335422016 0.31849106698379337 2024-08-29 05:28:42
59 1.2190461125255942 0.3183804413960949 2024-08-29 05:28:55
60 1.2127443731566354 0.322473588140937 2024-08-29 05:29:09
61 1.2193781692928047 0.3243542231318104 2024-08-29 05:29:23
62 1.1960887502230033 0.32429891033796115 2024-08-29 05:29:36
63 1.207841892653621 0.32380109519331823 2024-08-29 05:29:50
64 1.2142770155663445 0.3234692184302229 2024-08-29 05:30:04
65 1.1928377905622034 0.3246307871010565 2024-08-29 05:30:17
66 1.2189128900617419 0.32429891033796115 2024-08-29 05:30:31
67 1.2187516857508347 0.323745782399469 2024-08-29 05:30:45
68 1.1928423413911735 0.3231373416671276 2024-08-29 05:30:59
69 1.204660093311557 0.32330328004867526 2024-08-29 05:31:12
70 1.1707553215289024 0.323247967254826 2024-08-29 05:31:26
71 1.2238374941314347 0.32369046960561976 2024-08-29 05:31:40
72 1.18462386114934 0.32418828475026273 2024-08-29 05:31:54
73 1.206384795793054 0.3218651474085956 2024-08-29 05:32:08
74 1.1851647823176965 0.32319265446097684 2024-08-29 05:32:22
75 1.2113064922348273 0.3228607776978815 2024-08-29 05:32:35
76 1.217532062874714 0.3285026826705017 2024-08-29 05:32:49
77 1.1847447155389554 0.3521212456441175 2024-08-29 05:33:03
78 1.2156102593687956 0.328834559433597 2024-08-29 05:33:17
79 1.170181687350716 0.32612423253498535 2024-08-29 05:33:30
80 1.1961266386066498 0.3255711045964932 2024-08-29 05:33:44
81 1.1974314336089924 0.3249626638641518 2024-08-29 05:33:58
82 1.1905799641520307 0.32457547430720723 2024-08-29 05:34:12
83 1.178194124697716 0.3212567066762542 2024-08-29 05:34:25
84 1.180527843174348 0.32418828475026273 2024-08-29 05:34:39
85 1.1803979468336412 0.32673267326732675 2024-08-29 05:34:53
86 1.181674292745748 0.3269539244427236 2024-08-29 05:35:07
87 1.1702657415708733 0.326290170916533 2024-08-29 05:35:21
88 1.211076898301582 0.3227501521101831 2024-08-29 05:35:34
89 1.207629040013017 0.3269539244427236 2024-08-29 05:35:48
90 1.1759488008620893 0.32551579180264395 2024-08-29 05:36:02
91 1.201922001726062 0.32330328004867526 2024-08-29 05:36:16
92 1.19063220023977 0.32037170197466674 2024-08-29 05:36:29
93 1.197894252964047 0.3132916643619669 2024-08-29 05:36:43
94 1.2105585739764104 0.34852591404391836 2024-08-29 05:36:57
95 1.1666365433295773 0.3483599756623707 2024-08-29 05:37:11
96 1.1676514222562706 0.3496874827147519 2024-08-29 05:37:22
97 1.1659797031245498 0.3509596769732839 2024-08-29 05:37:32
98 1.1460837523384269 0.35173405608717295 2024-08-29 05:37:41
99 1.1855052421496395 0.3485812268377676 2024-08-29 05:37:50
100 1.1869563076426097 0.3358592842524476 2024-08-29 05:38:00
101 1.1959188960546598 0.33519553072625696 2024-08-29 05:38:09
102 1.1964494280730988 0.33740804248022566 2024-08-29 05:38:18
103 1.190603053835524 0.34753028375463246 2024-08-29 05:38:27
104 1.1629108975198563 0.3480280988992754 2024-08-29 05:38:37
105 1.1554674846328552 0.34681121743459264 2024-08-29 05:38:46
106 1.156435990789848 0.34813872448697386 2024-08-29 05:38:55
107 1.1530141277686177 0.34697715581614025 2024-08-29 05:39:04
108 1.1798230371180345 0.35516344930582444 2024-08-29 05:39:13
109 1.145814196614672 0.3429946346589966 2024-08-29 05:39:22
110 1.1402187858959025 0.3432158858343935 2024-08-29 05:39:32
111 1.1405347266142607 0.35101498976713313 2024-08-29 05:39:41
112 1.160761791557672 0.37302948171912165 2024-08-29 05:39:50
113 1.1723981915048296 0.3892361303169423 2024-08-29 05:39:59
114 1.131312370333262 0.4213728635433376 2024-08-29 05:40:08
115 1.1126294946029616 0.42070911001714695 2024-08-29 05:40:17
116 1.1376865878688847 0.4207644228109962 2024-08-29 05:40:26
117 1.1215020753395848 0.42043254604790087 2024-08-29 05:40:36
118 1.1241325053224998 0.42767852204214835 2024-08-29 05:40:45
119 1.1093893417498926 0.42618507660821947 2024-08-29 05:40:54
120 1.139558429277288 0.43232479672548263 2024-08-29 05:41:03
121 1.1543033829937532 0.4250235079373859 2024-08-29 05:41:12
122 1.1279422701100768 0.42386193926655236 2024-08-29 05:41:22
123 1.1302025834703955 0.44526799048619947 2024-08-29 05:41:31
124 1.1118381315314458 0.469329055810609 2024-08-29 05:41:40
125 1.1251149968081815 0.4269594557221085 2024-08-29 05:41:49
126 1.1013240460715428 0.4215941147187344 2024-08-29 05:41:59
127 1.1309751958945689 0.41639471209690804 2024-08-29 05:42:08
128 1.146373772154314 0.3777310691963051 2024-08-29 05:42:17
129 1.1283394832831053 0.3943802201449195 2024-08-29 05:42:27
130 1.1063659166075157 0.3961502295480945 2024-08-29 05:42:36
131 1.10698544108714 0.3962608551357929 2024-08-29 05:42:45
132 1.1122909532302023 0.39681398307428506 2024-08-29 05:42:55
133 1.1240684498173386 0.40328557995464354 2024-08-29 05:43:04
134 1.1023874612197166 0.4125228165274628 2024-08-29 05:43:13
135 1.092462294640692 0.4164500248907572 2024-08-29 05:43:23
136 1.1285432261883654 0.4217047403064329 2024-08-29 05:43:32
137 1.1187896396385977 0.4239725648542508 2024-08-29 05:43:41
138 1.1083176562174066 0.42253443221417114 2024-08-29 05:43:51
139 1.0880243865662533 0.4205984844294485 2024-08-29 05:44:00
140 1.1231344182760725 0.421483489131036 2024-08-29 05:44:09
141 1.1025714801340163 0.4208197356048454 2024-08-29 05:44:18
142 1.0883780501573128 0.4215941147187344 2024-08-29 05:44:28
143 1.0944956103892538 0.40754466508103326 2024-08-29 05:44:37
144 1.0839534016650918 0.3970905470435312 2024-08-29 05:44:46
145 1.0796286199293184 0.39681398307428506 2024-08-29 05:44:55
146 1.0996174486912922 0.3961502295480945 2024-08-29 05:45:05
147 1.0771605600211676 0.39996681232369047 2024-08-29 05:45:14
148 1.0961523183554343 0.392720836329443 2024-08-29 05:45:23
149 1.07248603259774 0.3930527130925383 2024-08-29 05:45:32
10973
7106
1 1.354656662272199 0.037728971110908595 2024-08-29 05:45:46
2 1.3674067464487973 0.040371821744281416 2024-08-29 05:45:55
3 1.2594883247353066 0.05714025334912968 2024-08-29 05:46:05
4 1.218713716366423 0.1681399799507883 2024-08-29 05:46:16
5 1.2625146327170398 0.27777271484552996 2024-08-29 05:46:29
6 1.1858528618889477 0.3784744372550807 2024-08-29 05:46:42
7 1.21111176563224 0.3785655700355418 2024-08-29 05:46:55
8 1.198274013468792 0.3848537318873599 2024-08-29 05:47:08
9 1.1562001833254751 0.3874965825207327 2024-08-29 05:47:21
10 1.1598478601850786 0.3877699808621161 2024-08-29 05:47:33
11 1.2185423946050353 0.3905039642759501 2024-08-29 05:47:46
12 1.1663132950610606 0.38758771530119385 2024-08-29 05:47:59
13 1.148374584763441 0.36835869862389503 2024-08-29 05:48:12
14 1.1628175146173652 0.366991706916978 2024-08-29 05:48:24
15 1.149832732184457 0.3678119019411282 2024-08-29 05:48:37
16 1.2037740837611854 0.36453112184452746 2024-08-29 05:48:50
17 1.1347797961088602 0.3864029891551991 2024-08-29 05:49:04
18 1.1370285113790157 0.37136608037911234 2024-08-29 05:49:18
19 1.1148386658634015 0.3664449102342112 2024-08-29 05:49:31
20 1.131766518322802 0.369725690330812 2024-08-29 05:49:45
21 1.1317705998042218 0.3700902214526565 2024-08-29 05:49:59
22 1.122991484669232 0.3700902214526565 2024-08-29 05:50:14
23 1.1206315179081046 0.3751025243780188 2024-08-29 05:50:27
24 1.1092128649586197 0.37136608037911234 2024-08-29 05:50:41
25 1.1186611128518262 0.36963455755035085 2024-08-29 05:50:51
26 1.1959879428982072 0.36872322974573957 2024-08-29 05:51:03
27 1.1800534962890772 0.3661715118928279 2024-08-29 05:51:17
28 1.1175777147323163 0.3661715118928279 2024-08-29 05:51:31
29 1.1064550812629215 0.3661715118928279 2024-08-29 05:51:45
30 1.1064144634759427 0.3661715118928279 2024-08-29 05:52:00
31 1.1012547240808714 0.3661715118928279 2024-08-29 05:52:14
32 1.1131212809869566 0.366262644673289 2024-08-29 05:52:29
33 1.1016026819935365 0.36790303472158936 2024-08-29 05:52:39
34 1.096193380661327 0.36790303472158936 2024-08-29 05:52:53
35 1.098494586216266 0.3685409641848173 2024-08-29 05:53:07
36 1.099768029212691 0.3682675658434339 2024-08-29 05:53:21
37 1.0933432020420126 0.366262644673289 2024-08-29 05:53:36
38 1.101441436268883 0.36735623803882256 2024-08-29 05:53:49
39 1.0995437644037065 0.37100154925726786 2024-08-29 05:54:03
40 1.167366400386863 0.3711838148181901 2024-08-29 05:54:17
41 1.1382799317275534 0.37127494759865126 2024-08-29 05:54:30
42 1.1095463189910997 0.37136608037911234 2024-08-29 05:54:44
43 1.1599704988302837 0.3736443998906407 2024-08-29 05:54:57
44 1.1678854497033309 0.37455572769525197 2024-08-29 05:55:07
45 1.090746730373191 0.37446459491479084 2024-08-29 05:55:18
46 1.1626493589691007 0.3886813086667274 2024-08-29 05:55:28
47 1.0878335057054105 0.38886357422764967 2024-08-29 05:55:39
48 1.1526911262065311 0.38886357422764967 2024-08-29 05:55:48
49 1.152687161077202 0.38913697256903307 2024-08-29 05:55:57
50 1.1181446401203579 0.37455572769525197 2024-08-29 05:56:06
51 1.0914107938522433 0.3751936571584799 2024-08-29 05:56:15
52 1.0849595379614303 0.3963364622254625 2024-08-29 05:56:24
53 1.1057792900580494 0.3948783377380844 2024-08-29 05:56:33
54 1.0943355069472906 0.3917798232024059 2024-08-29 05:56:44
55 1.1095615617342203 0.376651781645858 2024-08-29 05:56:53
56 1.0825940995775643 0.3751936571584799 2024-08-29 05:57:02
57 1.084125788114265 0.37610498496309125 2024-08-29 05:57:10
58 1.1097679476919184 0.3760138521826301 2024-08-29 05:57:19
59 1.0971338533175348 0.3784744372550807 2024-08-29 05:57:28
60 1.0809759652181126 0.3954251344208512 2024-08-29 05:57:37
61 1.093803144626779 0.39533400164039006 2024-08-29 05:57:45
62 1.089039275903249 0.3928734165679395 2024-08-29 05:57:54
63 1.0843580079189485 0.394604939396701 2024-08-29 05:58:03
64 1.0803265757475122 0.37583158662170785 2024-08-29 05:58:12
65 1.0852464203476895 0.37765424223093047 2024-08-29 05:58:20
66 1.1033818196937486 0.37528478993894104 2024-08-29 05:58:29
67 1.0886871051214717 0.3937847443725508 2024-08-29 05:58:38
68 1.1036837169099156 0.39396700993347306 2024-08-29 05:58:47
69 1.0989991791494063 0.37628725052401346 2024-08-29 05:58:55
70 1.0750803829684337 0.3769251799872414 2024-08-29 05:59:04
71 1.0762970139549455 0.38038822564476443 2024-08-29 05:59:13
72 1.1346749789210946 0.3805704912056867 2024-08-29 05:59:22
73 1.0838028937238706 0.38066162398614783 2024-08-29 05:59:30
74 1.0856453629317024 0.38047935842522557 2024-08-29 05:59:39
75 1.0778238781493852 0.37683404720678026 2024-08-29 05:59:48
76 1.0851809959799243 0.37683404720678026 2024-08-29 05:59:57
77 1.0845899289019136 0.3623439351134603 2024-08-29 06:00:05
78 1.0775007417118778 0.3634375284789939 2024-08-29 06:00:14
79 1.1000971624543345 0.3751936571584799 2024-08-29 06:00:23
80 1.0798121378956937 0.37710744554816367 2024-08-29 06:00:31
81 1.076093204929891 0.3805704912056867 2024-08-29 06:00:40
82 1.0887109320306914 0.38066162398614783 2024-08-29 06:00:49
83 1.0591650052828048 0.3815729517907591 2024-08-29 06:00:57
84 1.0671551532301247 0.37965916340107536 2024-08-29 06:01:06
85 1.1460454613880202 0.3812995534493757 2024-08-29 06:01:15
86 1.1315435323004277 0.38047935842522557 2024-08-29 06:01:24
87 1.0727689367564779 0.37993256174245876 2024-08-29 06:01:32
88 1.0659824773366413 0.35933655335824294 2024-08-29 06:01:41
89 1.0696014567189802 0.36298186457668824 2024-08-29 06:01:50
90 1.0678215381560956 0.3641665907226829 2024-08-29 06:01:59
91 1.0847317472386793 0.36453112184452746 2024-08-29 06:02:08
92 1.0742134869745064 0.3644399890640663 2024-08-29 06:02:16
93 1.0789827274491812 0.3611592089674656 2024-08-29 06:02:25
94 1.1407387173839594 0.39424040827485646 2024-08-29 06:02:34
95 1.0800548285520208 0.3815729517907591 2024-08-29 06:02:43
96 1.1038145882640316 0.38166408457122025 2024-08-29 06:02:51
97 1.0689412183121931 0.3864029891551991 2024-08-29 06:03:00
98 1.1298842610563693 0.3866763874965825 2024-08-29 06:03:09
99 1.0740398966624027 0.3643488562836052 2024-08-29 06:03:18
100 1.0736020688946306 0.3640754579422218 2024-08-29 06:03:26
101 1.0760319024137015 0.3640754579422218 2024-08-29 06:03:35
102 1.0733669506735433 0.3607946778456211 2024-08-29 06:03:44
103 1.057606153171803 0.36043014672377655 2024-08-29 06:03:53
104 1.0899605628058544 0.3631641301376105 2024-08-29 06:04:01
105 1.139410077585818 0.3636197940399162 2024-08-29 06:04:10
106 1.076966176491041 0.38139068622983685 2024-08-29 06:04:19
107 1.0708265820490808 0.3812084206689146 2024-08-29 06:04:28
108 1.0683477461788895 0.362799599015766 2024-08-29 06:04:36
109 1.065500080471409 0.3637109268203773 2024-08-29 06:04:45
110 1.0770220293186534 0.36352866125945504 2024-08-29 06:04:54
111 1.0854192305901835 0.3631641301376105 2024-08-29 06:05:03
112 1.0632057900330127 0.35960995169962634 2024-08-29 06:05:11
113 1.0564592984797558 0.37810990613323614 2024-08-29 06:05:20
114 1.0664632274558505 0.37792764057231387 2024-08-29 06:05:29
115 1.1200089392292243 0.3630729973571494 2024-08-29 06:05:37
116 1.0903860957209919 0.3630729973571494 2024-08-29 06:05:46
117 1.06507719169284 0.3631641301376105 2024-08-29 06:05:55
118 1.130446929424515 0.3634375284789939 2024-08-29 06:06:04
119 1.1260874593941241 0.36352866125945504 2024-08-29 06:06:12
120 1.0643445866529242 0.3638931923812996 2024-08-29 06:06:21
121 1.0598805473918285 0.36453112184452746 2024-08-29 06:06:30
122 1.125912991824194 0.3615237400893101 2024-08-29 06:06:39
123 1.0593557620367922 0.3646222546249886 2024-08-29 06:06:47
124 1.0716797091364916 0.36453112184452746 2024-08-29 06:06:56
125 1.1262088956909369 0.36453112184452746 2024-08-29 06:07:05
126 1.0735287984849586 0.3643488562836052 2024-08-29 06:07:14
127 1.113307219775777 0.3641665907226829 2024-08-29 06:07:22
128 1.063682949587541 0.3823931468149093 2024-08-29 06:07:31
129 1.0650101609166163 0.382848810717215 2024-08-29 06:07:40
130 1.0632080357370017 0.36553358242959993 2024-08-29 06:07:49
131 1.0632565872482145 0.3641665907226829 2024-08-29 06:07:57
132 1.0667953340746283 0.3620705367720769 2024-08-29 06:08:06
133 1.1233006404198629 0.3643488562836052 2024-08-29 06:08:15
134 1.0600228267479517 0.36453112184452746 2024-08-29 06:08:24
135 1.0621076683331936 0.36453112184452746 2024-08-29 06:08:32
136 1.060449875423383 0.3792034994987697 2024-08-29 06:08:41
137 1.0633434776750095 0.36070354506515995 2024-08-29 06:08:50
138 1.055831082808247 0.3643488562836052 2024-08-29 06:08:59
139 1.0690176199076333 0.36908776086758405 2024-08-29 06:09:07
140 1.0680434437010158 0.36425772350314406 2024-08-29 06:09:16
141 1.0646899246663237 0.3610680761870045 2024-08-29 06:09:25
142 1.0675817388220623 0.36070354506515995 2024-08-29 06:09:34
143 1.1118304594640993 0.36043014672377655 2024-08-29 06:09:42
144 1.0684250062593819 0.3641665907226829 2024-08-29 06:09:51
145 1.0576253176865316 0.3643488562836052 2024-08-29 06:10:00
146 1.0614231827047653 0.36471338740544973 2024-08-29 06:10:09
147 1.0631049880461718 0.3641665907226829 2024-08-29 06:10:17
148 1.0530648242804777 0.3641665907226829 2024-08-29 06:10:26
149 1.0642864201895184 0.36425772350314406 2024-08-29 06:10:35
6976
3997
1 1.3349050290267401 0.028956422018348624 2024-08-29 06:10:48
2 1.3321546064604313 0.028956422018348624 2024-08-29 06:10:56
3 1.3192314285477367 0.028956422018348624 2024-08-29 06:11:05
4 1.3121121663839446 0.0005733944954128441 2024-08-29 06:11:13
5 1.3072413029747272 0.0005733944954128441 2024-08-29 06:11:22
6 1.2856003640715135 0.0007167431192660551 2024-08-29 06:11:30
7 1.2808858729010328 0.0007167431192660551 2024-08-29 06:11:39
8 1.2532458766064514 0.024655963302752295 2024-08-29 06:11:48
9 1.253272654950072 0.029386467889908258 2024-08-29 06:11:59
10 1.2442435447229159 0.035263761467889905 2024-08-29 06:12:11
11 1.2415139660102512 0.03612385321100917 2024-08-29 06:12:24
12 1.2390188409374394 0.0911697247706422 2024-08-29 06:12:37
13 1.2225141652406903 0.09145642201834862 2024-08-29 06:12:50
14 1.2282074503942366 0.09202981651376146 2024-08-29 06:13:03
15 1.2301552718112228 0.09303325688073394 2024-08-29 06:13:16
16 1.2236180027963919 0.11510894495412843 2024-08-29 06:13:29
17 1.2248707693924599 0.12055619266055045 2024-08-29 06:13:42
18 1.2130449231064648 0.12657683486238533 2024-08-29 06:13:56
19 1.2180812207110432 0.12672018348623854 2024-08-29 06:14:09
20 1.2203200906515121 0.12715022935779816 2024-08-29 06:14:22
21 1.2208125470975124 0.12729357798165136 2024-08-29 06:14:35
22 1.2179880114870334 0.1274369266055046 2024-08-29 06:14:48
23 1.1868138648227815 0.13231077981651376 2024-08-29 06:15:02
24 1.2192071832101279 0.13231077981651376 2024-08-29 06:15:15
25 1.2034802770395892 0.13231077981651376 2024-08-29 06:15:28
26 1.2086241066182426 0.13245412844036697 2024-08-29 06:15:41
27 1.1962600569112585 0.13259747706422018 2024-08-29 06:15:54
28 1.2023641967445338 0.13589449541284404 2024-08-29 06:16:08
29 1.1830326884711555 0.13747133027522937 2024-08-29 06:16:21
30 1.197699652762588 0.13833142201834864 2024-08-29 06:16:34
31 1.1869455906776114 0.13890481651376146 2024-08-29 06:16:48
32 1.198816137576322 0.13861811926605505 2024-08-29 06:17:02
33 1.190271883109294 0.13861811926605505 2024-08-29 06:17:17
34 1.1986150824968969 0.13876146788990826 2024-08-29 06:17:31
35 1.193419600708769 0.13833142201834864 2024-08-29 06:17:46
36 1.1954820231286758 0.13847477064220184 2024-08-29 06:18:01
37 1.202760349993312 0.13847477064220184 2024-08-29 06:18:15
38 1.18302206421664 0.13761467889908258 2024-08-29 06:18:30
39 1.19782654681337 0.13761467889908258 2024-08-29 06:18:45
40 1.1807645432172564 0.13775802752293578 2024-08-29 06:19:00
41 1.1831156130230756 0.13775802752293578 2024-08-29 06:19:14
42 1.1740282354278302 0.1380447247706422 2024-08-29 06:19:29
43 1.1837166800684886 0.14478211009174313 2024-08-29 06:19:43
44 1.1765228889950918 0.1470756880733945 2024-08-29 06:19:58
45 1.1833453425847063 0.1470756880733945 2024-08-29 06:20:13
46 1.1860451062611483 0.13861811926605505 2024-08-29 06:20:28
47 1.180204128453491 0.1381880733944954 2024-08-29 06:20:43
48 1.18143822799582 0.13876146788990826 2024-08-29 06:20:57
49 1.186662034567343 0.13847477064220184 2024-08-29 06:21:12
50 1.1849365677308599 0.13847477064220184 2024-08-29 06:21:26
51 1.1832394718850425 0.1444954128440367 2024-08-29 06:21:39
52 1.173619117485274 0.14635894495412843 2024-08-29 06:21:52
53 1.1866791011816864 0.1432052752293578 2024-08-29 06:22:02
54 1.1815714564071882 0.14635894495412843 2024-08-29 06:22:14
55 1.175195914069447 0.14650229357798164 2024-08-29 06:22:23
56 1.2012576232536123 0.1472190366972477 2024-08-29 06:22:32
57 1.1917980112340472 0.1561066513761468 2024-08-29 06:22:40
58 1.1774800508667569 0.1473623853211009 2024-08-29 06:22:49
59 1.1879044112262376 0.1473623853211009 2024-08-29 06:22:58
60 1.181373196594212 0.14678899082568808 2024-08-29 06:23:06
61 1.200992328448033 0.14664564220183487 2024-08-29 06:23:15
62 1.1820050941421352 0.1510894495412844 2024-08-29 06:23:23
63 1.1878772305512646 0.15682339449541285 2024-08-29 06:23:32
64 1.1852255924305786 0.1509461009174312 2024-08-29 06:23:41
65 1.1843654323335087 0.15065940366972477 2024-08-29 06:23:49
66 1.1877106648246083 0.15080275229357798 2024-08-29 06:23:58
67 1.171813891841731 0.1509461009174312 2024-08-29 06:24:07
68 1.1923454748381168 0.15997706422018348 2024-08-29 06:24:15
69 1.1754159607471677 0.16241399082568808 2024-08-29 06:24:24
70 1.1798460506791368 0.1625573394495413 2024-08-29 06:24:32
71 1.181691236725641 0.15954701834862386 2024-08-29 06:24:41
72 1.1832858289873929 0.15940366972477063 2024-08-29 06:24:50
73 1.1794610824606835 0.15969036697247707 2024-08-29 06:24:58
74 1.1955029112756799 0.15983371559633028 2024-08-29 06:25:07
75 1.1766804335040784 0.15983371559633028 2024-08-29 06:25:15
76 1.1804602044984835 0.15997706422018348 2024-08-29 06:25:24
77 1.1811805222559413 0.16227064220183487 2024-08-29 06:25:33
78 1.1780603506149503 0.1625573394495413 2024-08-29 06:25:41
79 1.1841958296408348 0.1629873853211009 2024-08-29 06:25:50
80 1.1806081835556468 0.16470756880733944 2024-08-29 06:25:58
81 1.1747767722934759 0.16485091743119265 2024-08-29 06:26:07
82 1.171440585900884 0.16313073394495411 2024-08-29 06:26:16
83 1.1771782390568235 0.16327408256880735 2024-08-29 06:26:24
84 1.1766756591173486 0.16685779816513763 2024-08-29 06:26:33
85 1.1733528193804101 0.18018922018348624 2024-08-29 06:26:42
86 1.1810048508261322 0.17990252293577982 2024-08-29 06:26:50
87 1.1809279075182906 0.17488532110091742 2024-08-29 06:26:59
88 1.177278725379104 0.16743119266055045 2024-08-29 06:27:08
89 1.1693620286676862 0.16685779816513763 2024-08-29 06:27:16
90 1.1869347742117873 0.17101490825688073 2024-08-29 06:27:25
91 1.1766120631486998 0.17603211009174313 2024-08-29 06:27:33
92 1.1940133645447022 0.17947247706422018 2024-08-29 06:27:42
93 1.1845073594686089 0.1809059633027523 2024-08-29 06:27:51
94 1.1809979502214205 0.18047591743119265 2024-08-29 06:27:59
95 1.1672523244531876 0.17803899082568808 2024-08-29 06:28:08
96 1.1769365198021635 0.17359518348623854 2024-08-29 06:28:17
97 1.180386566514269 0.1705848623853211 2024-08-29 06:28:25
98 1.1751209226770138 0.1705848623853211 2024-08-29 06:28:34
99 1.1720372242938488 0.17044151376146788 2024-08-29 06:28:42
100 1.169301603091966 0.18004587155963303 2024-08-29 06:28:51
101 1.1829516018202546 0.17918577981651376 2024-08-29 06:29:00
102 1.1878679936085272 0.1744552752293578 2024-08-29 06:29:08
103 1.1802377990626414 0.169151376146789 2024-08-29 06:29:17
104 1.1873375074852497 0.16900802752293578 2024-08-29 06:29:25
105 1.177175128815371 0.17144495412844038 2024-08-29 06:29:34
106 1.1738336760243144 0.17087155963302753 2024-08-29 06:29:42
107 1.1698490944477395 0.18033256880733944 2024-08-29 06:29:51
108 1.172287316223897 0.18248279816513763 2024-08-29 06:29:59
109 1.1864330834204997 0.1821961009174312 2024-08-29 06:30:08
110 1.1782121257771045 0.1781823394495413 2024-08-29 06:30:16
111 1.1608339884412398 0.1771788990825688 2024-08-29 06:30:25
112 1.1739072852998698 0.17646215596330275 2024-08-29 06:30:33
113 1.177538649614798 0.17560206422018348 2024-08-29 06:30:41
114 1.1753740638767907 0.1770355504587156 2024-08-29 06:30:50
115 1.1747095415351587 0.1809059633027523 2024-08-29 06:30:58
116 1.176742364097079 0.1811926605504587 2024-08-29 06:31:07
117 1.1725939210128347 0.1810493119266055 2024-08-29 06:31:15
118 1.1653834317528873 0.17789564220183487 2024-08-29 06:31:24
119 1.1715081446214552 0.1771788990825688 2024-08-29 06:31:32
120 1.175766914262684 0.17660550458715596 2024-08-29 06:31:41
121 1.170076913379748 0.17760894495412843 2024-08-29 06:31:49
122 1.169679867428377 0.17631880733944955 2024-08-29 06:31:58
123 1.1899704484764588 0.1721616972477064 2024-08-29 06:32:06
124 1.1800408711947432 0.16843463302752293 2024-08-29 06:32:15
125 1.169273089241544 0.16958142201834864 2024-08-29 06:32:23
126 1.1745017600168877 0.17545871559633028 2024-08-29 06:32:32
127 1.1835419576649273 0.17330848623853212 2024-08-29 06:32:40
128 1.164101841389586 0.17689220183486237 2024-08-29 06:32:49
129 1.1742496136405052 0.17130160550458715 2024-08-29 06:32:57
130 1.174229496252646 0.17130160550458715 2024-08-29 06:33:06
131 1.174743786044077 0.17130160550458715 2024-08-29 06:33:14
132 1.1724042330586582 0.17144495412844038 2024-08-29 06:33:23
133 1.1691139812042954 0.17560206422018348 2024-08-29 06:33:31
134 1.1633533780727912 0.18291284403669725 2024-08-29 06:33:40
135 1.1721413519677766 0.18377293577981652 2024-08-29 06:33:48
136 1.1668630688015473 0.18276949541284404 2024-08-29 06:33:56
137 1.1769251776944607 0.18334288990825687 2024-08-29 06:34:05
138 1.1591404996333865 0.1836295871559633 2024-08-29 06:34:13
139 1.1615801839106674 0.18334288990825687 2024-08-29 06:34:22
140 1.1666217587136347 0.18405963302752293 2024-08-29 06:34:30
141 1.161581934455338 0.18391628440366972 2024-08-29 06:34:39
142 1.1757056853913386 0.1834862385321101 2024-08-29 06:34:47
143 1.1683257758070569 0.17803899082568808 2024-08-29 06:34:56
144 1.1676308002767213 0.17302178899082568 2024-08-29 06:35:04
145 1.1784363230434032 0.17230504587155962 2024-08-29 06:35:13
146 1.1803766691356623 0.1731651376146789 2024-08-29 06:35:21
147 1.171896282686006 0.17674885321100917 2024-08-29 06:35:30
148 1.1638987266689265 0.18276949541284404 2024-08-29 06:35:39
149 1.1711920647446168 0.1836295871559633 2024-08-29 06:35:51
5695
1281
1 1.2159513674669877 0.001755926251097454 2024-08-29 06:36:10
2 1.2146124427416956 0.004916593503072871 2024-08-29 06:36:22
3 1.1990964451413912 0.007374890254609306 2024-08-29 06:36:35
4 1.195060352885587 0.0064969271290605795 2024-08-29 06:36:48
5 1.1950043924447211 0.005443371378402107 2024-08-29 06:37:00
6 1.190663332579113 0.006321334503950834 2024-08-29 06:37:13
7 1.1890835554794432 0.01106233538191396 2024-08-29 06:37:21
8 1.1785697588489388 0.014398595258999123 2024-08-29 06:37:30
9 1.1850193235516233 0.016154521510096578 2024-08-29 06:37:38
10 1.1763222357806038 0.018788410886742758 2024-08-29 06:37:47
11 1.1836819069965352 0.02159789288849868 2024-08-29 06:37:56
12 1.1675852862651983 0.024582967515364356 2024-08-29 06:38:05
13 1.174348524309649 0.026163301141352062 2024-08-29 06:38:15
14 1.1739554933752272 0.027216856892010536 2024-08-29 06:38:25
15 1.1730080775988532 0.028797190517998245 2024-08-29 06:38:36
16 1.1773053189973437 0.029499561018437225 2024-08-29 06:38:48
17 1.1798910632062314 0.0626865671641791 2024-08-29 06:39:01
18 1.1680331143294644 0.0630377524143986 2024-08-29 06:39:13
19 1.165966879808662 0.10886742756804214 2024-08-29 06:39:25
20 1.172057179739017 0.10956979806848112 2024-08-29 06:39:37
21 1.165071717158444 0.10974539069359086 2024-08-29 06:39:49
22 1.1615017724727936 0.10974539069359086 2024-08-29 06:39:59
23 1.1463537546916422 0.10956979806848112 2024-08-29 06:40:12
24 1.1512573725095017 0.10956979806848112 2024-08-29 06:40:24
25 1.1399592229208473 0.10956979806848112 2024-08-29 06:40:37
26 1.1576375453696113 0.10956979806848112 2024-08-29 06:40:49
27 1.155528831733121 0.10921861281826163 2024-08-29 06:41:00
28 1.1397788754882678 0.11150131694468832 2024-08-29 06:41:09
29 1.1536604226734473 0.1106233538191396 2024-08-29 06:41:17
30 1.1371729007617124 0.14539069359086917 2024-08-29 06:41:26
31 1.1495860851679693 0.14381035996488148 2024-08-29 06:41:34
32 1.144859415067718 0.1443371378402107 2024-08-29 06:41:42
33 1.1515027086812222 0.1450395083406497 2024-08-29 06:41:50
34 1.1433611097201848 0.143459174714662 2024-08-29 06:41:59
35 1.1408973113814396 0.14609306409130818 2024-08-29 06:42:07
36 1.135197467506717 0.14539069359086917 2024-08-29 06:42:15
37 1.1370132660216883 0.14539069359086917 2024-08-29 06:42:24
38 1.1352420587933199 0.2147497805092186 2024-08-29 06:42:32
39 1.152713616026191 0.18050921861281827 2024-08-29 06:42:40
40 1.135338404599358 0.180684811237928 2024-08-29 06:42:49
41 1.1262007175149156 0.18437225636523266 2024-08-29 06:42:57
42 1.1423100795109509 0.18472344161545215 2024-08-29 06:43:06
43 1.1277548857589266 0.18472344161545215 2024-08-29 06:43:14
44 1.1152332755324086 0.18437225636523266 2024-08-29 06:43:23
45 1.12465267960077 0.18349429323968394 2024-08-29 06:43:31
46 1.1282848952840148 0.1833187006145742 2024-08-29 06:43:39
47 1.1096765566960671 0.18647936786654962 2024-08-29 06:43:48
48 1.1179015070226133 0.1884108867427568 2024-08-29 06:43:56
49 1.1152819495540214 0.18858647936786654 2024-08-29 06:44:05
50 1.1195514618670135 0.1942054433713784 2024-08-29 06:44:17
51 1.1112366653095744 0.2038630377524144 2024-08-29 06:44:30
52 1.1117871892986013 0.20456540825285338 2024-08-29 06:44:43
53 1.1089922884663959 0.20561896400351184 2024-08-29 06:44:54
54 1.1214318015891487 0.21492537313432836 2024-08-29 06:45:04
55 1.1148145846675843 0.21299385425812115 2024-08-29 06:45:12
56 1.1165080389712754 0.21615452151009656 2024-08-29 06:45:21
57 1.1189674246824028 0.21176470588235294 2024-08-29 06:45:29
58 1.1201232715695442 0.20983318700614575 2024-08-29 06:45:38
59 1.1086286990866523 0.2093064091308165 2024-08-29 06:45:46
60 1.1119344763006422 0.20913081650570675 2024-08-29 06:45:55
61 1.1095276647120635 0.20842844600526778 2024-08-29 06:46:03
62 1.1004267849348637 0.2115891132572432 2024-08-29 06:46:12
63 1.11043372690102 0.20825285338015803 2024-08-29 06:46:20
64 1.1110876745252467 0.2138718173836699 2024-08-29 06:46:29
65 1.1169000859842477 0.21334503950834066 2024-08-29 06:46:37
66 1.115456205172116 0.21264266900790166 2024-08-29 06:46:46
67 1.0991843913708788 0.21527655838454784 2024-08-29 06:46:54
68 1.1002790849390942 0.2154521510096576 2024-08-29 06:47:03
69 1.0908295505396413 0.21580333625987708 2024-08-29 06:47:11
70 1.1082789047021842 0.2147497805092186 2024-08-29 06:47:19
71 1.0895295471764113 0.2147497805092186 2024-08-29 06:47:28
72 1.101221975262904 0.21597892888498682 2024-08-29 06:47:36
73 1.0971392366946842 0.2138718173836699 2024-08-29 06:47:45
74 1.0949155778817905 0.21492537313432836 2024-08-29 06:47:53
75 1.104255605780105 0.2154521510096576 2024-08-29 06:48:02
76 1.3088630278765685 0.21334503950834066 2024-08-29 06:48:10
77 1.123114573735747 0.21316944688323092 2024-08-29 06:48:19
78 1.1004779399540259 0.2115891132572432 2024-08-29 06:48:27
79 1.1041349870683437 0.21229148375768217 2024-08-29 06:48:36
80 1.0899612242135173 0.2138718173836699 2024-08-29 06:48:44
81 1.0964605728715422 0.21404741000877964 2024-08-29 06:48:53
82 1.0839595046349007 0.21562774363476733 2024-08-29 06:49:01
83 1.0898964668283135 0.21650570676031608 2024-08-29 06:49:09
84 1.11567911147234 0.21791044776119403 2024-08-29 06:49:18
85 1.1095384214927064 0.21878841088674275 2024-08-29 06:49:26
86 1.100422073603723 0.2177348551360843 2024-08-29 06:49:35
87 1.119348398628101 0.2173836698858648 2024-08-29 06:49:43
88 1.0948678952125837 0.21597892888498682 2024-08-29 06:49:52
89 1.0916292814961435 0.2154521510096576 2024-08-29 06:50:00
90 1.0948326519647118 0.21457418788410887 2024-08-29 06:50:09
91 1.1048163102319934 0.21439859525899913 2024-08-29 06:50:17
92 1.1080294249872036 0.21316944688323092 2024-08-29 06:50:26
93 1.093375495696298 0.21562774363476733 2024-08-29 06:50:34
94 1.0835481538806075 0.21439859525899913 2024-08-29 06:50:43
95 1.1109936888328866 0.21597892888498682 2024-08-29 06:50:52
96 1.1030456089366414 0.21720807726075506 2024-08-29 06:51:00
97 1.0946266634407746 0.218612818261633 2024-08-29 06:51:09
98 1.1019651292184658 0.21755926251097454 2024-08-29 06:51:18
99 1.0880819846916032 0.220017559262511 2024-08-29 06:51:26
100 1.0978264209991804 0.21984196663740124 2024-08-29 06:51:36
101 1.0857213434155726 0.220017559262511 2024-08-29 06:51:46
102 1.093282784360663 0.22142230026338894 2024-08-29 06:51:57
103 1.0825454002938006 0.2231782265144864 2024-08-29 06:52:07
104 1.0884626503049333 0.2228270412642669 2024-08-29 06:52:18
105 1.084048273848064 0.22054433713784022 2024-08-29 06:52:29
106 1.0865553821567069 0.21931518876207198 2024-08-29 06:52:40
107 1.0894859115526905 0.21668129938542582 2024-08-29 06:52:51
108 1.0863725488598248 0.21597892888498682 2024-08-29 06:53:03
109 1.0799902205513274 0.21826163301141352 2024-08-29 06:53:15
110 1.0840038620033632 0.21615452151009656 2024-08-29 06:53:26
111 1.0845090085943085 0.21562774363476733 2024-08-29 06:53:39
112 1.0873758668330178 0.21685689201053557 2024-08-29 06:53:51
113 1.0845035711226492 0.22194907813871817 2024-08-29 06:54:03
114 1.076247962657771 0.22405618964003512 2024-08-29 06:54:15
115 1.0824312233841136 0.22458296751536436 2024-08-29 06:54:28
116 1.082622808882602 0.2235294117647059 2024-08-29 06:54:40
117 1.087033717856269 0.22159789288849868 2024-08-29 06:54:51
118 1.0840232938501895 0.220017559262511 2024-08-29 06:55:04
119 1.0926204666534571 0.22071992976294996 2024-08-29 06:55:16
120 1.0722136333179222 0.2212467076382792 2024-08-29 06:55:28
121 1.0835345744877347 0.22194907813871817 2024-08-29 06:55:40
122 1.0864730898595045 0.22142230026338894 2024-08-29 06:55:53
123 1.07953678023093 0.218612818261633 2024-08-29 06:56:05
124 1.0855215120148094 0.22265144863915715 2024-08-29 06:56:17
125 1.0728711232058934 0.2228270412642669 2024-08-29 06:56:29
126 1.084900327478196 0.22177348551360843 2024-08-29 06:56:41
127 1.0900105728822596 0.22107111501316945 2024-08-29 06:56:53
128 1.0846209530248465 0.2177348551360843 2024-08-29 06:57:06
129 1.080468930101269 0.2151009657594381 2024-08-29 06:57:18
130 1.0846877310546057 0.21562774363476733 2024-08-29 06:57:30
131 1.075914074183557 0.21826163301141352 2024-08-29 06:57:42
132 1.0859513861553203 0.21826163301141352 2024-08-29 06:57:54
133 1.0822126528377383 0.21597892888498682 2024-08-29 06:58:07
134 1.0669358521830732 0.2212467076382792 2024-08-29 06:58:19
135 1.0678187107390955 0.2208955223880597 2024-08-29 06:58:31
136 1.0744518005502548 0.2212467076382792 2024-08-29 06:58:43
137 1.0842618624090206 0.21843722563652326 2024-08-29 06:58:55
138 1.0775971202289356 0.22230026338893766 2024-08-29 06:59:08
139 1.074193149412589 0.22194907813871817 2024-08-29 06:59:20
140 1.0888316298494012 0.21913959613696224 2024-08-29 06:59:32
141 1.0711377103460578 0.2170324846356453 2024-08-29 06:59:44
142 1.074022158286988 0.21668129938542582 2024-08-29 06:59:57
143 1.0669678371134717 0.21597892888498682 2024-08-29 07:00:09
144 1.0771596741529805 0.22054433713784022 2024-08-29 07:00:21
145 1.0804677506200675 0.22265144863915715 2024-08-29 07:00:34
146 1.0792604175128886 0.2247585601404741 2024-08-29 07:00:46
147 1.085005500632697 0.22405618964003512 2024-08-29 07:00:58
148 1.086641446135356 0.2251097453906936 2024-08-29 07:01:11
149 1.0713872244946259 0.2247585601404741 2024-08-29 07:01:23
4415
1280
1 1.1783696413040161 0.002491506228765572 2024-08-29 07:01:42
2 1.1677980422973633 0.004303510758776897 2024-08-29 07:01:54
3 1.170119285583496 0.004983012457531144 2024-08-29 07:02:07
4 1.1649233102798462 0.004983012457531144 2024-08-29 07:02:19
5 1.168465256690979 0.004983012457531144 2024-08-29 07:02:32
6 1.1688259840011597 0.005436013590033975 2024-08-29 07:02:45
7 1.150362253189087 0.005436013590033975 2024-08-29 07:02:58
8 1.1515835523605347 0.005889014722536806 2024-08-29 07:03:08
9 1.1354401111602783 0.005889014722536806 2024-08-29 07:03:19
10 1.140684723854065 0.0056625141562853904 2024-08-29 07:03:29
11 1.148156762123108 0.005209513023782559 2024-08-29 07:03:39
12 1.1375725269317627 0.46862967157417895 2024-08-29 07:03:50
13 1.1362959146499634 0.46885617214043035 2024-08-29 07:04:01
14 1.140624761581421 0.46885617214043035 2024-08-29 07:04:11
15 1.1184648275375366 0.4695356738391846 2024-08-29 07:04:22
16 1.1319081783294678 0.4706681766704417 2024-08-29 07:04:32
17 1.1246376037597656 0.47180067950169874 2024-08-29 07:04:43
18 1.1338952779769897 0.47134767836919594 2024-08-29 07:04:53
19 1.1316291093826294 0.47134767836919594 2024-08-29 07:05:02
20 1.1027624607086182 0.47315968289920723 2024-08-29 07:05:12
21 1.1264991760253906 0.47565118912797283 2024-08-29 07:05:21
22 1.1099283695220947 0.47565118912797283 2024-08-29 07:05:31
23 1.1009594202041626 0.4774631936579841 2024-08-29 07:05:41
24 1.1090487241744995 0.4774631936579841 2024-08-29 07:05:50
25 1.0937308073043823 0.4770101925254813 2024-08-29 07:06:00
26 1.0991525650024414 0.4774631936579841 2024-08-29 07:06:10
27 1.1154084205627441 0.4774631936579841 2024-08-29 07:06:20
28 1.0992248058319092 0.47791619479048697 2024-08-29 07:06:28
29 1.0835371017456055 0.47791619479048697 2024-08-29 07:06:37
30 1.091219186782837 0.5236693091732729 2024-08-29 07:06:45
31 1.1015032529830933 0.5238958097395243 2024-08-29 07:06:53
32 1.0970990657806396 0.5238958097395243 2024-08-29 07:07:02
33 1.0891022682189941 0.5243488108720272 2024-08-29 07:07:10
34 1.120158076286316 0.5245753114382786 2024-08-29 07:07:18
35 1.100183367729187 0.5250283125707814 2024-08-29 07:07:26
36 1.1050187349319458 0.5268403171007927 2024-08-29 07:07:35
37 1.0967187881469727 0.5266138165345413 2024-08-29 07:07:43
38 1.0959991216659546 0.5266138165345413 2024-08-29 07:07:51
39 1.0955103635787964 0.527519818799547 2024-08-29 07:07:59
40 1.0939708948135376 0.5284258210645527 2024-08-29 07:08:08
41 1.0848939418792725 0.5284258210645527 2024-08-29 07:08:16
42 1.0817856788635254 0.5295583238958097 2024-08-29 07:08:24
43 1.1001542806625366 0.530237825594564 2024-08-29 07:08:32
44 1.1159179210662842 0.530237825594564 2024-08-29 07:08:40
45 1.0871350765228271 0.530237825594564 2024-08-29 07:08:49
46 1.079819917678833 0.530237825594564 2024-08-29 07:08:57
47 1.0801539421081543 0.530237825594564 2024-08-29 07:09:05
48 1.0888694524765015 0.530237825594564 2024-08-29 07:09:14
49 1.0749120712280273 0.5377123442808607 2024-08-29 07:09:22
50 1.0779249668121338 0.5381653454133636 2024-08-29 07:09:31
51 1.085836410522461 0.5388448471121178 2024-08-29 07:09:39
52 1.0835621356964111 0.5390713476783692 2024-08-29 07:09:47
53 1.07830011844635 0.5390713476783692 2024-08-29 07:09:56
54 1.0772632360458374 0.5397508493771235 2024-08-29 07:10:04
55 1.0894920825958252 0.5472253680634201 2024-08-29 07:10:12
56 1.0792487859725952 0.5476783691959229 2024-08-29 07:10:21
57 1.0842918157577515 0.5474518686296715 2024-08-29 07:10:29
58 1.0790640115737915 0.5472253680634201 2024-08-29 07:10:37
59 1.0787938833236694 0.5472253680634201 2024-08-29 07:10:46
60 1.0698606967926025 0.5474518686296715 2024-08-29 07:10:54
61 1.0644524097442627 0.5474518686296715 2024-08-29 07:11:02
62 1.0952421426773071 0.544960362400906 2024-08-29 07:11:11
63 1.073777198791504 0.5451868629671575 2024-08-29 07:11:19
64 1.0851638317108154 0.5447338618346546 2024-08-29 07:11:28
65 1.0757768154144287 0.5447338618346546 2024-08-29 07:11:36
66 1.0617681741714478 0.5440543601359004 2024-08-29 07:11:44
67 1.086005449295044 0.5440543601359004 2024-08-29 07:11:52
68 1.0722557306289673 0.5442808607021518 2024-08-29 07:12:01
69 1.074320912361145 0.5445073612684032 2024-08-29 07:12:09
70 1.0882914066314697 0.5370328425821065 2024-08-29 07:12:17
71 1.070602297782898 0.5370328425821065 2024-08-29 07:12:26
72 1.0881134271621704 0.5370328425821065 2024-08-29 07:12:34
73 1.0809310674667358 0.5370328425821065 2024-08-29 07:12:42
74 1.0780129432678223 0.5370328425821065 2024-08-29 07:12:50
75 1.072167158126831 0.538391845979615 2024-08-29 07:12:59
76 1.064375638961792 0.546092865232163 2024-08-29 07:13:07
77 1.0773650407791138 0.5467723669309174 2024-08-29 07:13:15
78 1.0653456449508667 0.5397508493771235 2024-08-29 07:13:24
79 1.0582714080810547 0.5397508493771235 2024-08-29 07:13:32
80 1.0754753351211548 0.5399773499433749 2024-08-29 07:13:40
81 1.0807254314422607 0.5399773499433749 2024-08-29 07:13:49
82 1.0778707265853882 0.5399773499433749 2024-08-29 07:13:57
83 1.0785157680511475 0.5399773499433749 2024-08-29 07:14:05
84 1.071894645690918 0.5397508493771235 2024-08-29 07:14:14
85 1.0763036012649536 0.5397508493771235 2024-08-29 07:14:22
86 1.0670419931411743 0.5397508493771235 2024-08-29 07:14:30
87 1.051469087600708 0.5402038505096263 2024-08-29 07:14:39
88 1.0672765970230103 0.5402038505096263 2024-08-29 07:14:47
89 1.0869221687316895 0.5406568516421291 2024-08-29 07:14:55
90 1.0691800117492676 0.5404303510758777 2024-08-29 07:15:04
91 1.058143138885498 0.5413363533408834 2024-08-29 07:15:12
92 1.0598888397216797 0.5413363533408834 2024-08-29 07:15:20
93 1.0707502365112305 0.5413363533408834 2024-08-29 07:15:29
94 1.0569096803665161 0.5413363533408834 2024-08-29 07:15:37
95 1.0895310640335083 0.5413363533408834 2024-08-29 07:15:45
96 1.0632649660110474 0.5406568516421291 2024-08-29 07:15:54
97 1.0736546516418457 0.5408833522083806 2024-08-29 07:16:02
98 1.0758394002914429 0.5408833522083806 2024-08-29 07:16:10
99 1.077831745147705 0.5408833522083806 2024-08-29 07:16:19
100 1.0480945110321045 0.5426953567383919 2024-08-29 07:16:29
101 1.0818678140640259 0.542242355605889 2024-08-29 07:16:40
102 1.0694928169250488 0.5415628539071348 2024-08-29 07:16:52
103 1.0678125619888306 0.5413363533408834 2024-08-29 07:17:04
104 1.0894591808319092 0.5413363533408834 2024-08-29 07:17:17
105 1.0768837928771973 0.5415628539071348 2024-08-29 07:17:29
106 1.0628598928451538 0.5415628539071348 2024-08-29 07:17:41
107 1.0703591108322144 0.5415628539071348 2024-08-29 07:17:54
108 1.0708811283111572 0.5415628539071348 2024-08-29 07:18:06
109 1.0561317205429077 0.5415628539071348 2024-08-29 07:18:18
110 1.071081280708313 0.542242355605889 2024-08-29 07:18:31
111 1.0577691793441772 0.5413363533408834 2024-08-29 07:18:43
112 1.0642738342285156 0.541109852774632 2024-08-29 07:18:55
113 1.0531724691390991 0.5402038505096263 2024-08-29 07:19:07
114 1.0662496089935303 0.5397508493771235 2024-08-29 07:19:20
115 1.0895034074783325 0.5402038505096263 2024-08-29 07:19:32
116 1.0665946006774902 0.5402038505096263 2024-08-29 07:19:45
117 1.0732437372207642 0.5402038505096263 2024-08-29 07:19:57
118 1.0628411769866943 0.5402038505096263 2024-08-29 07:20:09
119 1.0575621128082275 0.5399773499433749 2024-08-29 07:20:21
120 1.0618821382522583 0.5404303510758777 2024-08-29 07:20:33
121 1.067592740058899 0.5404303510758777 2024-08-29 07:20:46
122 1.0704677104949951 0.5415628539071348 2024-08-29 07:20:58
123 1.0772078037261963 0.5431483578708947 2024-08-29 07:21:11
124 1.0642304420471191 0.5431483578708947 2024-08-29 07:21:24
125 1.0590569972991943 0.542242355605889 2024-08-29 07:21:36
126 1.060835361480713 0.5408833522083806 2024-08-29 07:21:49
127 1.0548608303070068 0.5408833522083806 2024-08-29 07:22:02
128 1.0660834312438965 0.541109852774632 2024-08-29 07:22:14
129 1.0663456916809082 0.5413363533408834 2024-08-29 07:22:27
130 1.0539406538009644 0.5420158550396376 2024-08-29 07:22:39
131 1.0722893476486206 0.542242355605889 2024-08-29 07:22:52
132 1.0498379468917847 0.542242355605889 2024-08-29 07:23:04
133 1.0663875341415405 0.542242355605889 2024-08-29 07:23:15
134 1.054158091545105 0.542242355605889 2024-08-29 07:23:27
135 1.0600547790527344 0.5420158550396376 2024-08-29 07:23:37
136 1.0670733451843262 0.5420158550396376 2024-08-29 07:23:48
137 1.0516279935836792 0.5420158550396376 2024-08-29 07:24:00
138 1.0646852254867554 0.5431483578708947 2024-08-29 07:24:11
139 1.0743006467819214 0.5431483578708947 2024-08-29 07:24:20
140 1.0664583444595337 0.5442808607021518 2024-08-29 07:24:30
141 1.0561553239822388 0.5442808607021518 2024-08-29 07:24:40
142 1.0458004474639893 0.5442808607021518 2024-08-29 07:24:49
143 1.0586460828781128 0.5431483578708947 2024-08-29 07:24:58
144 1.0622773170471191 0.5431483578708947 2024-08-29 07:25:06
145 1.0499544143676758 0.5431483578708947 2024-08-29 07:25:15
146 1.063385009765625 0.5431483578708947 2024-08-29 07:25:23
147 1.0497404336929321 0.5420158550396376 2024-08-29 07:25:31
148 1.046623945236206 0.5420158550396376 2024-08-29 07:25:40
149 1.057403802871704 0.5415628539071348 2024-08-29 07:25:48
2024
2391
1 1.5614004135131836 0.0009881422924901185 2024-08-29 07:26:02
2 1.5391836166381836 0.010375494071146246 2024-08-29 07:26:10
3 1.5340393781661987 0.012351778656126482 2024-08-29 07:26:18
4 1.4784142971038818 0.015316205533596838 2024-08-29 07:26:27
5 1.475347638130188 0.016304347826086956 2024-08-29 07:26:35
6 1.4525651931762695 0.017292490118577076 2024-08-29 07:26:43
7 1.4353070259094238 0.017786561264822136 2024-08-29 07:26:51
8 1.380141019821167 0.023221343873517788 2024-08-29 07:27:00
9 1.347375750541687 0.0291501976284585 2024-08-29 07:27:08
10 1.2974133491516113 0.02865612648221344 2024-08-29 07:27:16
11 1.299255132675171 0.12154150197628459 2024-08-29 07:27:25
12 1.2800079584121704 0.12203557312252965 2024-08-29 07:27:33
13 1.2143524885177612 0.6452569169960475 2024-08-29 07:27:41
14 1.6838111877441406 0.6497035573122529 2024-08-29 07:27:50
15 1.2040497064590454 0.650197628458498 2024-08-29 07:27:58
16 1.1601436138153076 0.6492094861660079 2024-08-29 07:28:06
17 1.156238079071045 0.6492094861660079 2024-08-29 07:28:14
18 1.1571669578552246 0.6452569169960475 2024-08-29 07:28:23
19 1.1171374320983887 0.6447628458498024 2024-08-29 07:28:31
20 1.1110235452651978 0.6447628458498024 2024-08-29 07:28:39
21 1.1413688659667969 0.6437747035573123 2024-08-29 07:28:48
22 1.0980381965637207 0.6437747035573123 2024-08-29 07:28:56
23 1.0758000612258911 0.6437747035573123 2024-08-29 07:29:04
24 1.0696609020233154 0.6437747035573123 2024-08-29 07:29:12
25 1.053755521774292 0.6437747035573123 2024-08-29 07:29:20
26 1.0594154596328735 0.6437747035573123 2024-08-29 07:29:29
27 1.0458815097808838 0.6437747035573123 2024-08-29 07:29:37
28 1.0418779850006104 0.6437747035573123 2024-08-29 07:29:45
29 1.0324490070343018 0.6437747035573123 2024-08-29 07:29:53
30 1.0386435985565186 0.6437747035573123 2024-08-29 07:30:02
31 1.0204776525497437 0.6437747035573123 2024-08-29 07:30:10
32 1.0246334075927734 0.6442687747035574 2024-08-29 07:30:18
33 1.0112065076828003 0.6442687747035574 2024-08-29 07:30:27
34 1.0281760692596436 0.6442687747035574 2024-08-29 07:30:35
35 1.0123517513275146 0.6442687747035574 2024-08-29 07:30:43
36 0.988980233669281 0.6442687747035574 2024-08-29 07:30:51
720
1304
1 2.252568244934082 0.002777777777777778 2024-08-29 07:31:03
2 2.174839735031128 0.2652777777777778 2024-08-29 07:31:11
3 2.0759854316711426 0.26944444444444443 2024-08-29 07:31:19
4 2.1712896823883057 0.29583333333333334 2024-08-29 07:31:27
5 2.0189266204833984 0.30416666666666664 2024-08-29 07:31:35
6 2.0928351879119873 0.30277777777777776 2024-08-29 07:31:43
7 1.9667723178863525 0.30277777777777776 2024-08-29 07:31:51
8 1.9961909055709839 0.3013888888888889 2024-08-29 07:31:59
9 1.8808702230453491 0.3013888888888889 2024-08-29 07:32:07
10 1.8869140148162842 0.3013888888888889 2024-08-29 07:32:15
11 1.8213863372802734 0.3013888888888889 2024-08-29 07:32:23
12 1.7584553956985474 0.3013888888888889 2024-08-29 07:32:31
13 1.7063534259796143 0.3055555555555556 2024-08-29 07:32:39
14 1.7310285568237305 0.3055555555555556 2024-08-29 07:32:47
15 1.6608474254608154 0.30833333333333335 2024-08-29 07:32:55
16 1.6210358142852783 0.3111111111111111 2024-08-29 07:33:03
17 1.586686372756958 0.3194444444444444 2024-08-29 07:33:11
18 1.5470870733261108 0.32083333333333336 2024-08-29 07:33:19
19 1.491969108581543 0.325 2024-08-29 07:33:27
20 1.4932032823562622 0.3263888888888889 2024-08-29 07:33:35
21 1.4705091714859009 0.3277777777777778 2024-08-29 07:33:43
22 1.4435319900512695 0.3263888888888889 2024-08-29 07:33:51
23 1.3541538715362549 0.33055555555555555 2024-08-29 07:33:59
24 1.363109827041626 0.32916666666666666 2024-08-29 07:34:07
25 1.3277220726013184 0.3277777777777778 2024-08-29 07:34:15
26 1.3262602090835571 0.3263888888888889 2024-08-29 07:34:23
27 1.3043062686920166 0.32916666666666666 2024-08-29 07:34:31
28 1.2903324365615845 0.33611111111111114 2024-08-29 07:34:39
29 1.2810680866241455 0.6486111111111111 2024-08-29 07:34:47
30 1.2844632863998413 0.6527777777777778 2024-08-29 07:34:55
31 1.2228291034698486 0.6930555555555555 2024-08-29 07:35:03
32 1.219083547592163 0.6680555555555555 2024-08-29 07:35:11
33 1.1945936679840088 0.6708333333333333 2024-08-29 07:35:19
34 1.1770598888397217 0.675 2024-08-29 07:35:27
35 1.1800297498703003 0.6777777777777778 2024-08-29 07:35:35
36 1.2041939496994019 0.6833333333333333 2024-08-29 07:35:43
37 1.1737133264541626 0.6930555555555555 2024-08-29 07:35:51
38 1.1193783283233643 0.7041666666666667 2024-08-29 07:35:59
39 1.1736152172088623 0.7041666666666667 2024-08-29 07:36:07
40 1.1209827661514282 0.7125 2024-08-29 07:36:15
41 1.1478393077850342 0.7208333333333333 2024-08-29 07:36:23
42 1.1029629707336426 0.7319444444444444 2024-08-29 07:36:31
43 1.0886130332946777 0.7388888888888889 2024-08-29 07:36:39
44 1.1233704090118408 0.7388888888888889 2024-08-29 07:36:47
45 1.0944949388504028 0.7388888888888889 2024-08-29 07:36:55
46 1.1191463470458984 0.7388888888888889 2024-08-29 07:37:03
47 1.0304245948791504 0.7388888888888889 2024-08-29 07:37:11
48 1.0631275177001953 0.7402777777777778 2024-08-29 07:37:19
49 1.0567513704299927 0.7416666666666667 2024-08-29 07:37:27
50 1.0372685194015503 0.7416666666666667 2024-08-29 07:37:35
51 1.0127174854278564 0.7402777777777778 2024-08-29 07:37:43
52 1.008886694908142 0.7402777777777778 2024-08-29 07:37:51
53 1.0516653060913086 0.7402777777777778 2024-08-29 07:37:59
54 1.0405235290527344 0.7402777777777778 2024-08-29 07:38:07
55 1.044538140296936 0.7402777777777778 2024-08-29 07:38:14
56 1.0020493268966675 0.7402777777777778 2024-08-29 07:38:23
57 1.0772227048873901 0.7388888888888889 2024-08-29 07:38:31
58 1.044418454170227 0.7388888888888889 2024-08-29 07:38:38
59 1.0158817768096924 0.7388888888888889 2024-08-29 07:38:46
60 1.0690726041793823 0.7388888888888889 2024-08-29 07:38:55
61 1.0980627536773682 0.7388888888888889 2024-08-29 07:39:02
62 1.0456794500350952 0.7388888888888889 2024-08-29 07:39:10
63 1.0024020671844482 0.7388888888888889 2024-08-29 07:39:19
64 0.9732081294059753 0.7402777777777778 2024-08-29 07:39:26
187
533
1 2.440340518951416 0.0 2024-08-29 07:39:38
2 2.6648247241973877 0.22459893048128343 2024-08-29 07:39:45
3 2.759774684906006 0.22459893048128343 2024-08-29 07:39:53
4 2.558821678161621 0.24598930481283424 2024-08-29 07:40:01
5 2.6464316844940186 0.25668449197860965 2024-08-29 07:40:09
6 2.561037063598633 0.25133689839572193 2024-08-29 07:40:17
7 2.5747005939483643 0.22459893048128343 2024-08-29 07:40:25
8 2.5071027278900146 0.2192513368983957 2024-08-29 07:40:33
9 2.2461490631103516 0.24598930481283424 2024-08-29 07:40:40
10 2.4590189456939697 0.24598930481283424 2024-08-29 07:40:48
11 2.2538390159606934 0.22459893048128343 2024-08-29 07:40:56
12 2.364004135131836 0.22459893048128343 2024-08-29 07:41:04
13 2.337528944015503 0.22459893048128343 2024-08-29 07:41:12
14 2.2834484577178955 0.22994652406417113 2024-08-29 07:41:20
15 2.214484453201294 0.22994652406417113 2024-08-29 07:41:28
16 1.9737906455993652 0.2620320855614973 2024-08-29 07:41:35
17 2.0535452365875244 0.2620320855614973 2024-08-29 07:41:43
18 2.2010672092437744 0.25133689839572193 2024-08-29 07:41:51
19 2.0819051265716553 0.25668449197860965 2024-08-29 07:41:59
20 2.2026803493499756 0.26737967914438504 2024-08-29 07:42:07
21 2.20977783203125 0.2620320855614973 2024-08-29 07:42:15
22 2.06472110748291 0.26737967914438504 2024-08-29 07:42:23
23 1.9934910535812378 0.24064171122994651 2024-08-29 07:42:30
24 2.0385570526123047 0.24064171122994651 2024-08-29 07:42:38
25 1.9575114250183105 0.24064171122994651 2024-08-29 07:42:46
26 1.9368352890014648 0.24064171122994651 2024-08-29 07:42:54
27 1.8149139881134033 0.24064171122994651 2024-08-29 07:43:02
28 1.916526436805725 0.24064171122994651 2024-08-29 07:43:10
29 1.9294897317886353 0.26737967914438504 2024-08-29 07:43:18
30 2.0431649684906006 0.26737967914438504 2024-08-29 07:43:26
31 1.9987261295318604 0.27807486631016043 2024-08-29 07:43:33
32 1.9792219400405884 0.28342245989304815 2024-08-29 07:43:41
33 1.849722981452942 0.28342245989304815 2024-08-29 07:43:49
34 1.9296135902404785 0.27807486631016043 2024-08-29 07:43:57
35 1.6899043321609497 0.2727272727272727 2024-08-29 07:44:05
36 1.8831924200057983 0.2620320855614973 2024-08-29 07:44:13
37 1.8024641275405884 0.23529411764705882 2024-08-29 07:44:21
38 1.7454938888549805 0.23529411764705882 2024-08-29 07:44:29
39 1.7355369329452515 0.23529411764705882 2024-08-29 07:44:37
40 1.680984377861023 0.23529411764705882 2024-08-29 07:44:45
41 1.6800669431686401 0.23529411764705882 2024-08-29 07:44:53
42 1.6184231042861938 0.23529411764705882 2024-08-29 07:45:02
43 1.6577556133270264 0.23529411764705882 2024-08-29 07:45:12
44 1.7011080980300903 0.23529411764705882 2024-08-29 07:45:23
45 1.6711831092834473 0.40641711229946526 2024-08-29 07:45:34
46 1.642964243888855 0.40641711229946526 2024-08-29 07:45:45
47 1.5815894603729248 0.40641711229946526 2024-08-29 07:45:57
48 1.6130880117416382 0.40641711229946526 2024-08-29 07:46:08
49 1.6112853288650513 0.4385026737967914 2024-08-29 07:46:20
50 1.5678402185440063 0.44385026737967914 2024-08-29 07:46:32
51 1.6330748796463013 0.44919786096256686 2024-08-29 07:46:43
52 1.6688121557235718 0.44919786096256686 2024-08-29 07:46:55
53 1.5050777196884155 0.44919786096256686 2024-08-29 07:47:06
54 1.558764100074768 0.44385026737967914 2024-08-29 07:47:18
55 1.522017240524292 0.45454545454545453 2024-08-29 07:47:29
56 1.4851453304290771 0.45454545454545453 2024-08-29 07:47:41
57 1.4372953176498413 0.45454545454545453 2024-08-29 07:47:52
58 1.4993330240249634 0.46524064171123 2024-08-29 07:48:04
59 1.4957973957061768 0.47058823529411764 2024-08-29 07:48:15
60 1.5626899003982544 0.47058823529411764 2024-08-29 07:48:27
61 1.5614923238754272 0.47058823529411764 2024-08-29 07:48:39
62 1.382880687713623 0.47593582887700536 2024-08-29 07:48:50
63 1.466852068901062 0.47593582887700536 2024-08-29 07:49:02
64 1.4217073917388916 0.48128342245989303 2024-08-29 07:49:13
65 1.545140266418457 0.48663101604278075 2024-08-29 07:49:25
66 1.4427980184555054 0.4919786096256685 2024-08-29 07:49:37
67 1.4097821712493896 0.4919786096256685 2024-08-29 07:49:48
68 1.41756272315979 0.4919786096256685 2024-08-29 07:50:00
69 1.3865282535552979 0.48663101604278075 2024-08-29 07:50:12
70 1.5185143947601318 0.4919786096256685 2024-08-29 07:50:24
71 1.41815185546875 0.49732620320855614 2024-08-29 07:50:36
72 1.3990447521209717 0.5080213903743316 2024-08-29 07:50:47
73 1.4004303216934204 0.49732620320855614 2024-08-29 07:50:59
74 1.3585255146026611 0.49732620320855614 2024-08-29 07:51:11
75 1.3631120920181274 0.5026737967914439 2024-08-29 07:51:22
76 1.43904709815979 0.5026737967914439 2024-08-29 07:51:34
77 1.3371474742889404 0.5026737967914439 2024-08-29 07:51:44
78 1.3905959129333496 0.5080213903743316 2024-08-29 07:51:54
79 1.3860305547714233 0.49732620320855614 2024-08-29 07:52:05
80 1.4312858581542969 0.49732620320855614 2024-08-29 07:52:16
81 1.3333615064620972 0.49732620320855614 2024-08-29 07:52:27
82 1.3479498624801636 0.5080213903743316 2024-08-29 07:52:35
83 1.3407227993011475 0.5080213903743316 2024-08-29 07:52:43
84 1.2453813552856445 0.5080213903743316 2024-08-29 07:52:51
85 1.3264013528823853 0.5080213903743316 2024-08-29 07:52:59
86 1.306113600730896 0.5133689839572193 2024-08-29 07:53:06
87 1.232488989830017 0.5133689839572193 2024-08-29 07:53:14
88 1.353786587715149 0.5133689839572193 2024-08-29 07:53:22
89 1.3910408020019531 0.5133689839572193 2024-08-29 07:53:30
90 1.263718843460083 0.5133689839572193 2024-08-29 07:53:38
91 1.3622241020202637 0.5080213903743316 2024-08-29 07:53:45
92 1.233171820640564 0.5080213903743316 2024-08-29 07:53:53
93 1.2366251945495605 0.5080213903743316 2024-08-29 07:54:01
94 1.208075761795044 0.5240641711229946 2024-08-29 07:54:08
95 1.207922101020813 0.5240641711229946 2024-08-29 07:54:16
96 1.3182004690170288 0.5240641711229946 2024-08-29 07:54:24
97 1.170098900794983 0.5347593582887701 2024-08-29 07:54:31
98 1.1748958826065063 0.5454545454545454 2024-08-29 07:54:39
99 1.1860389709472656 0.5454545454545454 2024-08-29 07:54:47
100 1.2582651376724243 0.5454545454545454 2024-08-29 07:54:54
101 1.2028971910476685 0.5454545454545454 2024-08-29 07:55:02
102 1.256424069404602 0.5454545454545454 2024-08-29 07:55:10
103 1.1899986267089844 0.5454545454545454 2024-08-29 07:55:17
104 1.2303411960601807 0.5454545454545454 2024-08-29 07:55:25
105 1.229894757270813 0.5454545454545454 2024-08-29 07:55:33
106 1.2681076526641846 0.5454545454545454 2024-08-29 07:55:41
107 1.2596492767333984 0.5454545454545454 2024-08-29 07:55:48
108 1.1476800441741943 0.5401069518716578 2024-08-29 07:55:56
109 1.233338475227356 0.5401069518716578 2024-08-29 07:56:04
110 1.2212902307510376 0.5401069518716578 2024-08-29 07:56:12
111 1.1891520023345947 0.5401069518716578 2024-08-29 07:56:20
112 1.1792179346084595 0.5401069518716578 2024-08-29 07:56:28
113 1.2349127531051636 0.5401069518716578 2024-08-29 07:56:35
114 1.0665098428726196 0.5401069518716578 2024-08-29 07:56:43
115 1.1572425365447998 0.5401069518716578 2024-08-29 07:56:51
116 1.2450069189071655 0.5401069518716578 2024-08-29 07:56:59
117 1.063838005065918 0.5401069518716578 2024-08-29 07:57:07
118 1.1040879487991333 0.5401069518716578 2024-08-29 07:57:14
119 1.1750164031982422 0.5401069518716578 2024-08-29 07:57:22
120 1.189538598060608 0.5401069518716578 2024-08-29 07:57:30
121 1.112707495689392 0.5401069518716578 2024-08-29 07:57:38
122 1.143721103668213 0.5401069518716578 2024-08-29 07:57:46
123 1.2138876914978027 0.5508021390374331 2024-08-29 07:57:54
124 1.134220838546753 0.5508021390374331 2024-08-29 07:58:02
125 1.196344017982483 0.5508021390374331 2024-08-29 07:58:09
126 1.1459299325942993 0.5614973262032086 2024-08-29 07:58:17
127 1.0984472036361694 0.5614973262032086 2024-08-29 07:58:25
128 1.1973029375076294 0.5614973262032086 2024-08-29 07:58:33
129 1.1258959770202637 0.5668449197860963 2024-08-29 07:58:41
130 1.131616473197937 0.5614973262032086 2024-08-29 07:58:49
131 1.0860024690628052 0.5614973262032086 2024-08-29 07:58:57
132 1.0561810731887817 0.5614973262032086 2024-08-29 07:59:05
133 1.1250238418579102 0.5614973262032086 2024-08-29 07:59:13
134 1.1289337873458862 0.5614973262032086 2024-08-29 07:59:21
135 1.059757113456726 0.5668449197860963 2024-08-29 07:59:28
136 1.0549379587173462 0.5668449197860963 2024-08-29 07:59:36
137 1.039039134979248 0.5614973262032086 2024-08-29 07:59:44
138 1.0965265035629272 0.5614973262032086 2024-08-29 07:59:52
139 1.108925223350525 0.5614973262032086 2024-08-29 08:00:00
140 1.1933836936950684 0.5614973262032086 2024-08-29 08:00:09
141 1.141237735748291 0.5614973262032086 2024-08-29 08:00:18
142 1.0694915056228638 0.5614973262032086 2024-08-29 08:00:29
143 1.075271487236023 0.5614973262032086 2024-08-29 08:00:39
144 1.0394378900527954 0.5614973262032086 2024-08-29 08:00:51
145 1.0822927951812744 0.5614973262032086 2024-08-29 08:01:02
146 1.1250622272491455 0.5614973262032086 2024-08-29 08:01:14
147 1.0594717264175415 0.5614973262032086 2024-08-29 08:01:25
148 1.049877405166626 0.5614973262032086 2024-08-29 08:01:37
149 1.046167016029358 0.5614973262032086 2024-08-29 08:01:48
82
105
1 1.6369684934616089 0.0 2024-08-29 08:02:04
2 1.7133677005767822 0.0 2024-08-29 08:02:16
3 1.6128902435302734 0.0 2024-08-29 08:02:27
4 1.6410771608352661 0.012195121951219513 2024-08-29 08:02:38
5 1.6248934268951416 0.012195121951219513 2024-08-29 08:02:49
6 1.6570298671722412 0.024390243902439025 2024-08-29 08:03:01
7 1.5872571468353271 0.0 2024-08-29 08:03:12
8 1.6174571514129639 0.0 2024-08-29 08:03:23
9 1.5836297273635864 0.0 2024-08-29 08:03:34
10 1.5814461708068848 0.0 2024-08-29 08:03:45
11 1.5485436916351318 0.0 2024-08-29 08:03:57
12 1.5735280513763428 0.0 2024-08-29 08:04:08
13 1.5515669584274292 0.0 2024-08-29 08:04:19
14 1.5502744913101196 0.0 2024-08-29 08:04:30
15 1.5204781293869019 0.0 2024-08-29 08:04:41
16 1.5208184719085693 0.0 2024-08-29 08:04:52
17 1.498946189880371 0.0 2024-08-29 08:05:03
18 1.4927611351013184 0.012195121951219513 2024-08-29 08:05:15
19 1.5470842123031616 0.012195121951219513 2024-08-29 08:05:26
20 1.5398081541061401 0.036585365853658534 2024-08-29 08:05:37
21 1.5166919231414795 0.06097560975609756 2024-08-29 08:05:48
22 1.490620732307434 0.06097560975609756 2024-08-29 08:05:59
23 1.471017599105835 0.06097560975609756 2024-08-29 08:06:11
24 1.478990077972412 0.06097560975609756 2024-08-29 08:06:22
25 1.4659031629562378 0.06097560975609756 2024-08-29 08:06:33
26 1.4901655912399292 0.07317073170731707 2024-08-29 08:06:43
27 1.4402590990066528 0.07317073170731707 2024-08-29 08:06:50
28 1.444966197013855 0.08536585365853659 2024-08-29 08:07:02
29 1.4448137283325195 0.08536585365853659 2024-08-29 08:07:13
30 1.4672834873199463 0.12195121951219512 2024-08-29 08:07:25
31 1.423353910446167 0.13414634146341464 2024-08-29 08:07:37
32 1.4211621284484863 0.14634146341463414 2024-08-29 08:07:49
33 1.4685795307159424 0.15853658536585366 2024-08-29 08:08:00
34 1.441938042640686 0.18292682926829268 2024-08-29 08:08:10
35 1.4172290563583374 0.25609756097560976 2024-08-29 08:08:21
36 1.4338231086730957 0.4146341463414634 2024-08-29 08:08:33
37 1.4487667083740234 0.4146341463414634 2024-08-29 08:08:44
38 1.3920671939849854 0.4146341463414634 2024-08-29 08:08:56
39 1.415546178817749 0.4146341463414634 2024-08-29 08:09:07
40 1.4404152631759644 0.4146341463414634 2024-08-29 08:09:19
41 1.3843073844909668 0.4146341463414634 2024-08-29 08:09:31
42 1.397019863128662 0.4146341463414634 2024-08-29 08:09:43
43 1.403934121131897 0.4146341463414634 2024-08-29 08:09:55
44 1.388855218887329 0.47560975609756095 2024-08-29 08:10:06
45 1.3666620254516602 0.47560975609756095 2024-08-29 08:10:18
46 1.3964647054672241 0.47560975609756095 2024-08-29 08:10:30
47 1.3913888931274414 0.47560975609756095 2024-08-29 08:10:41
48 1.3586068153381348 0.47560975609756095 2024-08-29 08:10:50
49 1.3658109903335571 0.47560975609756095 2024-08-29 08:11:01
50 1.38632333278656 0.47560975609756095 2024-08-29 08:11:12
51 1.3653544187545776 0.47560975609756095 2024-08-29 08:11:22
52 1.3719487190246582 0.47560975609756095 2024-08-29 08:11:30
53 1.3742520809173584 0.47560975609756095 2024-08-29 08:11:37
54 1.4003915786743164 0.47560975609756095 2024-08-29 08:11:45
55 1.4328200817108154 0.47560975609756095 2024-08-29 08:11:54
56 1.37633216381073 0.47560975609756095 2024-08-29 08:12:04
57 1.3653805255889893 0.47560975609756095 2024-08-29 08:12:14
58 1.3964505195617676 0.47560975609756095 2024-08-29 08:12:26
59 1.3544801473617554 0.47560975609756095 2024-08-29 08:12:35
60 1.3802978992462158 0.47560975609756095 2024-08-29 08:12:42
61 1.3745683431625366 0.47560975609756095 2024-08-29 08:12:50
62 1.3453136682510376 0.47560975609756095 2024-08-29 08:12:58
63 1.3595812320709229 0.47560975609756095 2024-08-29 08:13:05
64 1.3482037782669067 0.47560975609756095 2024-08-29 08:13:13
65 1.3482662439346313 0.47560975609756095 2024-08-29 08:13:21
66 1.3570648431777954 0.47560975609756095 2024-08-29 08:13:28
67 1.387462854385376 0.47560975609756095 2024-08-29 08:13:36
68 1.352668285369873 0.47560975609756095 2024-08-29 08:13:44
69 1.3412507772445679 0.47560975609756095 2024-08-29 08:13:51
70 1.3389813899993896 0.47560975609756095 2024-08-29 08:13:59
71 1.3375324010849 0.47560975609756095 2024-08-29 08:14:07
72 1.3890172243118286 0.47560975609756095 2024-08-29 08:14:14
73 1.3833321332931519 0.47560975609756095 2024-08-29 08:14:22
74 1.3646360635757446 0.47560975609756095 2024-08-29 08:14:30
75 1.326331377029419 0.47560975609756095 2024-08-29 08:14:37
76 1.3308734893798828 0.47560975609756095 2024-08-29 08:14:45
77 1.3370469808578491 0.4878048780487805 2024-08-29 08:14:52
78 1.3251416683197021 0.4878048780487805 2024-08-29 08:15:00
79 1.3576124906539917 0.4878048780487805 2024-08-29 08:15:08
80 1.3329952955245972 0.4878048780487805 2024-08-29 08:15:15
81 1.3721728324890137 0.4878048780487805 2024-08-29 08:15:23
82 1.370411992073059 0.4878048780487805 2024-08-29 08:15:31
83 1.3570811748504639 0.5 2024-08-29 08:15:38
84 1.3834856748580933 0.5 2024-08-29 08:15:46
85 1.4005014896392822 0.5 2024-08-29 08:15:54
86 1.3742218017578125 0.5 2024-08-29 08:16:02
87 1.3311288356781006 0.5 2024-08-29 08:16:09
88 1.316232681274414 0.5 2024-08-29 08:16:17
89 1.3045889139175415 0.5 2024-08-29 08:16:25
90 1.3335678577423096 0.5 2024-08-29 08:16:32
91 1.3229660987854004 0.5 2024-08-29 08:16:40
92 1.3277759552001953 0.4878048780487805 2024-08-29 08:16:48
93 1.3521599769592285 0.5 2024-08-29 08:16:56
94 1.3582446575164795 0.5 2024-08-29 08:17:03
95 1.3716729879379272 0.5 2024-08-29 08:17:11
96 1.3250255584716797 0.5 2024-08-29 08:17:19
97 1.3190797567367554 0.5 2024-08-29 08:17:26
98 1.3121756315231323 0.5 2024-08-29 08:17:34
99 1.3674269914627075 0.5 2024-08-29 08:17:42
100 1.319532871246338 0.5 2024-08-29 08:17:50
101 1.363168716430664 0.5121951219512195 2024-08-29 08:17:57
102 1.3018640279769897 0.5121951219512195 2024-08-29 08:18:05
103 1.3402472734451294 0.5121951219512195 2024-08-29 08:18:13
104 1.3181400299072266 0.5121951219512195 2024-08-29 08:18:21
105 1.30903160572052 0.5121951219512195 2024-08-29 08:18:29
106 1.2967886924743652 0.5121951219512195 2024-08-29 08:18:36
107 1.3191787004470825 0.5121951219512195 2024-08-29 08:18:44
108 1.354766607284546 0.5121951219512195 2024-08-29 08:18:52
109 1.3225899934768677 0.5121951219512195 2024-08-29 08:19:00
110 1.3018981218338013 0.5121951219512195 2024-08-29 08:19:09
111 1.2917990684509277 0.5121951219512195 2024-08-29 08:19:18
112 1.314575433731079 0.5121951219512195 2024-08-29 08:19:26
113 1.3066620826721191 0.5121951219512195 2024-08-29 08:19:35
114 1.3563731908798218 0.5121951219512195 2024-08-29 08:19:44
115 1.3227463960647583 0.5121951219512195 2024-08-29 08:19:53
116 1.3012064695358276 0.5121951219512195 2024-08-29 08:20:04
117 1.3010365962982178 0.5121951219512195 2024-08-29 08:20:13
118 1.343970537185669 0.5121951219512195 2024-08-29 08:20:24
119 1.3265522718429565 0.5121951219512195 2024-08-29 08:20:35
120 1.404480218887329 0.5121951219512195 2024-08-29 08:20:45
121 1.283605933189392 0.5121951219512195 2024-08-29 08:20:56
122 1.3164869546890259 0.5121951219512195 2024-08-29 08:21:06
123 1.2947791814804077 0.5121951219512195 2024-08-29 08:21:17
124 1.2902530431747437 0.5121951219512195 2024-08-29 08:21:28
125 1.2956080436706543 0.5121951219512195 2024-08-29 08:21:36
126 1.325915813446045 0.5121951219512195 2024-08-29 08:21:44
127 1.301115870475769 0.5121951219512195 2024-08-29 08:21:51
128 1.3560858964920044 0.5121951219512195 2024-08-29 08:21:59
129 1.317280888557434 0.5121951219512195 2024-08-29 08:22:07
130 1.3049832582473755 0.5121951219512195 2024-08-29 08:22:14
131 1.3104984760284424 0.5 2024-08-29 08:22:22
132 1.3682618141174316 0.5 2024-08-29 08:22:30
133 1.3151098489761353 0.4878048780487805 2024-08-29 08:22:37
134 1.3512599468231201 0.4878048780487805 2024-08-29 08:22:45
135 1.298887014389038 0.4878048780487805 2024-08-29 08:22:53
136 1.3035060167312622 0.4878048780487805 2024-08-29 08:23:00
137 1.307657241821289 0.4878048780487805 2024-08-29 08:23:08
138 1.3125395774841309 0.4878048780487805 2024-08-29 08:23:16
139 1.3307709693908691 0.4878048780487805 2024-08-29 08:23:23
140 1.2942006587982178 0.4878048780487805 2024-08-29 08:23:31
141 1.3265380859375 0.4878048780487805 2024-08-29 08:23:39
142 1.3463637828826904 0.5 2024-08-29 08:23:46
143 1.3113981485366821 0.5 2024-08-29 08:23:54
144 1.3015719652175903 0.5 2024-08-29 08:24:02
145 1.2952030897140503 0.4878048780487805 2024-08-29 08:24:10
146 1.291930079460144 0.5 2024-08-29 08:24:17
147 1.2952603101730347 0.5 2024-08-29 08:24:25
148 1.3021893501281738 0.5 2024-08-29 08:24:33
149 1.3177882432937622 0.5 2024-08-29 08:24:41
41
41
1 1.892275333404541 0.0 2024-08-29 08:24:44
2 1.8944941759109497 0.024390243902439025 2024-08-29 08:24:44
3 1.89828360080719 0.024390243902439025 2024-08-29 08:24:44
4 1.8585888147354126 0.024390243902439025 2024-08-29 08:24:44
5 1.874977707862854 0.024390243902439025 2024-08-29 08:24:44
6 1.8497297763824463 0.024390243902439025 2024-08-29 08:24:44
7 1.817093849182129 0.024390243902439025 2024-08-29 08:24:44
8 1.8304048776626587 0.024390243902439025 2024-08-29 08:24:44
9 1.808815360069275 0.04878048780487805 2024-08-29 08:24:44
10 1.7946317195892334 0.04878048780487805 2024-08-29 08:24:44
11 1.7598696947097778 0.04878048780487805 2024-08-29 08:24:44
12 1.748410701751709 0.04878048780487805 2024-08-29 08:24:44
13 1.7390007972717285 0.04878048780487805 2024-08-29 08:24:44
14 1.7425446510314941 0.04878048780487805 2024-08-29 08:24:44
15 1.7152988910675049 0.04878048780487805 2024-08-29 08:24:44
16 1.7037526369094849 0.04878048780487805 2024-08-29 08:24:44
17 1.7179406881332397 0.04878048780487805 2024-08-29 08:24:44
18 1.6855683326721191 0.04878048780487805 2024-08-29 08:24:45
19 1.6888736486434937 0.04878048780487805 2024-08-29 08:24:45
20 1.6668457984924316 0.04878048780487805 2024-08-29 08:24:45
21 1.657630205154419 0.04878048780487805 2024-08-29 08:24:45
22 1.6484460830688477 0.04878048780487805 2024-08-29 08:24:45
23 1.6417585611343384 0.3902439024390244 2024-08-29 08:24:45
24 1.6550302505493164 0.3902439024390244 2024-08-29 08:24:45
25 1.6369184255599976 0.3902439024390244 2024-08-29 08:24:45
26 1.6194998025894165 0.3902439024390244 2024-08-29 08:24:45
27 1.63332998752594 0.3902439024390244 2024-08-29 08:24:45
28 1.6178276538848877 0.3902439024390244 2024-08-29 08:24:45
29 1.598074197769165 0.3902439024390244 2024-08-29 08:24:45
30 1.6140687465667725 0.3902439024390244 2024-08-29 08:24:45
31 1.5856211185455322 0.3902439024390244 2024-08-29 08:24:45
32 1.580005407333374 0.3902439024390244 2024-08-29 08:24:45
33 1.5735629796981812 0.3902439024390244 2024-08-29 08:24:45
34 1.5655080080032349 0.3902439024390244 2024-08-29 08:24:45
35 1.5728282928466797 0.3902439024390244 2024-08-29 08:24:45
36 1.5669575929641724 0.3902439024390244 2024-08-29 08:24:45
37 1.5607315301895142 0.3902439024390244 2024-08-29 08:24:45
38 1.54229736328125 0.3902439024390244 2024-08-29 08:24:45
39 1.5606998205184937 0.3902439024390244 2024-08-29 08:24:45
40 1.536541223526001 0.3902439024390244 2024-08-29 08:24:45
41 1.5524381399154663 0.3902439024390244 2024-08-29 08:24:45
42 1.5234547853469849 0.3902439024390244 2024-08-29 08:24:46
43 1.5183902978897095 0.3902439024390244 2024-08-29 08:24:46
44 1.5152455568313599 0.3902439024390244 2024-08-29 08:24:46
45 1.5351228713989258 0.3902439024390244 2024-08-29 08:24:46
46 1.5070830583572388 0.3902439024390244 2024-08-29 08:24:46
47 1.5157456398010254 0.3902439024390244 2024-08-29 08:24:46
48 1.52303946018219 0.3902439024390244 2024-08-29 08:24:46
49 1.5229339599609375 0.3902439024390244 2024-08-29 08:24:46
50 1.4931445121765137 0.3902439024390244 2024-08-29 08:24:46
51 1.4909240007400513 0.3902439024390244 2024-08-29 08:24:46
52 1.4864699840545654 0.3902439024390244 2024-08-29 08:24:46
53 1.4828150272369385 0.3902439024390244 2024-08-29 08:24:46
54 1.4938021898269653 0.3902439024390244 2024-08-29 08:24:46
55 1.4776078462600708 0.3902439024390244 2024-08-29 08:24:46
56 1.4859803915023804 0.3902439024390244 2024-08-29 08:24:46
57 1.4724997282028198 0.3902439024390244 2024-08-29 08:24:46
58 1.468447208404541 0.3902439024390244 2024-08-29 08:24:46
59 1.479138731956482 0.3902439024390244 2024-08-29 08:24:46
60 1.4626237154006958 0.3902439024390244 2024-08-29 08:24:46
61 1.4603004455566406 0.3902439024390244 2024-08-29 08:24:46
62 1.4563572406768799 0.3902439024390244 2024-08-29 08:24:46
63 1.468467354774475 0.3902439024390244 2024-08-29 08:24:46
64 1.4524575471878052 0.3902439024390244 2024-08-29 08:24:46
65 1.4645779132843018 0.3902439024390244 2024-08-29 08:24:47
66 1.4483394622802734 0.3902439024390244 2024-08-29 08:24:47
67 1.4469951391220093 0.3902439024390244 2024-08-29 08:24:47
68 1.4431860446929932 0.3902439024390244 2024-08-29 08:24:47
69 1.4406181573867798 0.3902439024390244 2024-08-29 08:24:47
70 1.4524669647216797 0.3902439024390244 2024-08-29 08:24:47
71 1.4506059885025024 0.3902439024390244 2024-08-29 08:24:47
72 1.449647068977356 0.36585365853658536 2024-08-29 08:24:47
73 1.4471713304519653 0.36585365853658536 2024-08-29 08:24:47
74 1.4445756673812866 0.36585365853658536 2024-08-29 08:24:47
75 1.4422541856765747 0.36585365853658536 2024-08-29 08:24:47
76 1.4438270330429077 0.36585365853658536 2024-08-29 08:24:47
77 1.438428282737732 0.36585365853658536 2024-08-29 08:24:47
78 1.4251493215560913 0.04878048780487805 2024-08-29 08:24:47
79 1.4497504234313965 0.04878048780487805 2024-08-29 08:24:47
80 1.4356530904769897 0.04878048780487805 2024-08-29 08:24:47
81 1.4347858428955078 0.04878048780487805 2024-08-29 08:24:47
82 1.4346888065338135 0.04878048780487805 2024-08-29 08:24:47
83 1.4456543922424316 0.04878048780487805 2024-08-29 08:24:47
84 1.4337732791900635 0.36585365853658536 2024-08-29 08:24:47
85 1.419819951057434 0.36585365853658536 2024-08-29 08:24:47
86 1.4171260595321655 0.36585365853658536 2024-08-29 08:24:47
87 1.430654525756836 0.36585365853658536 2024-08-29 08:24:47
88 1.413333535194397 0.36585365853658536 2024-08-29 08:24:47
89 1.4115878343582153 0.36585365853658536 2024-08-29 08:24:48
90 1.4232158660888672 0.36585365853658536 2024-08-29 08:24:48
91 1.4067949056625366 0.36585365853658536 2024-08-29 08:24:48
92 1.409338116645813 0.04878048780487805 2024-08-29 08:24:48
93 1.4267252683639526 0.04878048780487805 2024-08-29 08:24:48
94 1.4019505977630615 0.04878048780487805 2024-08-29 08:24:48
95 1.4120985269546509 0.04878048780487805 2024-08-29 08:24:48
96 1.3968498706817627 0.04878048780487805 2024-08-29 08:24:48
97 1.4135346412658691 0.04878048780487805 2024-08-29 08:24:48
98 1.412332534790039 0.04878048780487805 2024-08-29 08:24:48
99 1.4073576927185059 0.04878048780487805 2024-08-29 08:24:48
100 1.380066156387329 0.04878048780487805 2024-08-29 08:24:48
101 1.3754558563232422 0.04878048780487805 2024-08-29 08:24:48
102 1.396579623222351 0.04878048780487805 2024-08-29 08:24:48
103 1.3946845531463623 0.07317073170731707 2024-08-29 08:24:48
104 1.366964340209961 0.07317073170731707 2024-08-29 08:24:48
105 1.378968358039856 0.07317073170731707 2024-08-29 08:24:48
106 1.379042148590088 0.07317073170731707 2024-08-29 08:24:48
107 1.3790385723114014 0.07317073170731707 2024-08-29 08:24:48
108 1.3700975179672241 0.3902439024390244 2024-08-29 08:24:48
109 1.3736692667007446 0.3902439024390244 2024-08-29 08:24:48
110 1.3500012159347534 0.3902439024390244 2024-08-29 08:24:48
111 1.3453030586242676 0.4146341463414634 2024-08-29 08:24:48
112 1.3692377805709839 0.4146341463414634 2024-08-29 08:24:49
113 1.3435988426208496 0.4146341463414634 2024-08-29 08:24:49
114 1.3620233535766602 0.4146341463414634 2024-08-29 08:24:49
115 1.3386435508728027 0.4146341463414634 2024-08-29 08:24:49
116 1.341291069984436 0.4146341463414634 2024-08-29 08:24:49
117 1.3614013195037842 0.4146341463414634 2024-08-29 08:24:49
118 1.3616255521774292 0.4146341463414634 2024-08-29 08:24:49
119 1.3623981475830078 0.4146341463414634 2024-08-29 08:24:49
120 1.3365716934204102 0.4146341463414634 2024-08-29 08:24:49
121 1.3390085697174072 0.4146341463414634 2024-08-29 08:24:49
122 1.3377519845962524 0.4146341463414634 2024-08-29 08:24:49
123 1.3598575592041016 0.4146341463414634 2024-08-29 08:24:49
124 1.3386679887771606 0.4146341463414634 2024-08-29 08:24:49
125 1.3350207805633545 0.4146341463414634 2024-08-29 08:24:49
126 1.3379366397857666 0.4146341463414634 2024-08-29 08:24:49
127 1.3600560426712036 0.4146341463414634 2024-08-29 08:24:49
128 1.3579657077789307 0.4146341463414634 2024-08-29 08:24:49
129 1.3566206693649292 0.4146341463414634 2024-08-29 08:24:49
130 1.3580390214920044 0.4146341463414634 2024-08-29 08:24:49
131 1.3545438051223755 0.4146341463414634 2024-08-29 08:24:49
132 1.3325246572494507 0.4146341463414634 2024-08-29 08:24:49
133 1.357363224029541 0.4146341463414634 2024-08-29 08:24:49
134 1.3555744886398315 0.4146341463414634 2024-08-29 08:24:49
135 1.355103611946106 0.4146341463414634 2024-08-29 08:24:49
136 1.3479866981506348 0.4146341463414634 2024-08-29 08:24:50
137 1.3472557067871094 0.4146341463414634 2024-08-29 08:24:50
138 1.3477933406829834 0.4146341463414634 2024-08-29 08:24:50
139 1.3456919193267822 0.4146341463414634 2024-08-29 08:24:50
140 1.3233219385147095 0.4146341463414634 2024-08-29 08:24:50
141 1.323016881942749 0.4146341463414634 2024-08-29 08:24:50
142 1.3208645582199097 0.4146341463414634 2024-08-29 08:24:50
143 1.3193529844284058 0.4146341463414634 2024-08-29 08:24:50
144 1.3189315795898438 0.4146341463414634 2024-08-29 08:24:50
145 1.31817626953125 0.4146341463414634 2024-08-29 08:24:50
146 1.3172670602798462 0.4146341463414634 2024-08-29 08:24:50
147 1.3383827209472656 0.4146341463414634 2024-08-29 08:24:50
148 1.3163526058197021 0.4146341463414634 2024-08-29 08:24:50
149 1.31557297706604 0.3902439024390244 2024-08-29 08:24:50
25
16
1 1.6436957120895386 0.0 2024-08-29 08:24:50
2 1.6360809803009033 0.0 2024-08-29 08:24:50
3 1.6245592832565308 0.0 2024-08-29 08:24:50
4 1.610334038734436 0.0 2024-08-29 08:24:50
5 1.5943174362182617 0.0 2024-08-29 08:24:50
6 1.577195167541504 0.0 2024-08-29 08:24:50
7 1.56059992313385 0.0 2024-08-29 08:24:50
8 1.5416558980941772 0.0 2024-08-29 08:24:50
9 1.523982286453247 0.0 2024-08-29 08:24:50
10 1.506699800491333 0.0 2024-08-29 08:24:50
11 1.4900076389312744 0.0 2024-08-29 08:24:50
12 1.4740251302719116 0.0 2024-08-29 08:24:50
13 1.4588117599487305 0.0 2024-08-29 08:24:50
14 1.444441795349121 0.0 2024-08-29 08:24:50
15 1.4309437274932861 0.44 2024-08-29 08:24:50
16 1.418280839920044 0.44 2024-08-29 08:24:50
17 1.4064664840698242 0.44 2024-08-29 08:24:50
18 1.395479679107666 0.44 2024-08-29 08:24:50
19 1.38525390625 0.44 2024-08-29 08:24:50
20 1.3757891654968262 0.44 2024-08-29 08:24:50
21 1.3670140504837036 0.44 2024-08-29 08:24:50
22 1.3588966131210327 0.44 2024-08-29 08:24:50
23 1.3513970375061035 0.44 2024-08-29 08:24:50
24 1.344477653503418 0.44 2024-08-29 08:24:50
25 1.338072657585144 0.44 2024-08-29 08:24:50
26 1.3321473598480225 0.44 2024-08-29 08:24:50
27 1.3266736268997192 0.44 2024-08-29 08:24:51
28 1.3216220140457153 0.44 2024-08-29 08:24:51
29 1.3169292211532593 0.44 2024-08-29 08:24:51
30 1.312569260597229 0.44 2024-08-29 08:24:51
31 1.308558702468872 0.44 2024-08-29 08:24:51
32 1.3048194646835327 0.44 2024-08-29 08:24:51
33 1.3013392686843872 0.44 2024-08-29 08:24:51
34 1.2981103658676147 0.44 2024-08-29 08:24:51
35 1.2950966358184814 0.44 2024-08-29 08:24:51
36 1.292273759841919 0.44 2024-08-29 08:24:51
37 1.2896581888198853 0.44 2024-08-29 08:24:51
38 1.287193775177002 0.44 2024-08-29 08:24:51
39 1.2848854064941406 0.44 2024-08-29 08:24:51
40 1.282731056213379 0.44 2024-08-29 08:24:51
41 1.2806934118270874 0.44 2024-08-29 08:24:51
42 1.2787823677062988 0.44 2024-08-29 08:24:51
43 1.2769979238510132 0.44 2024-08-29 08:24:51
44 1.2752805948257446 0.44 2024-08-29 08:24:51
45 1.2736788988113403 0.44 2024-08-29 08:24:51
46 1.2721648216247559 0.44 2024-08-29 08:24:51
47 1.2707184553146362 0.44 2024-08-29 08:24:51
48 1.269355297088623 0.44 2024-08-29 08:24:51
49 1.268049955368042 0.44 2024-08-29 08:24:51
50 1.2668107748031616 0.44 2024-08-29 08:24:51
51 1.2656267881393433 0.44 2024-08-29 08:24:51
52 1.2645134925842285 0.44 2024-08-29 08:24:51
53 1.2634387016296387 0.44 2024-08-29 08:24:51
54 1.2624160051345825 0.44 2024-08-29 08:24:51
55 1.2614232301712036 0.44 2024-08-29 08:24:51
56 1.2604798078536987 0.44 2024-08-29 08:24:51
57 1.2595747709274292 0.44 2024-08-29 08:24:51
58 1.258705496788025 0.44 2024-08-29 08:24:51
59 1.2578670978546143 0.44 2024-08-29 08:24:51
60 1.2570695877075195 0.44 2024-08-29 08:24:51
61 1.2562947273254395 0.44 2024-08-29 08:24:51
62 1.2555516958236694 0.44 2024-08-29 08:24:51
63 1.254814863204956 0.44 2024-08-29 08:24:51
64 1.2541139125823975 0.44 2024-08-29 08:24:51
65 1.2534403800964355 0.44 2024-08-29 08:24:51
66 1.2527998685836792 0.44 2024-08-29 08:24:51
67 1.2521767616271973 0.44 2024-08-29 08:24:51
68 1.2515650987625122 0.44 2024-08-29 08:24:51
69 1.250964641571045 0.44 2024-08-29 08:24:51
70 1.2503927946090698 0.44 2024-08-29 08:24:51
71 1.2498230934143066 0.44 2024-08-29 08:24:51
72 1.249283790588379 0.44 2024-08-29 08:24:51
73 1.248755931854248 0.44 2024-08-29 08:24:51
74 1.2482526302337646 0.44 2024-08-29 08:24:51
75 1.2477492094039917 0.44 2024-08-29 08:24:51
76 1.247259259223938 0.44 2024-08-29 08:24:51
77 1.2467808723449707 0.44 2024-08-29 08:24:51
78 1.2463252544403076 0.44 2024-08-29 08:24:51
79 1.245863437652588 0.44 2024-08-29 08:24:51
80 1.2454332113265991 0.44 2024-08-29 08:24:51
81 1.244992971420288 0.44 2024-08-29 08:24:51
82 1.2445731163024902 0.44 2024-08-29 08:24:51
83 1.2441726922988892 0.44 2024-08-29 08:24:51
84 1.243758201599121 0.44 2024-08-29 08:24:51
85 1.2433712482452393 0.44 2024-08-29 08:24:51
86 1.2429934740066528 0.44 2024-08-29 08:24:51
87 1.2426176071166992 0.44 2024-08-29 08:24:51
88 1.2422465085983276 0.44 2024-08-29 08:24:51
89 1.241878867149353 0.44 2024-08-29 08:24:51
90 1.24153470993042 0.44 2024-08-29 08:24:51
91 1.2411856651306152 0.44 2024-08-29 08:24:51
92 1.2408361434936523 0.44 2024-08-29 08:24:51
93 1.2405048608779907 0.44 2024-08-29 08:24:51
94 1.240187168121338 0.44 2024-08-29 08:24:51
95 1.2398682832717896 0.44 2024-08-29 08:24:51
96 1.2395434379577637 0.44 2024-08-29 08:24:52
97 1.2392407655715942 0.44 2024-08-29 08:24:52
98 1.2389345169067383 0.44 2024-08-29 08:24:52
99 1.2386378049850464 0.44 2024-08-29 08:24:52
100 1.2383369207382202 0.44 2024-08-29 08:24:52
101 1.2380459308624268 0.44 2024-08-29 08:24:52
102 1.2377618551254272 0.44 2024-08-29 08:24:52
103 1.2374895811080933 0.44 2024-08-29 08:24:52
104 1.237216591835022 0.44 2024-08-29 08:24:52
105 1.2369462251663208 0.44 2024-08-29 08:24:52
106 1.2366782426834106 0.44 2024-08-29 08:24:52
107 1.236415982246399 0.44 2024-08-29 08:24:52
108 1.2361501455307007 0.44 2024-08-29 08:24:52
109 1.235897183418274 0.44 2024-08-29 08:24:52
110 1.2356537580490112 0.44 2024-08-29 08:24:52
111 1.235400915145874 0.44 2024-08-29 08:24:52
112 1.2351568937301636 0.44 2024-08-29 08:24:52
113 1.2349250316619873 0.44 2024-08-29 08:24:52
114 1.2346898317337036 0.44 2024-08-29 08:24:52
115 1.2344579696655273 0.44 2024-08-29 08:24:52
116 1.2342280149459839 0.44 2024-08-29 08:24:52
117 1.2339926958084106 0.44 2024-08-29 08:24:52
118 1.2337775230407715 0.44 2024-08-29 08:24:52
119 1.2335485219955444 0.44 2024-08-29 08:24:52
120 1.2333323955535889 0.44 2024-08-29 08:24:52
121 1.2331178188323975 0.44 2024-08-29 08:24:52
122 1.2329059839248657 0.44 2024-08-29 08:24:52
123 1.2326968908309937 0.44 2024-08-29 08:24:52
124 1.2324906587600708 0.44 2024-08-29 08:24:52
125 1.2322862148284912 0.44 2024-08-29 08:24:52
126 1.2320857048034668 0.44 2024-08-29 08:24:52
127 1.2318938970565796 0.44 2024-08-29 08:24:52
128 1.231690526008606 0.44 2024-08-29 08:24:52
129 1.2314960956573486 0.44 2024-08-29 08:24:52
130 1.2313117980957031 0.44 2024-08-29 08:24:52
131 1.2311153411865234 0.44 2024-08-29 08:24:52
132 1.2309356927871704 0.44 2024-08-29 08:24:52
133 1.2307437658309937 0.44 2024-08-29 08:24:52
134 1.2305675745010376 0.44 2024-08-29 08:24:52
135 1.230379581451416 0.44 2024-08-29 08:24:52
136 1.2302011251449585 0.44 2024-08-29 08:24:52
137 1.230024814605713 0.44 2024-08-29 08:24:52
138 1.229856252670288 0.44 2024-08-29 08:24:52
139 1.2296768426895142 0.44 2024-08-29 08:24:52
140 1.2295058965682983 0.44 2024-08-29 08:24:52
141 1.2293365001678467 0.44 2024-08-29 08:24:52
142 1.2291693687438965 0.44 2024-08-29 08:24:52
143 1.229009985923767 0.44 2024-08-29 08:24:52
144 1.2288463115692139 0.44 2024-08-29 08:24:52
145 1.2286781072616577 0.44 2024-08-29 08:24:52
146 1.2285236120224 0.44 2024-08-29 08:24:52
147 1.2283648252487183 0.44 2024-08-29 08:24:52
148 1.228201150894165 0.44 2024-08-29 08:24:52
149 1.2280455827713013 0.44 2024-08-29 08:24:52
14
11
1 1.518298864364624 0.0 2024-08-29 08:24:52
2 1.5145388841629028 0.0 2024-08-29 08:24:52
3 1.5075958967208862 0.0 2024-08-29 08:24:52
4 1.4979658126831055 0.0 2024-08-29 08:24:52
5 1.4861037731170654 0.0 2024-08-29 08:24:52
6 1.4724558591842651 0.0 2024-08-29 08:24:52
7 1.4574134349822998 0.0 2024-08-29 08:24:52
8 1.4413217306137085 0.0 2024-08-29 08:24:52
9 1.4245065450668335 0.0 2024-08-29 08:24:52
10 1.4072421789169312 0.0 2024-08-29 08:24:52
11 1.3897645473480225 0.0 2024-08-29 08:24:52
12 1.3722683191299438 0.0 2024-08-29 08:24:52
13 1.3549344539642334 0.0 2024-08-29 08:24:52
14 1.3378942012786865 0.0 2024-08-29 08:24:53
15 1.3212577104568481 0.0 2024-08-29 08:24:53
16 1.3051260709762573 0.0 2024-08-29 08:24:53
17 1.2895342111587524 0.0 2024-08-29 08:24:53
18 1.2745401859283447 0.0 2024-08-29 08:24:53
19 1.26015305519104 0.0 2024-08-29 08:24:53
20 1.246429443359375 0.0 2024-08-29 08:24:53
21 1.2333790063858032 0.0 2024-08-29 08:24:53
22 1.2209510803222656 0.0 2024-08-29 08:24:53
23 1.2091306447982788 0.0 2024-08-29 08:24:53
24 1.197954773902893 0.0 2024-08-29 08:24:53
25 1.1873762607574463 0.0 2024-08-29 08:24:53
26 1.1774036884307861 0.0 2024-08-29 08:24:53
27 1.1679500341415405 0.0 2024-08-29 08:24:53
28 1.1589858531951904 0.0 2024-08-29 08:24:53
29 1.1505482196807861 0.0 2024-08-29 08:24:53
30 1.1425786018371582 0.0 2024-08-29 08:24:53
31 1.1350855827331543 0.0 2024-08-29 08:24:53
32 1.1279724836349487 0.0 2024-08-29 08:24:53
33 1.1212482452392578 0.0 2024-08-29 08:24:53
34 1.1148515939712524 0.0 2024-08-29 08:24:53
35 1.108833909034729 0.0 2024-08-29 08:24:53
36 1.1031358242034912 0.0 2024-08-29 08:24:53
37 1.097737193107605 0.0 2024-08-29 08:24:53
38 1.0926185846328735 0.0 2024-08-29 08:24:53
39 1.0877618789672852 0.0 2024-08-29 08:24:53
40 1.0831501483917236 0.0 2024-08-29 08:24:53
41 1.0788084268569946 0.0 2024-08-29 08:24:53
42 1.074600100517273 0.0 2024-08-29 08:24:53
43 1.070632815361023 0.0 2024-08-29 08:24:53
44 1.0668537616729736 0.0 2024-08-29 08:24:53
45 1.0632928609848022 0.0 2024-08-29 08:24:53
46 1.0598560571670532 0.0 2024-08-29 08:24:53
47 1.056573748588562 0.0 2024-08-29 08:24:53
48 1.0533950328826904 0.0 2024-08-29 08:24:53
49 1.0504380464553833 0.0 2024-08-29 08:24:53
50 1.0475672483444214 0.0 2024-08-29 08:24:53
51 1.0448172092437744 0.0 2024-08-29 08:24:53
52 1.0421377420425415 0.0 2024-08-29 08:24:53
53 1.0396085977554321 0.0 2024-08-29 08:24:53
54 1.0371803045272827 0.0 2024-08-29 08:24:53
55 1.0348471403121948 0.0 2024-08-29 08:24:53
56 1.032603144645691 0.0 2024-08-29 08:24:53
57 1.030487298965454 0.0 2024-08-29 08:24:53
58 1.028408169746399 0.0 2024-08-29 08:24:53
59 1.0263605117797852 0.0 2024-08-29 08:24:53
60 1.0244710445404053 0.0 2024-08-29 08:24:53
61 1.022605299949646 0.0 2024-08-29 08:24:53
62 1.020760416984558 0.0 2024-08-29 08:24:53
63 1.019018530845642 0.0 2024-08-29 08:24:53
64 1.0173768997192383 0.0 2024-08-29 08:24:53
65 1.0157458782196045 0.0 2024-08-29 08:24:53
66 1.0141232013702393 0.0 2024-08-29 08:24:53
67 1.0126347541809082 0.0 2024-08-29 08:24:53
68 1.0111068487167358 0.0 2024-08-29 08:24:53
69 1.0097081661224365 0.0 2024-08-29 08:24:53
70 1.008307933807373 0.0 2024-08-29 08:24:53
71 1.006905198097229 0.0 2024-08-29 08:24:53
72 1.0055822134017944 0.0 2024-08-29 08:24:53
73 1.0043374300003052 0.0 2024-08-29 08:24:53
74 1.0030421018600464 0.0 2024-08-29 08:24:53
75 1.0018638372421265 0.0 2024-08-29 08:24:53
76 1.000632405281067 0.0 2024-08-29 08:24:53
77 0.999515175819397 0.0 2024-08-29 08:24:53
1 0.9983419179916382 0.0 2024-08-29 08:24:53
1 0.997279703617096 0.0 2024-08-29 08:24:53
Finish training graph 0 2024-08-29 08:24:53
Start validating 2024-08-29 08:24:53
../graphchi-cpp-master/graph_data/darpatc/cadets_test.txt 2024-08-29 08:24:54
Data(edge_index=[2, 4316489], test_mask=[357174], train_mask=[357174], x=[357174, 56], y=[357174])
validating in model  0
fp and fn:  92086 265088
Precision:  0.13220998055735567
Recall:  0.9999999999999922
validating in model  1
fp and fn:  20141 71945
Precision:  0.5082453434571104
Recall:  0.9999999999999922
validating in model  2
fp and fn:  12718 7423
Precision:  0.5586956521739107
Recall:  0.9998443821973156
validating in model  3
fp and fn:  8752 3966
Precision:  0.6748240731015615
Recall:  0.9998443821973156
validating in model  4
fp and fn:  7385 1367
Precision:  0.7262348818808595
Recall:  0.9998443821973156
Resource usage: resource.struct_rusage(ru_utime=16250.287063, ru_stime=1986.742557, ru_maxrss=3017284, ru_ixrss=0, ru_idrss=0, ru_isrss=0, ru_minflt=297197660, ru_majflt=1727, ru_nswap=0, ru_inblock=2615136, ru_oublock=251496, ru_msgsnd=0, ru_msgrcv=0, ru_nsignals=0, ru_nvcsw=6802347, ru_nivcsw=89393) 2024-08-29 08:27:36
