Sat 31 Aug 2024 07:47:17 IDT

SLURM_JOBID:		 981358
SLURM_JOB_NODELIST:	 ise-cpu-intl-08 


executing python ./train_darpatc.py --scene trace
rm: cannot remove 'result_*': No such file or directory
Start training graph 0 2024-08-31 07:47:46
Data(edge_index=[2, 3572351], test_mask=[1271939], train_mask=[1271939], x=[1271939, 46], y=[1271939])
feature  46 ; label  11
1 56.237089465434615 0.8713075076713584 2024-08-31 07:50:45
2 9.765639642896655 0.9257904663667047 2024-08-31 07:53:18
3 5.366556145815419 0.9287159211251483 2024-08-31 07:55:51
4 1.9772019218435484 0.9425923727474352 2024-08-31 07:58:24
5 2.407979802501671 0.9493945857466435 2024-08-31 08:00:54
6 2.2109123556234693 0.9504268679551456 2024-08-31 08:03:24
7 1.4386296264914082 0.9503427444240644 2024-08-31 08:05:54
8 1.126846154466565 0.9466200816234112 2024-08-31 08:08:26
9 0.8700006638664514 0.9401347077179015 2024-08-31 08:10:57
10 0.749548065094697 0.8255010656957605 2024-08-31 08:13:27
11 0.8564566615835628 0.7790782419597166 2024-08-31 08:15:58
12 0.8358077830421262 0.7557249207705715 2024-08-31 08:18:29
13 0.9187407912600192 0.655738207571275 2024-08-31 08:21:00
14 0.9711649533462332 0.7616080645376861 2024-08-31 08:23:31
15 0.8882885845114982 0.8913493493005561 2024-08-31 08:26:02
16 1.3843618337067738 0.6293139843970504 2024-08-31 08:28:33
17 1.0358132921904168 0.6302951635259239 2024-08-31 08:31:04
18 1.5247463874673859 0.6066132102247042 2024-08-31 08:33:35
19 1.1282002027206277 0.6262509444242216 2024-08-31 08:36:06
20 1.1359265635578388 0.6266133831889736 2024-08-31 08:38:37
21 1.2628144847617633 0.62602844947753 2024-08-31 08:41:08
22 1.2653159927257582 0.6265166804382915 2024-08-31 08:43:36
23 1.2511514599207907 0.6260543941179569 2024-08-31 08:46:03
24 1.0512727551787062 0.6269082086483707 2024-08-31 08:48:33
25 1.0569398159985044 0.6260575389228572 2024-08-31 08:51:04
26 1.082622657970575 0.5921911349522265 2024-08-31 08:53:34
27 1.0758840599126183 0.5907476695030186 2024-08-31 08:56:04
28 1.0749859464369405 0.593804419866047 2024-08-31 08:58:35
29 1.0650223122531526 0.5881760052958515 2024-08-31 09:01:06
523815
748124
1 1.2409000126785694 0.756604908221414 2024-08-31 09:06:13
2 1.0249294027180182 0.797586934318414 2024-08-31 09:07:19
3 0.8821513558868285 0.8177295419184254 2024-08-31 09:08:25
95476
428339
1 2.987259917966611 0.07488792995098245 2024-08-31 09:10:29
2 2.4697771214276165 0.06988143617244125 2024-08-31 09:10:48
3 2.052027653871711 0.07038418031756671 2024-08-31 09:11:08
4 1.8059667451494854 0.09507101261049897 2024-08-31 09:11:27
5 1.6792853029498738 0.3341153797813063 2024-08-31 09:11:47
6 1.5913441019866508 0.5396434706104152 2024-08-31 09:12:06
7 1.4981172460131074 0.5052683396874608 2024-08-31 09:12:26
8 1.4506857659421293 0.5033725753068834 2024-08-31 09:12:45
9 1.4142794822127276 0.50305836021618 2024-08-31 09:13:05
10 1.471283931891796 0.06360760819472956 2024-08-31 09:13:24
11 6.707802394302546 0.5093426620302485 2024-08-31 09:13:44
12 9.292371707477663 0.8083183208345552 2024-08-31 09:14:04
13 3.8224570831360345 0.8112300473417403 2024-08-31 09:14:23
14 5.023492381446767 0.8113347857053081 2024-08-31 09:14:43
15 4.770006293065637 0.8136390297037999 2024-08-31 09:15:02
16 8.729898173096284 0.8136390297037999 2024-08-31 09:15:22
17 5.35714512691604 0.8135971343583728 2024-08-31 09:15:41
18 5.090254441222236 0.8136599773765135 2024-08-31 09:16:01
19 4.005245192256753 0.8136809250492271 2024-08-31 09:16:20
20 9.16973185077771 0.8138694541036491 2024-08-31 09:16:40
21 8.208284743205786 0.8139322971217897 2024-08-31 09:17:00
22 6.1219318101320095 0.814351250576061 2024-08-31 09:17:19
23 6.689308084874335 0.8142779337215635 2024-08-31 09:17:39
24 3.9716248161289895 0.8140684569944279 2024-08-31 09:17:58
25 4.17252790911156 0.8139637186308601 2024-08-31 09:18:18
26 3.3891374523616005 0.8144140935942017 2024-08-31 09:18:38
27 3.870305975619497 0.8144664627759856 2024-08-31 09:18:58
28 2.6232477211791654 0.814445515103272 2024-08-31 09:19:17
29 5.692649074254179 0.8144769366123423 2024-08-31 09:19:36
30 5.04938261366304 0.8186978926641251 2024-08-31 09:19:55
31 5.899525672678347 0.818792157191336 2024-08-31 09:20:15
32 4.524930591427229 0.8145293057941263 2024-08-31 09:20:34
33 2.1282325722423923 0.8145607273031966 2024-08-31 09:20:54
34 3.4422087080293178 0.8143303029033474 2024-08-31 09:21:13
35 3.3157090198569668 0.8166135992291257 2024-08-31 09:21:32
36 2.67534914154074 0.8155766894298043 2024-08-31 09:21:51
37 1.576451123559863 0.8163412794838494 2024-08-31 09:22:10
38 1.323706490519839 0.8147702040303322 2024-08-31 09:22:30
39 1.2671440947145214 0.8156185847752315 2024-08-31 09:22:49
40 1.2423425574667057 0.8168754451380451 2024-08-31 09:23:09
41 1.4781161550377975 0.3447672713561523 2024-08-31 09:23:28
42 1.4013199840174717 0.34374083539318784 2024-08-31 09:23:48
43 1.3428741986413242 0.34490343122879047 2024-08-31 09:24:07
44 1.295807583525142 0.3431961959026352 2024-08-31 09:24:26
45 1.273370267763641 0.5828480455821359 2024-08-31 09:24:46
46 1.2461662501792183 0.5824395659642214 2024-08-31 09:25:05
47 1.238116186741605 0.583937324563241 2024-08-31 09:25:24
48 1.235056937722258 0.5810570195651263 2024-08-31 09:25:43
49 1.2442934738385563 0.574856508441912 2024-08-31 09:26:03
50 1.21985499418058 0.5847228622899996 2024-08-31 09:26:22
51 1.2120463391034364 0.5851103942352005 2024-08-31 09:26:42
52 1.2194243057206946 0.578543298839499 2024-08-31 09:27:01
53 1.2069231878752742 0.5832251036909799 2024-08-31 09:27:20
54 1.2072506469687168 0.5882630189785915 2024-08-31 09:27:40
55 1.19663938476551 0.5865243621433659 2024-08-31 09:27:59
56 1.1931019724027179 0.5908395827223596 2024-08-31 09:28:18
57 1.1874940101389881 0.5596799195609368 2024-08-31 09:28:38
58 2.186825845012707 0.5497821442037789 2024-08-31 09:28:57
59 1.2139407342377933 0.5532908793833005 2024-08-31 09:29:16
60 1.2110948178259637 0.5585173237253341 2024-08-31 09:29:36
61 1.2030294120394143 0.5691692153001802 2024-08-31 09:29:55
62 1.21017398564136 0.6164062172692614 2024-08-31 09:30:14
63 1.777656525444628 0.571326825589677 2024-08-31 09:30:33
64 1.220971499781309 0.5693263228455319 2024-08-31 09:30:53
65 1.2113612678234886 0.5531442456743055 2024-08-31 09:31:13
66 1.2029754224922895 0.5688131048640496 2024-08-31 09:31:32
67 1.1981106798261976 0.5787632494029913 2024-08-31 09:31:52
68 1.253870258808156 0.5715153546440991 2024-08-31 09:32:11
69 1.223005920467531 0.5658385353387239 2024-08-31 09:32:30
70 1.2093193459717568 0.5812560224559051 2024-08-31 09:32:50
71 1.2303722316186256 0.572091415643722 2024-08-31 09:33:09
72 1.2318579245734371 0.5515417487117181 2024-08-31 09:33:29
73 1.225620948193065 0.5664983870292011 2024-08-31 09:33:48
74 1.219462570878806 0.5797896853659559 2024-08-31 09:34:08
75 1.2179635469103105 0.5797582638568854 2024-08-31 09:34:27
76 1.2184458880077096 0.5796639993296745 2024-08-31 09:34:47
77 1.2146982702523104 0.5814445515103273 2024-08-31 09:35:06
78 1.2189700474082423 0.5795278394570363 2024-08-31 09:35:25
79 1.2110967223727862 0.5818635049645985 2024-08-31 09:35:45
80 1.2095207603222773 0.5817797142737442 2024-08-31 09:36:04
81 1.2111750988273249 0.5775901797310319 2024-08-31 09:36:23
82 1.2058436831369583 0.5821358247098747 2024-08-31 09:36:43
83 1.204119576747189 0.5798106330386694 2024-08-31 09:37:02
84 1.2041862128871572 0.581790188110101 2024-08-31 09:37:21
85 1.2011724363010028 0.5830575223092714 2024-08-31 09:37:40
86 1.191334809809068 0.5905567891407265 2024-08-31 09:37:59
87 1.1966397565972087 0.5880640160878127 2024-08-31 09:38:19
88 1.2863942500438112 0.5842934349993716 2024-08-31 09:38:38
89 1.2051435542189535 0.5866395743432905 2024-08-31 09:38:57
90 1.2015039323037398 0.5885143910511542 2024-08-31 09:39:17
91 1.1979519549270765 0.5898759897775357 2024-08-31 09:39:36
92 1.1954699978660022 0.6035548200594913 2024-08-31 09:39:55
93 1.3222240015899958 0.603093971259793 2024-08-31 09:40:14
94 1.1833838004561292 0.6103418660186853 2024-08-31 09:40:34
95 1.1856814816608483 0.6008525702794419 2024-08-31 09:40:53
96 1.1791624942829324 0.6120595751811974 2024-08-31 09:41:12
97 1.1764701237611204 0.6091269010012987 2024-08-31 09:41:31
98 1.192237450038789 0.5899283589593196 2024-08-31 09:41:50
99 1.166937101630952 0.6619150362394738 2024-08-31 09:42:10
100 1.3422791092190716 0.5973228874272069 2024-08-31 09:42:29
101 1.2130133276875905 0.5470484729146592 2024-08-31 09:42:48
102 1.2125608302704964 0.567262977083246 2024-08-31 09:43:08
103 1.2110881256794488 0.5617851606686497 2024-08-31 09:43:27
104 1.2094565459153555 0.5715258284804559 2024-08-31 09:43:47
105 1.2110110203877906 0.5799782144203779 2024-08-31 09:44:06
106 1.201684899157136 0.5812664962922619 2024-08-31 09:44:26
107 1.1997095512162157 0.5858330889438184 2024-08-31 09:44:45
108 1.1956939725533444 0.5866395743432905 2024-08-31 09:45:05
109 1.1924852966148536 0.5868490510704261 2024-08-31 09:45:24
110 1.1962870059012767 0.5861577778708785 2024-08-31 09:45:43
111 1.1924844634233769 0.5860006703255268 2024-08-31 09:46:03
112 1.1912625957990683 0.587854539360677 2024-08-31 09:46:22
113 1.1921983129682816 0.5883468096694457 2024-08-31 09:46:41
114 1.1900327668630901 0.5875717457790439 2024-08-31 09:46:59
115 1.1896879721898488 0.5870375801248481 2024-08-31 09:47:18
116 1.1945018286259323 0.5864824667979387 2024-08-31 09:47:37
117 1.1892518043727827 0.5894570363232645 2024-08-31 09:47:57
118 1.192772387948832 0.580973228874272 2024-08-31 09:48:15
119 1.1875739430416323 0.5908814780677867 2024-08-31 09:48:34
120 1.187009625727742 0.5892370857597721 2024-08-31 09:48:53
121 1.1838817929806031 0.5915203820855502 2024-08-31 09:49:12
122 1.189100467048486 0.5874565335791193 2024-08-31 09:49:31
123 1.18405210799029 0.5916565419581884 2024-08-31 09:49:50
124 1.18468903058375 0.5904625246135154 2024-08-31 09:50:09
125 1.180858744479798 0.5932380912480624 2024-08-31 09:50:28
126 1.1874640093125817 0.5829423101093468 2024-08-31 09:50:47
127 1.1741019391190486 0.5963069253005991 2024-08-31 09:51:07
128 1.1756528888041784 0.5934266203024844 2024-08-31 09:51:26
129 1.1479369405777384 0.2365515941178935 2024-08-31 09:51:45
130 3.3519302279804655 0.5895303531777619 2024-08-31 09:52:04
131 1.1763798443571585 0.5867233650341447 2024-08-31 09:52:23
132 1.166814902854698 0.5913528007038418 2024-08-31 09:52:42
133 1.1700502151298036 0.5902006787045959 2024-08-31 09:53:01
134 1.1681891646451716 0.5944216347563785 2024-08-31 09:53:21
135 1.1672184784704351 0.5945263731199464 2024-08-31 09:53:40
136 1.1684666369646455 0.5919917047216054 2024-08-31 09:53:59
137 1.1673477457697288 0.5936151493569064 2024-08-31 09:54:19
138 1.1721134732818268 0.5932276174117056 2024-08-31 09:54:39
139 1.1691974385991624 0.5921592861033139 2024-08-31 09:54:58
140 1.1744634407776942 0.5891009258871339 2024-08-31 09:55:18
141 1.174014977348221 0.5890695043780636 2024-08-31 09:55:37
142 1.18237627184862 0.5964535590095941 2024-08-31 09:55:57
143 1.1814293224713965 0.5832041560182664 2024-08-31 09:56:17
144 1.1812960678813216 0.5871108969793456 2024-08-31 09:56:36
145 1.1748491641118572 0.5924211320122335 2024-08-31 09:56:55
146 1.173956567543214 0.5944216347563785 2024-08-31 09:57:15
147 1.1803828118568522 0.5880849637605262 2024-08-31 09:57:34
148 1.2442641781494062 0.5943587917382379 2024-08-31 09:57:54
149 1.1814523991703803 0.5837278478361054 2024-08-31 09:58:13
39744
55732
1 1.797166399669724 0.020204307568438003 2024-08-31 09:58:49
2 1.7360336209936802 0.04121376811594203 2024-08-31 09:59:01
3 1.6745973298515098 0.054071054750402574 2024-08-31 09:59:14
4 1.610314380167571 0.5984802737520128 2024-08-31 09:59:27
5 1.558584041473562 0.6007950885668277 2024-08-31 09:59:40
6 1.514662976210244 0.6026821658615137 2024-08-31 09:59:53
7 1.4785925869300554 0.6030847423510467 2024-08-31 10:00:06
8 1.4464187336044803 0.6036131239935588 2024-08-31 10:00:19
9 1.416906794320174 0.6031099033816425 2024-08-31 10:00:32
10 1.3900953101747087 0.6043679549114331 2024-08-31 10:00:45
11 1.3787669270462843 0.6041666666666666 2024-08-31 10:00:58
12 1.3561014116482266 0.6039402173913043 2024-08-31 10:01:11
13 1.344489910464356 0.6034873188405797 2024-08-31 10:01:24
14 1.343933544057195 0.6037640901771336 2024-08-31 10:01:37
15 1.3109359764246549 0.6057014895330113 2024-08-31 10:01:50
16 1.2985507933941824 0.6059027777777778 2024-08-31 10:02:03
17 1.2899511497041838 0.6049969806763285 2024-08-31 10:02:16
18 1.2766835973170645 0.6055002012882448 2024-08-31 10:02:29
19 1.2699253794027796 0.605877616747182 2024-08-31 10:02:42
20 1.2615275664941892 0.6062047101449275 2024-08-31 10:02:55
21 1.2532495511470785 0.605600845410628 2024-08-31 10:03:09
22 1.25487624871846 0.5229468599033816 2024-08-31 10:03:22
23 1.4814917132042456 0.7159571256038647 2024-08-31 10:03:35
24 1.6601130857031894 0.6069595410628019 2024-08-31 10:03:48
25 1.2896692461293677 0.6071356682769726 2024-08-31 10:04:01
26 1.2479940922076 0.607613727858293 2024-08-31 10:04:14
27 1.2379991437717912 0.6060789049919485 2024-08-31 10:04:27
28 1.2300187359397539 0.6066576086956522 2024-08-31 10:04:40
29 1.2274984637224349 0.6066324476650563 2024-08-31 10:04:53
30 1.219358807288698 0.604669887278583 2024-08-31 10:05:06
31 1.2171076337136508 0.6090982286634461 2024-08-31 10:05:19
32 1.2176246976242933 0.6059782608695652 2024-08-31 10:05:32
33 1.2053779843660752 0.6049969806763285 2024-08-31 10:05:45
34 1.202908011558263 0.6127717391304348 2024-08-31 10:05:58
35 1.2059621047738478 0.6065821256038647 2024-08-31 10:06:11
36 1.2057360192571862 0.6069343800322061 2024-08-31 10:06:24
37 1.2036684974668106 0.6073621175523349 2024-08-31 10:06:37
38 1.1991485649908797 0.6059782608695652 2024-08-31 10:06:50
39 1.1932828169370042 0.6130233494363929 2024-08-31 10:07:03
40 1.190464789920671 0.6136523752012882 2024-08-31 10:07:16
41 1.1903803251239797 0.6139039855072463 2024-08-31 10:07:29
42 1.184957448027176 0.6139291465378421 2024-08-31 10:07:42
43 1.1878548035107181 0.6077395330112721 2024-08-31 10:07:55
44 1.1801376525378648 0.6082427536231884 2024-08-31 10:08:09
45 1.1796297372203326 0.6075634057971014 2024-08-31 10:08:22
46 1.1821764795388576 0.6075130837359098 2024-08-31 10:08:35
47 1.1754856214959073 0.6062550322061192 2024-08-31 10:08:48
48 1.1715905843197627 0.605877616747182 2024-08-31 10:09:01
49 1.1741155420884417 0.6087711352657005 2024-08-31 10:09:14
50 1.1711547387082988 0.6041666666666666 2024-08-31 10:09:27
51 1.17386612104141 0.603311191626409 2024-08-31 10:09:40
52 1.1675283813822097 0.6078653381642513 2024-08-31 10:09:53
53 1.1705091639561354 0.6075885668276972 2024-08-31 10:10:06
54 1.1613739925330195 0.6137781803542673 2024-08-31 10:10:19
55 1.1649579102962297 0.6088969404186796 2024-08-31 10:10:32
56 1.1615485698584582 0.6089472624798712 2024-08-31 10:10:45
57 1.1647463312279582 0.6148852657004831 2024-08-31 10:10:58
58 1.1596166318501444 0.6077395330112721 2024-08-31 10:11:11
59 1.1560995066823399 0.6088214573268921 2024-08-31 10:11:24
60 1.15945344346301 0.6113375603864735 2024-08-31 10:11:36
61 1.1518277834363029 0.6149859098228664 2024-08-31 10:11:49
62 1.1535593182112476 0.614633655394525 2024-08-31 10:12:02
63 1.1572720835198336 0.606682769726248 2024-08-31 10:12:15
64 1.1573641790787954 0.6089221014492754 2024-08-31 10:12:28
65 1.1546287230919332 0.6090730676328503 2024-08-31 10:12:41
66 1.3342960904593821 0.6115640096618358 2024-08-31 10:12:54
67 6.839227153555207 0.6428140096618358 2024-08-31 10:13:07
68 1.1282004125764213 0.6173007246376812 2024-08-31 10:13:20
69 1.1543900427227052 0.6175020128824477 2024-08-31 10:13:34
70 1.1511990390538018 0.6149859098228664 2024-08-31 10:13:46
71 1.1492485993462291 0.610733695652174 2024-08-31 10:13:59
72 1.1482196295822875 0.6077395330112721 2024-08-31 10:14:12
73 1.1495108070892797 0.6176529790660226 2024-08-31 10:14:25
74 1.1459467391964895 0.6169484702093397 2024-08-31 10:14:38
75 1.1482792879528279 0.61772846215781 2024-08-31 10:14:51
76 1.1430621885375125 0.6176781400966184 2024-08-31 10:15:04
77 1.146437935291185 0.6174516908212561 2024-08-31 10:15:17
78 1.1389396619321643 0.6126459339774557 2024-08-31 10:15:30
79 1.1445524717490647 0.6110859500805152 2024-08-31 10:15:43
80 1.1411415941641334 0.6176529790660226 2024-08-31 10:15:56
81 1.139965317171553 0.6170239533011272 2024-08-31 10:16:09
82 1.1469438194916637 0.6147091384863124 2024-08-31 10:16:22
83 1.145020547768344 0.6099537037037037 2024-08-31 10:16:35
84 1.1430145204187208 0.6100795088566827 2024-08-31 10:16:48
85 1.1415017863642574 0.6108091787439613 2024-08-31 10:17:00
86 1.142810841365425 0.6120169082125604 2024-08-31 10:17:13
87 1.1406350296572594 0.6124446457326892 2024-08-31 10:17:26
88 1.137683289518487 0.6126710950080515 2024-08-31 10:17:39
89 1.1362301654717772 0.6130233494363929 2024-08-31 10:17:52
90 1.1395771043216165 0.6131994766505636 2024-08-31 10:18:05
91 1.139126395377752 0.6139794685990339 2024-08-31 10:18:18
92 1.1356147676826291 0.6131743156199678 2024-08-31 10:18:31
93 1.1358232425222843 0.6126962560386473 2024-08-31 10:18:45
94 1.1358231104394472 0.613149154589372 2024-08-31 10:18:57
95 1.137086065867001 0.613551731078905 2024-08-31 10:19:10
96 1.1345199663641947 0.6141555958132046 2024-08-31 10:19:23
97 1.1325562036987664 0.6141052737520128 2024-08-31 10:19:36
98 1.1328525411477988 0.6143317230273752 2024-08-31 10:19:49
99 1.1333417312126612 0.6143317230273752 2024-08-31 10:20:02
100 1.1318713784361807 0.6141304347826086 2024-08-31 10:20:15
101 1.1305484530574457 0.6144323671497585 2024-08-31 10:20:28
102 1.1289577825585808 0.6141555958132046 2024-08-31 10:20:41
103 1.1293115155732383 0.6138536634460547 2024-08-31 10:20:54
104 1.1249003577587493 0.6147846215780999 2024-08-31 10:21:07
105 1.1240370631241952 0.6148852657004831 2024-08-31 10:21:20
106 1.128455091573766 0.6150865539452496 2024-08-31 10:21:32
107 1.1268966041997244 0.6155394524959742 2024-08-31 10:21:45
108 1.123566922898166 0.6141304347826086 2024-08-31 10:21:58
109 1.1238485091214403 0.6147342995169082 2024-08-31 10:22:11
110 1.1261816650821006 0.6151368760064412 2024-08-31 10:22:24
111 1.1255611968549168 0.6140046296296297 2024-08-31 10:22:37
112 1.1239215711344652 0.6149355877616747 2024-08-31 10:22:50
113 1.1235100413626136 0.6153884863123994 2024-08-31 10:23:02
114 1.1271743776093743 0.613954307568438 2024-08-31 10:23:15
115 1.12796463087897 0.6135014090177133 2024-08-31 10:23:28
116 1.1202595249034357 0.6161936392914654 2024-08-31 10:23:41
117 1.1211792429408205 0.6190368357487923 2024-08-31 10:23:55
118 1.1192947862708817 0.6172504025764896 2024-08-31 10:24:08
119 1.1161923754762337 0.6185839371980676 2024-08-31 10:24:21
120 1.1215519668975313 0.6157910628019324 2024-08-31 10:24:34
121 1.1234900793255622 0.6141052737520128 2024-08-31 10:24:46
122 1.1190306645924535 0.6143820450885669 2024-08-31 10:25:00
123 1.1216452500262506 0.6168729871175523 2024-08-31 10:25:12
124 1.121177887762994 0.6183826489533011 2024-08-31 10:25:26
125 1.1203247303212132 0.6196407004830918 2024-08-31 10:25:39
126 1.1178920347357526 0.6183574879227053 2024-08-31 10:25:52
127 1.1169378013258586 0.6175774959742351 2024-08-31 10:26:05
128 1.1211037385290947 0.6148852657004831 2024-08-31 10:26:18
129 1.1197759115201646 0.6185839371980676 2024-08-31 10:26:31
130 1.1173990467224335 0.6182820048309179 2024-08-31 10:26:44
131 1.117654178849453 0.6146588164251208 2024-08-31 10:26:57
132 1.1195924698274684 0.6162188003220612 2024-08-31 10:27:10
133 1.1172641606674487 0.6192884460547504 2024-08-31 10:27:23
134 1.1187329016589889 0.6178542673107891 2024-08-31 10:27:36
135 1.1176777808730538 0.6144323671497585 2024-08-31 10:27:49
136 1.1164748300220848 0.6155142914653784 2024-08-31 10:28:03
137 1.1180783797433411 0.6194897342995169 2024-08-31 10:28:16
138 1.1202491305036628 0.6166968599033816 2024-08-31 10:28:29
139 1.1165772846955415 0.6201690821256038 2024-08-31 10:28:42
140 1.1147900880126946 0.6226348631239935 2024-08-31 10:28:55
141 1.117298734984728 0.6174768518518519 2024-08-31 10:29:08
142 1.1181387102498332 0.6168981481481481 2024-08-31 10:29:20
143 1.1150019004845004 0.620143921095008 2024-08-31 10:29:33
144 1.1133939473981251 0.6188103864734299 2024-08-31 10:29:47
145 1.1120222172731362 0.618936191626409 2024-08-31 10:30:00
146 1.1135728739909887 0.6213264895330113 2024-08-31 10:30:13
147 1.1174053629431364 0.6185839371980676 2024-08-31 10:30:26
148 1.112789092072542 0.6172755636070854 2024-08-31 10:30:39
149 1.11443999040146 0.6194142512077294 2024-08-31 10:30:52
15126
24618
1 2.0111129547448505 0.002644453259288642 2024-08-31 10:31:13
2 1.9720427002302163 0.002644453259288642 2024-08-31 10:31:23
3 1.9077740538676675 0.0053550178500595 2024-08-31 10:31:33
4 1.8179212013407546 0.008197805103794791 2024-08-31 10:31:43
5 1.7516181166329965 0.013288377627925426 2024-08-31 10:31:52
6 1.6736318298737303 0.01692450085944731 2024-08-31 10:32:02
7 1.6059661005817834 0.649940499801666 2024-08-31 10:32:12
8 1.5793149625121736 0.6500727224646304 2024-08-31 10:32:22
9 1.5168571389889443 0.6528493983868835 2024-08-31 10:32:32
10 1.4798776272757728 0.6541055136850457 2024-08-31 10:32:42
11 1.4469505321344307 0.6545682930054211 2024-08-31 10:32:52
12 1.4267733196378085 0.6548988496628322 2024-08-31 10:33:02
13 1.399839938892726 0.6548988496628322 2024-08-31 10:33:12
14 1.3818890849512815 0.6570805236017453 2024-08-31 10:33:21
15 1.3677480144663399 0.6576094142536031 2024-08-31 10:33:31
16 1.3545853115493116 0.6585349728943541 2024-08-31 10:33:41
17 1.3413956300395515 0.6592621975406585 2024-08-31 10:33:51
18 1.327363165301588 0.6589316408832474 2024-08-31 10:34:01
19 1.3161299681042484 0.6631627660981092 2024-08-31 10:34:11
20 1.3059314098778059 0.6632288774295915 2024-08-31 10:34:21
21 1.3050381831039626 0.6629644321036625 2024-08-31 10:34:31
22 1.2911686196649388 0.663691656749967 2024-08-31 10:34:41
23 1.2843266269855835 0.6638238794129314 2024-08-31 10:34:51
24 1.2744169999064237 0.6642205474018247 2024-08-31 10:35:01
25 1.278252468054909 0.6648816607166468 2024-08-31 10:35:11
26 1.3937043964303266 0.6647494380536824 2024-08-31 10:35:21
27 1.33187136671522 0.6632288774295915 2024-08-31 10:35:31
28 1.264940947321819 0.6412138040460135 2024-08-31 10:35:41
29 1.2703036351382346 0.6596588655295518 2024-08-31 10:35:51
30 1.256675074028934 0.6586010842258363 2024-08-31 10:36:01
31 1.2521545538649457 0.6589977522147296 2024-08-31 10:36:11
32 1.2488619892681998 0.6589977522147296 2024-08-31 10:36:20
33 1.2528716204548802 0.6589977522147296 2024-08-31 10:36:31
34 1.2453374462154165 0.6584688615628719 2024-08-31 10:36:40
35 1.2378961356657452 0.6578738595795319 2024-08-31 10:36:50
36 1.2333568864345992 0.6575433029221208 2024-08-31 10:37:00
37 1.2328444385944686 0.6575433029221208 2024-08-31 10:37:10
38 1.2345954433692348 0.6595266428665874 2024-08-31 10:37:20
39 1.220340169502222 0.6630305434351448 2024-08-31 10:37:31
40 1.2280149006991732 0.6638899907444136 2024-08-31 10:37:40
41 1.231468740963485 0.6639561020758958 2024-08-31 10:37:50
42 1.218986962722058 0.6640883247388603 2024-08-31 10:38:00
43 1.2235262609262654 0.6645511040592358 2024-08-31 10:38:10
44 1.2195216347170967 0.6640883247388603 2024-08-31 10:38:20
45 1.2170342345662049 0.6644849927277535 2024-08-31 10:38:30
46 1.2171652173611374 0.6642866587333068 2024-08-31 10:38:40
47 1.2122915283832603 0.6645511040592358 2024-08-31 10:38:50
48 1.2086223692517581 0.6641544360703424 2024-08-31 10:39:00
49 1.2046563559292203 0.6644188813962714 2024-08-31 10:39:10
50 1.2048976283279595 0.6642205474018247 2024-08-31 10:39:20
51 1.2068245247780733 0.6641544360703424 2024-08-31 10:39:30
52 1.2001151943528336 0.6641544360703424 2024-08-31 10:39:39
53 1.1980703537006723 0.6646172153907179 2024-08-31 10:39:49
54 1.2005242966445495 0.6651461060425757 2024-08-31 10:39:59
55 1.204956389507509 0.6651461060425757 2024-08-31 10:40:10
56 1.1981728010891324 0.6645511040592358 2024-08-31 10:40:20
57 1.1978165452227807 0.6646833267222002 2024-08-31 10:40:30
58 1.1872458178010643 0.6646833267222002 2024-08-31 10:40:40
59 1.192437899407454 0.6647494380536824 2024-08-31 10:40:50
60 1.1949930510854463 0.6646172153907179 2024-08-31 10:41:00
61 1.1866084616540145 0.6633611000925559 2024-08-31 10:41:10
62 1.1909609687055653 0.6633611000925559 2024-08-31 10:41:20
63 1.1838497448957395 0.663096654766627 2024-08-31 10:41:30
64 1.1880376745465098 0.663096654766627 2024-08-31 10:41:40
65 1.1864169439940986 0.6641544360703424 2024-08-31 10:41:50
66 1.1862301562145465 0.6647494380536824 2024-08-31 10:42:00
67 1.1817693998617234 0.6651461060425757 2024-08-31 10:42:10
68 1.1846564657139933 0.6648155493851646 2024-08-31 10:42:20
69 1.1843826961504724 0.6656088853629513 2024-08-31 10:42:30
70 1.1827353838967627 0.6660716646833267 2024-08-31 10:42:40
71 1.1844708828735049 0.6658072193573978 2024-08-31 10:42:49
72 1.1850947749436602 0.665542774031469 2024-08-31 10:42:59
73 1.1726848291338838 0.6654766626999867 2024-08-31 10:43:10
74 1.175228046138309 0.6652122173740579 2024-08-31 10:43:20
75 1.1743181385755004 0.6642205474018247 2024-08-31 10:43:30
76 1.1836807352831704 0.6638899907444136 2024-08-31 10:43:40
77 1.1742146592062648 0.6636255454184847 2024-08-31 10:43:50
78 1.1781917441920535 0.6640883247388603 2024-08-31 10:44:00
79 1.176260698965487 0.6640883247388603 2024-08-31 10:44:10
80 1.1685188085364866 0.6642205474018247 2024-08-31 10:44:20
81 1.1691929755285904 0.6660055533518445 2024-08-31 10:44:30
82 1.1728966139650023 0.6664022213407378 2024-08-31 10:44:40
83 1.1697568259162907 0.6667327779981489 2024-08-31 10:44:50
84 1.1686681907800838 0.6663361100092556 2024-08-31 10:45:00
85 1.1660847374170715 0.6658072193573978 2024-08-31 10:45:09
86 1.1668262113169925 0.6650799947110935 2024-08-31 10:45:19
87 1.1603693245706554 0.6650138833796113 2024-08-31 10:45:30
88 1.1571531933671375 0.6643527700647891 2024-08-31 10:45:40
89 1.1599740584848988 0.666798889329631 2024-08-31 10:45:50
90 1.1575449690622706 0.6693772312574375 2024-08-31 10:46:00
91 1.1626638980449608 0.6699722332407775 2024-08-31 10:46:10
92 1.1663296920950885 0.6685177839481687 2024-08-31 10:46:20
93 1.1623587734750003 0.6699722332407775 2024-08-31 10:46:30
94 1.1677757969896234 0.6698400105778131 2024-08-31 10:46:40
95 1.1618746206997785 0.6699061219092952 2024-08-31 10:46:49
96 1.1677597160457887 0.6699061219092952 2024-08-31 10:46:59
97 1.1677619140803555 0.6699722332407775 2024-08-31 10:47:09
98 1.1661910504303674 0.6706333465555996 2024-08-31 10:47:19
99 1.1670731720463492 0.6705011238926352 2024-08-31 10:47:29
100 1.154403639284215 0.6705011238926352 2024-08-31 10:47:40
101 1.1551562364684926 0.6699722332407775 2024-08-31 10:47:50
102 1.1606606239839377 0.6697738992463308 2024-08-31 10:47:59
103 1.1537390018319635 0.6696416765833664 2024-08-31 10:48:10
104 1.1563090946755366 0.668914451937062 2024-08-31 10:48:20
105 1.1583189022977658 0.6687161179426153 2024-08-31 10:48:30
106 1.1582142647085376 0.6693111199259553 2024-08-31 10:48:40
107 1.151438388152364 0.6703027898981886 2024-08-31 10:48:50
108 1.1544732748161748 0.6706994578870819 2024-08-31 10:49:00
109 1.1515193158918535 0.671030014544493 2024-08-31 10:49:09
110 1.154473453243936 0.6707655692185641 2024-08-31 10:49:20
111 1.1499579199309642 0.6715589051963506 2024-08-31 10:49:30
112 1.1464984995748542 0.6734761338093349 2024-08-31 10:49:40
113 1.1439399047296985 0.6703689012296707 2024-08-31 10:49:50
114 1.1485759961641324 0.6694433425889197 2024-08-31 10:50:00
115 1.1492865861888666 0.6697077879148486 2024-08-31 10:50:11
116 1.1454668550536728 0.6712944598704218 2024-08-31 10:50:21
117 1.1409225972197161 0.6720877958482084 2024-08-31 10:50:31
118 1.1544116613932045 0.6694433425889197 2024-08-31 10:50:41
119 1.1454059217368013 0.668914451937062 2024-08-31 10:50:51
120 1.1491033599030855 0.6691127859315087 2024-08-31 10:51:01
121 1.1428716555641676 0.6691127859315087 2024-08-31 10:51:11
122 1.1446027040765288 0.6690466746000264 2024-08-31 10:51:21
123 1.14437905116701 0.6691127859315087 2024-08-31 10:51:31
124 1.141628441066003 0.6691127859315087 2024-08-31 10:51:41
125 1.150925998521926 0.6691127859315087 2024-08-31 10:51:51
126 1.1446927189275289 0.6691127859315087 2024-08-31 10:52:01
127 1.1472025022263346 0.6691788972629908 2024-08-31 10:52:11
128 1.142281760886345 0.6691127859315087 2024-08-31 10:52:21
129 1.1429241462846478 0.6692450085944731 2024-08-31 10:52:31
130 1.1468808988280892 0.6696416765833664 2024-08-31 10:52:40
131 1.1409840261937765 0.6701705672352242 2024-08-31 10:52:50
132 1.1468279238622308 0.670435012561153 2024-08-31 10:53:00
133 1.141164605900927 0.6706333465555996 2024-08-31 10:53:10
134 1.1402707677755692 0.6711622372074574 2024-08-31 10:53:21
135 1.1388767348164275 0.6711622372074574 2024-08-31 10:53:31
136 1.1462357980019986 0.6711622372074574 2024-08-31 10:53:41
137 1.1467359024397394 0.6711622372074574 2024-08-31 10:53:51
138 1.1377752072972216 0.6712283485389395 2024-08-31 10:54:01
139 1.146160443828769 0.6712944598704218 2024-08-31 10:54:11
140 1.1460022363463487 0.6710961258759751 2024-08-31 10:54:21
141 1.146240606519827 0.671030014544493 2024-08-31 10:54:31
142 1.1429873896578262 0.6711622372074574 2024-08-31 10:54:40
143 1.144884608117547 0.6708316805500463 2024-08-31 10:54:51
144 1.141762142709114 0.6707655692185641 2024-08-31 10:55:01
145 1.1406733867085896 0.6707655692185641 2024-08-31 10:55:11
146 1.135417427821842 0.671360571201904 2024-08-31 10:55:21
147 1.1375454899874784 0.6714266825333862 2024-08-31 10:55:31
148 1.1348643910706744 0.6714266825333862 2024-08-31 10:55:41
149 1.136943880392259 0.6715589051963506 2024-08-31 10:55:51
4968
10158
1 2.3493475914001465 0.0 2024-08-31 10:56:06
2 2.3259027004241943 0.0 2024-08-31 10:56:15
3 2.338240146636963 0.00020128824476650564 2024-08-31 10:56:23
4 2.309436559677124 0.002616747181964573 2024-08-31 10:56:32
5 2.296961545944214 0.0036231884057971015 2024-08-31 10:56:40
6 2.2752835750579834 0.0036231884057971015 2024-08-31 10:56:49
7 2.2366929054260254 0.004830917874396135 2024-08-31 10:56:57
8 2.2157492637634277 0.029589371980676328 2024-08-31 10:57:06
9 2.2002294063568115 0.05837359098228664 2024-08-31 10:57:14
10 2.188391923904419 0.056561996779388085 2024-08-31 10:57:22
11 2.149355411529541 0.05958132045088567 2024-08-31 10:57:31
12 2.115010976791382 0.06843800322061191 2024-08-31 10:57:39
13 2.1097137928009033 0.07467793880837359 2024-08-31 10:57:48
14 2.095165252685547 0.08333333333333333 2024-08-31 10:57:56
15 2.084092617034912 0.08413848631239935 2024-08-31 10:58:05
16 2.024873733520508 0.0855475040257649 2024-08-31 10:58:13
17 2.011009693145752 0.08675523349436393 2024-08-31 10:58:22
18 1.9836658239364624 0.08776167471819646 2024-08-31 10:58:30
19 1.9574744701385498 0.08836553945249598 2024-08-31 10:58:39
20 1.95753014087677 0.08917069243156199 2024-08-31 10:58:47
21 1.9491539001464844 0.08997584541062802 2024-08-31 10:58:56
22 1.9007151126861572 0.09138486312399356 2024-08-31 10:59:04
23 1.8933087587356567 0.09198872785829308 2024-08-31 10:59:13
24 1.8986977338790894 0.09198872785829308 2024-08-31 10:59:21
25 1.8435813188552856 0.09380032206119163 2024-08-31 10:59:29
26 1.8047916889190674 0.09420289855072464 2024-08-31 10:59:38
27 1.8355921506881714 0.09601449275362318 2024-08-31 10:59:46
28 1.8283921480178833 0.09742351046698873 2024-08-31 10:59:55
29 1.7735201120376587 0.09842995169082126 2024-08-31 11:00:03
30 1.7980211973190308 0.09923510466988728 2024-08-31 11:00:12
31 1.769822120666504 0.10064412238325282 2024-08-31 11:00:20
32 1.757561445236206 0.10144927536231885 2024-08-31 11:00:29
33 1.720407485961914 0.10185185185185185 2024-08-31 11:00:38
34 1.7316137552261353 0.10628019323671498 2024-08-31 11:00:47
35 1.721108078956604 0.10728663446054751 2024-08-31 11:00:55
36 1.6914459466934204 0.1105072463768116 2024-08-31 11:01:03
37 1.6725608110427856 0.11090982286634461 2024-08-31 11:01:12
38 1.6716609001159668 0.4961755233494364 2024-08-31 11:01:20
39 1.6592695713043213 0.4963768115942029 2024-08-31 11:01:29
40 1.660753607749939 0.4965780998389694 2024-08-31 11:01:37
41 1.6329829692840576 0.4969806763285024 2024-08-31 11:01:46
42 1.6441702842712402 0.4971819645732689 2024-08-31 11:01:54
43 1.6433206796646118 0.49798711755233493 2024-08-31 11:02:02
44 1.6312230825424194 0.49818840579710144 2024-08-31 11:02:11
45 1.6290606260299683 0.49879227053140096 2024-08-31 11:02:19
46 1.6103373765945435 0.49838969404186795 2024-08-31 11:02:28
47 1.5963225364685059 0.49778582930756843 2024-08-31 11:02:36
48 1.5883632898330688 0.49818840579710144 2024-08-31 11:02:45
49 1.5787674188613892 0.4975845410628019 2024-08-31 11:02:54
50 1.5631005764007568 0.499194847020934 2024-08-31 11:03:02
51 1.5892776250839233 0.499194847020934 2024-08-31 11:03:10
52 1.5614224672317505 0.499194847020934 2024-08-31 11:03:19
53 1.5771700143814087 0.49859098228663445 2024-08-31 11:03:28
54 1.5736618041992188 0.49879227053140096 2024-08-31 11:03:36
55 1.5599873065948486 0.49859098228663445 2024-08-31 11:03:44
56 1.5352858304977417 0.49798711755233493 2024-08-31 11:03:53
57 1.5308656692504883 0.49818840579710144 2024-08-31 11:04:02
58 1.547061800956726 0.49838969404186795 2024-08-31 11:04:10
59 1.5228079557418823 0.49879227053140096 2024-08-31 11:04:19
60 1.5073214769363403 0.49879227053140096 2024-08-31 11:04:28
61 1.520361065864563 0.49879227053140096 2024-08-31 11:04:36
62 1.510111927986145 0.4993961352657005 2024-08-31 11:04:44
63 1.5059336423873901 0.5 2024-08-31 11:04:53
64 1.4934484958648682 0.4997987117552335 2024-08-31 11:05:02
65 1.4908090829849243 0.499194847020934 2024-08-31 11:05:10
66 1.4959568977355957 0.4993961352657005 2024-08-31 11:05:19
67 1.5195047855377197 0.49899355877616747 2024-08-31 11:05:28
68 1.5301990509033203 0.49879227053140096 2024-08-31 11:05:36
69 1.521750569343567 0.49899355877616747 2024-08-31 11:05:45
70 1.5039794445037842 0.499597423510467 2024-08-31 11:05:53
71 1.509629249572754 0.49899355877616747 2024-08-31 11:06:01
72 1.4990626573562622 0.49859098228663445 2024-08-31 11:06:10
73 1.5140457153320312 0.49859098228663445 2024-08-31 11:06:18
74 1.513131022453308 0.49778582930756843 2024-08-31 11:06:27
75 1.4605739116668701 0.49778582930756843 2024-08-31 11:06:35
76 1.486208438873291 0.5098631239935588 2024-08-31 11:06:44
77 1.4724761247634888 0.5104669887278583 2024-08-31 11:06:52
78 1.471346139907837 0.5106682769726248 2024-08-31 11:07:01
79 1.4671584367752075 0.5110708534621579 2024-08-31 11:07:09
80 1.4815030097961426 0.5110708534621579 2024-08-31 11:07:18
81 1.4882601499557495 0.5112721417069244 2024-08-31 11:07:26
82 1.4626346826553345 0.5118760064412239 2024-08-31 11:07:35
83 1.4590424299240112 0.5118760064412239 2024-08-31 11:07:43
84 1.4762094020843506 0.5122785829307569 2024-08-31 11:07:52
85 1.459423542022705 0.519122383252818 2024-08-31 11:08:00
86 1.447646141052246 0.519927536231884 2024-08-31 11:08:08
87 1.4835231304168701 0.5201288244766505 2024-08-31 11:08:17
88 1.4353750944137573 0.520330112721417 2024-08-31 11:08:25
89 1.446512222290039 0.5207326892109501 2024-08-31 11:08:33
90 1.4835278987884521 0.520330112721417 2024-08-31 11:08:42
91 1.4715818166732788 0.518719806763285 2024-08-31 11:08:51
92 1.4682860374450684 0.517914653784219 2024-08-31 11:08:59
93 1.4617843627929688 0.517914653784219 2024-08-31 11:09:08
94 1.4667781591415405 0.517914653784219 2024-08-31 11:09:16
95 1.3908557891845703 0.5638083735909822 2024-08-31 11:09:25
96 1.4435747861862183 0.6018518518518519 2024-08-31 11:09:33
97 1.340625524520874 0.6014492753623188 2024-08-31 11:09:41
98 1.3678393363952637 0.5942028985507246 2024-08-31 11:09:50
99 1.3473451137542725 0.6006441223832528 2024-08-31 11:09:58
100 1.3300178050994873 0.604669887278583 2024-08-31 11:10:07
101 1.303431510925293 0.6020531400966184 2024-08-31 11:10:15
102 1.3396610021591187 0.6018518518518519 2024-08-31 11:10:23
103 1.3133013248443604 0.6068840579710145 2024-08-31 11:10:32
104 1.2720692157745361 0.6082930756843801 2024-08-31 11:10:40
105 1.3220094442367554 0.606280193236715 2024-08-31 11:10:49
106 1.3070740699768066 0.6076892109500805 2024-08-31 11:10:57
107 1.3230210542678833 0.607085346215781 2024-08-31 11:11:06
108 1.2948271036148071 0.6044685990338164 2024-08-31 11:11:14
109 1.2932993173599243 0.6036634460547504 2024-08-31 11:11:23
110 1.258991003036499 0.6020531400966184 2024-08-31 11:11:31
111 1.30908203125 0.6028582930756844 2024-08-31 11:11:39
112 1.3284965753555298 0.604669887278583 2024-08-31 11:11:48
113 1.3119728565216064 0.6052737520128825 2024-08-31 11:11:56
114 1.2800496816635132 0.6076892109500805 2024-08-31 11:12:04
115 1.2741703987121582 0.6076892109500805 2024-08-31 11:12:13
116 1.2787818908691406 0.6078904991948471 2024-08-31 11:12:21
117 1.2863435745239258 0.6090982286634461 2024-08-31 11:12:30
118 1.32436203956604 0.6086956521739131 2024-08-31 11:12:38
119 1.25037682056427 0.6099033816425121 2024-08-31 11:12:47
120 1.3038512468338013 0.6097020933977456 2024-08-31 11:12:55
121 1.2567126750946045 0.6113123993558777 2024-08-31 11:13:03
122 1.3078609704971313 0.6137278582930756 2024-08-31 11:13:12
123 1.271148443222046 0.6151368760064412 2024-08-31 11:13:20
124 1.2704870700836182 0.6157407407407407 2024-08-31 11:13:29
125 1.248187780380249 0.6155394524959742 2024-08-31 11:13:37
126 1.3059061765670776 0.6157407407407407 2024-08-31 11:13:45
127 1.2682816982269287 0.6151368760064412 2024-08-31 11:13:54
128 1.2771363258361816 0.6139291465378421 2024-08-31 11:14:03
129 1.2789311408996582 0.6149355877616747 2024-08-31 11:14:11
130 1.2266970872879028 0.6151368760064412 2024-08-31 11:14:19
131 1.267075538635254 0.6177536231884058 2024-08-31 11:14:28
132 1.2751808166503906 0.6177536231884058 2024-08-31 11:14:36
133 1.2730345726013184 0.6181561996779388 2024-08-31 11:14:45
134 1.2408738136291504 0.6181561996779388 2024-08-31 11:14:53
135 1.2222634553909302 0.6181561996779388 2024-08-31 11:15:02
136 1.2748087644577026 0.6187600644122383 2024-08-31 11:15:10
137 1.2582266330718994 0.6191626409017713 2024-08-31 11:15:19
138 1.2493854761123657 0.6225845410628019 2024-08-31 11:15:28
139 1.2161273956298828 0.6239935587761675 2024-08-31 11:15:36
140 1.2086626291275024 0.623389694041868 2024-08-31 11:15:44
141 1.2353490591049194 0.624597423510467 2024-08-31 11:15:53
142 1.2297332286834717 0.6272141706924316 2024-08-31 11:16:01
143 1.226101279258728 0.6342592592592593 2024-08-31 11:16:10
144 1.2473589181900024 0.6348631239935588 2024-08-31 11:16:18
145 1.2315407991409302 0.6288244766505636 2024-08-31 11:16:27
146 1.259534239768982 0.625805152979066 2024-08-31 11:16:35
147 1.2629886865615845 0.6239935587761675 2024-08-31 11:16:43
148 1.1950559616088867 0.6207729468599034 2024-08-31 11:16:52
149 1.2089974880218506 0.6207729468599034 2024-08-31 11:17:01
1884
3084
1 1.9497101306915283 0.0005307855626326964 2024-08-31 11:17:14
2 1.9197367429733276 0.0037154989384288748 2024-08-31 11:17:22
3 1.8951131105422974 0.005307855626326964 2024-08-31 11:17:31
4 1.8249365091323853 0.00583864118895966 2024-08-31 11:17:39
5 1.7791732549667358 0.009023354564755838 2024-08-31 11:17:47
6 1.786682367324829 0.013800424628450107 2024-08-31 11:17:55
7 1.7689566612243652 0.029193205944798302 2024-08-31 11:18:03
8 1.850813388824463 0.011146496815286623 2024-08-31 11:18:11
9 1.8207930326461792 0.010615711252653927 2024-08-31 11:18:19
10 1.7439873218536377 0.012738853503184714 2024-08-31 11:18:27
11 1.6871579885482788 0.01326963906581741 2024-08-31 11:18:35
12 1.6428900957107544 0.6560509554140127 2024-08-31 11:18:43
13 1.6325817108154297 0.6565817409766455 2024-08-31 11:18:51
14 1.6849868297576904 0.6565817409766455 2024-08-31 11:19:01
15 1.6452467441558838 0.6555201698513801 2024-08-31 11:19:09
16 1.6369290351867676 0.6555201698513801 2024-08-31 11:19:17
17 1.607954978942871 0.6523354564755839 2024-08-31 11:19:25
18 1.5272917747497559 0.6528662420382165 2024-08-31 11:19:33
19 1.5783793926239014 0.6544585987261147 2024-08-31 11:19:41
20 1.5057801008224487 0.6549893842887473 2024-08-31 11:19:49
21 1.482569694519043 0.6539278131634819 2024-08-31 11:19:57
22 1.5232806205749512 0.6533970276008493 2024-08-31 11:20:05
23 1.4636993408203125 0.6533970276008493 2024-08-31 11:20:13
24 1.4537899494171143 0.6549893842887473 2024-08-31 11:20:22
25 1.4636136293411255 0.6549893842887473 2024-08-31 11:20:30
26 1.4126933813095093 0.6555201698513801 2024-08-31 11:20:38
27 1.454195261001587 0.6571125265392781 2024-08-31 11:20:46
28 1.3829902410507202 0.6581740976645435 2024-08-31 11:20:55
29 1.416529655456543 0.6581740976645435 2024-08-31 11:21:03
30 1.3285988569259644 0.6587048832271762 2024-08-31 11:21:11
31 1.3224648237228394 0.6592356687898089 2024-08-31 11:21:19
32 1.377687931060791 0.6581740976645435 2024-08-31 11:21:27
33 1.3851910829544067 0.6581740976645435 2024-08-31 11:21:36
34 1.3830965757369995 0.6592356687898089 2024-08-31 11:21:44
35 1.3102881908416748 0.6613588110403397 2024-08-31 11:21:52
36 1.343288540840149 0.6624203821656051 2024-08-31 11:22:00
37 1.2784627676010132 0.671443736730361 2024-08-31 11:22:08
38 1.272063970565796 0.6762208067940552 2024-08-31 11:22:17
39 1.2291227579116821 0.6772823779193206 2024-08-31 11:22:25
40 1.3417013883590698 0.6772823779193206 2024-08-31 11:22:33
41 1.3684860467910767 0.6772823779193206 2024-08-31 11:22:41
42 1.3224639892578125 0.6767515923566879 2024-08-31 11:22:49
43 1.3118730783462524 0.6762208067940552 2024-08-31 11:22:57
44 1.4386674165725708 0.6756900212314225 2024-08-31 11:23:05
45 1.449087142944336 0.6756900212314225 2024-08-31 11:23:13
46 1.452114224433899 0.6756900212314225 2024-08-31 11:23:21
47 1.3392343521118164 0.6756900212314225 2024-08-31 11:23:29
48 1.250341773033142 0.6756900212314225 2024-08-31 11:23:38
49 1.3810652494430542 0.6831210191082803 2024-08-31 11:23:45
50 1.3410016298294067 0.6836518046709129 2024-08-31 11:23:54
51 1.2335668802261353 0.6809978768577495 2024-08-31 11:24:02
52 1.216949701309204 0.6815286624203821 2024-08-31 11:24:10
53 1.2617859840393066 0.6772823779193206 2024-08-31 11:24:18
54 1.1823984384536743 0.6767515923566879 2024-08-31 11:24:26
55 1.223472237586975 0.6767515923566879 2024-08-31 11:24:34
56 1.1286532878875732 0.6735668789808917 2024-08-31 11:24:42
57 1.1521977186203003 0.6746284501061571 2024-08-31 11:24:50
58 1.2024976015090942 0.6762208067940552 2024-08-31 11:24:58
59 1.2159242630004883 0.6863057324840764 2024-08-31 11:25:06
60 1.1525458097457886 0.6947983014861996 2024-08-31 11:25:15
61 1.1237454414367676 0.6942675159235668 2024-08-31 11:25:23
62 1.1201591491699219 0.685244161358811 2024-08-31 11:25:31
63 1.1716444492340088 0.685244161358811 2024-08-31 11:25:39
64 1.2011903524398804 0.685244161358811 2024-08-31 11:25:47
65 1.130463719367981 0.6847133757961783 2024-08-31 11:25:55
66 1.1821973323822021 0.6942675159235668 2024-08-31 11:26:03
67 1.0939617156982422 0.6990445859872612 2024-08-31 11:26:11
68 1.1701809167861938 0.7011677282377919 2024-08-31 11:26:18
69 1.0928782224655151 0.7070063694267515 2024-08-31 11:26:26
70 1.1730148792266846 0.7054140127388535 2024-08-31 11:26:34
71 1.1812477111816406 0.7054140127388535 2024-08-31 11:26:42
72 1.0865275859832764 0.7043524416135881 2024-08-31 11:26:50
73 1.0900030136108398 0.7048832271762208 2024-08-31 11:26:58
74 1.1828349828720093 0.7054140127388535 2024-08-31 11:27:06
75 1.16542649269104 0.7054140127388535 2024-08-31 11:27:14
76 1.1377607583999634 0.7054140127388535 2024-08-31 11:27:22
77 1.1386293172836304 0.7064755838641189 2024-08-31 11:27:30
78 1.0489798784255981 0.7064755838641189 2024-08-31 11:27:38
79 1.0965514183044434 0.7064755838641189 2024-08-31 11:27:46
80 1.1563664674758911 0.7064755838641189 2024-08-31 11:27:53
81 1.0826160907745361 0.7075371549893843 2024-08-31 11:28:02
82 1.0654351711273193 0.7075371549893843 2024-08-31 11:28:10
83 1.069747805595398 0.7075371549893843 2024-08-31 11:28:17
84 1.0668026208877563 0.7085987261146497 2024-08-31 11:28:25
85 1.1134244203567505 0.7096602972399151 2024-08-31 11:28:33
86 1.0524824857711792 0.7123142250530785 2024-08-31 11:28:41
87 1.0677361488342285 0.7139065817409767 2024-08-31 11:28:48
88 1.13907790184021 0.7133757961783439 2024-08-31 11:28:57
89 1.121323823928833 0.7117834394904459 2024-08-31 11:29:05
90 1.1232129335403442 0.7091295116772823 2024-08-31 11:29:12
91 1.1073393821716309 0.7075371549893843 2024-08-31 11:29:20
92 1.0437111854553223 0.7075371549893843 2024-08-31 11:29:28
93 1.0904440879821777 0.7085987261146497 2024-08-31 11:29:36
94 1.0438085794448853 0.7048832271762208 2024-08-31 11:29:43
95 1.0977246761322021 0.7054140127388535 2024-08-31 11:29:51
96 1.0620274543762207 0.7054140127388535 2024-08-31 11:29:59
97 1.1152563095092773 0.7070063694267515 2024-08-31 11:30:07
98 1.026821494102478 0.7070063694267515 2024-08-31 11:30:16
99 1.0325430631637573 0.7091295116772823 2024-08-31 11:30:23
100 1.1198320388793945 0.7112526539278131 2024-08-31 11:30:31
101 1.0481642484664917 0.7128450106157113 2024-08-31 11:30:39
102 1.0805330276489258 0.7133757961783439 2024-08-31 11:30:47
103 1.089491844177246 0.7128450106157113 2024-08-31 11:30:55
104 1.1423437595367432 0.7123142250530785 2024-08-31 11:31:03
105 1.021794080734253 0.7112526539278131 2024-08-31 11:31:11
106 1.089776873588562 0.7112526539278131 2024-08-31 11:31:18
107 1.1021783351898193 0.7112526539278131 2024-08-31 11:31:26
108 1.0226472616195679 0.7170912951167728 2024-08-31 11:31:34
109 1.0245842933654785 0.7170912951167728 2024-08-31 11:31:42
110 1.033044695854187 0.7170912951167728 2024-08-31 11:31:50
111 1.014186143875122 0.7170912951167728 2024-08-31 11:31:59
112 1.0464906692504883 0.7181528662420382 2024-08-31 11:32:06
113 1.1063640117645264 0.7181528662420382 2024-08-31 11:32:14
114 1.0339397192001343 0.7186836518046709 2024-08-31 11:32:22
115 1.0971866846084595 0.7186836518046709 2024-08-31 11:32:30
116 1.035022497177124 0.7192144373673036 2024-08-31 11:32:38
117 1.0105270147323608 0.7208067940552016 2024-08-31 11:32:45
118 1.027677059173584 0.721868365180467 2024-08-31 11:32:53
119 0.9938902258872986 0.7223991507430998 2024-08-31 11:33:01
523
1361
1 2.66991925239563 0.0 2024-08-31 11:33:12
2 2.6914889812469482 0.0038240917782026767 2024-08-31 11:33:20
3 2.616286039352417 0.08030592734225621 2024-08-31 11:33:29
4 2.375310182571411 0.08221797323135756 2024-08-31 11:33:36
5 2.4047183990478516 0.0841300191204589 2024-08-31 11:33:44
6 2.448745012283325 0.09177820267686425 2024-08-31 11:33:51
7 2.3128790855407715 0.13575525812619502 2024-08-31 11:33:59
8 2.3395283222198486 0.15105162523900573 2024-08-31 11:34:07
9 2.1366615295410156 0.13957934990439771 2024-08-31 11:34:14
10 2.0851593017578125 0.16061185468451242 2024-08-31 11:34:22
11 2.3406524658203125 0.17208413001912046 2024-08-31 11:34:29
12 1.9482250213623047 0.19694072657743786 2024-08-31 11:34:37
13 2.1410598754882812 0.21606118546845124 2024-08-31 11:34:45
14 2.1560657024383545 0.2084130019120459 2024-08-31 11:34:52
15 2.0038628578186035 0.21223709369024857 2024-08-31 11:35:00
16 1.9876750707626343 0.27724665391969405 2024-08-31 11:35:08
17 1.8273869752883911 0.21032504780114722 2024-08-31 11:35:15
18 1.8042784929275513 0.28107074569789675 2024-08-31 11:35:23
19 1.6188052892684937 0.35564053537284895 2024-08-31 11:35:31
20 1.6488800048828125 0.3862332695984704 2024-08-31 11:35:39
21 1.9014688730239868 0.6577437858508605 2024-08-31 11:35:47
22 1.766040325164795 0.6615678776290631 2024-08-31 11:35:55
23 1.6502958536148071 0.655831739961759 2024-08-31 11:36:02
24 1.528864860534668 0.6520076481835564 2024-08-31 11:36:10
25 1.4896737337112427 0.5965583173996176 2024-08-31 11:36:18
26 1.6684963703155518 0.5927342256214149 2024-08-31 11:36:27
27 1.7205911874771118 0.5927342256214149 2024-08-31 11:36:35
28 1.594958782196045 0.5965583173996176 2024-08-31 11:36:43
29 1.550155520439148 0.5946462715105163 2024-08-31 11:36:51
30 1.570116639137268 0.5946462715105163 2024-08-31 11:36:58
31 1.597381353378296 0.6596558317399618 2024-08-31 11:37:06
32 1.5585415363311768 0.6634799235181644 2024-08-31 11:37:14
33 1.6917343139648438 0.6615678776290631 2024-08-31 11:37:22
34 1.413501501083374 0.6634799235181644 2024-08-31 11:37:30
35 1.4406332969665527 0.6653919694072657 2024-08-31 11:37:38
36 1.4786454439163208 0.6634799235181644 2024-08-31 11:37:46
37 1.431729793548584 0.6615678776290631 2024-08-31 11:37:54
38 1.3550732135772705 0.6615678776290631 2024-08-31 11:38:02
39 1.5141328573226929 0.6615678776290631 2024-08-31 11:38:10
40 1.500499963760376 0.6577437858508605 2024-08-31 11:38:18
41 1.3644068241119385 0.6653919694072657 2024-08-31 11:38:26
42 1.410898208618164 0.6673040152963671 2024-08-31 11:38:34
43 1.3161123991012573 0.6673040152963671 2024-08-31 11:38:42
44 1.316757082939148 0.6730401529636711 2024-08-31 11:38:50
45 1.3450111150741577 0.6730401529636711 2024-08-31 11:38:58
46 1.5114742517471313 0.6673040152963671 2024-08-31 11:39:06
47 1.3860588073730469 0.6730401529636711 2024-08-31 11:39:14
48 1.2848012447357178 0.6673040152963671 2024-08-31 11:39:22
49 1.2289040088653564 0.6730401529636711 2024-08-31 11:39:29
50 1.3204877376556396 0.6749521988527725 2024-08-31 11:39:38
51 1.234619140625 0.6768642447418738 2024-08-31 11:39:45
52 1.3803271055221558 0.6787762906309751 2024-08-31 11:39:53
53 1.2694422006607056 0.6826003824091779 2024-08-31 11:40:01
54 1.2378586530685425 0.6787762906309751 2024-08-31 11:40:09
55 1.456102728843689 0.6787762906309751 2024-08-31 11:40:17
56 1.4058698415756226 0.6826003824091779 2024-08-31 11:40:25
57 1.2374306917190552 0.6711281070745698 2024-08-31 11:40:33
58 1.241794466972351 0.6711281070745698 2024-08-31 11:40:41
59 1.233782172203064 0.6749521988527725 2024-08-31 11:40:48
60 1.3834229707717896 0.6768642447418738 2024-08-31 11:40:56
61 1.35189688205719 0.6787762906309751 2024-08-31 11:41:04
62 1.3764151334762573 0.6787762906309751 2024-08-31 11:41:12
63 1.2044659852981567 0.6787762906309751 2024-08-31 11:41:20
64 1.3771573305130005 0.6749521988527725 2024-08-31 11:41:28
65 1.4279906749725342 0.734225621414914 2024-08-31 11:41:36
66 1.320554494857788 0.6768642447418738 2024-08-31 11:41:43
67 1.2195405960083008 0.6768642447418738 2024-08-31 11:41:51
68 1.386323094367981 0.6768642447418738 2024-08-31 11:41:59
69 1.2280102968215942 0.6768642447418738 2024-08-31 11:42:07
70 1.314287781715393 0.6749521988527725 2024-08-31 11:42:15
71 1.1980382204055786 0.6749521988527725 2024-08-31 11:42:22
72 1.4053527116775513 0.6749521988527725 2024-08-31 11:42:30
73 1.3446357250213623 0.6787762906309751 2024-08-31 11:42:38
74 1.3636175394058228 0.6787762906309751 2024-08-31 11:42:46
75 1.1880760192871094 0.6826003824091779 2024-08-31 11:42:54
76 1.3919181823730469 0.6940726577437859 2024-08-31 11:43:02
77 1.3109824657440186 0.6806883365200764 2024-08-31 11:43:10
78 1.295192837715149 0.6768642447418738 2024-08-31 11:43:18
79 1.1310203075408936 0.6768642447418738 2024-08-31 11:43:25
80 1.3371365070343018 0.6806883365200764 2024-08-31 11:43:33
81 1.1697648763656616 0.6806883365200764 2024-08-31 11:43:41
82 1.2899328470230103 0.739961759082218 2024-08-31 11:43:49
83 1.2565991878509521 0.6806883365200764 2024-08-31 11:43:57
84 1.285154104232788 0.6806883365200764 2024-08-31 11:44:05
85 1.1796718835830688 0.6806883365200764 2024-08-31 11:44:13
86 1.1716082096099854 0.6806883365200764 2024-08-31 11:44:21
87 1.3378772735595703 0.6806883365200764 2024-08-31 11:44:29
88 1.2182226181030273 0.6806883365200764 2024-08-31 11:44:37
89 1.1345025300979614 0.6806883365200764 2024-08-31 11:44:45
90 1.1295424699783325 0.6806883365200764 2024-08-31 11:44:52
91 1.177186369895935 0.6806883365200764 2024-08-31 11:45:00
92 1.176159381866455 0.6826003824091779 2024-08-31 11:45:08
93 1.3425109386444092 0.6826003824091779 2024-08-31 11:45:16
94 1.16500985622406 0.6826003824091779 2024-08-31 11:45:24
95 1.3007209300994873 0.6826003824091779 2024-08-31 11:45:32
96 1.1047532558441162 0.6787762906309751 2024-08-31 11:45:39
97 1.3299497365951538 0.6787762906309751 2024-08-31 11:45:47
98 1.1441476345062256 0.6826003824091779 2024-08-31 11:45:55
99 1.2568870782852173 0.7418738049713193 2024-08-31 11:46:03
100 1.2924461364746094 0.6768642447418738 2024-08-31 11:46:11
101 1.1456836462020874 0.6826003824091779 2024-08-31 11:46:18
102 1.1253981590270996 0.6711281070745698 2024-08-31 11:46:26
103 1.1333884000778198 0.6787762906309751 2024-08-31 11:46:34
104 1.1336743831634521 0.6845124282982792 2024-08-31 11:46:42
105 1.2855585813522339 0.6864244741873805 2024-08-31 11:46:50
106 1.1834673881530762 0.6787762906309751 2024-08-31 11:46:57
107 1.3413885831832886 0.6749521988527725 2024-08-31 11:47:05
108 1.3363299369812012 0.6730401529636711 2024-08-31 11:47:13
109 1.1282496452331543 0.6826003824091779 2024-08-31 11:47:21
110 1.2578232288360596 0.7418738049713193 2024-08-31 11:47:29
111 1.3305315971374512 0.6826003824091779 2024-08-31 11:47:36
112 1.2521367073059082 0.6826003824091779 2024-08-31 11:47:44
113 1.1064746379852295 0.6826003824091779 2024-08-31 11:47:52
114 1.126620888710022 0.6826003824091779 2024-08-31 11:48:00
115 1.113006591796875 0.6826003824091779 2024-08-31 11:48:08
116 1.2313594818115234 0.6826003824091779 2024-08-31 11:48:16
117 1.2803634405136108 0.6826003824091779 2024-08-31 11:48:24
118 1.24027419090271 0.6826003824091779 2024-08-31 11:48:31
119 1.2299469709396362 0.6826003824091779 2024-08-31 11:48:39
120 1.1173138618469238 0.7476099426386233 2024-08-31 11:48:47
121 1.1741620302200317 0.6902485659655831 2024-08-31 11:48:56
122 1.2644050121307373 0.6902485659655831 2024-08-31 11:49:03
123 1.2011923789978027 0.6826003824091779 2024-08-31 11:49:11
124 1.1253546476364136 0.6787762906309751 2024-08-31 11:49:19
125 1.1367816925048828 0.6902485659655831 2024-08-31 11:49:27
126 1.0747294425964355 0.7495219885277247 2024-08-31 11:49:35
127 1.2966374158859253 0.6864244741873805 2024-08-31 11:49:43
128 1.0968735218048096 0.6768642447418738 2024-08-31 11:49:51
129 1.0865142345428467 0.6806883365200764 2024-08-31 11:49:59
130 1.2225658893585205 0.751434034416826 2024-08-31 11:50:07
131 1.0849955081939697 0.6940726577437859 2024-08-31 11:50:15
132 1.0545580387115479 0.6959847036328872 2024-08-31 11:50:23
133 1.0997201204299927 0.6998087954110899 2024-08-31 11:50:31
134 1.0670210123062134 0.6998087954110899 2024-08-31 11:50:39
135 1.2539474964141846 0.6998087954110899 2024-08-31 11:50:47
136 1.0872944593429565 0.6826003824091779 2024-08-31 11:50:54
137 1.09480619430542 0.6806883365200764 2024-08-31 11:51:02
138 1.094321370124817 0.6806883365200764 2024-08-31 11:51:10
139 1.0996850728988647 0.7437858508604207 2024-08-31 11:51:18
140 1.1940356492996216 0.739961759082218 2024-08-31 11:51:26
141 1.0602365732192993 0.6768642447418738 2024-08-31 11:51:33
142 1.199525237083435 0.6768642447418738 2024-08-31 11:51:41
143 1.1527212858200073 0.6787762906309751 2024-08-31 11:51:49
144 1.2840592861175537 0.7437858508604207 2024-08-31 11:51:57
145 1.1242612600326538 0.6864244741873805 2024-08-31 11:52:05
146 1.0481376647949219 0.6921606118546845 2024-08-31 11:52:12
147 1.1573238372802734 0.6921606118546845 2024-08-31 11:52:20
148 1.2664763927459717 0.6921606118546845 2024-08-31 11:52:28
149 1.0963858366012573 0.751434034416826 2024-08-31 11:52:36
130
393
1 2.4005274772644043 0.015384615384615385 2024-08-31 11:52:40
2 2.4491424560546875 0.023076923076923078 2024-08-31 11:52:40
3 2.3645312786102295 0.03076923076923077 2024-08-31 11:52:40
4 2.4335639476776123 0.06153846153846154 2024-08-31 11:52:40
5 2.357696771621704 0.07692307692307693 2024-08-31 11:52:41
6 2.281658887863159 0.09230769230769231 2024-08-31 11:52:41
7 2.1906447410583496 0.13076923076923078 2024-08-31 11:52:41
8 2.1463420391082764 0.13076923076923078 2024-08-31 11:52:41
9 2.0653610229492188 0.2153846153846154 2024-08-31 11:52:41
10 2.116687297821045 0.2230769230769231 2024-08-31 11:52:41
11 2.0207712650299072 0.23846153846153847 2024-08-31 11:52:41
12 1.983193039894104 0.2923076923076923 2024-08-31 11:52:41
13 1.9521013498306274 0.2923076923076923 2024-08-31 11:52:41
14 1.879193663597107 0.2923076923076923 2024-08-31 11:52:41
15 1.8772510290145874 0.2923076923076923 2024-08-31 11:52:41
16 1.8800294399261475 0.3230769230769231 2024-08-31 11:52:41
17 1.7612444162368774 0.3230769230769231 2024-08-31 11:52:42
18 1.6981582641601562 0.3230769230769231 2024-08-31 11:52:42
19 1.7120071649551392 0.3230769230769231 2024-08-31 11:52:42
20 1.623258352279663 0.3230769230769231 2024-08-31 11:52:42
21 1.6458258628845215 0.3230769230769231 2024-08-31 11:52:42
22 1.6088626384735107 0.3230769230769231 2024-08-31 11:52:42
23 1.5233349800109863 0.33076923076923076 2024-08-31 11:52:42
24 1.5230004787445068 0.34615384615384615 2024-08-31 11:52:42
25 1.5426900386810303 0.6230769230769231 2024-08-31 11:52:42
26 1.4446372985839844 0.6307692307692307 2024-08-31 11:52:42
27 1.419398546218872 0.6307692307692307 2024-08-31 11:52:42
28 1.4634664058685303 0.6307692307692307 2024-08-31 11:52:43
29 1.4410349130630493 0.6461538461538462 2024-08-31 11:52:43
30 1.3975799083709717 0.6461538461538462 2024-08-31 11:52:43
31 1.482119083404541 0.6538461538461539 2024-08-31 11:52:43
32 1.480420708656311 0.6538461538461539 2024-08-31 11:52:43
33 1.3523575067520142 0.6538461538461539 2024-08-31 11:52:43
34 1.436303973197937 0.6538461538461539 2024-08-31 11:52:43
35 1.2797517776489258 0.6538461538461539 2024-08-31 11:52:43
36 1.366473913192749 0.6538461538461539 2024-08-31 11:52:43
37 1.3384802341461182 0.6384615384615384 2024-08-31 11:52:43
38 1.3469451665878296 0.6384615384615384 2024-08-31 11:52:43
39 1.3346773386001587 0.6615384615384615 2024-08-31 11:52:43
40 1.376652717590332 0.6692307692307692 2024-08-31 11:52:44
41 1.2962912321090698 0.6692307692307692 2024-08-31 11:52:44
42 1.2447789907455444 0.6692307692307692 2024-08-31 11:52:44
43 1.2969180345535278 0.6692307692307692 2024-08-31 11:52:44
44 1.2768481969833374 0.6692307692307692 2024-08-31 11:52:44
45 1.395799160003662 0.6692307692307692 2024-08-31 11:52:44
46 1.2489069700241089 0.6538461538461539 2024-08-31 11:52:44
47 1.3251653909683228 0.6461538461538462 2024-08-31 11:52:44
48 1.3736071586608887 0.6384615384615384 2024-08-31 11:52:44
49 1.212808609008789 0.6384615384615384 2024-08-31 11:52:44
50 1.2667126655578613 0.6461538461538462 2024-08-31 11:52:44
51 1.2915287017822266 0.6461538461538462 2024-08-31 11:52:44
52 1.214335560798645 0.6538461538461539 2024-08-31 11:52:45
53 1.3387407064437866 0.6615384615384615 2024-08-31 11:52:45
54 1.1807969808578491 0.6615384615384615 2024-08-31 11:52:45
55 1.2896721363067627 0.6692307692307692 2024-08-31 11:52:45
56 1.2245362997055054 0.6692307692307692 2024-08-31 11:52:45
57 1.323672890663147 0.6692307692307692 2024-08-31 11:52:45
58 1.1672275066375732 0.6538461538461539 2024-08-31 11:52:45
59 1.2351393699645996 0.676923076923077 2024-08-31 11:52:45
60 1.1997478008270264 0.6846153846153846 2024-08-31 11:52:45
61 1.0849746465682983 0.6692307692307692 2024-08-31 11:52:45
62 1.3324607610702515 0.6615384615384615 2024-08-31 11:52:45
63 1.2446208000183105 0.6692307692307692 2024-08-31 11:52:46
64 1.2295132875442505 0.6538461538461539 2024-08-31 11:52:46
65 1.1711487770080566 0.6230769230769231 2024-08-31 11:52:46
66 1.1705679893493652 0.6230769230769231 2024-08-31 11:52:46
67 1.2494240999221802 0.6384615384615384 2024-08-31 11:52:46
68 1.0684864521026611 0.6230769230769231 2024-08-31 11:52:46
69 1.1462507247924805 0.6230769230769231 2024-08-31 11:52:46
70 1.1055349111557007 0.6230769230769231 2024-08-31 11:52:46
71 1.1884000301361084 0.6384615384615384 2024-08-31 11:52:46
72 1.2265568971633911 0.6615384615384615 2024-08-31 11:52:46
73 1.1803849935531616 0.676923076923077 2024-08-31 11:52:46
74 1.1907260417938232 0.6846153846153846 2024-08-31 11:52:46
75 1.304823875427246 0.6846153846153846 2024-08-31 11:52:47
76 1.377719521522522 0.6846153846153846 2024-08-31 11:52:47
77 1.3956714868545532 0.6846153846153846 2024-08-31 11:52:47
78 1.2803722620010376 0.6923076923076923 2024-08-31 11:52:47
79 1.2359139919281006 0.6923076923076923 2024-08-31 11:52:47
80 1.1610451936721802 0.6846153846153846 2024-08-31 11:52:47
81 1.1170153617858887 0.6846153846153846 2024-08-31 11:52:47
82 1.2102230787277222 0.6846153846153846 2024-08-31 11:52:47
83 1.2459160089492798 0.6846153846153846 2024-08-31 11:52:47
84 1.1870721578598022 0.6615384615384615 2024-08-31 11:52:47
85 1.3581385612487793 0.6615384615384615 2024-08-31 11:52:47
86 1.2893534898757935 0.6615384615384615 2024-08-31 11:52:47
87 1.220201849937439 0.6692307692307692 2024-08-31 11:52:48
88 1.2050960063934326 0.6692307692307692 2024-08-31 11:52:48
89 1.1222338676452637 0.676923076923077 2024-08-31 11:52:48
90 1.0930538177490234 0.6846153846153846 2024-08-31 11:52:48
91 1.1315083503723145 0.6923076923076923 2024-08-31 11:52:48
92 1.0324174165725708 0.6923076923076923 2024-08-31 11:52:48
93 1.3306435346603394 0.6923076923076923 2024-08-31 11:52:48
94 1.1718264818191528 0.7 2024-08-31 11:52:48
95 1.087206244468689 0.7 2024-08-31 11:52:48
96 1.174294352531433 0.7 2024-08-31 11:52:48
97 1.1365917921066284 0.6923076923076923 2024-08-31 11:52:48
98 1.262599229812622 0.6923076923076923 2024-08-31 11:52:49
99 1.1402114629745483 0.6923076923076923 2024-08-31 11:52:49
100 1.0557843446731567 0.6923076923076923 2024-08-31 11:52:49
101 1.1626596450805664 0.7 2024-08-31 11:52:49
102 1.1888597011566162 0.7 2024-08-31 11:52:49
103 1.1752063035964966 0.7 2024-08-31 11:52:49
104 1.0900310277938843 0.7 2024-08-31 11:52:49
105 1.2213467359542847 0.6923076923076923 2024-08-31 11:52:49
106 1.106218934059143 0.6923076923076923 2024-08-31 11:52:49
107 1.1159718036651611 0.6923076923076923 2024-08-31 11:52:49
108 1.055668592453003 0.7076923076923077 2024-08-31 11:52:49
109 1.0704282522201538 0.7076923076923077 2024-08-31 11:52:49
110 1.1408005952835083 0.7153846153846154 2024-08-31 11:52:50
111 1.1426564455032349 0.7153846153846154 2024-08-31 11:52:50
112 1.2961589097976685 0.7076923076923077 2024-08-31 11:52:50
113 1.2509413957595825 0.7076923076923077 2024-08-31 11:52:50
114 1.2089025974273682 0.7076923076923077 2024-08-31 11:52:50
115 5.271233558654785 0.7076923076923077 2024-08-31 11:52:50
116 1.2349449396133423 0.7076923076923077 2024-08-31 11:52:50
117 1.2042150497436523 0.7 2024-08-31 11:52:50
118 1.11654794216156 0.7 2024-08-31 11:52:50
119 1.2229512929916382 0.676923076923077 2024-08-31 11:52:50
120 1.1674256324768066 0.676923076923077 2024-08-31 11:52:50
121 1.1445640325546265 0.6692307692307692 2024-08-31 11:52:51
122 1.2396308183670044 0.6846153846153846 2024-08-31 11:52:51
123 1.2135653495788574 0.6846153846153846 2024-08-31 11:52:51
124 1.2009092569351196 0.6923076923076923 2024-08-31 11:52:51
125 1.209638237953186 0.6923076923076923 2024-08-31 11:52:51
126 1.3169622421264648 0.7 2024-08-31 11:52:51
127 1.1469001770019531 0.7 2024-08-31 11:52:51
128 1.1117228269577026 0.7 2024-08-31 11:52:51
129 1.2217564582824707 0.7076923076923077 2024-08-31 11:52:51
130 1.1557363271713257 0.7076923076923077 2024-08-31 11:52:51
131 1.1220595836639404 0.7 2024-08-31 11:52:51
132 1.2679702043533325 0.7 2024-08-31 11:52:52
133 1.2595958709716797 0.676923076923077 2024-08-31 11:52:52
134 1.2204548120498657 0.6692307692307692 2024-08-31 11:52:52
135 1.1711502075195312 0.6692307692307692 2024-08-31 11:52:52
136 1.0516650676727295 0.6692307692307692 2024-08-31 11:52:52
137 1.160244345664978 0.676923076923077 2024-08-31 11:52:52
138 1.123837947845459 0.6846153846153846 2024-08-31 11:52:52
139 1.3082473278045654 0.6846153846153846 2024-08-31 11:52:52
140 1.198357343673706 0.6846153846153846 2024-08-31 11:52:52
141 1.1707298755645752 0.6923076923076923 2024-08-31 11:52:52
142 1.1641731262207031 0.6923076923076923 2024-08-31 11:52:53
143 1.2016030550003052 0.6923076923076923 2024-08-31 11:52:53
144 1.1774002313613892 0.6846153846153846 2024-08-31 11:52:53
145 1.2251778841018677 0.6846153846153846 2024-08-31 11:52:53
146 1.1894564628601074 0.6923076923076923 2024-08-31 11:52:53
147 1.1888675689697266 0.6923076923076923 2024-08-31 11:52:53
148 1.1043050289154053 0.6923076923076923 2024-08-31 11:52:53
149 1.2095091342926025 0.6923076923076923 2024-08-31 11:52:53
40
90
1 2.4506521224975586 0.0 2024-08-31 11:52:53
2 2.3572909832000732 0.0 2024-08-31 11:52:53
3 2.2293686866760254 0.05 2024-08-31 11:52:53
4 2.298811674118042 0.05 2024-08-31 11:52:53
5 2.166935443878174 0.075 2024-08-31 11:52:54
6 2.069243907928467 0.075 2024-08-31 11:52:54
7 2.0143046379089355 0.075 2024-08-31 11:52:54
8 2.0865731239318848 0.075 2024-08-31 11:52:54
9 2.006791591644287 0.075 2024-08-31 11:52:54
10 1.977444052696228 0.075 2024-08-31 11:52:54
11 2.049180269241333 0.075 2024-08-31 11:52:54
12 1.9230775833129883 0.1 2024-08-31 11:52:54
13 1.9772109985351562 0.1 2024-08-31 11:52:54
14 1.8690369129180908 0.15 2024-08-31 11:52:54
15 1.8808616399765015 0.15 2024-08-31 11:52:54
16 1.924979567527771 0.6 2024-08-31 11:52:54
17 1.6310268640518188 0.6 2024-08-31 11:52:54
18 1.8686338663101196 0.6 2024-08-31 11:52:55
19 1.7668955326080322 0.6 2024-08-31 11:52:55
20 1.6612077951431274 0.6 2024-08-31 11:52:55
21 1.5782711505889893 0.6 2024-08-31 11:52:55
22 1.6340131759643555 0.6 2024-08-31 11:52:55
23 1.6775600910186768 0.6 2024-08-31 11:52:55
24 1.51465904712677 0.6 2024-08-31 11:52:55
25 1.4446113109588623 0.625 2024-08-31 11:52:55
26 1.4984290599822998 0.625 2024-08-31 11:52:55
27 1.564267873764038 0.625 2024-08-31 11:52:55
28 1.35358464717865 0.625 2024-08-31 11:52:55
29 1.5459622144699097 0.625 2024-08-31 11:52:55
30 1.4921274185180664 0.625 2024-08-31 11:52:55
31 1.420330286026001 0.625 2024-08-31 11:52:55
32 1.3743958473205566 0.625 2024-08-31 11:52:56
33 1.3455439805984497 0.625 2024-08-31 11:52:56
34 1.3992446660995483 0.65 2024-08-31 11:52:56
35 1.4930473566055298 0.65 2024-08-31 11:52:56
36 1.413446068763733 0.65 2024-08-31 11:52:56
37 1.4369314908981323 0.65 2024-08-31 11:52:56
38 1.4073530435562134 0.65 2024-08-31 11:52:56
39 1.4929206371307373 0.65 2024-08-31 11:52:56
40 1.4243247509002686 0.65 2024-08-31 11:52:56
41 1.4072140455245972 0.65 2024-08-31 11:52:56
42 1.4158514738082886 0.65 2024-08-31 11:52:56
43 1.3313621282577515 0.65 2024-08-31 11:52:56
44 1.3063653707504272 0.65 2024-08-31 11:52:56
45 1.4224655628204346 0.65 2024-08-31 11:52:57
46 1.2466202974319458 0.65 2024-08-31 11:52:57
47 1.26545250415802 0.65 2024-08-31 11:52:57
48 1.2961370944976807 0.65 2024-08-31 11:52:57
49 1.2946826219558716 0.65 2024-08-31 11:52:57
50 1.3014214038848877 0.65 2024-08-31 11:52:57
51 1.4532597064971924 0.65 2024-08-31 11:52:57
52 1.3786910772323608 0.65 2024-08-31 11:52:57
53 1.2580411434173584 0.65 2024-08-31 11:52:57
54 1.2984859943389893 0.65 2024-08-31 11:52:57
55 1.3230235576629639 0.7 2024-08-31 11:52:57
56 1.272627830505371 0.675 2024-08-31 11:52:57
57 1.383697748184204 0.65 2024-08-31 11:52:57
58 1.2839739322662354 0.65 2024-08-31 11:52:57
59 1.3791782855987549 0.65 2024-08-31 11:52:58
60 1.4582186937332153 0.65 2024-08-31 11:52:58
61 1.2306324243545532 0.65 2024-08-31 11:52:58
62 1.2526885271072388 0.65 2024-08-31 11:52:58
63 1.1939899921417236 0.675 2024-08-31 11:52:58
64 1.2123935222625732 0.675 2024-08-31 11:52:58
65 1.1429839134216309 0.675 2024-08-31 11:52:58
66 1.3073408603668213 0.675 2024-08-31 11:52:58
67 1.1748559474945068 0.675 2024-08-31 11:52:58
68 1.3087561130523682 0.7 2024-08-31 11:52:58
69 1.4032388925552368 0.675 2024-08-31 11:52:58
70 1.1764452457427979 0.675 2024-08-31 11:52:58
71 1.2582229375839233 0.675 2024-08-31 11:52:58
72 3.4491477012634277 0.85 2024-08-31 11:52:59
73 1.151431679725647 0.675 2024-08-31 11:52:59
74 1.2758556604385376 0.675 2024-08-31 11:52:59
75 1.1138304471969604 0.675 2024-08-31 11:52:59
76 1.2547276020050049 0.675 2024-08-31 11:52:59
77 1.1624383926391602 0.675 2024-08-31 11:52:59
78 1.1998728513717651 0.675 2024-08-31 11:52:59
79 1.2987316846847534 0.675 2024-08-31 11:52:59
80 1.3256585597991943 0.675 2024-08-31 11:52:59
81 1.2161242961883545 0.725 2024-08-31 11:52:59
82 1.1202409267425537 0.675 2024-08-31 11:52:59
83 1.2747218608856201 0.675 2024-08-31 11:52:59
84 1.2095038890838623 0.675 2024-08-31 11:52:59
85 1.21834135055542 0.675 2024-08-31 11:52:59
86 1.2391746044158936 0.675 2024-08-31 11:53:00
87 1.0845791101455688 0.675 2024-08-31 11:53:00
88 1.1940312385559082 0.675 2024-08-31 11:53:00
89 1.073965072631836 0.675 2024-08-31 11:53:00
90 1.295361042022705 0.675 2024-08-31 11:53:00
91 1.1700189113616943 0.675 2024-08-31 11:53:00
92 1.111528754234314 0.725 2024-08-31 11:53:00
93 1.2314376831054688 0.675 2024-08-31 11:53:00
94 1.1828993558883667 0.675 2024-08-31 11:53:00
95 1.1626017093658447 0.675 2024-08-31 11:53:00
96 1.234665036201477 0.675 2024-08-31 11:53:00
97 1.1780869960784912 0.7 2024-08-31 11:53:00
98 1.2385978698730469 0.675 2024-08-31 11:53:00
99 1.185607671737671 0.675 2024-08-31 11:53:01
100 1.1490110158920288 0.675 2024-08-31 11:53:01
101 1.1616289615631104 0.675 2024-08-31 11:53:01
102 1.2131989002227783 0.675 2024-08-31 11:53:01
103 1.193784475326538 0.675 2024-08-31 11:53:01
104 1.2827204465866089 0.675 2024-08-31 11:53:01
105 1.1698319911956787 0.675 2024-08-31 11:53:01
106 1.143204927444458 0.675 2024-08-31 11:53:01
107 1.088327169418335 0.675 2024-08-31 11:53:01
108 1.1829469203948975 0.675 2024-08-31 11:53:01
109 1.1761246919631958 0.675 2024-08-31 11:53:01
110 1.3012208938598633 0.675 2024-08-31 11:53:01
111 1.1831258535385132 0.675 2024-08-31 11:53:01
112 1.2468540668487549 0.675 2024-08-31 11:53:01
113 1.153368592262268 0.725 2024-08-31 11:53:02
114 1.0893827676773071 0.675 2024-08-31 11:53:02
115 1.084837794303894 0.675 2024-08-31 11:53:02
116 1.099844217300415 0.675 2024-08-31 11:53:02
117 1.2233428955078125 0.675 2024-08-31 11:53:02
118 1.161502480506897 0.675 2024-08-31 11:53:02
119 1.219677209854126 0.675 2024-08-31 11:53:02
120 1.2009356021881104 0.675 2024-08-31 11:53:02
121 1.1450865268707275 0.675 2024-08-31 11:53:02
122 1.2298927307128906 0.675 2024-08-31 11:53:02
123 1.1562952995300293 0.65 2024-08-31 11:53:02
124 1.2260090112686157 0.675 2024-08-31 11:53:02
125 1.2211658954620361 0.675 2024-08-31 11:53:02
126 1.1365549564361572 0.675 2024-08-31 11:53:03
127 1.1192630529403687 0.7 2024-08-31 11:53:03
128 1.1224164962768555 0.725 2024-08-31 11:53:03
129 1.0852360725402832 0.675 2024-08-31 11:53:03
130 1.577223300933838 0.65 2024-08-31 11:53:03
131 11.120742797851562 0.675 2024-08-31 11:53:03
132 1.3241785764694214 0.675 2024-08-31 11:53:03
133 1.1792410612106323 0.675 2024-08-31 11:53:03
134 1.2547374963760376 0.675 2024-08-31 11:53:03
135 1.2596886157989502 0.675 2024-08-31 11:53:03
136 1.3375554084777832 0.675 2024-08-31 11:53:03
137 1.3129236698150635 0.675 2024-08-31 11:53:03
138 1.2110509872436523 0.675 2024-08-31 11:53:03
139 1.3529260158538818 0.675 2024-08-31 11:53:04
140 1.3710017204284668 0.675 2024-08-31 11:53:04
141 1.2669250965118408 0.675 2024-08-31 11:53:04
142 1.1967321634292603 0.675 2024-08-31 11:53:04
143 1.2343347072601318 0.675 2024-08-31 11:53:04
144 1.2756158113479614 0.65 2024-08-31 11:53:04
145 1.3096342086791992 0.65 2024-08-31 11:53:04
146 1.4438023567199707 0.625 2024-08-31 11:53:04
147 1.3183510303497314 0.625 2024-08-31 11:53:04
148 1.4110671281814575 0.625 2024-08-31 11:53:04
149 1.3659565448760986 0.625 2024-08-31 11:53:04
15
25
1 2.66499924659729 0.0 2024-08-31 11:53:04
2 2.466543436050415 0.0 2024-08-31 11:53:04
3 2.3389782905578613 0.06666666666666667 2024-08-31 11:53:04
4 2.7204785346984863 0.06666666666666667 2024-08-31 11:53:04
5 2.490861177444458 0.06666666666666667 2024-08-31 11:53:04
6 2.3327512741088867 0.0 2024-08-31 11:53:05
7 2.628509521484375 0.0 2024-08-31 11:53:05
8 2.3469767570495605 0.06666666666666667 2024-08-31 11:53:05
9 2.694256067276001 0.13333333333333333 2024-08-31 11:53:05
10 2.2857115268707275 0.13333333333333333 2024-08-31 11:53:05
11 1.943642020225525 0.13333333333333333 2024-08-31 11:53:05
12 1.968828558921814 0.13333333333333333 2024-08-31 11:53:05
13 2.340925693511963 0.13333333333333333 2024-08-31 11:53:05
14 1.7855603694915771 0.13333333333333333 2024-08-31 11:53:05
15 2.1084465980529785 0.6 2024-08-31 11:53:05
16 2.088775396347046 0.6 2024-08-31 11:53:05
17 2.390143632888794 0.6 2024-08-31 11:53:05
18 2.322401762008667 0.6 2024-08-31 11:53:05
19 2.219299793243408 0.6 2024-08-31 11:53:05
20 2.143030881881714 0.6 2024-08-31 11:53:05
21 1.644959568977356 0.6 2024-08-31 11:53:05
22 2.225437641143799 0.6 2024-08-31 11:53:05
23 1.9386454820632935 0.6 2024-08-31 11:53:05
24 1.8920620679855347 0.6 2024-08-31 11:53:05
25 1.6491978168487549 0.6 2024-08-31 11:53:05
26 1.6829267740249634 0.6 2024-08-31 11:53:05
27 1.527433156967163 0.6 2024-08-31 11:53:05
28 1.5442994832992554 0.6 2024-08-31 11:53:05
29 1.5054962635040283 0.6 2024-08-31 11:53:05
30 2.0617434978485107 0.6666666666666666 2024-08-31 11:53:05
31 1.551194667816162 0.6 2024-08-31 11:53:05
32 1.7217899560928345 0.6 2024-08-31 11:53:05
33 2.0715749263763428 0.6 2024-08-31 11:53:05
34 1.4509724378585815 0.6 2024-08-31 11:53:05
35 1.8835731744766235 0.6 2024-08-31 11:53:05
36 1.8411773443222046 0.6 2024-08-31 11:53:05
37 1.9531304836273193 0.6666666666666666 2024-08-31 11:53:05
38 1.4112006425857544 0.7333333333333333 2024-08-31 11:53:05
39 1.7372885942459106 0.7333333333333333 2024-08-31 11:53:05
40 1.402636170387268 0.7333333333333333 2024-08-31 11:53:05
41 1.6251561641693115 0.7333333333333333 2024-08-31 11:53:05
42 1.4063199758529663 0.6666666666666666 2024-08-31 11:53:05
43 1.3785165548324585 0.6 2024-08-31 11:53:05
44 1.622909665107727 0.6 2024-08-31 11:53:05
45 1.8494120836257935 0.6 2024-08-31 11:53:05
46 1.3913367986679077 0.6 2024-08-31 11:53:06
47 1.3967722654342651 0.6666666666666666 2024-08-31 11:53:06
48 1.3553147315979004 0.7333333333333333 2024-08-31 11:53:06
49 1.475658893585205 0.7333333333333333 2024-08-31 11:53:06
50 1.3750691413879395 0.7333333333333333 2024-08-31 11:53:06
51 1.8504518270492554 0.7333333333333333 2024-08-31 11:53:06
52 1.8855513334274292 0.7333333333333333 2024-08-31 11:53:06
53 1.3393232822418213 0.7333333333333333 2024-08-31 11:53:06
54 1.6497858762741089 0.7333333333333333 2024-08-31 11:53:06
55 1.8189666271209717 0.7333333333333333 2024-08-31 11:53:06
56 1.7071436643600464 0.7333333333333333 2024-08-31 11:53:06
57 1.3246245384216309 0.7333333333333333 2024-08-31 11:53:06
58 1.68079674243927 0.6666666666666666 2024-08-31 11:53:06
59 1.6982676982879639 0.6666666666666666 2024-08-31 11:53:06
60 1.357672095298767 0.7333333333333333 2024-08-31 11:53:06
61 1.6192569732666016 0.7333333333333333 2024-08-31 11:53:06
62 1.306030035018921 0.7333333333333333 2024-08-31 11:53:06
63 1.3225990533828735 0.7333333333333333 2024-08-31 11:53:06
64 1.3078173398971558 0.7333333333333333 2024-08-31 11:53:06
65 1.8000508546829224 0.7333333333333333 2024-08-31 11:53:06
66 1.3438069820404053 0.7333333333333333 2024-08-31 11:53:06
67 1.5238295793533325 0.7333333333333333 2024-08-31 11:53:06
68 1.6041042804718018 0.6666666666666666 2024-08-31 11:53:06
69 1.7747681140899658 0.6 2024-08-31 11:53:06
70 1.836742877960205 0.6 2024-08-31 11:53:06
71 1.4808119535446167 0.6 2024-08-31 11:53:06
72 1.8034249544143677 0.6 2024-08-31 11:53:06
73 1.8147284984588623 0.6666666666666666 2024-08-31 11:53:06
74 1.7788363695144653 0.7333333333333333 2024-08-31 11:53:06
75 1.2809336185455322 0.7333333333333333 2024-08-31 11:53:06
76 1.632946491241455 0.7333333333333333 2024-08-31 11:53:06
77 1.2808831930160522 0.7333333333333333 2024-08-31 11:53:06
78 1.454073190689087 0.7333333333333333 2024-08-31 11:53:06
79 1.4670690298080444 0.7333333333333333 2024-08-31 11:53:06
80 1.2629108428955078 0.7333333333333333 2024-08-31 11:53:06
81 1.2757573127746582 0.7333333333333333 2024-08-31 11:53:06
82 1.6129449605941772 0.7333333333333333 2024-08-31 11:53:06
83 1.8659018278121948 0.7333333333333333 2024-08-31 11:53:06
84 1.2529300451278687 0.7333333333333333 2024-08-31 11:53:06
85 1.5840264558792114 0.7333333333333333 2024-08-31 11:53:06
86 1.562174916267395 0.7333333333333333 2024-08-31 11:53:07
87 1.2604866027832031 0.7333333333333333 2024-08-31 11:53:07
88 1.2479127645492554 0.7333333333333333 2024-08-31 11:53:07
89 1.41547691822052 0.7333333333333333 2024-08-31 11:53:07
90 1.2710586786270142 0.7333333333333333 2024-08-31 11:53:07
91 1.2416807413101196 0.7333333333333333 2024-08-31 11:53:07
92 1.5822404623031616 0.7333333333333333 2024-08-31 11:53:07
93 1.244948148727417 0.7333333333333333 2024-08-31 11:53:07
94 1.2382628917694092 0.7333333333333333 2024-08-31 11:53:07
95 1.233116626739502 0.7333333333333333 2024-08-31 11:53:07
96 1.2273733615875244 0.7333333333333333 2024-08-31 11:53:07
97 1.2329094409942627 0.7333333333333333 2024-08-31 11:53:07
98 1.4124478101730347 0.7333333333333333 2024-08-31 11:53:07
99 1.5534287691116333 0.7333333333333333 2024-08-31 11:53:07
100 1.5253578424453735 0.7333333333333333 2024-08-31 11:53:07
101 1.5322871208190918 0.7333333333333333 2024-08-31 11:53:07
102 1.720157504081726 0.7333333333333333 2024-08-31 11:53:07
103 1.2231171131134033 0.7333333333333333 2024-08-31 11:53:07
104 1.3416708707809448 0.7333333333333333 2024-08-31 11:53:07
105 1.5937827825546265 0.7333333333333333 2024-08-31 11:53:07
106 1.520877718925476 0.7333333333333333 2024-08-31 11:53:07
107 1.221901535987854 0.7333333333333333 2024-08-31 11:53:07
108 1.2075632810592651 0.7333333333333333 2024-08-31 11:53:07
109 1.2177072763442993 0.7333333333333333 2024-08-31 11:53:07
110 1.3687739372253418 0.7333333333333333 2024-08-31 11:53:07
111 1.5495699644088745 0.7333333333333333 2024-08-31 11:53:07
112 1.5733674764633179 0.7333333333333333 2024-08-31 11:53:07
113 1.3633919954299927 0.7333333333333333 2024-08-31 11:53:07
114 1.5072592496871948 0.7333333333333333 2024-08-31 11:53:07
115 1.235657811164856 0.6666666666666666 2024-08-31 11:53:07
116 1.2328768968582153 0.7333333333333333 2024-08-31 11:53:07
117 1.3873157501220703 0.7333333333333333 2024-08-31 11:53:07
118 1.501671314239502 0.7333333333333333 2024-08-31 11:53:07
119 1.1936442852020264 0.7333333333333333 2024-08-31 11:53:07
120 1.3883901834487915 0.7333333333333333 2024-08-31 11:53:07
121 1.2131778001785278 0.7333333333333333 2024-08-31 11:53:07
122 1.1887418031692505 0.7333333333333333 2024-08-31 11:53:07
123 1.348090410232544 0.7333333333333333 2024-08-31 11:53:07
124 1.1843997240066528 0.7333333333333333 2024-08-31 11:53:07
125 1.4925423860549927 0.7333333333333333 2024-08-31 11:53:08
126 1.1899266242980957 0.7333333333333333 2024-08-31 11:53:08
127 1.1852048635482788 0.7333333333333333 2024-08-31 11:53:08
128 1.192850112915039 0.7333333333333333 2024-08-31 11:53:08
129 1.571232557296753 0.7333333333333333 2024-08-31 11:53:08
130 1.1770548820495605 0.6666666666666666 2024-08-31 11:53:08
131 1.3258212804794312 0.6 2024-08-31 11:53:08
132 1.1904923915863037 0.6 2024-08-31 11:53:08
133 1.4865143299102783 0.6 2024-08-31 11:53:08
134 1.1866964101791382 0.6 2024-08-31 11:53:08
135 1.4970344305038452 0.6666666666666666 2024-08-31 11:53:08
136 1.4766514301300049 0.6666666666666666 2024-08-31 11:53:08
137 1.170894980430603 0.7333333333333333 2024-08-31 11:53:08
138 1.3168481588363647 0.7333333333333333 2024-08-31 11:53:08
139 1.1724393367767334 0.7333333333333333 2024-08-31 11:53:08
140 1.299757480621338 0.7333333333333333 2024-08-31 11:53:08
141 1.1824918985366821 0.7333333333333333 2024-08-31 11:53:08
142 1.1720995903015137 0.7333333333333333 2024-08-31 11:53:08
143 1.3051965236663818 0.7333333333333333 2024-08-31 11:53:08
144 1.1613973379135132 0.7333333333333333 2024-08-31 11:53:08
145 1.4630647897720337 0.7333333333333333 2024-08-31 11:53:08
146 1.3120239973068237 0.7333333333333333 2024-08-31 11:53:08
147 1.1751174926757812 0.7333333333333333 2024-08-31 11:53:08
148 1.1548062562942505 0.7333333333333333 2024-08-31 11:53:08
149 1.4850904941558838 0.7333333333333333 2024-08-31 11:53:08
4
11
1 3.096510648727417 0.0 2024-08-31 11:53:08
2 3.0795090198516846 0.0 2024-08-31 11:53:08
3 3.063660144805908 0.0 2024-08-31 11:53:08
4 3.034362316131592 0.0 2024-08-31 11:53:08
5 3.006917953491211 0.0 2024-08-31 11:53:08
6 2.9781925678253174 0.0 2024-08-31 11:53:08
7 2.9410908222198486 0.0 2024-08-31 11:53:08
8 2.9062256813049316 0.0 2024-08-31 11:53:08
9 2.866386651992798 0.0 2024-08-31 11:53:08
10 2.8298192024230957 0.0 2024-08-31 11:53:08
11 2.7874603271484375 0.0 2024-08-31 11:53:08
12 2.7472939491271973 0.0 2024-08-31 11:53:08
13 2.7113680839538574 0.0 2024-08-31 11:53:08
14 2.674382209777832 0.0 2024-08-31 11:53:08
15 2.6384072303771973 0.0 2024-08-31 11:53:09
16 2.603546619415283 0.0 2024-08-31 11:53:09
17 2.5698702335357666 0.0 2024-08-31 11:53:09
18 2.537463903427124 0.0 2024-08-31 11:53:09
19 2.5062966346740723 0.0 2024-08-31 11:53:09
20 2.4796624183654785 0.0 2024-08-31 11:53:09
21 2.449158191680908 0.0 2024-08-31 11:53:09
22 2.4165985584259033 0.0 2024-08-31 11:53:09
23 2.3979697227478027 0.0 2024-08-31 11:53:09
24 2.3690009117126465 0.0 2024-08-31 11:53:09
25 2.3440074920654297 0.0 2024-08-31 11:53:09
26 2.319875955581665 0.0 2024-08-31 11:53:09
27 2.293372631072998 0.0 2024-08-31 11:53:09
28 2.271975040435791 0.25 2024-08-31 11:53:09
29 2.254106044769287 0.25 2024-08-31 11:53:09
30 2.2293567657470703 0.25 2024-08-31 11:53:09
31 2.209677219390869 0.25 2024-08-31 11:53:09
32 2.1875507831573486 0.25 2024-08-31 11:53:09
33 2.168724536895752 0.25 2024-08-31 11:53:09
34 2.1491551399230957 0.25 2024-08-31 11:53:09
35 2.127368450164795 0.25 2024-08-31 11:53:09
36 2.1074984073638916 0.25 2024-08-31 11:53:09
37 2.090938091278076 0.5 2024-08-31 11:53:09
38 2.0722594261169434 0.5 2024-08-31 11:53:09
39 2.0581464767456055 0.5 2024-08-31 11:53:09
40 2.043194532394409 0.5 2024-08-31 11:53:09
41 2.0236380100250244 0.5 2024-08-31 11:53:09
42 2.012383460998535 0.5 2024-08-31 11:53:09
43 1.9990284442901611 0.5 2024-08-31 11:53:09
44 1.9824386835098267 0.5 2024-08-31 11:53:09
45 1.9676237106323242 0.5 2024-08-31 11:53:09
46 1.9558578729629517 0.5 2024-08-31 11:53:09
47 1.9409292936325073 0.5 2024-08-31 11:53:09
48 1.9276037216186523 0.5 2024-08-31 11:53:09
49 1.9205667972564697 0.5 2024-08-31 11:53:09
50 1.9080402851104736 0.5 2024-08-31 11:53:09
51 1.894751787185669 0.5 2024-08-31 11:53:09
52 1.8863178491592407 0.5 2024-08-31 11:53:09
53 1.8760271072387695 0.5 2024-08-31 11:53:09
54 1.8648157119750977 0.5 2024-08-31 11:53:09
55 1.8540470600128174 0.5 2024-08-31 11:53:09
56 1.8456330299377441 0.5 2024-08-31 11:53:09
57 1.8352446556091309 0.5 2024-08-31 11:53:09
58 1.8294792175292969 0.5 2024-08-31 11:53:09
59 1.8184936046600342 0.5 2024-08-31 11:53:09
60 1.8119642734527588 0.5 2024-08-31 11:53:10
61 1.801468014717102 0.5 2024-08-31 11:53:10
62 1.7952617406845093 0.5 2024-08-31 11:53:10
63 1.785050392150879 0.5 2024-08-31 11:53:10
64 1.7781505584716797 0.5 2024-08-31 11:53:10
65 1.7702550888061523 0.5 2024-08-31 11:53:10
66 1.7616748809814453 0.5 2024-08-31 11:53:10
67 1.7532042264938354 0.5 2024-08-31 11:53:10
68 1.747718095779419 0.5 2024-08-31 11:53:10
69 1.7375870943069458 0.5 2024-08-31 11:53:10
70 1.7323644161224365 0.5 2024-08-31 11:53:10
71 1.7272700071334839 0.5 2024-08-31 11:53:10
72 1.7184224128723145 0.5 2024-08-31 11:53:10
73 1.7125332355499268 0.5 2024-08-31 11:53:10
74 1.7049304246902466 0.5 2024-08-31 11:53:10
75 1.7011058330535889 0.5 2024-08-31 11:53:10
76 1.6917675733566284 0.5 2024-08-31 11:53:10
77 1.68626868724823 0.5 2024-08-31 11:53:10
78 1.6790157556533813 0.5 2024-08-31 11:53:10
79 1.675536870956421 0.5 2024-08-31 11:53:10
80 1.6684430837631226 0.5 2024-08-31 11:53:10
81 1.662346363067627 0.5 2024-08-31 11:53:10
82 1.6527607440948486 0.5 2024-08-31 11:53:10
83 1.6485638618469238 0.5 2024-08-31 11:53:10
84 1.6401095390319824 0.5 2024-08-31 11:53:10
85 1.6368703842163086 0.5 2024-08-31 11:53:10
86 1.632922649383545 0.5 2024-08-31 11:53:10
87 1.6245824098587036 0.5 2024-08-31 11:53:10
88 1.619034767150879 0.5 2024-08-31 11:53:10
89 1.6152217388153076 0.5 2024-08-31 11:53:10
90 1.6096749305725098 0.5 2024-08-31 11:53:10
91 1.6016618013381958 0.5 2024-08-31 11:53:10
92 1.5988296270370483 0.5 2024-08-31 11:53:10
93 1.5917919874191284 0.5 2024-08-31 11:53:10
94 1.5873351097106934 0.5 2024-08-31 11:53:10
95 1.5821127891540527 0.5 2024-08-31 11:53:10
96 1.5760308504104614 0.5 2024-08-31 11:53:10
97 1.5700656175613403 0.5 2024-08-31 11:53:10
98 1.5683362483978271 0.5 2024-08-31 11:53:10
99 1.5624481439590454 0.5 2024-08-31 11:53:10
100 1.556572437286377 0.5 2024-08-31 11:53:10
101 1.5516598224639893 0.5 2024-08-31 11:53:10
102 1.5458608865737915 0.5 2024-08-31 11:53:10
103 1.5435237884521484 0.5 2024-08-31 11:53:10
104 1.5385726690292358 0.5 2024-08-31 11:53:10
105 1.5329712629318237 0.5 2024-08-31 11:53:10
106 1.5274173021316528 0.5 2024-08-31 11:53:11
107 1.5235073566436768 0.5 2024-08-31 11:53:11
108 1.5179611444473267 0.5 2024-08-31 11:53:11
109 1.5149396657943726 0.5 2024-08-31 11:53:11
110 1.5111377239227295 0.5 2024-08-31 11:53:11
111 1.505721092224121 0.5 2024-08-31 11:53:11
112 1.5011948347091675 0.5 2024-08-31 11:53:11
113 1.4950618743896484 0.5 2024-08-31 11:53:11
114 1.4905965328216553 0.5 2024-08-31 11:53:11
115 1.4861845970153809 0.5 2024-08-31 11:53:11
116 1.483365535736084 0.5 2024-08-31 11:53:11
117 1.4774330854415894 0.5 2024-08-31 11:53:11
118 1.47391676902771 0.5 2024-08-31 11:53:11
119 1.4703500270843506 0.5 2024-08-31 11:53:11
120 1.4661427736282349 0.5 2024-08-31 11:53:11
121 1.4603376388549805 0.5 2024-08-31 11:53:11
122 1.4569507837295532 0.5 2024-08-31 11:53:11
123 1.451249122619629 0.5 2024-08-31 11:53:11
124 1.4502270221710205 0.5 2024-08-31 11:53:11
125 1.4438300132751465 0.5 2024-08-31 11:53:11
126 1.4421045780181885 0.5 2024-08-31 11:53:11
127 1.4357290267944336 0.5 2024-08-31 11:53:11
128 1.430245280265808 0.5 2024-08-31 11:53:11
129 1.427107810974121 0.5 2024-08-31 11:53:11
130 1.424691915512085 0.5 2024-08-31 11:53:11
131 1.422371745109558 0.5 2024-08-31 11:53:11
132 1.4161996841430664 0.5 2024-08-31 11:53:11
133 1.4124201536178589 0.5 2024-08-31 11:53:11
134 1.4071471691131592 0.5 2024-08-31 11:53:11
135 1.4071837663650513 0.5 2024-08-31 11:53:11
136 1.4027018547058105 0.5 2024-08-31 11:53:11
137 1.3975260257720947 0.5 2024-08-31 11:53:11
138 1.3931561708450317 0.5 2024-08-31 11:53:11
139 1.3917853832244873 0.5 2024-08-31 11:53:11
140 1.3881584405899048 0.5 2024-08-31 11:53:11
141 1.3823953866958618 0.5 2024-08-31 11:53:11
142 1.3804032802581787 0.5 2024-08-31 11:53:11
143 1.376204252243042 0.5 2024-08-31 11:53:11
144 1.3727655410766602 0.5 2024-08-31 11:53:11
145 1.3700592517852783 0.5 2024-08-31 11:53:11
146 1.367431640625 0.5 2024-08-31 11:53:11
147 1.3626161813735962 0.5 2024-08-31 11:53:11
148 1.3593004941940308 0.5 2024-08-31 11:53:11
149 1.3553261756896973 0.5 2024-08-31 11:53:11
2
2
1 2.024573564529419 0.0 2024-08-31 11:53:12
2 2.0114989280700684 0.0 2024-08-31 11:53:12
3 1.9935771226882935 0.0 2024-08-31 11:53:12
4 1.9719351530075073 0.0 2024-08-31 11:53:12
5 1.947510838508606 0.0 2024-08-31 11:53:12
6 1.9210914373397827 0.0 2024-08-31 11:53:12
7 1.8933401107788086 0.0 2024-08-31 11:53:12
8 1.864814281463623 0.0 2024-08-31 11:53:12
9 1.8359782695770264 0.0 2024-08-31 11:53:12
10 1.8072140216827393 0.0 2024-08-31 11:53:12
11 1.778829574584961 0.0 2024-08-31 11:53:12
12 1.7510671615600586 0.0 2024-08-31 11:53:12
13 1.7241084575653076 0.5 2024-08-31 11:53:12
14 1.698082447052002 0.5 2024-08-31 11:53:12
15 1.6730706691741943 0.5 2024-08-31 11:53:12
16 1.6491129398345947 0.5 2024-08-31 11:53:12
17 1.626215934753418 0.5 2024-08-31 11:53:12
18 1.6043565273284912 0.5 2024-08-31 11:53:12
19 1.5834894180297852 0.5 2024-08-31 11:53:12
20 1.563551664352417 0.5 2024-08-31 11:53:12
21 1.5444695949554443 0.5 2024-08-31 11:53:12
22 1.5261623859405518 0.5 2024-08-31 11:53:12
23 1.508547067642212 0.5 2024-08-31 11:53:12
24 1.4915423393249512 0.5 2024-08-31 11:53:12
25 1.4750714302062988 0.5 2024-08-31 11:53:12
26 1.4590630531311035 0.5 2024-08-31 11:53:12
27 1.4434561729431152 0.5 2024-08-31 11:53:12
28 1.428196668624878 0.5 2024-08-31 11:53:12
29 1.4132416248321533 0.5 2024-08-31 11:53:12
30 1.3985564708709717 0.5 2024-08-31 11:53:12
31 1.3841156959533691 0.5 2024-08-31 11:53:12
32 1.369901418685913 0.5 2024-08-31 11:53:12
33 1.3559038639068604 0.5 2024-08-31 11:53:12
34 1.3421177864074707 0.5 2024-08-31 11:53:12
35 1.3285439014434814 0.5 2024-08-31 11:53:12
36 1.3151860237121582 0.5 2024-08-31 11:53:12
37 1.3020508289337158 0.5 2024-08-31 11:53:12
38 1.289146900177002 0.5 2024-08-31 11:53:12
39 1.2764832973480225 0.5 2024-08-31 11:53:12
40 1.2640702724456787 0.5 2024-08-31 11:53:12
41 1.2519170045852661 0.5 2024-08-31 11:53:12
42 1.2400319576263428 0.5 2024-08-31 11:53:12
43 1.2284226417541504 0.5 2024-08-31 11:53:12
44 1.2170950174331665 0.5 2024-08-31 11:53:12
45 1.2060539722442627 0.5 2024-08-31 11:53:12
46 1.1953017711639404 0.5 2024-08-31 11:53:12
47 1.1848400831222534 0.5 2024-08-31 11:53:12
48 1.174668312072754 0.5 2024-08-31 11:53:12
49 1.1647844314575195 0.5 2024-08-31 11:53:12
50 1.1551849842071533 0.5 2024-08-31 11:53:12
51 1.1458656787872314 0.5 2024-08-31 11:53:12
52 1.1368205547332764 0.5 2024-08-31 11:53:12
53 1.1280431747436523 0.5 2024-08-31 11:53:12
54 1.1195261478424072 0.5 2024-08-31 11:53:12
55 1.1112611293792725 0.5 2024-08-31 11:53:12
56 1.1032404899597168 0.5 2024-08-31 11:53:12
57 1.0954556465148926 0.5 2024-08-31 11:53:12
58 1.087897539138794 0.5 2024-08-31 11:53:12
59 1.0805578231811523 0.5 2024-08-31 11:53:12
60 1.0734281539916992 0.5 2024-08-31 11:53:12
61 1.066500186920166 0.5 2024-08-31 11:53:12
62 1.0597656965255737 0.5 2024-08-31 11:53:12
63 1.0532171726226807 0.5 2024-08-31 11:53:12
64 1.0468475818634033 0.5 2024-08-31 11:53:12
65 1.0406497716903687 0.5 2024-08-31 11:53:12
66 1.034617304801941 0.5 2024-08-31 11:53:12
67 1.0287442207336426 0.5 2024-08-31 11:53:12
68 1.023024559020996 0.5 2024-08-31 11:53:12
69 1.0174531936645508 0.5 2024-08-31 11:53:12
70 1.0120251178741455 0.5 2024-08-31 11:53:12
71 1.0067355632781982 0.5 2024-08-31 11:53:12
72 1.0015804767608643 0.5 2024-08-31 11:53:12
73 0.9965550899505615 0.5 2024-08-31 11:53:13
1
1
1 1.2375526428222656 0.0 2024-08-31 11:53:13
2 1.2181203365325928 0.0 2024-08-31 11:53:13
3 1.1920311450958252 0.0 2024-08-31 11:53:13
4 1.1611461639404297 0.0 2024-08-31 11:53:13
5 1.1268815994262695 0.0 2024-08-31 11:53:13
6 1.090346336364746 0.0 2024-08-31 11:53:13
7 1.0524195432662964 0.0 2024-08-31 11:53:13
8 1.0138041973114014 0.0 2024-08-31 11:53:13
9 0.9750614166259766 1.0 2024-08-31 11:53:13
0
1
Finish training graph 0 2024-08-31 11:53:13
Start validating 2024-08-31 11:53:13
../graphchi-cpp-master/graph_data/darpatc/trace_test.txt 2024-08-31 11:53:13
Data(edge_index=[2, 3405646], test_mask=[1211448], train_mask=[1211448], x=[1211448, 46], y=[1211448])
validating in model  0
fp and fn:  573462 637986
Precision:  0.11815671111812512
Recall:  0.9999999999999984
validating in model  1
fp and fn:  100459 473003
Precision:  0.40436269803168484
Recall:  0.9999999999999984
validating in model  2
fp and fn:  78287 22172
Precision:  0.4655483318248707
Recall:  0.9999999999999984
validating in model  3
fp and fn:  18364 59923
Precision:  0.7921633631939047
Recall:  0.9999999999999984
Resource usage: resource.struct_rusage(ru_utime=19017.002438, ru_stime=1100.964795, ru_maxrss=3215632, ru_ixrss=0, ru_idrss=0, ru_isrss=0, ru_minflt=35515485, ru_majflt=4386, ru_nswap=0, ru_inblock=2403760, ru_oublock=827888, ru_msgsnd=0, ru_msgrcv=0, ru_nsignals=0, ru_nvcsw=17948392, ru_nivcsw=786314) 2024-08-31 12:09:33
