Sat 31 Aug 2024 04:10:59 IDT

SLURM_JOBID:		 981116
SLURM_JOB_NODELIST:	 dt-cpu-12 


executing python ./parse_darpatc.py
ta1-cadets-e3-official.json
ta1-cadets-e3-official.json.1
ta1-cadets-e3-official.json.2
ta1-cadets-e3-official-2.json
ta1-cadets-e3-official-2.json.1
ta1-theia-e3-official-1r.json
ta1-theia-e3-official-1r.json.1
ta1-theia-e3-official-1r.json.2
ta1-theia-e3-official-1r.json.3
ta1-theia-e3-official-1r.json.4
ta1-theia-e3-official-1r.json.5
ta1-theia-e3-official-1r.json.6
ta1-theia-e3-official-1r.json.7
ta1-theia-e3-official-1r.json.8
ta1-theia-e3-official-1r.json.9
ta1-theia-e3-official-6r.json
ta1-theia-e3-official-6r.json.1
ta1-theia-e3-official-6r.json.10
ta1-theia-e3-official-6r.json.11
ta1-theia-e3-official-6r.json.12
ta1-theia-e3-official-6r.json.2
ta1-theia-e3-official-6r.json.3
ta1-theia-e3-official-6r.json.4
ta1-theia-e3-official-6r.json.5
ta1-theia-e3-official-6r.json.6
ta1-theia-e3-official-6r.json.7
ta1-theia-e3-official-6r.json.8
ta1-theia-e3-official-6r.json.9
ta1-trace-e3-official-1.json
ta1-trace-e3-official-1.json.1
ta1-trace-e3-official-1.json.2
ta1-trace-e3-official-1.json.3
ta1-trace-e3-official-1.json.4
ta1-trace-e3-official-1.json.5
ta1-trace-e3-official-1.json.6
ta1-cadets-e3-official.json 2024-08-31 04:38:58
1000000
2000000
3000000
4000000
5000000
ta1-cadets-e3-official.json.1 2024-08-31 04:39:50
1000000
2000000
3000000
4000000
5000000
ta1-cadets-e3-official.json.2 2024-08-31 04:40:40
1000000
2000000
3000000
1000000
2000000
3000000
4000000
5000000
1000000
2000000
3000000
4000000
5000000
1000000
2000000
3000000
ta1-cadets-e3-official-2.json 2024-08-31 04:44:43
1000000
2000000
3000000
4000000
5000000
ta1-cadets-e3-official-2.json.1 2024-08-31 04:45:34
1000000
2000000
3000000
1000000
2000000
3000000
4000000
5000000
1000000
2000000
3000000
ta1-theia-e3-official-1r.json 2024-08-31 04:48:12
1000000
2000000
3000000
4000000
5000000
ta1-theia-e3-official-1r.json.1 2024-08-31 04:48:53
1000000
2000000
3000000
4000000
5000000
ta1-theia-e3-official-1r.json.2 2024-08-31 04:49:34
1000000
2000000
3000000
4000000
5000000
ta1-theia-e3-official-1r.json.3 2024-08-31 04:50:16
1000000
2000000
3000000
4000000
5000000
ta1-theia-e3-official-1r.json.4 2024-08-31 04:50:58
1000000
2000000
3000000
4000000
5000000
ta1-theia-e3-official-1r.json.5 2024-08-31 04:51:37
1000000
2000000
3000000
4000000
5000000
ta1-theia-e3-official-1r.json.6 2024-08-31 04:52:19
1000000
2000000
3000000
4000000
5000000
ta1-theia-e3-official-1r.json.7 2024-08-31 04:53:01
1000000
2000000
3000000
4000000
5000000
ta1-theia-e3-official-1r.json.8 2024-08-31 04:53:41
1000000
2000000
3000000
4000000
5000000
ta1-theia-e3-official-1r.json.9 2024-08-31 04:54:23
1000000
1000000
2000000
3000000
4000000
5000000
1000000
2000000
3000000
4000000
5000000
1000000
2000000
3000000
4000000
5000000
1000000
2000000
3000000
4000000
5000000
1000000
2000000
3000000
4000000
5000000
1000000
2000000
3000000
4000000
5000000
1000000
2000000
3000000
4000000
5000000
1000000
2000000
3000000
4000000
5000000
1000000
2000000
3000000
4000000
5000000
1000000
ta1-theia-e3-official-6r.json 2024-08-31 05:10:01
1000000
2000000
3000000
4000000
5000000
ta1-theia-e3-official-6r.json.1 2024-08-31 05:10:43
1000000
2000000
3000000
4000000
5000000
ta1-theia-e3-official-6r.json.2 2024-08-31 05:11:29
1000000
2000000
3000000
4000000
5000000
ta1-theia-e3-official-6r.json.3 2024-08-31 05:12:14
1000000
2000000
3000000
4000000
5000000
ta1-theia-e3-official-6r.json.4 2024-08-31 05:12:57
1000000
2000000
3000000
4000000
5000000
ta1-theia-e3-official-6r.json.5 2024-08-31 05:13:42
1000000
2000000
3000000
4000000
5000000
ta1-theia-e3-official-6r.json.6 2024-08-31 05:14:23
1000000
2000000
3000000
4000000
5000000
ta1-theia-e3-official-6r.json.7 2024-08-31 05:15:04
1000000
2000000
3000000
4000000
5000000
ta1-theia-e3-official-6r.json.8 2024-08-31 05:15:45
1000000
2000000
3000000
4000000
5000000
ta1-theia-e3-official-6r.json.9 2024-08-31 05:16:26
1000000
2000000
3000000
4000000
5000000
ta1-theia-e3-official-6r.json.10 2024-08-31 05:17:07
1000000
2000000
3000000
4000000
5000000
ta1-theia-e3-official-6r.json.11 2024-08-31 05:17:47
1000000
2000000
3000000
4000000
5000000
ta1-theia-e3-official-6r.json.12 2024-08-31 05:18:28
1000000
2000000
3000000
1000000
2000000
3000000
4000000
5000000
1000000
2000000
3000000
4000000
5000000
1000000
2000000
3000000
4000000
5000000
1000000
2000000
3000000
4000000
5000000
1000000
2000000
3000000
4000000
5000000
1000000
2000000
3000000
4000000
5000000
1000000
2000000
3000000
4000000
5000000
1000000
2000000
3000000
4000000
5000000
1000000
2000000
3000000
4000000
5000000
1000000
2000000
3000000
4000000
5000000
1000000
2000000
3000000
4000000
5000000
1000000
2000000
3000000
4000000
5000000
1000000
2000000
3000000
ta1-trace-e3-official-1.json 2024-08-31 05:39:24
1000000
2000000
3000000
4000000
5000000
ta1-trace-e3-official-1.json.1 2024-08-31 05:40:01
1000000
2000000
3000000
4000000
5000000
ta1-trace-e3-official-1.json.2 2024-08-31 05:40:35
1000000
2000000
3000000
4000000
5000000
ta1-trace-e3-official-1.json.3 2024-08-31 05:41:08
1000000
2000000
3000000
4000000
5000000
ta1-trace-e3-official-1.json.4 2024-08-31 05:41:41
1000000
2000000
3000000
4000000
5000000
ta1-trace-e3-official-1.json.5 2024-08-31 05:42:15
1000000
2000000
3000000
4000000
5000000
ta1-trace-e3-official-1.json.6 2024-08-31 05:42:47
1000000
2000000
1000000
2000000
3000000
4000000
5000000
1000000
2000000
3000000
4000000
5000000
1000000
2000000
3000000
4000000
5000000
1000000
2000000
3000000
4000000
5000000
1000000
2000000
3000000
4000000
5000000
1000000
2000000
3000000
4000000
5000000
1000000
2000000
