Sun 01 Sep 2024 10:29:51 IDT

SLURM_JOBID:		 986862
SLURM_JOB_NODELIST:	 ise-cpu-intl-13 


executing python ./train_darpatc.py --scene theia
rm: cannot remove 'result_*': No such file or directory
rm: cannot remove 'result_*': No such file or directory
Start training graph 0 2024-09-01 10:30:11
Data(edge_index=[2, 9388492], test_mask=[304973], train_mask=[304973], x=[304973, 36], y=[304973])
feature  36 ; label  5
1 1342.0771803497548 0.8350149029586226 2024-09-01 10:31:44
2 143.44174505842926 0.8480586806045125 2024-09-01 10:32:33
3 10.402603553889467 0.8585743655995777 2024-09-01 10:33:21
4 1.3951365962782223 0.8619648296734465 2024-09-01 10:34:08
5 0.9835988555011816 0.8614565879602457 2024-09-01 10:34:57
6 1.034464500373487 0.8601843441878462 2024-09-01 10:35:46
7 0.7955957362940946 0.8613549396176055 2024-09-01 10:36:33
8 0.6628875148510444 0.8627911323297472 2024-09-01 10:37:22
9 0.6252199970390605 0.8656044961357235 2024-09-01 10:38:11
10 0.6027368719568377 0.8635584133677408 2024-09-01 10:38:58
11 0.544726568125789 0.8625779987080824 2024-09-01 10:39:47
12 0.5452827787116722 0.8628272010964905 2024-09-01 10:40:36
13 0.5969010084048672 0.864751961649064 2024-09-01 10:41:26
14 0.5480623523300976 0.8674636771124001 2024-09-01 10:42:13
15 0.5370793780772117 0.867529256688297 2024-09-01 10:43:00
16 0.551080996093483 0.8701327658514032 2024-09-01 10:43:48
17 0.5272426039216677 0.8701622766605568 2024-09-01 10:44:37
18 0.517731780133862 0.8702508090880177 2024-09-01 10:45:27
19 0.5186741567507647 0.8698540526538415 2024-09-01 10:46:17
20 0.5127456104341493 0.8727592278660734 2024-09-01 10:47:05
21 0.515636837548551 0.8699720958904559 2024-09-01 10:47:54
22 0.5128266529711037 0.8718116029943634 2024-09-01 10:48:43
23 0.5117733734216029 0.8716706069061851 2024-09-01 10:49:33
24 0.5042605469156736 0.8701229289150187 2024-09-01 10:50:21
25 0.5103837454517726 0.8714935420512635 2024-09-01 10:51:09
26 0.5079241068752519 0.872641184629459 2024-09-01 10:51:59
27 0.5020476500553023 0.8704049210913753 2024-09-01 10:52:47
28 0.505626374277855 0.8702835988759661 2024-09-01 10:53:35
29 0.5045283557545887 0.8708606991438587 2024-09-01 10:54:23
39384
265589
1 3.8330635532915363 0.034201706276660575 2024-09-01 10:55:43
2 2.324825740165641 0.09369287020109689 2024-09-01 10:56:00
3 1.9146132762418053 0.15067032297379646 2024-09-01 10:56:19
4 1.625169835050925 0.17867661994718667 2024-09-01 10:56:37
5 1.3769344441076616 0.2183627869185456 2024-09-01 10:56:55
6 1.2812014208948033 0.6179412959577494 2024-09-01 10:57:14
7 1.1982531543429877 0.6219530773918343 2024-09-01 10:57:31
8 1.1190396348756428 0.6213944749136705 2024-09-01 10:57:49
9 1.1198632028464643 0.6206581352833638 2024-09-01 10:58:06
10 1.0838071845567205 0.6157830591102986 2024-09-01 10:58:24
11 1.059666197873363 0.6143103798496852 2024-09-01 10:58:42
12 1.0245972850229255 0.6227148080438757 2024-09-01 10:58:59
13 1.0174701307911034 0.632211050172659 2024-09-01 10:59:18
14 0.9782164297451605 0.6494515539305301 2024-09-01 10:59:36
13806
25578
1 1.6288040926641922 0.000651890482398957 2024-09-01 10:59:53
2 1.530307717207945 0.008619440822830653 2024-09-01 10:59:56
3 1.4265346576144138 0.017094017094017096 2024-09-01 11:00:00
4 1.3682799843555082 0.06019122120817036 2024-09-01 11:00:03
5 1.2346777480943434 0.06055338258728089 2024-09-01 11:00:07
6 1.2102833750557764 0.06055338258728089 2024-09-01 11:00:11
7 1.1340766650739655 0.6868028393452122 2024-09-01 11:00:14
8 1.0826639082575817 0.7011444299579893 2024-09-01 11:00:17
9 1.019264670872747 0.7021584818194988 2024-09-01 11:00:21
10 0.9804446150751265 0.7021584818194988 2024-09-01 11:00:24
4112
9694
1 1.6859830617904663 0.00024319066147859923 2024-09-01 11:00:30
2 1.6569510698318481 0.0009727626459143969 2024-09-01 11:00:33
3 1.5366816520690918 0.0012159533073929961 2024-09-01 11:00:35
4 1.6472405195236206 0.0017023346303501946 2024-09-01 11:00:38
5 1.603573203086853 0.0017023346303501946 2024-09-01 11:00:40
6 1.4607772827148438 0.0038910505836575876 2024-09-01 11:00:43
7 1.5307295322418213 0.005350194552529183 2024-09-01 11:00:45
8 1.4577651023864746 0.006566147859922179 2024-09-01 11:00:48
9 1.4277344942092896 0.00924124513618677 2024-09-01 11:00:51
10 1.3783077001571655 0.009484435797665369 2024-09-01 11:00:54
11 1.317618489265442 0.009970817120622567 2024-09-01 11:00:56
12 1.2856887578964233 0.020428015564202335 2024-09-01 11:00:59
13 1.2930008172988892 0.057392996108949414 2024-09-01 11:01:01
14 1.2113155126571655 0.08098249027237354 2024-09-01 11:01:04
15 1.2000789642333984 0.21254863813229571 2024-09-01 11:01:07
16 1.1467403173446655 0.32709143968871596 2024-09-01 11:01:09
17 1.1213656663894653 0.5034046692607004 2024-09-01 11:01:12
18 1.057989239692688 0.626215953307393 2024-09-01 11:01:14
19 1.01082181930542 0.6989299610894941 2024-09-01 11:01:17
20 0.9891964197158813 0.7492704280155642 2024-09-01 11:01:19
1031
3081
1 2.0285542011260986 0.11154219204655674 2024-09-01 11:01:23
2 1.7541736364364624 0.18331716779825413 2024-09-01 11:01:25
3 1.8242356777191162 0.22405431619786614 2024-09-01 11:01:27
4 1.857686161994934 0.3084384093113482 2024-09-01 11:01:29
5 1.5769342184066772 0.3569350145489816 2024-09-01 11:01:31
6 1.5705894231796265 0.41707080504364696 2024-09-01 11:01:33
7 1.627910852432251 0.5169738118331717 2024-09-01 11:01:36
8 1.425093173980713 0.542192046556741 2024-09-01 11:01:38
9 1.422423243522644 0.5674102812803103 2024-09-01 11:01:40
10 1.5391967296600342 0.5664403491755577 2024-09-01 11:01:42
11 1.4681247472763062 0.5751697381183317 2024-09-01 11:01:44
12 1.4248521327972412 0.5945683802133851 2024-09-01 11:01:46
13 1.4684118032455444 0.6032977691561591 2024-09-01 11:01:48
14 1.4130151271820068 0.6071774975751697 2024-09-01 11:01:50
15 1.3494892120361328 0.6071774975751697 2024-09-01 11:01:52
16 1.278983473777771 0.6071774975751697 2024-09-01 11:01:54
17 1.3811466693878174 0.6100872938894277 2024-09-01 11:01:57
18 1.252825140953064 0.6139670223084384 2024-09-01 11:01:59
19 1.2394788265228271 0.6265761396702231 2024-09-01 11:02:01
20 1.3251218795776367 0.6333656644034917 2024-09-01 11:02:03
21 1.3016746044158936 0.6382153249272551 2024-09-01 11:02:05
22 1.2438230514526367 0.6411251212415131 2024-09-01 11:02:07
23 1.165902018547058 0.6459747817652765 2024-09-01 11:02:10
24 1.1852667331695557 0.6459747817652765 2024-09-01 11:02:12
25 1.2716896533966064 0.6459747817652765 2024-09-01 11:02:14
26 1.1879111528396606 0.646944713870029 2024-09-01 11:02:16
27 1.2094050645828247 0.6479146459747818 2024-09-01 11:02:18
28 1.1943871974945068 0.6479146459747818 2024-09-01 11:02:20
29 1.1484414339065552 0.6479146459747818 2024-09-01 11:02:22
30 1.1600494384765625 0.6479146459747818 2024-09-01 11:02:24
31 1.064813494682312 0.6479146459747818 2024-09-01 11:02:26
32 1.1330856084823608 0.6517943743937924 2024-09-01 11:02:29
33 1.1000550985336304 0.6527643064985451 2024-09-01 11:02:31
34 1.1083757877349854 0.6527643064985451 2024-09-01 11:02:33
35 1.1028097867965698 0.6527643064985451 2024-09-01 11:02:35
36 1.1161439418792725 0.6537342386032978 2024-09-01 11:02:37
37 1.0647157430648804 0.6721629485935985 2024-09-01 11:02:39
38 1.0285921096801758 0.6789524733268671 2024-09-01 11:02:41
39 1.0212188959121704 0.6818622696411252 2024-09-01 11:02:44
40 1.0199042558670044 0.6828322017458778 2024-09-01 11:02:46
41 1.0433956384658813 0.6847720659553831 2024-09-01 11:02:48
42 0.982919454574585 0.6867119301648884 2024-09-01 11:02:50
323
708
1 1.8174912929534912 0.0 2024-09-01 11:02:51
2 1.7547119855880737 0.0 2024-09-01 11:02:51
3 1.7202210426330566 0.0 2024-09-01 11:02:52
4 1.6329762935638428 0.0 2024-09-01 11:02:52
5 1.621492862701416 0.0 2024-09-01 11:02:52
6 1.4838353395462036 0.0 2024-09-01 11:02:52
7 1.4162174463272095 0.0 2024-09-01 11:02:52
8 1.4667524099349976 0.006191950464396285 2024-09-01 11:02:52
9 1.4356058835983276 0.006191950464396285 2024-09-01 11:02:52
10 1.373241901397705 0.006191950464396285 2024-09-01 11:02:52
11 1.3115642070770264 0.021671826625386997 2024-09-01 11:02:52
12 1.3352349996566772 0.021671826625386997 2024-09-01 11:02:52
13 1.2502771615982056 0.021671826625386997 2024-09-01 11:02:52
14 1.25043523311615 0.034055727554179564 2024-09-01 11:02:53
15 1.2231383323669434 0.04953560371517028 2024-09-01 11:02:53
16 1.1791107654571533 0.05263157894736842 2024-09-01 11:02:53
17 1.1767438650131226 0.058823529411764705 2024-09-01 11:02:53
18 1.1341767311096191 0.11764705882352941 2024-09-01 11:02:53
19 1.086557149887085 0.1826625386996904 2024-09-01 11:02:53
20 1.0857380628585815 0.46439628482972134 2024-09-01 11:02:53
21 1.057366967201233 0.6842105263157895 2024-09-01 11:02:53
22 1.0692474842071533 0.6934984520123839 2024-09-01 11:02:53
23 0.9769145250320435 0.7058823529411765 2024-09-01 11:02:53
95
228
1 1.3840535879135132 0.0 2024-09-01 11:02:54
2 1.3422462940216064 0.0 2024-09-01 11:02:54
3 1.4182026386260986 0.0 2024-09-01 11:02:54
4 1.3625822067260742 0.0 2024-09-01 11:02:54
5 1.350361704826355 0.0 2024-09-01 11:02:54
6 1.2218220233917236 0.0 2024-09-01 11:02:54
7 1.260541319847107 0.0 2024-09-01 11:02:54
8 1.1456197500228882 0.0 2024-09-01 11:02:54
9 1.1302021741867065 0.11578947368421053 2024-09-01 11:02:54
10 1.0446990728378296 0.3263157894736842 2024-09-01 11:02:54
11 1.0210356712341309 0.5368421052631579 2024-09-01 11:02:54
12 1.012900710105896 0.6105263157894737 2024-09-01 11:02:54
13 0.8608336448669434 0.6210526315789474 2024-09-01 11:02:54
36
59
1 1.413500189781189 0.08333333333333333 2024-09-01 11:02:54
2 1.3360048532485962 0.1111111111111111 2024-09-01 11:02:54
3 1.3136730194091797 0.1388888888888889 2024-09-01 11:02:54
4 1.34929621219635 0.19444444444444445 2024-09-01 11:02:54
5 1.3026028871536255 0.25 2024-09-01 11:02:54
6 1.3332561254501343 0.2777777777777778 2024-09-01 11:02:54
7 1.315131664276123 0.3333333333333333 2024-09-01 11:02:54
8 1.3039422035217285 0.3611111111111111 2024-09-01 11:02:55
9 1.259578824043274 0.3611111111111111 2024-09-01 11:02:55
10 1.3117904663085938 0.3611111111111111 2024-09-01 11:02:55
11 1.2671499252319336 0.3611111111111111 2024-09-01 11:02:55
12 1.3198609352111816 0.3611111111111111 2024-09-01 11:02:55
13 1.3128958940505981 0.3611111111111111 2024-09-01 11:02:55
14 1.3127532005310059 0.3611111111111111 2024-09-01 11:02:55
15 1.3100420236587524 0.3611111111111111 2024-09-01 11:02:55
16 1.3582119941711426 0.3611111111111111 2024-09-01 11:02:55
17 1.3805863857269287 0.3611111111111111 2024-09-01 11:02:55
18 1.2399709224700928 0.3611111111111111 2024-09-01 11:02:55
19 1.2759016752243042 0.3611111111111111 2024-09-01 11:02:55
20 1.246572494506836 0.3611111111111111 2024-09-01 11:02:55
21 1.2555841207504272 0.3611111111111111 2024-09-01 11:02:55
22 1.1478172540664673 0.3888888888888889 2024-09-01 11:02:55
23 1.139293909072876 0.3888888888888889 2024-09-01 11:02:55
24 1.1664495468139648 0.3888888888888889 2024-09-01 11:02:55
25 1.138352870941162 0.3888888888888889 2024-09-01 11:02:55
26 1.1597307920455933 0.3888888888888889 2024-09-01 11:02:55
27 1.1893644332885742 0.3888888888888889 2024-09-01 11:02:55
28 1.1022621393203735 0.3611111111111111 2024-09-01 11:02:55
29 1.1310352087020874 0.3333333333333333 2024-09-01 11:02:56
30 1.16206955909729 0.3333333333333333 2024-09-01 11:02:56
31 1.175588607788086 0.2777777777777778 2024-09-01 11:02:56
32 1.0658583641052246 0.2777777777777778 2024-09-01 11:02:56
33 1.1428990364074707 0.2777777777777778 2024-09-01 11:02:56
34 1.0767693519592285 0.2222222222222222 2024-09-01 11:02:56
35 1.090087652206421 0.19444444444444445 2024-09-01 11:02:56
36 1.1349515914916992 0.19444444444444445 2024-09-01 11:02:56
37 1.0915383100509644 0.16666666666666666 2024-09-01 11:02:56
38 1.0718973875045776 0.16666666666666666 2024-09-01 11:02:56
39 1.1190381050109863 0.16666666666666666 2024-09-01 11:02:56
40 1.0827618837356567 0.1388888888888889 2024-09-01 11:02:56
41 1.1365169286727905 0.1388888888888889 2024-09-01 11:02:56
42 1.136325716972351 0.1388888888888889 2024-09-01 11:02:56
43 1.0919067859649658 0.1111111111111111 2024-09-01 11:02:56
44 1.0448250770568848 0.1111111111111111 2024-09-01 11:02:56
45 1.110899567604065 0.1111111111111111 2024-09-01 11:02:56
46 1.0906848907470703 0.1111111111111111 2024-09-01 11:02:56
47 1.0708041191101074 0.1111111111111111 2024-09-01 11:02:56
48 1.0616374015808105 0.1111111111111111 2024-09-01 11:02:56
49 1.0179177522659302 0.1111111111111111 2024-09-01 11:02:56
50 1.1080774068832397 0.1111111111111111 2024-09-01 11:02:57
51 1.0896492004394531 0.1111111111111111 2024-09-01 11:02:57
52 1.0351561307907104 0.1111111111111111 2024-09-01 11:02:57
53 1.0992610454559326 0.1111111111111111 2024-09-01 11:02:57
54 1.0751042366027832 0.1111111111111111 2024-09-01 11:02:57
55 1.0832507610321045 0.1111111111111111 2024-09-01 11:02:57
56 1.0759029388427734 0.1111111111111111 2024-09-01 11:02:57
57 1.0468080043792725 0.1111111111111111 2024-09-01 11:02:57
58 1.0834726095199585 0.1111111111111111 2024-09-01 11:02:57
59 1.0480698347091675 0.1111111111111111 2024-09-01 11:02:57
60 1.071618914604187 0.1111111111111111 2024-09-01 11:02:57
61 1.0046696662902832 0.1111111111111111 2024-09-01 11:02:57
62 1.0715041160583496 0.1111111111111111 2024-09-01 11:02:57
63 1.0105665922164917 0.08333333333333333 2024-09-01 11:02:57
64 1.0139724016189575 0.027777777777777776 2024-09-01 11:02:57
65 1.0154088735580444 0.027777777777777776 2024-09-01 11:02:57
66 1.0759690999984741 0.027777777777777776 2024-09-01 11:02:57
67 1.1094028949737549 0.3888888888888889 2024-09-01 11:02:57
68 1.097622275352478 0.5 2024-09-01 11:02:57
69 0.981299638748169 0.5 2024-09-01 11:02:57
18
18
1 1.3263752460479736 0.0 2024-09-01 11:02:57
2 1.3289837837219238 0.0 2024-09-01 11:02:58
3 1.386798620223999 0.0 2024-09-01 11:02:58
4 1.3524127006530762 0.0 2024-09-01 11:02:58
5 1.295638918876648 0.0 2024-09-01 11:02:58
6 1.2898837327957153 0.0 2024-09-01 11:02:58
7 1.338055968284607 0.0 2024-09-01 11:02:58
8 1.2215492725372314 0.0 2024-09-01 11:02:58
9 1.232965350151062 0.0 2024-09-01 11:02:58
10 1.1960819959640503 0.0 2024-09-01 11:02:58
11 1.211440086364746 0.0 2024-09-01 11:02:58
12 1.1374696493148804 0.0 2024-09-01 11:02:58
13 1.171574354171753 0.0 2024-09-01 11:02:58
14 1.0320261716842651 0.05555555555555555 2024-09-01 11:02:58
15 1.1985344886779785 0.05555555555555555 2024-09-01 11:02:58
16 1.0647550821304321 0.05555555555555555 2024-09-01 11:02:58
17 1.0800303220748901 0.05555555555555555 2024-09-01 11:02:58
18 1.1124948263168335 0.05555555555555555 2024-09-01 11:02:58
19 0.9602133631706238 0.6666666666666666 2024-09-01 11:02:58
6
12
1 1.741353988647461 0.0 2024-09-01 11:02:58
2 1.6614141464233398 0.0 2024-09-01 11:02:58
3 1.657309651374817 0.0 2024-09-01 11:02:58
4 1.600396752357483 0.0 2024-09-01 11:02:58
5 1.6144694089889526 0.0 2024-09-01 11:02:58
6 1.600006103515625 0.0 2024-09-01 11:02:59
7 1.601102352142334 0.0 2024-09-01 11:02:59
8 1.57097327709198 0.0 2024-09-01 11:02:59
9 1.5064488649368286 0.0 2024-09-01 11:02:59
10 1.537481665611267 0.0 2024-09-01 11:02:59
11 1.5137152671813965 0.0 2024-09-01 11:02:59
12 1.4849251508712769 0.0 2024-09-01 11:02:59
13 1.4903901815414429 0.0 2024-09-01 11:02:59
14 1.473167061805725 0.0 2024-09-01 11:02:59
15 1.4339475631713867 0.0 2024-09-01 11:02:59
16 1.378061294555664 0.0 2024-09-01 11:02:59
17 1.3631864786148071 0.0 2024-09-01 11:02:59
18 1.4008288383483887 0.0 2024-09-01 11:02:59
19 1.3568822145462036 0.0 2024-09-01 11:02:59
20 1.3348569869995117 0.0 2024-09-01 11:02:59
21 1.2817455530166626 0.0 2024-09-01 11:02:59
22 1.2753018140792847 0.0 2024-09-01 11:02:59
23 1.2652229070663452 0.16666666666666666 2024-09-01 11:02:59
24 1.283368706703186 0.16666666666666666 2024-09-01 11:02:59
25 1.2060736417770386 0.16666666666666666 2024-09-01 11:02:59
26 1.2830265760421753 0.16666666666666666 2024-09-01 11:02:59
27 1.2296239137649536 0.16666666666666666 2024-09-01 11:02:59
28 1.2254996299743652 0.16666666666666666 2024-09-01 11:02:59
29 1.2321103811264038 0.3333333333333333 2024-09-01 11:02:59
30 1.210977554321289 0.3333333333333333 2024-09-01 11:02:59
31 1.1536694765090942 0.3333333333333333 2024-09-01 11:02:59
32 1.1466981172561646 0.3333333333333333 2024-09-01 11:02:59
33 1.1297136545181274 0.3333333333333333 2024-09-01 11:02:59
34 1.1071230173110962 0.3333333333333333 2024-09-01 11:03:00
35 1.143093228340149 0.3333333333333333 2024-09-01 11:03:00
36 1.079719066619873 0.3333333333333333 2024-09-01 11:03:00
37 1.0858688354492188 0.3333333333333333 2024-09-01 11:03:00
38 1.0721396207809448 0.3333333333333333 2024-09-01 11:03:00
39 1.1257821321487427 0.3333333333333333 2024-09-01 11:03:00
40 1.26539146900177 0.3333333333333333 2024-09-01 11:03:00
41 1.072535753250122 0.3333333333333333 2024-09-01 11:03:00
42 1.0614012479782104 0.3333333333333333 2024-09-01 11:03:00
43 1.0630594491958618 0.3333333333333333 2024-09-01 11:03:00
44 1.0540825128555298 0.3333333333333333 2024-09-01 11:03:00
45 1.112884521484375 0.3333333333333333 2024-09-01 11:03:00
46 1.03423011302948 0.3333333333333333 2024-09-01 11:03:00
47 1.0575519800186157 0.3333333333333333 2024-09-01 11:03:00
48 1.062876582145691 0.3333333333333333 2024-09-01 11:03:00
49 1.0656870603561401 0.3333333333333333 2024-09-01 11:03:00
50 1.1064494848251343 0.3333333333333333 2024-09-01 11:03:00
51 1.0176843404769897 0.3333333333333333 2024-09-01 11:03:00
52 1.0905972719192505 0.3333333333333333 2024-09-01 11:03:00
53 1.0567296743392944 0.3333333333333333 2024-09-01 11:03:00
54 1.21066153049469 0.3333333333333333 2024-09-01 11:03:00
55 1.0265402793884277 0.3333333333333333 2024-09-01 11:03:00
56 1.034243106842041 0.3333333333333333 2024-09-01 11:03:00
57 0.9826013445854187 0.3333333333333333 2024-09-01 11:03:00
4
2
1 1.4610137939453125 0.0 2024-09-01 11:03:00
2 1.4423885345458984 0.0 2024-09-01 11:03:00
3 1.4334022998809814 0.0 2024-09-01 11:03:00
4 1.3727046251296997 0.0 2024-09-01 11:03:00
5 1.43947172164917 0.0 2024-09-01 11:03:00
6 1.4498169422149658 0.0 2024-09-01 11:03:00
7 1.3647897243499756 0.0 2024-09-01 11:03:00
8 1.4349082708358765 0.0 2024-09-01 11:03:00
9 1.360031247138977 0.0 2024-09-01 11:03:00
10 1.4581198692321777 0.0 2024-09-01 11:03:00
11 1.362052321434021 0.0 2024-09-01 11:03:00
12 1.35542893409729 0.0 2024-09-01 11:03:00
13 1.3649396896362305 0.0 2024-09-01 11:03:00
14 1.4560518264770508 0.0 2024-09-01 11:03:00
15 1.3505051136016846 0.0 2024-09-01 11:03:00
16 1.3551311492919922 0.0 2024-09-01 11:03:01
17 1.4544373750686646 0.0 2024-09-01 11:03:01
18 1.4538514614105225 0.0 2024-09-01 11:03:01
19 1.4088438749313354 0.0 2024-09-01 11:03:01
20 1.4393699169158936 0.0 2024-09-01 11:03:01
21 1.4517669677734375 0.0 2024-09-01 11:03:01
22 1.3475980758666992 0.0 2024-09-01 11:03:01
23 1.4502208232879639 0.0 2024-09-01 11:03:01
24 1.351391077041626 0.0 2024-09-01 11:03:01
25 1.433858871459961 0.0 2024-09-01 11:03:01
26 1.3985495567321777 0.0 2024-09-01 11:03:01
27 1.4082916975021362 0.0 2024-09-01 11:03:01
28 1.4463731050491333 0.0 2024-09-01 11:03:01
29 1.39327871799469 0.0 2024-09-01 11:03:01
30 1.3913145065307617 0.0 2024-09-01 11:03:01
31 1.389184594154358 0.0 2024-09-01 11:03:01
32 1.345835566520691 0.0 2024-09-01 11:03:01
33 1.384963035583496 0.0 2024-09-01 11:03:01
34 1.3828972578048706 0.0 2024-09-01 11:03:01
35 1.3807885646820068 0.0 2024-09-01 11:03:01
36 1.3906450271606445 0.0 2024-09-01 11:03:01
37 1.4403800964355469 0.0 2024-09-01 11:03:01
38 1.337226152420044 0.0 2024-09-01 11:03:01
39 1.3340823650360107 0.0 2024-09-01 11:03:01
40 1.3334451913833618 0.0 2024-09-01 11:03:01
41 1.3416309356689453 0.0 2024-09-01 11:03:01
42 1.3808715343475342 0.0 2024-09-01 11:03:01
43 1.3404548168182373 0.0 2024-09-01 11:03:01
44 1.3240355253219604 0.0 2024-09-01 11:03:01
45 1.3773577213287354 0.0 2024-09-01 11:03:01
46 1.3328605890274048 0.0 2024-09-01 11:03:01
47 1.3220497369766235 0.0 2024-09-01 11:03:01
48 1.337348461151123 0.0 2024-09-01 11:03:01
49 1.3621327877044678 0.0 2024-09-01 11:03:01
50 1.3612889051437378 0.0 2024-09-01 11:03:01
51 1.3717665672302246 0.0 2024-09-01 11:03:01
52 1.4370434284210205 0.0 2024-09-01 11:03:01
53 1.3250300884246826 0.0 2024-09-01 11:03:01
54 1.3581029176712036 0.0 2024-09-01 11:03:01
55 1.3685542345046997 0.0 2024-09-01 11:03:01
56 1.3172470331192017 0.0 2024-09-01 11:03:01
57 1.3168206214904785 0.0 2024-09-01 11:03:01
58 1.3553922176361084 0.0 2024-09-01 11:03:01
59 1.3265165090560913 0.0 2024-09-01 11:03:01
60 1.365185260772705 0.0 2024-09-01 11:03:01
61 1.3645752668380737 0.0 2024-09-01 11:03:01
62 1.31479811668396 0.0 2024-09-01 11:03:01
63 1.3304917812347412 0.0 2024-09-01 11:03:01
64 1.3246006965637207 0.0 2024-09-01 11:03:01
65 1.3623861074447632 0.0 2024-09-01 11:03:01
66 1.4043595790863037 0.0 2024-09-01 11:03:01
67 1.361436367034912 0.0 2024-09-01 11:03:01
68 1.3609575033187866 0.0 2024-09-01 11:03:01
69 1.328263282775879 0.0 2024-09-01 11:03:01
70 1.3183717727661133 0.0 2024-09-01 11:03:01
71 1.3118022680282593 0.0 2024-09-01 11:03:01
72 1.4009463787078857 0.0 2024-09-01 11:03:01
73 1.3268775939941406 0.0 2024-09-01 11:03:01
74 1.3170874118804932 0.0 2024-09-01 11:03:01
75 1.3471333980560303 0.0 2024-09-01 11:03:01
76 1.434958577156067 0.0 2024-09-01 11:03:01
77 1.316165566444397 0.0 2024-09-01 11:03:01
78 1.3158711194992065 0.0 2024-09-01 11:03:01
79 1.309370517730713 0.0 2024-09-01 11:03:01
80 1.3244822025299072 0.0 2024-09-01 11:03:01
81 1.3148753643035889 0.0 2024-09-01 11:03:01
82 1.3237024545669556 0.0 2024-09-01 11:03:01
83 1.308049201965332 0.0 2024-09-01 11:03:01
84 1.322845697402954 0.0 2024-09-01 11:03:01
85 1.39273202419281 0.0 2024-09-01 11:03:01
86 1.3069902658462524 0.0 2024-09-01 11:03:01
87 1.432647943496704 0.0 2024-09-01 11:03:01
88 1.3435051441192627 0.0 2024-09-01 11:03:01
89 1.3209128379821777 0.0 2024-09-01 11:03:01
90 1.305788516998291 0.0 2024-09-01 11:03:01
91 1.3881967067718506 0.0 2024-09-01 11:03:01
92 1.3111976385116577 0.0 2024-09-01 11:03:01
93 1.3422460556030273 0.0 2024-09-01 11:03:01
94 1.313812494277954 0.0 2024-09-01 11:03:01
95 1.3844512701034546 0.0 2024-09-01 11:03:01
96 1.3540749549865723 0.0 2024-09-01 11:03:01
97 1.4297541379928589 0.0 2024-09-01 11:03:01
98 1.3408429622650146 0.0 2024-09-01 11:03:01
99 1.3800477981567383 0.0 2024-09-01 11:03:01
100 1.3402775526046753 0.0 2024-09-01 11:03:01
101 1.3030751943588257 0.0 2024-09-01 11:03:01
102 1.3028753995895386 0.0 2024-09-01 11:03:01
103 1.3394001722335815 0.0 2024-09-01 11:03:01
104 1.3527578115463257 0.0 2024-09-01 11:03:01
105 1.3388035297393799 0.0 2024-09-01 11:03:01
106 1.3726130723953247 0.0 2024-09-01 11:03:01
107 1.3103773593902588 0.0 2024-09-01 11:03:01
108 1.3100965023040771 0.0 2024-09-01 11:03:01
109 1.3013120889663696 0.0 2024-09-01 11:03:01
110 1.307451844215393 0.0 2024-09-01 11:03:01
111 1.3679089546203613 0.0 2024-09-01 11:03:01
112 1.4266622066497803 0.0 2024-09-01 11:03:01
113 1.3067264556884766 0.0 2024-09-01 11:03:01
114 1.314117670059204 0.0 2024-09-01 11:03:01
115 1.335813283920288 0.0 2024-09-01 11:03:01
116 1.3355438709259033 0.0 2024-09-01 11:03:01
117 1.3626559972763062 0.0 2024-09-01 11:03:01
118 1.3506343364715576 0.0 2024-09-01 11:03:01
119 1.3126893043518066 0.0 2024-09-01 11:03:01
120 1.3051068782806396 0.0 2024-09-01 11:03:01
121 1.3499834537506104 0.0 2024-09-01 11:03:02
122 1.3337972164154053 0.0 2024-09-01 11:03:02
123 1.3043441772460938 0.0 2024-09-01 11:03:02
124 1.3111951351165771 0.0 2024-09-01 11:03:02
125 1.3046917915344238 0.0 2024-09-01 11:03:02
126 1.303452491760254 0.0 2024-09-01 11:03:02
127 1.3039013147354126 0.0 2024-09-01 11:03:02
128 1.3557113409042358 0.0 2024-09-01 11:03:02
129 1.3030807971954346 0.0 2024-09-01 11:03:02
130 1.3316404819488525 0.0 2024-09-01 11:03:02
131 1.3022593259811401 0.0 2024-09-01 11:03:02
132 1.2947471141815186 0.0 2024-09-01 11:03:02
133 1.3528656959533691 0.0 2024-09-01 11:03:02
134 1.3305433988571167 0.0 2024-09-01 11:03:02
135 1.3069658279418945 0.0 2024-09-01 11:03:02
136 1.3299802541732788 0.0 2024-09-01 11:03:02
137 1.3062419891357422 0.0 2024-09-01 11:03:02
138 1.329433798789978 0.0 2024-09-01 11:03:02
139 1.3490091562271118 0.0 2024-09-01 11:03:02
140 1.3482187986373901 0.0 2024-09-01 11:03:02
141 1.2990028858184814 0.0 2024-09-01 11:03:02
142 1.2980210781097412 0.0 2024-09-01 11:03:02
143 1.3455381393432617 0.0 2024-09-01 11:03:02
144 1.2982598543167114 0.0 2024-09-01 11:03:02
145 1.3436856269836426 0.0 2024-09-01 11:03:02
146 1.3477529287338257 0.0 2024-09-01 11:03:02
147 1.426897644996643 0.0 2024-09-01 11:03:02
148 1.2973721027374268 0.0 2024-09-01 11:03:02
149 1.326356053352356 0.0 2024-09-01 11:03:02
1 1.3472254276275635 0.0 2024-09-01 11:03:02
2 1.295411467552185 0.0 2024-09-01 11:03:02
3 1.2951682806015015 0.0 2024-09-01 11:03:02
4 1.2963703870773315 0.0 2024-09-01 11:03:02
5 1.2961077690124512 0.0 2024-09-01 11:03:02
6 1.2884366512298584 0.0 2024-09-01 11:03:02
7 1.2939050197601318 0.0 2024-09-01 11:03:02
8 1.2935261726379395 0.0 2024-09-01 11:03:02
9 1.2874126434326172 0.0 2024-09-01 11:03:02
10 1.294502854347229 0.0 2024-09-01 11:03:02
11 1.4253504276275635 0.0 2024-09-01 11:03:02
12 1.291890263557434 0.0 2024-09-01 11:03:02
13 1.4250448942184448 0.0 2024-09-01 11:03:02
14 1.334207534790039 0.0 2024-09-01 11:03:02
15 1.2980213165283203 0.0 2024-09-01 11:03:02
16 1.2926312685012817 0.0 2024-09-01 11:03:02
17 1.333099365234375 0.0 2024-09-01 11:03:02
18 1.2920517921447754 0.0 2024-09-01 11:03:02
19 1.2967044115066528 0.0 2024-09-01 11:03:02
20 1.2914133071899414 0.0 2024-09-01 11:03:02
21 1.4232864379882812 0.0 2024-09-01 11:03:02
22 1.2956068515777588 0.0 2024-09-01 11:03:02
23 1.3309739828109741 0.0 2024-09-01 11:03:02
24 1.2826546430587769 0.0 2024-09-01 11:03:02
25 1.289834976196289 0.0 2024-09-01 11:03:02
26 1.3463134765625 0.0 2024-09-01 11:03:02
27 1.3219505548477173 0.0 2024-09-01 11:03:02
28 1.293567419052124 0.0 2024-09-01 11:03:02
29 1.4221543073654175 0.0 2024-09-01 11:03:02
30 1.2808010578155518 0.0 2024-09-01 11:03:02
31 1.3214082717895508 0.0 2024-09-01 11:03:02
32 1.3457179069519043 0.0 2024-09-01 11:03:02
33 1.2799901962280273 0.0 2024-09-01 11:03:02
34 1.2845102548599243 0.0 2024-09-01 11:03:02
35 1.2793841361999512 0.0 2024-09-01 11:03:02
36 1.3274015188217163 0.0 2024-09-01 11:03:02
37 1.3270893096923828 0.0 2024-09-01 11:03:02
38 1.2783918380737305 0.0 2024-09-01 11:03:02
39 1.285680890083313 0.0 2024-09-01 11:03:02
40 1.3259726762771606 0.0 2024-09-01 11:03:02
41 1.3197622299194336 0.0 2024-09-01 11:03:02
42 1.3251394033432007 0.0 2024-09-01 11:03:02
43 1.2814013957977295 0.0 2024-09-01 11:03:02
44 1.3242137432098389 0.0 2024-09-01 11:03:02
45 1.32370924949646 0.0 2024-09-01 11:03:02
46 1.3185769319534302 0.0 2024-09-01 11:03:02
47 1.318311095237732 0.0 2024-09-01 11:03:02
48 1.3440396785736084 0.0 2024-09-01 11:03:02
49 1.4223675727844238 0.0 2024-09-01 11:03:02
50 1.3176093101501465 0.0 2024-09-01 11:03:02
51 1.4221047163009644 0.0 2024-09-01 11:03:02
52 1.4217936992645264 0.0 2024-09-01 11:03:02
53 1.3201888799667358 0.0 2024-09-01 11:03:02
54 1.2827695608139038 0.0 2024-09-01 11:03:02
55 1.2743134498596191 0.0 2024-09-01 11:03:02
56 1.3167414665222168 0.0 2024-09-01 11:03:02
57 1.4200513362884521 0.0 2024-09-01 11:03:02
58 1.2782610654830933 0.0 2024-09-01 11:03:02
59 1.2737138271331787 0.0 2024-09-01 11:03:02
60 1.273500680923462 0.0 2024-09-01 11:03:02
61 1.2732387781143188 0.0 2024-09-01 11:03:02
62 1.2857547998428345 0.0 2024-09-01 11:03:02
63 1.27684485912323 0.0 2024-09-01 11:03:02
64 1.2809175252914429 0.0 2024-09-01 11:03:02
65 1.2717971801757812 0.0 2024-09-01 11:03:02
66 1.271355390548706 0.0 2024-09-01 11:03:02
67 1.2796845436096191 0.0 2024-09-01 11:03:02
68 1.3165984153747559 0.0 2024-09-01 11:03:02
69 1.2787973880767822 0.0 2024-09-01 11:03:02
70 1.2735166549682617 0.0 2024-09-01 11:03:02
71 1.2778760194778442 0.0 2024-09-01 11:03:02
72 1.3428549766540527 0.0 2024-09-01 11:03:02
73 1.2679946422576904 0.0 2024-09-01 11:03:02
74 1.2715067863464355 0.0 2024-09-01 11:03:02
75 1.3152506351470947 0.0 2024-09-01 11:03:02
76 1.4207346439361572 0.0 2024-09-01 11:03:02
77 1.3135266304016113 0.0 2024-09-01 11:03:03
78 1.269758701324463 0.0 2024-09-01 11:03:03
79 1.3422333002090454 0.0 2024-09-01 11:03:03
80 1.342034101486206 0.0 2024-09-01 11:03:03
81 1.420770525932312 0.0 2024-09-01 11:03:03
82 1.3139386177062988 0.0 2024-09-01 11:03:03
83 1.2774673700332642 0.0 2024-09-01 11:03:03
84 1.2732839584350586 0.0 2024-09-01 11:03:03
85 1.3126091957092285 0.0 2024-09-01 11:03:03
86 1.2634663581848145 0.0 2024-09-01 11:03:03
87 1.3403400182724 0.0 2024-09-01 11:03:03
88 1.4200414419174194 0.0 2024-09-01 11:03:03
89 1.2665797472000122 0.0 2024-09-01 11:03:03
90 1.2663018703460693 0.0 2024-09-01 11:03:03
91 1.2620253562927246 0.0 2024-09-01 11:03:03
92 1.261662483215332 0.0 2024-09-01 11:03:03
93 1.3392529487609863 0.0 2024-09-01 11:03:03
94 1.260905146598816 0.0 2024-09-01 11:03:03
95 1.3115544319152832 0.0 2024-09-01 11:03:03
96 1.2735482454299927 0.0 2024-09-01 11:03:03
97 1.3115822076797485 0.0 2024-09-01 11:03:03
98 1.2632420063018799 0.0 2024-09-01 11:03:03
99 1.2685247659683228 0.0 2024-09-01 11:03:03
100 1.3110299110412598 0.0 2024-09-01 11:03:03
101 1.419883370399475 0.0 2024-09-01 11:03:03
102 1.2674380540847778 0.0 2024-09-01 11:03:03
103 1.3103842735290527 0.0 2024-09-01 11:03:03
104 1.3102800846099854 0.0 2024-09-01 11:03:03
105 1.2664952278137207 0.0 2024-09-01 11:03:03
106 1.3378469944000244 0.0 2024-09-01 11:03:03
107 1.419602394104004 0.0 2024-09-01 11:03:03
108 1.3096787929534912 0.0 2024-09-01 11:03:03
109 1.3093308210372925 0.0 2024-09-01 11:03:03
110 1.255351185798645 0.0 2024-09-01 11:03:03
111 1.4189645051956177 0.0 2024-09-01 11:03:03
112 1.264830231666565 0.0 2024-09-01 11:03:03
113 1.418444037437439 0.0 2024-09-01 11:03:03
114 1.268060326576233 0.0 2024-09-01 11:03:03
115 1.2641868591308594 0.0 2024-09-01 11:03:03
116 1.2574081420898438 0.0 2024-09-01 11:03:03
117 1.2570345401763916 0.0 2024-09-01 11:03:03
118 1.263176679611206 0.0 2024-09-01 11:03:03
119 1.2561395168304443 0.0 2024-09-01 11:03:03
120 1.3369137048721313 0.0 2024-09-01 11:03:03
121 1.2653329372406006 0.0 2024-09-01 11:03:03
122 1.3082191944122314 0.0 2024-09-01 11:03:03
123 1.3080692291259766 0.0 2024-09-01 11:03:03
124 1.3072903156280518 0.0 2024-09-01 11:03:03
125 1.250099539756775 0.0 2024-09-01 11:03:03
126 1.2631511688232422 0.0 2024-09-01 11:03:03
127 1.4175999164581299 0.0 2024-09-01 11:03:03
128 1.3065855503082275 0.0 2024-09-01 11:03:03
129 1.251587986946106 0.0 2024-09-01 11:03:03
130 1.258368968963623 0.0 2024-09-01 11:03:03
131 1.2579517364501953 0.0 2024-09-01 11:03:03
132 1.2610868215560913 0.0 2024-09-01 11:03:03
133 1.256986141204834 0.0 2024-09-01 11:03:03
134 1.2460970878601074 0.0 2024-09-01 11:03:03
135 1.2558811902999878 0.0 2024-09-01 11:03:03
136 1.2552855014801025 0.0 2024-09-01 11:03:03
137 1.244303584098816 0.0 2024-09-01 11:03:03
138 1.3057353496551514 0.0 2024-09-01 11:03:03
139 1.2563656568527222 0.0 2024-09-01 11:03:03
140 1.2424566745758057 0.0 2024-09-01 11:03:03
141 1.2418192625045776 0.0 2024-09-01 11:03:03
142 1.2544093132019043 0.0 2024-09-01 11:03:03
143 1.336711049079895 0.0 2024-09-01 11:03:03
144 1.2425565719604492 0.0 2024-09-01 11:03:03
145 1.336599349975586 0.0 2024-09-01 11:03:03
146 1.3047453165054321 0.0 2024-09-01 11:03:03
147 1.3362787961959839 0.0 2024-09-01 11:03:03
148 1.3360174894332886 0.0 2024-09-01 11:03:03
149 1.2374061346054077 0.0 2024-09-01 11:03:03
1 1.3038498163223267 0.0 2024-09-01 11:03:03
2 1.3350956439971924 0.0 2024-09-01 11:03:03
3 1.3347554206848145 0.0 2024-09-01 11:03:03
4 1.304058313369751 0.0 2024-09-01 11:03:03
5 1.33402419090271 0.0 2024-09-01 11:03:03
6 1.4209935665130615 0.0 2024-09-01 11:03:03
7 1.2486426830291748 0.0 2024-09-01 11:03:03
8 1.2350428104400635 0.0 2024-09-01 11:03:03
9 1.3327574729919434 0.0 2024-09-01 11:03:03
10 1.2450627088546753 0.0 2024-09-01 11:03:03
11 1.244738221168518 0.0 2024-09-01 11:03:03
12 1.233776569366455 0.0 2024-09-01 11:03:03
13 1.2466709613800049 0.0 2024-09-01 11:03:03
14 1.246176838874817 0.0 2024-09-01 11:03:03
15 1.3022303581237793 0.0 2024-09-01 11:03:03
16 1.245141863822937 0.0 2024-09-01 11:03:03
17 1.3313857316970825 0.0 2024-09-01 11:03:03
18 1.230924367904663 0.0 2024-09-01 11:03:03
19 1.2328884601593018 0.0 2024-09-01 11:03:03
20 1.2298792600631714 0.0 2024-09-01 11:03:03
21 1.3309987783432007 0.0 2024-09-01 11:03:03
22 1.3015252351760864 0.0 2024-09-01 11:03:03
23 1.2283037900924683 0.0 2024-09-01 11:03:03
24 1.238407015800476 0.0 2024-09-01 11:03:03
25 1.330668568611145 0.0 2024-09-01 11:03:03
26 1.3305695056915283 0.0 2024-09-01 11:03:03
27 1.3009109497070312 0.0 2024-09-01 11:03:03
28 1.4199763536453247 0.0 2024-09-01 11:03:03
29 1.3016568422317505 0.0 2024-09-01 11:03:03
30 1.3004764318466187 0.0 2024-09-01 11:03:03
31 1.3013633489608765 0.0 2024-09-01 11:03:03
32 1.237860918045044 0.0 2024-09-01 11:03:04
33 1.2352871894836426 0.0 2024-09-01 11:03:04
34 1.2260929346084595 0.0 2024-09-01 11:03:04
35 1.2256120443344116 0.0 2024-09-01 11:03:04
36 1.3295303583145142 0.0 2024-09-01 11:03:04
37 1.2993255853652954 0.0 2024-09-01 11:03:04
38 1.2353453636169434 0.0 2024-09-01 11:03:04
39 1.3000690937042236 0.0 2024-09-01 11:03:04
40 1.2988276481628418 0.0 2024-09-01 11:03:04
41 1.2210309505462646 0.0 2024-09-01 11:03:04
42 1.3290517330169678 0.0 2024-09-01 11:03:04
43 1.231384515762329 0.0 2024-09-01 11:03:04
44 1.2991493940353394 0.0 2024-09-01 11:03:04
45 1.4188685417175293 0.0 2024-09-01 11:03:04
46 1.2988080978393555 0.0 2024-09-01 11:03:04
47 1.2975993156433105 0.0 2024-09-01 11:03:04
48 1.2315081357955933 0.0 2024-09-01 11:03:04
49 1.418172001838684 0.0 2024-09-01 11:03:04
50 1.2308763265609741 0.0 2024-09-01 11:03:04
51 1.2289248704910278 0.0 2024-09-01 11:03:04
52 1.2285261154174805 0.0 2024-09-01 11:03:04
53 1.2295830249786377 0.0 2024-09-01 11:03:04
54 1.2172900438308716 0.0 2024-09-01 11:03:04
55 1.2166681289672852 0.0 2024-09-01 11:03:04
56 1.41682767868042 0.0 2024-09-01 11:03:04
57 1.2271933555603027 0.0 2024-09-01 11:03:04
58 1.2963272333145142 0.0 2024-09-01 11:03:04
59 1.4161944389343262 0.0 2024-09-01 11:03:04
60 1.213779330253601 0.0 2024-09-01 11:03:04
61 1.2250665426254272 0.0 2024-09-01 11:03:04
62 1.2969255447387695 0.0 2024-09-01 11:03:04
63 1.415181040763855 0.0 2024-09-01 11:03:04
64 1.2235363721847534 0.0 2024-09-01 11:03:04
65 1.2219324111938477 0.0 2024-09-01 11:03:04
66 1.221398115158081 0.0 2024-09-01 11:03:04
67 1.295717716217041 0.0 2024-09-01 11:03:04
68 1.2956265211105347 0.0 2024-09-01 11:03:04
69 1.2963061332702637 0.0 2024-09-01 11:03:04
70 1.2083557844161987 0.0 2024-09-01 11:03:04
71 1.2197569608688354 0.0 2024-09-01 11:03:04
72 1.2950141429901123 0.0 2024-09-01 11:03:04
73 1.2185945510864258 0.0 2024-09-01 11:03:04
74 1.205894112586975 0.0 2024-09-01 11:03:04
75 1.2952120304107666 0.0 2024-09-01 11:03:04
76 1.204522728919983 0.0 2024-09-01 11:03:04
77 1.2947741746902466 0.0 2024-09-01 11:03:04
78 1.215403437614441 0.0 2024-09-01 11:03:04
79 1.4155457019805908 0.0 2024-09-01 11:03:04
80 1.2014356851577759 0.0 2024-09-01 11:03:04
81 1.4156211614608765 0.0 2024-09-01 11:03:04
82 1.2938382625579834 0.0 2024-09-01 11:03:04
83 1.4153518676757812 0.0 2024-09-01 11:03:04
84 1.2117676734924316 0.0 2024-09-01 11:03:04
85 1.3280670642852783 0.0 2024-09-01 11:03:04
86 1.4146747589111328 0.0 2024-09-01 11:03:04
87 1.2928063869476318 0.0 2024-09-01 11:03:04
88 1.2108691930770874 0.0 2024-09-01 11:03:04
89 1.19793701171875 0.0 2024-09-01 11:03:04
90 1.2097195386886597 0.0 2024-09-01 11:03:04
91 1.2928736209869385 0.0 2024-09-01 11:03:04
92 1.196404218673706 0.0 2024-09-01 11:03:04
93 1.2082123756408691 0.0 2024-09-01 11:03:04
94 1.195149302482605 0.0 2024-09-01 11:03:04
95 1.4136652946472168 0.0 2024-09-01 11:03:04
96 1.292165994644165 0.0 2024-09-01 11:03:04
97 1.2920186519622803 0.0 2024-09-01 11:03:04
98 1.205549716949463 0.0 2024-09-01 11:03:04
99 1.1922733783721924 0.0 2024-09-01 11:03:04
100 1.4137029647827148 0.0 2024-09-01 11:03:04
101 1.20381498336792 0.0 2024-09-01 11:03:04
102 1.1903517246246338 0.0 2024-09-01 11:03:04
103 1.327545404434204 0.0 2024-09-01 11:03:04
104 1.1890608072280884 0.0 2024-09-01 11:03:04
105 1.4137296676635742 0.0 2024-09-01 11:03:04
106 1.3273732662200928 0.0 2024-09-01 11:03:04
107 1.4135446548461914 0.0 2024-09-01 11:03:04
108 1.2001087665557861 0.0 2024-09-01 11:03:04
109 1.1996653079986572 0.0 2024-09-01 11:03:04
110 1.1859586238861084 0.0 2024-09-01 11:03:04
111 1.3270001411437988 0.0 2024-09-01 11:03:04
112 1.197725534439087 0.0 2024-09-01 11:03:04
113 1.1970720291137695 0.0 2024-09-01 11:03:04
114 1.4130909442901611 0.0 2024-09-01 11:03:04
115 1.3266117572784424 0.0 2024-09-01 11:03:04
116 1.290034294128418 0.0 2024-09-01 11:03:04
117 1.4128892421722412 0.0 2024-09-01 11:03:04
118 1.4126874208450317 0.0 2024-09-01 11:03:04
119 1.3261528015136719 0.0 2024-09-01 11:03:04
120 1.2898457050323486 0.0 2024-09-01 11:03:04
121 1.1815320253372192 0.0 2024-09-01 11:03:04
122 1.289509654045105 0.0 2024-09-01 11:03:04
123 1.2895317077636719 0.0 2024-09-01 11:03:04
124 1.289161205291748 0.0 2024-09-01 11:03:04
125 1.2889264822006226 0.0 2024-09-01 11:03:04
126 1.1801257133483887 0.0 2024-09-01 11:03:04
127 1.411656141281128 0.0 2024-09-01 11:03:04
128 1.1794804334640503 0.0 2024-09-01 11:03:04
129 1.1913273334503174 0.0 2024-09-01 11:03:04
130 1.2880935668945312 0.0 2024-09-01 11:03:04
131 1.2875738143920898 0.0 2024-09-01 11:03:04
132 1.1777255535125732 0.0 2024-09-01 11:03:04
133 1.1771984100341797 0.0 2024-09-01 11:03:04
134 1.1765800714492798 0.0 2024-09-01 11:03:04
135 1.174848198890686 0.0 2024-09-01 11:03:04
136 1.1751072406768799 0.0 2024-09-01 11:03:04
137 1.1868349313735962 0.0 2024-09-01 11:03:04
138 1.1859863996505737 0.0 2024-09-01 11:03:05
139 1.1850794553756714 0.0 2024-09-01 11:03:05
140 1.2859917879104614 0.0 2024-09-01 11:03:05
141 1.1842464208602905 0.0 2024-09-01 11:03:05
142 1.2856595516204834 0.0 2024-09-01 11:03:05
143 1.1688590049743652 0.0 2024-09-01 11:03:05
144 1.2848037481307983 0.0 2024-09-01 11:03:05
145 1.181005597114563 0.0 2024-09-01 11:03:05
146 1.1791399717330933 0.0 2024-09-01 11:03:05
147 1.1782658100128174 0.0 2024-09-01 11:03:05
148 1.1645082235336304 0.0 2024-09-01 11:03:05
149 1.1763778924942017 0.0 2024-09-01 11:03:05
Finish training graph 0 2024-09-01 11:03:05
Start validating 2024-09-01 11:03:05
../graphchi-cpp-master/graph_data/darpatc/theia_test.txt 2024-09-01 11:03:05
Data(edge_index=[2, 9426573], test_mask=[344765], train_mask=[344765], x=[344765, 36], y=[344765])
validating in model  0
fp and fn:  66301 278464
Precision:  0.2768071893995711
Recall:  0.9999999999999961
validating in model  1
fp and fn:  50498 15803
Precision:  0.3345268609782518
Recall:  0.9999999999999961
validating in model  2
fp and fn:  38477 12021
Precision:  0.39691829721799377
Recall:  0.999091591295071
validating in model  3
fp and fn:  36099 2378
Precision:  0.4123025768911049
Recall:  0.999091591295071
validating in model  4
fp and fn:  35573 526
Precision:  0.4158214009765072
Recall:  0.9990125992337732
validating in model  5
fp and fn:  35433 140
Precision:  0.41661588127748517
Recall:  0.9990125992337732
validating in model  6
fp and fn:  35399 34
Precision:  0.41684932184116347
Recall:  0.9990125992337732
validating in model  7
fp and fn:  35345 54
Precision:  0.41722061855670034
Recall:  0.9990125992337732
validating in model  8
fp and fn:  35202 143
Precision:  0.4182070698720273
Recall:  0.9990125992337732
validating in model  9
fp and fn:  34678 524
Precision:  0.4218241857207177
Recall:  0.9989731032031242
validating in model  10
Start training graph 0 2024-09-01 11:08:24
Data(edge_index=[2, 9388492], test_mask=[304973], train_mask=[304973], x=[304973, 36], y=[304973])
feature  36 ; label  5
1 614.20328650384 0.7716158479603112 2024-09-01 11:09:49
2 151.3923287622144 0.8786777845907671 2024-09-01 11:10:37
3 10.718249475268827 0.8724444459017684 2024-09-01 11:11:25
4 2.8127471885143045 0.8693753217497943 2024-09-01 11:12:14
5 1.9679073341692392 0.8626304623687998 2024-09-01 11:13:02
6 3.6683789570272087 0.8703229466215042 2024-09-01 11:13:51
7 1.1999756920549263 0.8719755519341057 2024-09-01 11:14:39
8 1.3317298640956168 0.8727166011417404 2024-09-01 11:15:28
9 0.827669485432361 0.8733920707734784 2024-09-01 11:16:16
10 0.8144514062270614 0.870073744233096 2024-09-01 11:17:05
11 1.8107652636353577 0.8707164240768855 2024-09-01 11:17:55
12 0.8679929010472255 0.8727756227600476 2024-09-01 11:18:43
13 0.9749461957799029 0.8728346443783548 2024-09-01 11:19:31
14 1.1503057434514792 0.8712246657900863 2024-09-01 11:20:19
15 0.5942553048692651 0.8742118154721893 2024-09-01 11:21:09
16 0.654716994334183 0.8754217586474868 2024-09-01 11:21:57
17 0.5398171214084257 0.8754545484354352 2024-09-01 11:22:45
18 0.5254639780000188 0.8761628078551216 2024-09-01 11:23:33
19 0.5265614717876981 0.8727493909296888 2024-09-01 11:24:21
20 0.49014410190624447 0.8762644561977617 2024-09-01 11:25:10
21 0.49415796098414755 0.8725264203716394 2024-09-01 11:25:58
22 0.5087033091389798 0.8731625422578392 2024-09-01 11:26:46
23 0.6774746577946955 0.8771071537480367 2024-09-01 11:27:35
24 0.4878445681407298 0.8776973699311087 2024-09-01 11:28:24
25 0.47780797146210535 0.8766021910136307 2024-09-01 11:29:12
26 0.48064690756674194 0.8781334741108229 2024-09-01 11:30:02
27 0.47900482807942585 0.87367078397104 2024-09-01 11:30:51
28 0.47675214066678295 0.877690811973519 2024-09-01 11:31:40
29 0.4722148489366816 0.8744216701150593 2024-09-01 11:32:29
38298
266675
1 2.4309210643499872 0.34855606036868764 2024-09-01 11:33:49
2 1.9560026126627799 0.41902971434539665 2024-09-01 11:34:07
3 1.6436874749760222 0.2528852681602172 2024-09-01 11:34:24
4 1.515164309328882 0.285419604156875 2024-09-01 11:34:42
5 1.3549942531077206 0.46527233798109563 2024-09-01 11:35:00
6 1.2251035938923325 0.45185127160687244 2024-09-01 11:35:18
7 1.1317607700074583 0.5999007781085174 2024-09-01 11:35:36
8 1.0725746345903502 0.6742388636482323 2024-09-01 11:35:54
9 1.008893076156697 0.6510000522220482 2024-09-01 11:36:11
10 0.9821807385623981 0.6262468013995509 2024-09-01 11:36:29
14314
23984
1 1.4718772203908614 0.19197987983792092 2024-09-01 11:36:55
2 1.299547982728896 0.3879418750873271 2024-09-01 11:37:08
3 1.1848792197302231 0.3493782311024172 2024-09-01 11:37:22
4 1.1051957934066305 0.35042615621070283 2024-09-01 11:37:36
5 1.0843206436687032 0.4005169763867542 2024-09-01 11:37:51
6 0.9952912536333006 0.3493083694285315 2024-09-01 11:38:05
9314
5000
1 1.1104040678821716 0.24758428172643332 2024-09-01 11:38:16
2 1.082882761801674 0.8340133132918187 2024-09-01 11:38:19
3 1.0294590379282054 0.8487223534464248 2024-09-01 11:38:22
4 0.9031056340016699 0.7980459523298261 2024-09-01 11:38:25
1881
7433
1 1.6555135250091553 0.17809675704412548 2024-09-01 11:38:30
2 1.8823885917663574 0.2355130249867092 2024-09-01 11:38:32
3 1.410233974456787 0.21052631578947367 2024-09-01 11:38:34
4 1.5540573596954346 0.05901116427432217 2024-09-01 11:38:37
5 1.4894180297851562 0.17065390749601275 2024-09-01 11:38:39
6 1.3991825580596924 0.22381711855396066 2024-09-01 11:38:41
7 1.4654748439788818 0.11004784688995216 2024-09-01 11:38:43
8 1.8227980136871338 0.014885699096225412 2024-09-01 11:38:46
9 1.4501523971557617 0.019138755980861243 2024-09-01 11:38:48
10 1.3156198263168335 0.018607123870281767 2024-09-01 11:38:50
11 1.5476044416427612 0.018607123870281767 2024-09-01 11:38:52
12 1.408530354499817 0.04891015417331207 2024-09-01 11:38:55
13 1.5225285291671753 0.19829877724614567 2024-09-01 11:38:57
14 1.5070279836654663 0.35513024986709196 2024-09-01 11:38:59
15 1.1833606958389282 0.42371079213184476 2024-09-01 11:39:02
16 1.4557080268859863 0.4609250398724083 2024-09-01 11:39:04
17 1.3840093612670898 0.27698032961190855 2024-09-01 11:39:06
18 1.3347829580307007 0.27751196172248804 2024-09-01 11:39:09
19 1.3946077823638916 0.27804359383306754 2024-09-01 11:39:11
20 1.2638366222381592 0.39712918660287083 2024-09-01 11:39:13
21 1.2455719709396362 0.47208931419457734 2024-09-01 11:39:15
22 1.1772308349609375 0.4731525784157363 2024-09-01 11:39:18
23 1.0955567359924316 0.47421584263689526 2024-09-01 11:39:20
24 1.2136526107788086 0.4678362573099415 2024-09-01 11:39:22
25 1.1463823318481445 0.4688995215311005 2024-09-01 11:39:24
26 1.183729648590088 0.4556087187666135 2024-09-01 11:39:27
27 1.1850018501281738 0.480595427963849 2024-09-01 11:39:29
28 1.0783101320266724 0.480595427963849 2024-09-01 11:39:31
29 0.9988718628883362 0.4864433811802233 2024-09-01 11:39:34
966
915
1 1.396220326423645 0.16459627329192547 2024-09-01 11:39:37
2 1.1849193572998047 0.5652173913043478 2024-09-01 11:39:39
3 1.1086074113845825 0.5900621118012422 2024-09-01 11:39:41
4 1.0326042175292969 0.6024844720496895 2024-09-01 11:39:43
5 1.079750418663025 0.6304347826086957 2024-09-01 11:39:45
6 1.0697941780090332 0.6863354037267081 2024-09-01 11:39:47
7 1.023364543914795 0.7039337474120083 2024-09-01 11:39:49
8 0.9148848056793213 0.6966873706004141 2024-09-01 11:39:51
293
673
1 1.321655511856079 0.0 2024-09-01 11:39:54
2 1.709261417388916 0.14334470989761092 2024-09-01 11:39:56
3 1.5061050653457642 0.19795221843003413 2024-09-01 11:39:58
4 1.2289413213729858 0.20819112627986347 2024-09-01 11:40:00
5 1.2275246381759644 0.1945392491467577 2024-09-01 11:40:02
6 1.3549057245254517 0.19795221843003413 2024-09-01 11:40:04
7 1.2996057271957397 0.19795221843003413 2024-09-01 11:40:06
8 1.2181816101074219 0.19795221843003413 2024-09-01 11:40:08
9 1.2489577531814575 0.2150170648464164 2024-09-01 11:40:10
10 1.1589399576187134 0.19112627986348124 2024-09-01 11:40:12
11 1.1811368465423584 0.19112627986348124 2024-09-01 11:40:15
12 1.2062348127365112 0.19112627986348124 2024-09-01 11:40:17
13 1.2315038442611694 0.18771331058020477 2024-09-01 11:40:19
14 1.1720077991485596 0.18771331058020477 2024-09-01 11:40:21
15 1.1657813787460327 0.17747440273037543 2024-09-01 11:40:23
16 1.151900291442871 0.16040955631399317 2024-09-01 11:40:25
17 1.168352723121643 0.15358361774744028 2024-09-01 11:40:27
18 1.1609711647033691 0.17064846416382254 2024-09-01 11:40:29
19 1.1476383209228516 0.17747440273037543 2024-09-01 11:40:31
20 1.173324704170227 0.20136518771331058 2024-09-01 11:40:33
21 1.1569679975509644 0.19795221843003413 2024-09-01 11:40:35
22 1.153814673423767 0.2150170648464164 2024-09-01 11:40:37
23 1.1810481548309326 0.2150170648464164 2024-09-01 11:40:39
24 1.1752277612686157 0.21160409556313994 2024-09-01 11:40:41
25 1.146437406539917 0.19795221843003413 2024-09-01 11:40:43
26 1.1204488277435303 0.20136518771331058 2024-09-01 11:40:45
27 1.1111931800842285 0.2150170648464164 2024-09-01 11:40:47
28 1.1158682107925415 0.22525597269624573 2024-09-01 11:40:49
29 1.1185814142227173 0.22525597269624573 2024-09-01 11:40:51
30 1.1363898515701294 0.22184300341296928 2024-09-01 11:40:53
31 1.1490753889083862 0.22184300341296928 2024-09-01 11:40:55
32 1.0982531309127808 0.22184300341296928 2024-09-01 11:40:57
33 1.111227035522461 0.22184300341296928 2024-09-01 11:40:59
34 1.1380010843276978 0.2150170648464164 2024-09-01 11:41:01
35 1.1315041780471802 0.21160409556313994 2024-09-01 11:41:03
36 1.1258872747421265 0.22184300341296928 2024-09-01 11:41:05
37 1.139559268951416 0.21843003412969283 2024-09-01 11:41:07
38 1.073777675628662 0.21843003412969283 2024-09-01 11:41:09
39 1.0582345724105835 0.21843003412969283 2024-09-01 11:41:11
40 1.0937020778656006 0.21843003412969283 2024-09-01 11:41:13
41 1.089876651763916 0.21843003412969283 2024-09-01 11:41:15
42 1.0834664106369019 0.21843003412969283 2024-09-01 11:41:17
43 1.044415831565857 0.21843003412969283 2024-09-01 11:41:19
44 1.1328914165496826 0.21843003412969283 2024-09-01 11:41:21
45 1.092860460281372 0.22184300341296928 2024-09-01 11:41:23
46 1.1004012823104858 0.22184300341296928 2024-09-01 11:41:26
47 1.0606662034988403 0.21160409556313994 2024-09-01 11:41:28
48 1.0976524353027344 0.20819112627986347 2024-09-01 11:41:30
49 1.0904247760772705 0.20819112627986347 2024-09-01 11:41:32
50 1.1001046895980835 0.20819112627986347 2024-09-01 11:41:34
51 1.0859729051589966 0.20819112627986347 2024-09-01 11:41:36
52 1.0671606063842773 0.20819112627986347 2024-09-01 11:41:38
53 1.0426005125045776 0.21160409556313994 2024-09-01 11:41:40
54 1.0700242519378662 0.2150170648464164 2024-09-01 11:41:42
55 1.0777766704559326 0.21843003412969283 2024-09-01 11:41:44
56 1.0350738763809204 0.22184300341296928 2024-09-01 11:41:46
57 1.0504419803619385 0.22184300341296928 2024-09-01 11:41:48
58 1.0253186225891113 0.22184300341296928 2024-09-01 11:41:50
59 1.0610069036483765 0.22525597269624573 2024-09-01 11:41:52
60 1.0613032579421997 0.22525597269624573 2024-09-01 11:41:54
61 1.0310750007629395 0.22525597269624573 2024-09-01 11:41:56
62 1.0480563640594482 0.22525597269624573 2024-09-01 11:41:58
63 1.0317317247390747 0.22184300341296928 2024-09-01 11:42:00
64 1.0575886964797974 0.22184300341296928 2024-09-01 11:42:02
65 1.044463038444519 0.22525597269624573 2024-09-01 11:42:04
66 1.0874217748641968 0.22525597269624573 2024-09-01 11:42:06
67 1.0317139625549316 0.22525597269624573 2024-09-01 11:42:08
68 1.0182337760925293 0.22525597269624573 2024-09-01 11:42:10
69 1.0566056966781616 0.2525597269624573 2024-09-01 11:42:12
70 1.0596314668655396 0.2525597269624573 2024-09-01 11:42:14
71 1.013646125793457 0.2593856655290102 2024-09-01 11:42:16
72 1.0169841051101685 0.2593856655290102 2024-09-01 11:42:18
73 1.0381569862365723 0.2593856655290102 2024-09-01 11:42:20
74 1.0026018619537354 0.2593856655290102 2024-09-01 11:42:22
75 1.0197492837905884 0.2593856655290102 2024-09-01 11:42:24
76 1.1006571054458618 0.2593856655290102 2024-09-01 11:42:26
77 1.2401657104492188 0.2593856655290102 2024-09-01 11:42:28
78 1.0268383026123047 0.27303754266211605 2024-09-01 11:42:30
79 1.0046100616455078 0.27303754266211605 2024-09-01 11:42:32
80 1.07273530960083 0.27303754266211605 2024-09-01 11:42:34
81 0.9703564047813416 0.2696245733788396 2024-09-01 11:42:36
214
79
1 1.18195641040802 0.004672897196261682 2024-09-01 11:42:38
2 1.1731815338134766 0.004672897196261682 2024-09-01 11:42:39
3 1.2060250043869019 0.028037383177570093 2024-09-01 11:42:40
4 1.1751724481582642 0.028037383177570093 2024-09-01 11:42:41
5 1.163697361946106 0.028037383177570093 2024-09-01 11:42:42
6 1.181564211845398 0.028037383177570093 2024-09-01 11:42:43
7 1.1599878072738647 0.028037383177570093 2024-09-01 11:42:43
8 1.1488980054855347 0.028037383177570093 2024-09-01 11:42:44
9 1.1796289682388306 0.028037383177570093 2024-09-01 11:42:45
10 1.0937961339950562 0.028037383177570093 2024-09-01 11:42:46
11 1.1514804363250732 0.028037383177570093 2024-09-01 11:42:47
12 1.1262195110321045 0.028037383177570093 2024-09-01 11:42:48
13 1.1249035596847534 0.07009345794392523 2024-09-01 11:42:49
14 1.1275924444198608 0.11682242990654206 2024-09-01 11:42:50
15 1.056136131286621 0.1261682242990654 2024-09-01 11:42:51
16 1.1111667156219482 0.5046728971962616 2024-09-01 11:42:52
17 1.083765983581543 0.5046728971962616 2024-09-01 11:42:53
18 1.1332238912582397 0.514018691588785 2024-09-01 11:42:54
19 1.0824311971664429 0.514018691588785 2024-09-01 11:42:55
20 1.1068702936172485 0.514018691588785 2024-09-01 11:42:56
21 1.1550006866455078 0.5233644859813084 2024-09-01 11:42:57
22 1.0651260614395142 0.5560747663551402 2024-09-01 11:42:58
23 1.1198173761367798 0.5560747663551402 2024-09-01 11:42:59
24 1.1016547679901123 0.5560747663551402 2024-09-01 11:43:00
25 1.1196179389953613 0.5607476635514018 2024-09-01 11:43:01
26 1.055540680885315 0.5607476635514018 2024-09-01 11:43:01
27 1.0812548398971558 0.5607476635514018 2024-09-01 11:43:02
28 1.064863920211792 0.5607476635514018 2024-09-01 11:43:03
29 1.1021298170089722 0.5607476635514018 2024-09-01 11:43:04
30 1.0769400596618652 0.5607476635514018 2024-09-01 11:43:05
31 1.0449634790420532 0.5607476635514018 2024-09-01 11:43:06
32 1.084802269935608 0.5607476635514018 2024-09-01 11:43:07
33 1.1068919897079468 0.5654205607476636 2024-09-01 11:43:08
34 1.1159031391143799 0.5654205607476636 2024-09-01 11:43:09
35 1.119689702987671 0.602803738317757 2024-09-01 11:43:10
36 1.0747294425964355 0.602803738317757 2024-09-01 11:43:11
37 1.0643996000289917 0.602803738317757 2024-09-01 11:43:12
38 1.0720990896224976 0.602803738317757 2024-09-01 11:43:13
39 1.0497034788131714 0.602803738317757 2024-09-01 11:43:14
40 1.0764679908752441 0.602803738317757 2024-09-01 11:43:15
41 1.0978251695632935 0.602803738317757 2024-09-01 11:43:15
42 1.0594297647476196 0.602803738317757 2024-09-01 11:43:16
43 1.0772963762283325 0.602803738317757 2024-09-01 11:43:17
44 1.108596682548523 0.602803738317757 2024-09-01 11:43:18
45 1.0748112201690674 0.602803738317757 2024-09-01 11:43:19
46 1.1375542879104614 0.602803738317757 2024-09-01 11:43:20
47 1.0651980638504028 0.5654205607476636 2024-09-01 11:43:21
48 1.0698615312576294 0.5654205607476636 2024-09-01 11:43:22
49 1.0647274255752563 0.5654205607476636 2024-09-01 11:43:23
50 1.076875925064087 0.5654205607476636 2024-09-01 11:43:24
51 1.0379858016967773 0.5654205607476636 2024-09-01 11:43:25
52 1.0679097175598145 0.5654205607476636 2024-09-01 11:43:26
53 1.072543740272522 0.5654205607476636 2024-09-01 11:43:27
54 1.0566157102584839 0.5654205607476636 2024-09-01 11:43:28
55 1.0572506189346313 0.5654205607476636 2024-09-01 11:43:29
56 1.0774420499801636 0.5654205607476636 2024-09-01 11:43:30
57 1.0585782527923584 0.5654205607476636 2024-09-01 11:43:31
58 1.0867170095443726 0.5607476635514018 2024-09-01 11:43:32
59 1.101619839668274 0.5607476635514018 2024-09-01 11:43:33
60 1.0914047956466675 0.5607476635514018 2024-09-01 11:43:34
61 1.0481568574905396 0.5607476635514018 2024-09-01 11:43:35
62 1.056054949760437 0.5607476635514018 2024-09-01 11:43:36
63 1.0843682289123535 0.5607476635514018 2024-09-01 11:43:37
64 1.0826025009155273 0.5607476635514018 2024-09-01 11:43:38
65 1.0284842252731323 0.5607476635514018 2024-09-01 11:43:39
66 1.025729775428772 0.5607476635514018 2024-09-01 11:43:39
67 1.0799460411071777 0.5607476635514018 2024-09-01 11:43:40
68 1.0459942817687988 0.5607476635514018 2024-09-01 11:43:41
69 1.0651683807373047 0.5607476635514018 2024-09-01 11:43:42
70 1.034401774406433 0.5607476635514018 2024-09-01 11:43:43
71 1.110877513885498 0.5607476635514018 2024-09-01 11:43:44
72 1.099312424659729 0.5607476635514018 2024-09-01 11:43:45
73 1.0456264019012451 0.5607476635514018 2024-09-01 11:43:46
74 1.0906505584716797 0.5607476635514018 2024-09-01 11:43:47
75 1.099084496498108 0.5654205607476636 2024-09-01 11:43:48
76 1.0941344499588013 0.5654205607476636 2024-09-01 11:43:49
77 1.0797570943832397 0.5327102803738317 2024-09-01 11:43:50
78 1.0468871593475342 0.5327102803738317 2024-09-01 11:43:51
79 1.060547113418579 0.5327102803738317 2024-09-01 11:43:52
80 1.0692864656448364 0.5373831775700935 2024-09-01 11:43:52
81 1.0531808137893677 0.5373831775700935 2024-09-01 11:43:53
82 1.064217209815979 0.5373831775700935 2024-09-01 11:43:54
83 1.0795572996139526 0.5373831775700935 2024-09-01 11:43:55
84 1.0350157022476196 0.5373831775700935 2024-09-01 11:43:56
85 1.0520955324172974 0.5373831775700935 2024-09-01 11:43:57
86 1.059174656867981 0.5373831775700935 2024-09-01 11:43:58
87 1.0938016176223755 0.5373831775700935 2024-09-01 11:43:59
88 1.0215134620666504 0.5373831775700935 2024-09-01 11:44:00
89 1.0526577234268188 0.5373831775700935 2024-09-01 11:44:01
90 1.0946077108383179 0.5373831775700935 2024-09-01 11:44:02
91 1.0646405220031738 0.5373831775700935 2024-09-01 11:44:03
92 1.0349615812301636 0.5327102803738317 2024-09-01 11:44:04
93 1.0528401136398315 0.5327102803738317 2024-09-01 11:44:05
94 1.0750795602798462 0.5327102803738317 2024-09-01 11:44:06
95 1.094447135925293 0.5327102803738317 2024-09-01 11:44:07
96 1.083250880241394 0.5327102803738317 2024-09-01 11:44:07
97 1.0969491004943848 0.5327102803738317 2024-09-01 11:44:08
98 1.030313491821289 0.5327102803738317 2024-09-01 11:44:09
99 1.0055242776870728 0.5327102803738317 2024-09-01 11:44:10
100 1.1244316101074219 0.5327102803738317 2024-09-01 11:44:11
101 1.076948642730713 0.5327102803738317 2024-09-01 11:44:12
102 1.092635989189148 0.5373831775700935 2024-09-01 11:44:13
103 1.0231258869171143 0.5373831775700935 2024-09-01 11:44:14
104 1.1077356338500977 0.5373831775700935 2024-09-01 11:44:15
105 1.0656781196594238 0.5373831775700935 2024-09-01 11:44:16
106 1.0251736640930176 0.5373831775700935 2024-09-01 11:44:17
107 0.9940362572669983 0.5373831775700935 2024-09-01 11:44:18
99
115
1 1.4130486249923706 0.0 2024-09-01 11:44:18
2 1.3708950281143188 0.0 2024-09-01 11:44:18
3 1.4178880453109741 0.0 2024-09-01 11:44:18
4 1.44769287109375 0.0 2024-09-01 11:44:19
5 1.34270179271698 0.0 2024-09-01 11:44:19
6 1.3832296133041382 0.0 2024-09-01 11:44:19
7 1.3065775632858276 0.010101010101010102 2024-09-01 11:44:19
8 1.3972409963607788 0.010101010101010102 2024-09-01 11:44:19
9 1.3605258464813232 0.010101010101010102 2024-09-01 11:44:19
10 1.2860074043273926 0.010101010101010102 2024-09-01 11:44:19
11 1.3114908933639526 0.010101010101010102 2024-09-01 11:44:19
12 1.335966944694519 0.010101010101010102 2024-09-01 11:44:19
13 1.2378638982772827 0.010101010101010102 2024-09-01 11:44:19
14 1.1965014934539795 0.010101010101010102 2024-09-01 11:44:19
15 1.221350073814392 0.010101010101010102 2024-09-01 11:44:19
16 1.2015587091445923 0.010101010101010102 2024-09-01 11:44:19
17 1.243793249130249 0.5959595959595959 2024-09-01 11:44:19
18 1.1252447366714478 0.5959595959595959 2024-09-01 11:44:20
19 1.1830426454544067 0.5959595959595959 2024-09-01 11:44:20
20 1.1538864374160767 0.5959595959595959 2024-09-01 11:44:20
21 1.1236960887908936 0.5959595959595959 2024-09-01 11:44:20
22 1.1535320281982422 0.5959595959595959 2024-09-01 11:44:20
23 1.1054463386535645 0.5959595959595959 2024-09-01 11:44:20
24 1.1299711465835571 0.5959595959595959 2024-09-01 11:44:20
25 1.0385676622390747 0.5959595959595959 2024-09-01 11:44:20
26 1.1152021884918213 0.5959595959595959 2024-09-01 11:44:20
27 1.1413025856018066 0.5959595959595959 2024-09-01 11:44:20
28 1.099122405052185 0.5959595959595959 2024-09-01 11:44:20
29 1.0706614255905151 0.5959595959595959 2024-09-01 11:44:20
30 1.1197034120559692 0.5959595959595959 2024-09-01 11:44:20
31 1.1104164123535156 0.5959595959595959 2024-09-01 11:44:21
32 1.0435912609100342 0.5959595959595959 2024-09-01 11:44:21
33 1.0618482828140259 0.5959595959595959 2024-09-01 11:44:21
34 1.0706065893173218 0.5959595959595959 2024-09-01 11:44:21
35 1.0838035345077515 0.5959595959595959 2024-09-01 11:44:21
36 1.0630474090576172 0.5959595959595959 2024-09-01 11:44:21
37 1.0655103921890259 0.5959595959595959 2024-09-01 11:44:21
38 1.106276035308838 0.5959595959595959 2024-09-01 11:44:21
39 1.0668076276779175 0.5959595959595959 2024-09-01 11:44:21
40 1.0792008638381958 0.5959595959595959 2024-09-01 11:44:21
41 1.0403448343276978 0.5959595959595959 2024-09-01 11:44:21
42 1.063921332359314 0.5959595959595959 2024-09-01 11:44:21
43 1.0132619142532349 0.5959595959595959 2024-09-01 11:44:21
44 1.1146830320358276 0.5959595959595959 2024-09-01 11:44:22
45 1.0475575923919678 0.5959595959595959 2024-09-01 11:44:22
46 1.0757192373275757 0.5959595959595959 2024-09-01 11:44:22
47 0.9840565919876099 0.5959595959595959 2024-09-01 11:44:22
40
59
1 1.9459397792816162 0.0 2024-09-01 11:44:22
2 1.879507303237915 0.0 2024-09-01 11:44:22
3 1.847029685974121 0.0 2024-09-01 11:44:22
4 1.7180712223052979 0.0 2024-09-01 11:44:22
5 1.6662954092025757 0.0 2024-09-01 11:44:22
6 1.9162390232086182 0.0 2024-09-01 11:44:22
7 1.8095000982284546 0.0 2024-09-01 11:44:22
8 1.6803051233291626 0.0 2024-09-01 11:44:22
9 1.7172492742538452 0.0 2024-09-01 11:44:22
10 1.7529983520507812 0.0 2024-09-01 11:44:22
11 1.7090091705322266 0.0 2024-09-01 11:44:23
12 1.6774427890777588 0.0 2024-09-01 11:44:23
13 1.604442834854126 0.0 2024-09-01 11:44:23
14 1.695888876914978 0.0 2024-09-01 11:44:23
15 1.558329701423645 0.0 2024-09-01 11:44:23
16 1.5315557718276978 0.2 2024-09-01 11:44:23
17 1.6013799905776978 0.2 2024-09-01 11:44:23
18 1.3489630222320557 0.2 2024-09-01 11:44:23
19 1.4956449270248413 0.2 2024-09-01 11:44:23
20 1.43471360206604 0.25 2024-09-01 11:44:23
21 1.4644805192947388 0.25 2024-09-01 11:44:23
22 1.456160545349121 0.275 2024-09-01 11:44:23
23 1.4132156372070312 0.275 2024-09-01 11:44:23
24 1.369826316833496 0.3 2024-09-01 11:44:23
25 1.403266191482544 0.3 2024-09-01 11:44:23
26 1.4262524843215942 0.3 2024-09-01 11:44:24
27 1.1947658061981201 0.3 2024-09-01 11:44:24
28 1.2087762355804443 0.325 2024-09-01 11:44:24
29 1.2386598587036133 0.325 2024-09-01 11:44:24
30 1.3146326541900635 0.325 2024-09-01 11:44:24
31 1.2482573986053467 0.325 2024-09-01 11:44:24
32 1.2364823818206787 0.35 2024-09-01 11:44:24
33 1.1501901149749756 0.35 2024-09-01 11:44:24
34 1.3798012733459473 0.35 2024-09-01 11:44:24
35 1.2471752166748047 0.35 2024-09-01 11:44:24
36 1.1617341041564941 0.35 2024-09-01 11:44:24
37 1.1501506567001343 0.35 2024-09-01 11:44:24
38 1.1798741817474365 0.35 2024-09-01 11:44:24
39 1.089316964149475 0.35 2024-09-01 11:44:24
40 1.1210665702819824 0.725 2024-09-01 11:44:24
41 1.1296379566192627 0.725 2024-09-01 11:44:25
42 1.1463956832885742 0.725 2024-09-01 11:44:25
43 1.1886093616485596 0.725 2024-09-01 11:44:25
44 1.1868020296096802 0.725 2024-09-01 11:44:25
45 1.1288444995880127 0.725 2024-09-01 11:44:25
46 1.13713800907135 0.725 2024-09-01 11:44:25
47 1.209913969039917 0.725 2024-09-01 11:44:25
48 1.2969332933425903 0.725 2024-09-01 11:44:25
49 1.1589348316192627 0.725 2024-09-01 11:44:25
50 1.0698820352554321 0.725 2024-09-01 11:44:25
51 1.152911901473999 0.725 2024-09-01 11:44:25
52 1.1350646018981934 0.725 2024-09-01 11:44:25
53 1.0428407192230225 0.725 2024-09-01 11:44:25
54 1.1804826259613037 0.75 2024-09-01 11:44:25
55 1.1410658359527588 0.75 2024-09-01 11:44:25
56 1.1381127834320068 0.75 2024-09-01 11:44:26
57 1.0243412256240845 0.75 2024-09-01 11:44:26
58 1.0528064966201782 0.75 2024-09-01 11:44:26
59 1.2586658000946045 0.75 2024-09-01 11:44:26
60 0.9625338315963745 0.75 2024-09-01 11:44:26
10
30
1 1.8792297840118408 0.0 2024-09-01 11:44:26
2 1.783078908920288 0.0 2024-09-01 11:44:26
3 1.766291856765747 0.0 2024-09-01 11:44:26
4 1.7426258325576782 0.0 2024-09-01 11:44:26
5 1.7134441137313843 0.0 2024-09-01 11:44:26
6 1.7957055568695068 0.0 2024-09-01 11:44:26
7 1.645320177078247 0.0 2024-09-01 11:44:26
8 1.739357352256775 0.0 2024-09-01 11:44:26
9 1.7089807987213135 0.0 2024-09-01 11:44:26
10 1.5336949825286865 0.0 2024-09-01 11:44:26
11 1.6461694240570068 0.0 2024-09-01 11:44:26
12 1.458688497543335 0.1 2024-09-01 11:44:26
13 1.5830190181732178 0.1 2024-09-01 11:44:26
14 1.3858997821807861 0.1 2024-09-01 11:44:26
15 1.521695613861084 0.1 2024-09-01 11:44:26
16 1.4922192096710205 0.1 2024-09-01 11:44:26
17 1.284971833229065 0.1 2024-09-01 11:44:26
18 1.2540857791900635 0.1 2024-09-01 11:44:26
19 1.4102948904037476 0.1 2024-09-01 11:44:26
20 1.1959149837493896 0.1 2024-09-01 11:44:26
21 1.3608624935150146 0.1 2024-09-01 11:44:26
22 1.3382028341293335 0.1 2024-09-01 11:44:26
23 1.3168106079101562 0.8 2024-09-01 11:44:26
24 1.0971266031265259 0.8 2024-09-01 11:44:26
25 1.0756312608718872 0.8 2024-09-01 11:44:26
26 1.2597564458847046 0.8 2024-09-01 11:44:26
27 1.2430263757705688 0.8 2024-09-01 11:44:26
28 1.0181397199630737 0.8 2024-09-01 11:44:26
29 1.212766408920288 0.8 2024-09-01 11:44:26
30 0.9852827191352844 0.8 2024-09-01 11:44:26
2
8
1 2.239434003829956 0.0 2024-09-01 11:44:26
2 2.229947566986084 0.0 2024-09-01 11:44:26
3 2.2130041122436523 0.0 2024-09-01 11:44:26
4 2.189964532852173 0.0 2024-09-01 11:44:26
5 2.1619200706481934 0.0 2024-09-01 11:44:26
6 2.129798173904419 0.0 2024-09-01 11:44:26
7 2.0944080352783203 0.0 2024-09-01 11:44:26
8 2.0564637184143066 0.0 2024-09-01 11:44:26
9 2.0165977478027344 0.0 2024-09-01 11:44:26
10 1.9754512310028076 0.0 2024-09-01 11:44:26
11 1.933275580406189 0.0 2024-09-01 11:44:26
12 1.890748143196106 0.0 2024-09-01 11:44:26
13 1.8481661081314087 0.0 2024-09-01 11:44:26
14 1.8058569431304932 0.0 2024-09-01 11:44:26
15 1.7641003131866455 0.0 2024-09-01 11:44:26
16 1.7231324911117554 0.0 2024-09-01 11:44:26
17 1.6831494569778442 0.0 2024-09-01 11:44:26
18 1.6443098783493042 0.0 2024-09-01 11:44:26
19 1.6067392826080322 0.0 2024-09-01 11:44:26
20 1.5705326795578003 0.0 2024-09-01 11:44:26
21 1.535757303237915 0.0 2024-09-01 11:44:26
22 1.5024561882019043 0.0 2024-09-01 11:44:26
23 1.4706510305404663 0.0 2024-09-01 11:44:26
24 1.4403446912765503 0.0 2024-09-01 11:44:26
25 1.4115239381790161 0.0 2024-09-01 11:44:26
26 1.3841617107391357 0.0 2024-09-01 11:44:26
27 1.3582203388214111 0.0 2024-09-01 11:44:26
28 1.3336529731750488 0.0 2024-09-01 11:44:26
29 1.3104057312011719 0.0 2024-09-01 11:44:26
30 1.2884197235107422 0.5 2024-09-01 11:44:26
31 1.2676327228546143 0.5 2024-09-01 11:44:26
32 1.2479805946350098 0.5 2024-09-01 11:44:26
33 1.2293980121612549 0.5 2024-09-01 11:44:26
34 1.2118204832077026 0.5 2024-09-01 11:44:26
35 1.1951842308044434 0.5 2024-09-01 11:44:26
36 1.1794276237487793 0.5 2024-09-01 11:44:27
37 1.1644912958145142 0.5 2024-09-01 11:44:27
38 1.1503190994262695 0.5 2024-09-01 11:44:27
39 1.136857509613037 0.5 2024-09-01 11:44:27
40 1.1240568161010742 0.5 2024-09-01 11:44:27
41 1.111870288848877 0.5 2024-09-01 11:44:27
42 1.1002551317214966 0.5 2024-09-01 11:44:27
43 1.0891711711883545 0.5 2024-09-01 11:44:27
44 1.078582525253296 0.5 2024-09-01 11:44:27
45 1.0684553384780884 0.5 2024-09-01 11:44:27
46 1.0587595701217651 0.5 2024-09-01 11:44:27
47 1.0494675636291504 0.5 2024-09-01 11:44:27
48 1.040554165840149 0.5 2024-09-01 11:44:27
49 1.031996726989746 0.5 2024-09-01 11:44:27
50 1.0237748622894287 0.5 2024-09-01 11:44:27
51 1.0158696174621582 0.5 2024-09-01 11:44:27
52 1.008264422416687 0.5 2024-09-01 11:44:27
53 1.000943899154663 0.5 2024-09-01 11:44:27
54 0.9938937425613403 0.5 2024-09-01 11:44:27
1
1
1 1.2312405109405518 0.0 2024-09-01 11:44:27
2 1.212550163269043 0.0 2024-09-01 11:44:27
3 1.1883461475372314 0.0 2024-09-01 11:44:27
4 1.1597275733947754 0.0 2024-09-01 11:44:27
5 1.127676010131836 0.0 2024-09-01 11:44:27
6 1.0930558443069458 0.0 2024-09-01 11:44:27
7 1.0566203594207764 0.0 2024-09-01 11:44:27
8 1.0190186500549316 0.0 2024-09-01 11:44:27
9 0.9808036684989929 0.0 2024-09-01 11:44:27
1 0.9424417614936829 0.0 2024-09-01 11:44:27
1 0.9043209552764893 0.0 2024-09-01 11:44:27
Finish training graph 0 2024-09-01 11:44:27
Start validating 2024-09-01 11:44:27
../graphchi-cpp-master/graph_data/darpatc/theia_test.txt 2024-09-01 11:44:27
Data(edge_index=[2, 9426573], test_mask=[344765], train_mask=[344765], x=[344765, 36], y=[344765])
validating in model  0
fp and fn:  57012 287753
Precision:  0.3082833104019283
Recall:  0.9999999999999961
validating in model  1
fp and fn:  43166 13846
Precision:  0.3703882500950871
Recall:  0.9999999999999961
validating in model  2
fp and fn:  40294 2872
Precision:  0.38646111577501274
Recall:  0.9999999999999961
validating in model  3
fp and fn:  30639 9655
Precision:  0.4525692406784505
Recall:  0.9990520952644221
validating in model  4
fp and fn:  26486 4153
Precision:  0.4888961904945969
Recall:  0.9990520952644221
validating in model  5
fp and fn:  25157 1329
Precision:  0.5017853600476085
Recall:  0.9990520952644221
validating in model  6
fp and fn:  24699 458
Precision:  0.5063455841140193
Recall:  0.9990520952644221
validating in model  7
fp and fn:  24333 366
Precision:  0.5097553110009261
Recall:  0.9988941111418264
validating in model  8
fp and fn:  24327 6
Precision:  0.5098066883025247
Recall:  0.9988941111418264
validating in model  9
fp and fn:  24284 43
Precision:  0.5102489609813168
Recall:  0.9988941111418264
validating in model  10
fp and fn:  3130 21154
Precision:  0.8901520484302377
Recall:  0.9988941111418264
Resource usage: resource.struct_rusage(ru_utime=5832.393788, ru_stime=430.455237, ru_maxrss=4316752, ru_ixrss=0, ru_idrss=0, ru_isrss=0, ru_minflt=17026318, ru_majflt=3865, ru_nswap=0, ru_inblock=5725032, ru_oublock=276824, ru_msgsnd=0, ru_msgrcv=0, ru_nsignals=0, ru_nvcsw=4990307, ru_nivcsw=1764345) 2024-09-01 11:49:21
