Thu 29 Aug 2024 05:48:56 IDT

SLURM_JOBID:		 969793
SLURM_JOB_NODELIST:	 cs-cpu-01 


executing python ./train_darpatc.py --scene theia
rm: cannot remove 'result_*': No such file or directory
rm: cannot remove 'result_*': No such file or directory
Start training graph 0 2024-08-29 05:49:05
Data(edge_index=[2, 9388492], test_mask=[304973], train_mask=[304973], x=[304973, 36], y=[304973])
feature  36 ; label  5
1 669.9601474972891 0.7511451833440993 2024-08-29 05:50:42
2 38.03855492133363 0.8690802136582583 2024-08-29 05:51:49
3 2.2110089766793273 0.8650142799526516 2024-08-29 05:52:55
4 1.4439506921585865 0.8661324117216934 2024-08-29 05:54:00
5 0.6281591158617849 0.8665160522406902 2024-08-29 05:55:06
6 0.5697027900762544 0.8703950841549908 2024-08-29 05:56:13
7 0.5400496279286515 0.8735199509464773 2024-08-29 05:57:19
8 0.5356140007344699 0.8721591747466169 2024-08-29 05:58:25
9 0.5254531380699252 0.8746282457791346 2024-08-29 05:59:29
10 0.5269829346012087 0.8736838998862194 2024-08-29 06:00:34
11 0.5143476935399454 0.8728215284631754 2024-08-29 06:01:38
12 0.5282775223991388 0.8745692241608274 2024-08-29 06:02:45
13 0.524450301942262 0.8745954559911862 2024-08-29 06:03:50
14 0.5133545934548677 0.8720083417220541 2024-08-29 06:04:56
15 0.5213093982576718 0.8689884022520027 2024-08-29 06:06:01
16 0.4988913840399972 0.8725985579051261 2024-08-29 06:07:07
17 0.5085250640426899 0.8712672925144193 2024-08-29 06:08:13
18 0.5044223725630987 0.8692638364707695 2024-08-29 06:09:19
19 0.5105378016449014 0.8657520501814915 2024-08-29 06:10:24
20 0.507588668939994 0.8697655202263807 2024-08-29 06:11:31
21 0.5097360100708802 0.866876739908123 2024-08-29 06:12:38
22 0.5263829499851811 0.8719952258068747 2024-08-29 06:13:42
23 0.5213012844771187 0.872198522492155 2024-08-29 06:14:48
24 0.5005630020671001 0.8701130919786342 2024-08-29 06:15:53
25 0.5069510721837429 0.8693818797073839 2024-08-29 06:16:58
26 0.4963738649976733 0.8696081292442281 2024-08-29 06:18:04
27 0.5064593516726635 0.8693786007285891 2024-08-29 06:19:10
28 0.4912227325084678 0.8686145986693904 2024-08-29 06:20:16
29 0.4955309482836057 0.8686145986693904 2024-08-29 06:21:22
40069
264904
1 2.6353741136142625 0.016197060071376876 2024-08-29 06:22:51
2 2.168658310909643 0.06853178267488583 2024-08-29 06:23:15
3 1.6740648496671315 0.09658339364596072 2024-08-29 06:23:40
4 1.4033614202447646 0.11577528762884025 2024-08-29 06:24:05
5 1.2485742742596573 0.16796026853677407 2024-08-29 06:24:29
6 1.1545571597176014 0.5683945194539419 2024-08-29 06:24:54
7 1.0890339432699494 0.6126182335471312 2024-08-29 06:25:18
8 1.0531034219398565 0.6334822431305998 2024-08-29 06:25:42
9 1.0141977141885197 0.6512515910055154 2024-08-29 06:26:07
10 0.9952014856251152 0.6536973720332426 2024-08-29 06:26:31
13876
26193
1 1.6218298568131773 0.05455462669357163 2024-08-29 06:27:05
2 1.4933026328352144 0.11228019602190834 2024-08-29 06:27:23
3 1.4018342276064866 0.12424329778034016 2024-08-29 06:27:42
4 1.3183571523945143 0.22816373594695877 2024-08-29 06:28:01
5 1.2349387618642473 0.23508215624099163 2024-08-29 06:28:21
6 1.1784497620771446 0.256413952147593 2024-08-29 06:28:41
7 1.1200102726435173 0.7030844623810897 2024-08-29 06:29:01
8 1.0813088045576595 0.7030123955030269 2024-08-29 06:29:20
9 1.0463884230064158 0.7011386566733929 2024-08-29 06:29:39
10 1.0210977068686904 0.6999135197463245 2024-08-29 06:29:57
11 0.991629072313317 0.6999855866243875 2024-08-29 06:30:17
4163
9713
1 2.064364433288574 0.00024021138601969732 2024-08-29 06:30:31
2 2.0927319526672363 0.0009608455440787893 2024-08-29 06:30:36
3 2.038203716278076 0.002882536632236368 2024-08-29 06:30:40
4 2.0546112060546875 0.0033629594042757626 2024-08-29 06:30:45
5 1.977673888206482 0.005284650492433342 2024-08-29 06:30:49
6 1.9536300897598267 0.011049723756906077 2024-08-29 06:30:53
7 1.934574007987976 0.017295219793418207 2024-08-29 06:30:58
8 1.8929897546768188 0.03218832572663944 2024-08-29 06:31:02
9 1.8603156805038452 0.03314917127071823 2024-08-29 06:31:07
10 1.8496053218841553 0.03435022820081672 2024-08-29 06:31:12
11 1.816176414489746 0.035551285130915204 2024-08-29 06:31:16
12 1.763918399810791 0.035791496516934904 2024-08-29 06:31:21
13 1.7028658390045166 0.036752342061013694 2024-08-29 06:31:26
14 1.6885333061218262 0.036752342061013694 2024-08-29 06:31:30
15 1.6587809324264526 0.036752342061013694 2024-08-29 06:31:35
16 1.6258550882339478 0.036752342061013694 2024-08-29 06:31:39
17 1.5604485273361206 0.03699255344703339 2024-08-29 06:31:44
18 1.5343642234802246 0.03699255344703339 2024-08-29 06:31:48
19 1.4934695959091187 0.03699255344703339 2024-08-29 06:31:53
20 1.4689581394195557 0.03699255344703339 2024-08-29 06:31:57
21 1.4625426530838013 0.03699255344703339 2024-08-29 06:32:02
22 1.4131628274917603 0.03699255344703339 2024-08-29 06:32:06
23 1.3945144414901733 0.057410521258707665 2024-08-29 06:32:11
24 1.3675867319107056 0.10329089598846986 2024-08-29 06:32:15
25 1.3694839477539062 0.12755224597645928 2024-08-29 06:32:20
26 1.327724575996399 0.13884218111938507 2024-08-29 06:32:24
27 1.3287394046783447 0.5887581071342781 2024-08-29 06:32:29
28 1.3166921138763428 0.5887581071342781 2024-08-29 06:32:33
29 1.297426462173462 0.5887581071342781 2024-08-29 06:32:37
30 1.2811039686203003 0.5887581071342781 2024-08-29 06:32:42
31 1.2503331899642944 0.5887581071342781 2024-08-29 06:32:47
32 1.2603120803833008 0.5887581071342781 2024-08-29 06:32:51
33 1.2337219715118408 0.5887581071342781 2024-08-29 06:32:56
34 1.2131975889205933 0.5887581071342781 2024-08-29 06:33:01
35 1.1976242065429688 0.5887581071342781 2024-08-29 06:33:05
36 1.1972466707229614 0.5887581071342781 2024-08-29 06:33:10
37 1.1817545890808105 0.5885178957482584 2024-08-29 06:33:14
38 1.1695338487625122 0.5885178957482584 2024-08-29 06:33:19
39 1.1639008522033691 0.5885178957482584 2024-08-29 06:33:24
40 1.172886610031128 0.5885178957482584 2024-08-29 06:33:28
41 1.1519876718521118 0.5887581071342781 2024-08-29 06:33:33
42 1.146887183189392 0.5887581071342781 2024-08-29 06:33:37
43 1.1386111974716187 0.5887581071342781 2024-08-29 06:33:42
44 1.1475721597671509 0.5887581071342781 2024-08-29 06:33:46
45 1.1393091678619385 0.5887581071342781 2024-08-29 06:33:51
46 1.1207152605056763 0.5887581071342781 2024-08-29 06:33:56
47 1.1134659051895142 0.5887581071342781 2024-08-29 06:34:01
48 1.107558012008667 0.5887581071342781 2024-08-29 06:34:06
49 1.1192587614059448 0.5887581071342781 2024-08-29 06:34:10
50 1.098777413368225 0.5887581071342781 2024-08-29 06:34:15
51 1.0911309719085693 0.5887581071342781 2024-08-29 06:34:20
52 1.0877214670181274 0.5885178957482584 2024-08-29 06:34:25
53 1.1003386974334717 0.5887581071342781 2024-08-29 06:34:29
54 1.0940039157867432 0.5887581071342781 2024-08-29 06:34:33
55 1.0763981342315674 0.5885178957482584 2024-08-29 06:34:38
56 1.0659016370773315 0.5885178957482584 2024-08-29 06:34:42
57 1.0735242366790771 0.5885178957482584 2024-08-29 06:34:47
58 1.067021131515503 0.5885178957482584 2024-08-29 06:34:52
59 1.0575153827667236 0.5885178957482584 2024-08-29 06:34:56
60 1.051570177078247 0.5885178957482584 2024-08-29 06:35:01
61 1.0500106811523438 0.5885178957482584 2024-08-29 06:35:05
62 1.0644192695617676 0.5885178957482584 2024-08-29 06:35:10
63 1.0589289665222168 0.5885178957482584 2024-08-29 06:35:15
64 1.038271188735962 0.5885178957482584 2024-08-29 06:35:20
65 1.0523353815078735 0.5885178957482584 2024-08-29 06:35:24
66 1.0373023748397827 0.5885178957482584 2024-08-29 06:35:28
67 1.0287271738052368 0.5885178957482584 2024-08-29 06:35:33
68 1.031217098236084 0.5885178957482584 2024-08-29 06:35:37
69 1.0305691957473755 0.5885178957482584 2024-08-29 06:35:42
70 1.029123067855835 0.5885178957482584 2024-08-29 06:35:46
71 1.0173591375350952 0.5885178957482584 2024-08-29 06:35:51
72 1.0384650230407715 0.5885178957482584 2024-08-29 06:35:55
73 1.0237298011779785 0.5885178957482584 2024-08-29 06:36:00
74 1.0146981477737427 0.5885178957482584 2024-08-29 06:36:05
75 1.0098676681518555 0.5885178957482584 2024-08-29 06:36:09
76 1.0051424503326416 0.5885178957482584 2024-08-29 06:36:13
77 1.0020817518234253 0.5887581071342781 2024-08-29 06:36:18
78 1.0039035081863403 0.5887581071342781 2024-08-29 06:36:23
79 0.9980673789978027 0.5887581071342781 2024-08-29 06:36:27
1712
2451
1 1.6818736791610718 0.0 2024-08-29 06:36:30
2 1.6615376472473145 0.0 2024-08-29 06:36:31
3 1.6431245803833008 0.0 2024-08-29 06:36:31
4 1.61915123462677 0.0005841121495327102 2024-08-29 06:36:32
5 1.5921894311904907 0.0011682242990654205 2024-08-29 06:36:32
6 1.5556819438934326 0.0011682242990654205 2024-08-29 06:36:33
7 1.5317457914352417 0.0011682242990654205 2024-08-29 06:36:34
8 1.4947254657745361 0.0011682242990654205 2024-08-29 06:36:34
9 1.460191249847412 0.0011682242990654205 2024-08-29 06:36:35
10 1.432528018951416 0.0017523364485981308 2024-08-29 06:36:35
11 1.3981845378875732 0.0011682242990654205 2024-08-29 06:36:36
12 1.3584755659103394 0.0005841121495327102 2024-08-29 06:36:37
13 1.328734040260315 0.0005841121495327102 2024-08-29 06:36:37
14 1.2920641899108887 0.0005841121495327102 2024-08-29 06:36:38
15 1.261685848236084 0.0005841121495327102 2024-08-29 06:36:38
16 1.2255998849868774 0.0005841121495327102 2024-08-29 06:36:39
17 1.1926681995391846 0.0 2024-08-29 06:36:40
18 1.1755331754684448 0.0 2024-08-29 06:36:40
19 1.1329680681228638 0.002336448598130841 2024-08-29 06:36:41
20 1.0984336137771606 0.21787383177570094 2024-08-29 06:36:42
21 1.059728741645813 0.5309579439252337 2024-08-29 06:36:42
22 1.0240534543991089 0.7003504672897196 2024-08-29 06:36:43
23 1.0128941535949707 0.6886682242990654 2024-08-29 06:36:43
24 1.0056706666946411 0.6980140186915887 2024-08-29 06:36:44
25 0.9813530445098877 0.7038551401869159 2024-08-29 06:36:45
507
1205
1 1.3669214248657227 0.1203155818540434 2024-08-29 06:36:46
2 1.3277462720870972 0.1203155818540434 2024-08-29 06:36:46
3 1.3014087677001953 0.1203155818540434 2024-08-29 06:36:46
4 1.3447121381759644 0.1222879684418146 2024-08-29 06:36:47
5 1.1701432466506958 0.7337278106508875 2024-08-29 06:36:47
6 1.0111589431762695 0.7317554240631163 2024-08-29 06:36:48
7 0.9519150853157043 0.727810650887574 2024-08-29 06:36:48
138
369
1 2.0406739711761475 0.014492753623188406 2024-08-29 06:36:49
2 1.7004234790802002 0.028985507246376812 2024-08-29 06:36:49
3 1.468571424484253 0.028985507246376812 2024-08-29 06:36:49
4 1.6143699884414673 0.028985507246376812 2024-08-29 06:36:50
5 1.4127285480499268 0.028985507246376812 2024-08-29 06:36:50
6 1.5040453672409058 0.028985507246376812 2024-08-29 06:36:50
7 1.5592994689941406 0.028985507246376812 2024-08-29 06:36:50
8 1.4425301551818848 0.028985507246376812 2024-08-29 06:36:51
9 1.3596558570861816 0.028985507246376812 2024-08-29 06:36:51
10 1.3148285150527954 0.42028985507246375 2024-08-29 06:36:51
11 1.1355218887329102 0.43478260869565216 2024-08-29 06:36:52
12 1.0839041471481323 0.5579710144927537 2024-08-29 06:36:52
13 0.9899719953536987 0.8623188405797102 2024-08-29 06:36:52
19
119
1 2.126286029815674 0.3684210526315789 2024-08-29 06:36:52
2 1.765783667564392 0.7368421052631579 2024-08-29 06:36:53
3 1.6406574249267578 0.7368421052631579 2024-08-29 06:36:53
4 1.26056706905365 0.7368421052631579 2024-08-29 06:36:53
5 7.493383407592773 0.7368421052631579 2024-08-29 06:36:53
6 1.226782202720642 0.7368421052631579 2024-08-29 06:36:53
7 1.1244120597839355 0.7368421052631579 2024-08-29 06:36:53
8 1.0334895849227905 0.5263157894736842 2024-08-29 06:36:54
9 1.1078221797943115 0.47368421052631576 2024-08-29 06:36:54
10 1.098408579826355 0.2631578947368421 2024-08-29 06:36:54
11 1.1614097356796265 0.3157894736842105 2024-08-29 06:36:54
12 1.152841329574585 0.3157894736842105 2024-08-29 06:36:54
13 1.054011344909668 0.3684210526315789 2024-08-29 06:36:54
14 1.0345532894134521 0.8421052631578947 2024-08-29 06:36:55
15 1.0399280786514282 0.8421052631578947 2024-08-29 06:36:55
16 1.0709508657455444 0.8421052631578947 2024-08-29 06:36:55
17 0.9947194457054138 0.8421052631578947 2024-08-29 06:36:55
3
16
1 3.4390203952789307 0.0 2024-08-29 06:36:55
2 3.433145523071289 0.0 2024-08-29 06:36:55
3 3.423337936401367 0.0 2024-08-29 06:36:55
4 3.416191339492798 0.0 2024-08-29 06:36:55
5 3.396757125854492 0.0 2024-08-29 06:36:55
6 3.373429536819458 0.0 2024-08-29 06:36:55
7 3.3492753505706787 0.0 2024-08-29 06:36:56
8 3.3172643184661865 0.0 2024-08-29 06:36:56
9 3.287907838821411 0.0 2024-08-29 06:36:56
10 3.2540085315704346 0.0 2024-08-29 06:36:56
11 3.218447685241699 0.0 2024-08-29 06:36:56
12 3.170893669128418 0.0 2024-08-29 06:36:56
13 3.1410295963287354 0.0 2024-08-29 06:36:56
14 3.102266311645508 0.0 2024-08-29 06:36:56
15 3.0629117488861084 0.0 2024-08-29 06:36:56
16 3.025684118270874 0.0 2024-08-29 06:36:56
17 2.977923631668091 0.0 2024-08-29 06:36:56
18 2.9355504512786865 0.0 2024-08-29 06:36:56
19 2.898087739944458 0.0 2024-08-29 06:36:56
20 2.858391523361206 0.0 2024-08-29 06:36:56
21 2.816638708114624 0.0 2024-08-29 06:36:56
22 2.7848665714263916 0.0 2024-08-29 06:36:56
23 2.741356134414673 0.0 2024-08-29 06:36:56
24 2.708059549331665 0.0 2024-08-29 06:36:56
25 2.6704652309417725 0.0 2024-08-29 06:36:56
26 2.62884259223938 0.0 2024-08-29 06:36:56
27 2.590409994125366 0.0 2024-08-29 06:36:56
28 2.5569725036621094 0.0 2024-08-29 06:36:56
29 2.528655529022217 0.0 2024-08-29 06:36:56
30 2.487863540649414 0.0 2024-08-29 06:36:56
31 2.4523494243621826 0.0 2024-08-29 06:36:56
32 2.425825834274292 0.0 2024-08-29 06:36:56
33 2.3896102905273438 0.0 2024-08-29 06:36:56
34 2.35638165473938 0.0 2024-08-29 06:36:56
35 2.325852632522583 0.0 2024-08-29 06:36:56
36 2.3038361072540283 0.0 2024-08-29 06:36:57
37 2.272671937942505 0.0 2024-08-29 06:36:57
38 2.246110677719116 0.0 2024-08-29 06:36:57
39 2.218289852142334 0.0 2024-08-29 06:36:57
40 2.183863401412964 0.0 2024-08-29 06:36:57
41 2.1628448963165283 0.0 2024-08-29 06:36:57
42 2.1318519115448 0.0 2024-08-29 06:36:57
43 2.111952543258667 0.0 2024-08-29 06:36:57
44 2.0824272632598877 0.0 2024-08-29 06:36:57
45 2.060307502746582 0.0 2024-08-29 06:36:57
46 2.037113666534424 0.0 2024-08-29 06:36:57
47 2.0128889083862305 0.0 2024-08-29 06:36:57
48 1.9908781051635742 0.0 2024-08-29 06:36:57
49 1.9694279432296753 0.0 2024-08-29 06:36:57
50 1.9548587799072266 0.0 2024-08-29 06:36:57
51 1.934423804283142 0.0 2024-08-29 06:36:57
52 1.9083017110824585 0.0 2024-08-29 06:36:57
53 1.8889566659927368 0.0 2024-08-29 06:36:57
54 1.8716278076171875 0.0 2024-08-29 06:36:57
55 1.8532475233078003 0.0 2024-08-29 06:36:57
56 1.8382316827774048 0.0 2024-08-29 06:36:57
57 1.8163906335830688 0.0 2024-08-29 06:36:57
58 1.8008838891983032 0.0 2024-08-29 06:36:57
59 1.784316897392273 0.0 2024-08-29 06:36:57
60 1.7726325988769531 0.0 2024-08-29 06:36:57
61 1.7552894353866577 0.0 2024-08-29 06:36:57
62 1.7356632947921753 0.0 2024-08-29 06:36:57
63 1.7207450866699219 0.0 2024-08-29 06:36:57
64 1.7062119245529175 0.0 2024-08-29 06:36:57
65 1.6935256719589233 0.0 2024-08-29 06:36:58
66 1.678263545036316 0.0 2024-08-29 06:36:58
67 1.6707831621170044 0.0 2024-08-29 06:36:58
68 1.657727837562561 0.0 2024-08-29 06:36:58
69 1.6405106782913208 0.0 2024-08-29 06:36:58
70 1.6326507329940796 0.0 2024-08-29 06:36:58
71 1.6145740747451782 0.0 2024-08-29 06:36:58
72 1.6072516441345215 0.0 2024-08-29 06:36:58
73 1.5958410501480103 0.0 2024-08-29 06:36:58
74 1.5818065404891968 0.0 2024-08-29 06:36:58
75 1.5694752931594849 0.0 2024-08-29 06:36:58
76 1.5651588439941406 0.0 2024-08-29 06:36:58
77 1.550252914428711 0.0 2024-08-29 06:36:58
78 1.540304183959961 0.0 2024-08-29 06:36:58
79 1.535202145576477 0.0 2024-08-29 06:36:58
80 1.5260635614395142 0.0 2024-08-29 06:36:58
81 1.5152095556259155 0.0 2024-08-29 06:36:58
82 1.5010833740234375 0.0 2024-08-29 06:36:58
83 1.493839144706726 0.0 2024-08-29 06:36:58
84 1.4911823272705078 0.0 2024-08-29 06:36:58
85 1.481789231300354 0.0 2024-08-29 06:36:58
86 1.4735714197158813 0.0 2024-08-29 06:36:58
87 1.4655011892318726 0.0 2024-08-29 06:36:58
88 1.4548921585083008 0.0 2024-08-29 06:36:58
89 1.4447431564331055 0.0 2024-08-29 06:36:58
90 1.4371072053909302 0.0 2024-08-29 06:36:58
91 1.4295629262924194 0.0 2024-08-29 06:36:58
92 1.4304791688919067 0.0 2024-08-29 06:36:58
93 1.4201103448867798 0.0 2024-08-29 06:36:59
94 1.615235447883606 0.0 2024-08-29 06:36:59
95 1.405967354774475 0.0 2024-08-29 06:36:59
96 1.4073139429092407 0.0 2024-08-29 06:36:59
97 1.3956127166748047 0.0 2024-08-29 06:36:59
98 1.3898416757583618 0.0 2024-08-29 06:36:59
99 1.3747334480285645 0.0 2024-08-29 06:36:59
100 1.3769744634628296 0.0 2024-08-29 06:36:59
101 1.3776623010635376 0.0 2024-08-29 06:36:59
102 1.3685598373413086 0.0 2024-08-29 06:36:59
103 1.34365975856781 0.0 2024-08-29 06:36:59
104 1.356956124305725 0.0 2024-08-29 06:36:59
105 1.3349919319152832 0.0 2024-08-29 06:36:59
106 1.356432557106018 0.0 2024-08-29 06:36:59
107 1.325278639793396 0.0 2024-08-29 06:36:59
108 1.3481022119522095 0.0 2024-08-29 06:36:59
109 1.3372141122817993 0.0 2024-08-29 06:36:59
110 1.3163625001907349 0.0 2024-08-29 06:36:59
111 1.3057955503463745 0.0 2024-08-29 06:36:59
112 1.308150291442871 0.0 2024-08-29 06:36:59
113 1.299461007118225 0.0 2024-08-29 06:36:59
114 1.3186055421829224 0.0 2024-08-29 06:36:59
115 1.2964290380477905 0.0 2024-08-29 06:36:59
116 1.3118877410888672 0.0 2024-08-29 06:36:59
117 1.291282296180725 0.0 2024-08-29 06:36:59
118 1.280495047569275 0.0 2024-08-29 06:36:59
119 1.3025150299072266 0.0 2024-08-29 06:36:59
120 1.3075934648513794 0.0 2024-08-29 06:36:59
121 1.270121455192566 0.0 2024-08-29 06:36:59
122 1.299651026725769 0.0 2024-08-29 06:37:00
123 1.2995346784591675 0.0 2024-08-29 06:37:00
124 1.297000527381897 0.0 2024-08-29 06:37:00
125 1.2631726264953613 0.0 2024-08-29 06:37:00
126 1.252623200416565 0.0 2024-08-29 06:37:00
127 1.289794921875 0.0 2024-08-29 06:37:00
128 1.2849336862564087 0.0 2024-08-29 06:37:00
129 1.2741421461105347 0.0 2024-08-29 06:37:00
130 1.2516450881958008 0.0 2024-08-29 06:37:00
131 1.2720698118209839 0.0 2024-08-29 06:37:00
132 1.2763410806655884 0.0 2024-08-29 06:37:00
133 1.2336764335632324 0.0 2024-08-29 06:37:00
134 1.2658182382583618 0.0 2024-08-29 06:37:00
135 1.2731159925460815 0.0 2024-08-29 06:37:00
136 1.268559455871582 0.0 2024-08-29 06:37:00
137 1.2262290716171265 0.0 2024-08-29 06:37:00
138 1.2676559686660767 0.0 2024-08-29 06:37:00
139 1.2563011646270752 0.0 2024-08-29 06:37:00
140 1.228315830230713 0.0 2024-08-29 06:37:00
141 1.2527738809585571 0.0 2024-08-29 06:37:00
142 1.2151864767074585 0.0 2024-08-29 06:37:00
143 1.2108122110366821 0.0 2024-08-29 06:37:00
144 1.219803810119629 0.0 2024-08-29 06:37:00
145 1.2460722923278809 0.0 2024-08-29 06:37:00
146 1.2547311782836914 0.0 2024-08-29 06:37:00
147 1.2504533529281616 0.0 2024-08-29 06:37:00
148 1.2388488054275513 0.0 2024-08-29 06:37:00
149 1.2475847005844116 0.0 2024-08-29 06:37:00
1 1.2077608108520508 0.0 2024-08-29 06:37:01
2 1.1941304206848145 0.0 2024-08-29 06:37:01
3 1.2039060592651367 0.0 2024-08-29 06:37:01
4 1.2315984964370728 0.0 2024-08-29 06:37:01
5 1.1974748373031616 0.0 2024-08-29 06:37:01
6 1.1979299783706665 0.0 2024-08-29 06:37:01
7 1.1933907270431519 0.0 2024-08-29 06:37:01
8 1.1912578344345093 0.0 2024-08-29 06:37:01
9 1.2249726057052612 0.0 2024-08-29 06:37:01
10 1.2237122058868408 0.0 2024-08-29 06:37:01
11 1.2224622964859009 0.0 2024-08-29 06:37:01
12 1.1755839586257935 0.0 2024-08-29 06:37:01
13 1.183660864830017 0.0 2024-08-29 06:37:01
14 1.1816301345825195 0.0 2024-08-29 06:37:01
15 1.1693217754364014 0.0 2024-08-29 06:37:01
16 1.2309402227401733 0.0 2024-08-29 06:37:01
17 1.162819504737854 0.0 2024-08-29 06:37:01
18 1.228858470916748 0.0 2024-08-29 06:37:01
19 1.168750286102295 0.0 2024-08-29 06:37:01
20 1.1666765213012695 0.0 2024-08-29 06:37:01
21 1.2228503227233887 0.0 2024-08-29 06:37:01
22 1.209892749786377 0.0 2024-08-29 06:37:01
23 1.1525081396102905 0.0 2024-08-29 06:37:01
24 1.1504594087600708 0.0 2024-08-29 06:37:01
25 1.2067961692810059 0.0 2024-08-29 06:37:01
26 1.205772042274475 0.0 2024-08-29 06:37:01
27 1.2047520875930786 0.0 2024-08-29 06:37:01
28 1.2193653583526611 0.0 2024-08-29 06:37:01
29 1.202745795249939 0.0 2024-08-29 06:37:02
30 1.2145614624023438 0.0 2024-08-29 06:37:02
31 1.1462796926498413 0.0 2024-08-29 06:37:02
32 1.199851393699646 0.0 2024-08-29 06:37:02
33 1.1455575227737427 0.0 2024-08-29 06:37:02
34 1.1438807249069214 0.0 2024-08-29 06:37:02
35 1.128614068031311 0.0 2024-08-29 06:37:02
36 1.2095855474472046 0.0 2024-08-29 06:37:02
37 1.2087950706481934 0.0 2024-08-29 06:37:02
38 1.1251975297927856 0.0 2024-08-29 06:37:02
39 1.1324211359024048 0.0 2024-08-29 06:37:02
40 1.1927522420883179 0.0 2024-08-29 06:37:02
41 1.1173659563064575 0.0 2024-08-29 06:37:02
42 1.191063404083252 0.0 2024-08-29 06:37:02
43 1.1930354833602905 0.0 2024-08-29 06:37:02
44 1.1232075691223145 0.0 2024-08-29 06:37:02
45 1.2028471231460571 0.0 2024-08-29 06:37:02
46 1.1905702352523804 0.0 2024-08-29 06:37:02
47 1.1180368661880493 0.0 2024-08-29 06:37:02
48 1.186133861541748 0.0 2024-08-29 06:37:02
49 1.1881883144378662 0.0 2024-08-29 06:37:02
50 1.1845393180847168 0.0 2024-08-29 06:37:02
51 1.186594843864441 0.0 2024-08-29 06:37:02
52 1.2013200521469116 0.0 2024-08-29 06:37:02
53 1.1974539756774902 0.0 2024-08-29 06:37:02
54 1.0955724716186523 0.0 2024-08-29 06:37:02
55 1.18062424659729 0.0 2024-08-29 06:37:02
56 1.1827306747436523 0.0 2024-08-29 06:37:02
57 1.181962490081787 0.0 2024-08-29 06:37:03
58 1.1975642442703247 0.0 2024-08-29 06:37:03
59 1.1016384363174438 0.0 2024-08-29 06:37:03
60 1.1931157112121582 0.0 2024-08-29 06:37:03
61 1.1761223077774048 0.0 2024-08-29 06:37:03
62 1.1951916217803955 0.0 2024-08-29 06:37:03
63 1.1946110725402832 0.0 2024-08-29 06:37:03
64 1.174027442932129 0.0 2024-08-29 06:37:03
65 1.1934641599655151 0.0 2024-08-29 06:37:03
66 1.0807530879974365 0.0 2024-08-29 06:37:03
67 1.0795398950576782 0.0 2024-08-29 06:37:03
68 1.1918067932128906 0.0 2024-08-29 06:37:03
69 1.0767821073532104 0.0 2024-08-29 06:37:03
70 1.0910801887512207 0.0 2024-08-29 06:37:03
71 1.0894125699996948 0.0 2024-08-29 06:37:03
72 1.1864320039749146 0.0 2024-08-29 06:37:03
73 1.0699164867401123 0.0 2024-08-29 06:37:03
74 1.0839756727218628 0.0 2024-08-29 06:37:03
75 1.169838547706604 0.0 2024-08-29 06:37:03
76 1.1663089990615845 0.0 2024-08-29 06:37:03
77 1.0760537385940552 0.0 2024-08-29 06:37:03
78 1.1680148839950562 0.0 2024-08-29 06:37:03
79 1.1674023866653442 0.0 2024-08-29 06:37:03
80 1.0567058324813843 0.0 2024-08-29 06:37:03
81 1.1854432821273804 0.0 2024-08-29 06:37:03
82 1.0694326162338257 0.0 2024-08-29 06:37:03
83 1.1811977624893188 0.0 2024-08-29 06:37:03
84 1.1807494163513184 0.0 2024-08-29 06:37:03
85 1.0620311498641968 0.0 2024-08-29 06:37:03
86 1.0458985567092896 0.0 2024-08-29 06:37:04
87 1.05823814868927 0.0 2024-08-29 06:37:04
88 1.179018497467041 0.0 2024-08-29 06:37:04
89 1.0397018194198608 0.0 2024-08-29 06:37:04
90 1.161208152770996 0.0 2024-08-29 06:37:04
91 1.177788496017456 0.0 2024-08-29 06:37:04
92 1.180789828300476 0.0 2024-08-29 06:37:04
93 1.0485671758651733 0.0 2024-08-29 06:37:04
94 1.0445743799209595 0.0 2024-08-29 06:37:04
95 1.158661961555481 0.0 2024-08-29 06:37:04
96 1.0405679941177368 0.0 2024-08-29 06:37:04
97 1.1546658277511597 0.0 2024-08-29 06:37:04
98 1.154157280921936 0.0 2024-08-29 06:37:04
99 1.178101658821106 0.0 2024-08-29 06:37:04
100 1.1777204275131226 0.0 2024-08-29 06:37:04
101 1.1738719940185547 0.0 2024-08-29 06:37:04
102 1.030275821685791 0.0 2024-08-29 06:37:04
103 1.1765689849853516 0.0 2024-08-29 06:37:04
104 1.0141782760620117 0.0 2024-08-29 06:37:04
105 1.1537588834762573 0.0 2024-08-29 06:37:04
106 1.17546808719635 0.0 2024-08-29 06:37:04
107 1.1497453451156616 0.0 2024-08-29 06:37:04
108 1.1492422819137573 0.0 2024-08-29 06:37:04
109 1.174365758895874 0.0 2024-08-29 06:37:04
110 1.0207518339157104 0.0 2024-08-29 06:37:04
111 1.1477274894714355 0.0 2024-08-29 06:37:04
112 1.0027198791503906 0.0 2024-08-29 06:37:04
113 1.149770736694336 0.0 2024-08-29 06:37:04
114 1.1492470502853394 0.0 2024-08-29 06:37:05
115 1.1722831726074219 0.0 2024-08-29 06:37:05
116 1.1684314012527466 0.0 2024-08-29 06:37:05
117 1.1446161270141602 0.0 2024-08-29 06:37:05
118 0.9930901527404785 0.0 2024-08-29 06:37:05
1 1.143564224243164 0.0 2024-08-29 06:37:05
2 1.1430209875106812 0.0 2024-08-29 06:37:05
3 0.9907615780830383 0.0 2024-08-29 06:37:05
Finish training graph 0 2024-08-29 06:37:05
Start validating 2024-08-29 06:37:05
../graphchi-cpp-master/graph_data/darpatc/theia_test.txt 2024-08-29 06:37:05
Data(edge_index=[2, 9426573], test_mask=[344765], train_mask=[344765], x=[344765, 36], y=[344765])
validating in model  0
fp and fn:  58715 286050
Precision:  0.302020708082832
Recall:  0.9999999999999961
validating in model  1
fp and fn:  43844 14871
Precision:  0.3671229301394885
Recall:  0.9999999999999961
validating in model  2
fp and fn:  31147 12697
Precision:  0.44850268612258565
Recall:  0.999091591295071
validating in model  3
fp and fn:  29727 1420
Precision:  0.4600331011403516
Recall:  0.9990125992337732
validating in model  4
fp and fn:  28885 842
Precision:  0.46718752885982806
Recall:  0.9990125992337732
validating in model  5
fp and fn:  28498 387
Precision:  0.47055102876064947
Recall:  0.9990125992337732
validating in model  6
fp and fn:  28098 400
Precision:  0.47406005172995375
Recall:  0.9989731032031242
validating in model  7
fp and fn:  28077 21
Precision:  0.47424671404196184
Recall:  0.9989731032031242
validating in model  8
Start training graph 0 2024-08-29 06:41:26
Data(edge_index=[2, 9388492], test_mask=[304973], train_mask=[304973], x=[304973, 36], y=[304973])
feature  36 ; label  5
1 564.0382449257185 0.8631190302092316 2024-08-29 06:43:02
2 39.85027832689775 0.853246025057956 2024-08-29 06:44:09
3 5.9490991467850245 0.8606958648798418 2024-08-29 06:45:14
4 2.7910493915404904 0.8575480452367914 2024-08-29 06:46:21
5 0.9138737223903871 0.8655421955386214 2024-08-29 06:47:25
6 0.7019762316554031 0.8672964491938631 2024-08-29 06:48:31
7 0.6039908640275374 0.8669160876536611 2024-08-29 06:49:37
8 0.6211646612511739 0.8696278031169973 2024-08-29 06:50:42
9 0.6509983496410034 0.8721952435133602 2024-08-29 06:51:48
10 0.5523246175087029 0.8691556301705397 2024-08-29 06:52:53
11 0.5117512412878452 0.8723493555167179 2024-08-29 06:53:58
12 0.5009081663209041 0.8719853888704902 2024-08-29 06:55:04
13 0.5006711979847475 0.8715197738816223 2024-08-29 06:56:09
14 0.4989780932552003 0.8742446052601378 2024-08-29 06:57:14
15 0.5945403960057755 0.8646732661579878 2024-08-29 06:58:19
16 0.5216327627703614 0.8632010046791028 2024-08-29 06:59:25
17 0.498584181650987 0.8660471582730275 2024-08-29 07:00:31
18 0.5099415614384194 0.8660045315486945 2024-08-29 07:01:35
19 0.5021768541381801 0.8657979558846193 2024-08-29 07:02:40
20 0.5016624313003046 0.8653454568109308 2024-08-29 07:03:44
21 0.5024328323929373 0.8683981860689307 2024-08-29 07:04:48
22 0.4931605309186895 0.8675817203490145 2024-08-29 07:05:52
23 0.4900409105715299 0.8655126847294679 2024-08-29 07:06:58
24 0.4888294953544276 0.8696212451594075 2024-08-29 07:08:02
25 0.495687323051155 0.8716050273302882 2024-08-29 07:09:08
26 0.5002193486905743 0.8680702881894463 2024-08-29 07:10:14
27 0.5014699273505746 0.8686768992664925 2024-08-29 07:11:19
28 0.4973373520478586 0.8687424788423893 2024-08-29 07:12:25
29 0.48718205977893314 0.8700343964875579 2024-08-29 07:13:30
39636
265337
1 2.6703892399942566 0.05742254516096478 2024-08-29 07:14:57
2 2.248017692219442 0.0713492784337471 2024-08-29 07:15:22
3 1.8120000204196407 0.04248662831769099 2024-08-29 07:15:46
4 1.5137953339701933 0.11045514179029166 2024-08-29 07:16:11
5 1.3644848737385598 0.15430416792814614 2024-08-29 07:16:35
6 1.2149326681356905 0.5568674941971945 2024-08-29 07:17:00
7 1.1348539821458448 0.5676152992229286 2024-08-29 07:17:25
8 1.1047589999417482 0.5735190231103038 2024-08-29 07:17:49
9 1.0720096507506987 0.5802553234433343 2024-08-29 07:18:14
10 1.052572866563588 0.5876980522757089 2024-08-29 07:18:38
11 1.0204385814855386 0.5989504490866888 2024-08-29 07:19:02
12 0.9936900464397758 0.6067211625794732 2024-08-29 07:19:26
15588
24048
1 1.5149969135702406 0.023415447780343854 2024-08-29 07:19:59
2 1.4209524890781213 0.03329484218629715 2024-08-29 07:20:18
3 1.3018407960839844 0.08570695406723121 2024-08-29 07:20:38
4 1.1878336965961276 0.08852963818321787 2024-08-29 07:20:56
5 1.119520217906765 0.29009494482935594 2024-08-29 07:21:16
6 1.0257353363570598 0.6496664100590197 2024-08-29 07:21:36
7 0.9652644828371063 0.6448550166794971 2024-08-29 07:21:56
5536
10052
1 1.3823672286692383 0.033236994219653176 2024-08-29 07:22:09
2 1.3798742060027371 0.048952312138728325 2024-08-29 07:22:14
3 1.3021926102955217 0.13276734104046242 2024-08-29 07:22:18
4 1.3881510366938707 0.30671965317919075 2024-08-29 07:22:22
5 1.3650492241961418 0.3703034682080925 2024-08-29 07:22:27
6 1.1302950900758622 0.4308164739884393 2024-08-29 07:22:31
7 1.0739464534155896 0.5113800578034682 2024-08-29 07:22:36
8 1.1789940906570138 0.5587066473988439 2024-08-29 07:22:40
9 0.9711196099574855 0.6517341040462428 2024-08-29 07:22:45
1928
3608
1 2.066864490509033 0.08869294605809129 2024-08-29 07:22:49
2 2.138324737548828 0.14315352697095435 2024-08-29 07:22:51
3 1.3942816257476807 0.16856846473029047 2024-08-29 07:22:53
4 2.0068447589874268 0.23340248962655602 2024-08-29 07:22:55
5 1.9345009326934814 0.3729253112033195 2024-08-29 07:22:57
6 1.2728852033615112 0.5347510373443983 2024-08-29 07:22:59
7 1.2508646249771118 0.6032157676348547 2024-08-29 07:23:01
8 1.6895760297775269 0.6773858921161826 2024-08-29 07:23:03
9 1.1957072019577026 0.7297717842323651 2024-08-29 07:23:05
10 1.236191749572754 0.7391078838174274 2024-08-29 07:23:07
11 1.6753230094909668 0.7365145228215768 2024-08-29 07:23:09
12 1.5073418617248535 0.6934647302904564 2024-08-29 07:23:11
13 1.5085326433181763 0.6338174273858921 2024-08-29 07:23:13
14 1.2571948766708374 0.5938796680497925 2024-08-29 07:23:15
15 1.5122768878936768 0.5674273858921162 2024-08-29 07:23:17
16 1.2457845211029053 0.5508298755186722 2024-08-29 07:23:19
17 1.1117748022079468 0.5451244813278008 2024-08-29 07:23:21
18 1.178377628326416 0.5503112033195021 2024-08-29 07:23:23
19 1.376363754272461 0.5518672199170125 2024-08-29 07:23:25
20 1.3536309003829956 0.575207468879668 2024-08-29 07:23:27
21 1.3044860363006592 0.5907676348547718 2024-08-29 07:23:29
22 1.1496392488479614 0.6161825726141079 2024-08-29 07:23:31
23 1.1489742994308472 0.645746887966805 2024-08-29 07:23:33
24 1.1681710481643677 0.7136929460580913 2024-08-29 07:23:35
25 1.2090915441513062 0.7712655601659751 2024-08-29 07:23:37
26 1.1943187713623047 0.821058091286307 2024-08-29 07:23:39
27 1.0684529542922974 0.8532157676348547 2024-08-29 07:23:41
28 1.0842065811157227 0.8973029045643154 2024-08-29 07:23:43
29 1.14418363571167 0.9159751037344398 2024-08-29 07:23:45
30 1.0832443237304688 0.9206431535269709 2024-08-29 07:23:47
31 1.0769599676132202 0.9206431535269709 2024-08-29 07:23:49
32 1.037989854812622 0.9216804979253111 2024-08-29 07:23:51
33 0.9533652663230896 0.9216804979253111 2024-08-29 07:23:53
151
1777
1 2.1465330123901367 0.0 2024-08-29 07:23:54
2 2.4622983932495117 0.0 2024-08-29 07:23:54
3 1.7601182460784912 0.0 2024-08-29 07:23:55
4 1.6116660833358765 0.013245033112582781 2024-08-29 07:23:55
5 1.584734559059143 0.013245033112582781 2024-08-29 07:23:55
6 1.5666896104812622 0.013245033112582781 2024-08-29 07:23:55
7 1.5380572080612183 0.013245033112582781 2024-08-29 07:23:55
8 1.5177924633026123 0.013245033112582781 2024-08-29 07:23:55
9 1.481612205505371 0.013245033112582781 2024-08-29 07:23:55
10 1.4497013092041016 0.013245033112582781 2024-08-29 07:23:56
11 1.3987287282943726 0.013245033112582781 2024-08-29 07:23:56
12 1.3768869638442993 0.013245033112582781 2024-08-29 07:23:56
13 1.342545509338379 0.013245033112582781 2024-08-29 07:23:56
14 1.3830355405807495 0.013245033112582781 2024-08-29 07:23:56
15 1.278506875038147 0.013245033112582781 2024-08-29 07:23:56
16 1.2930964231491089 0.013245033112582781 2024-08-29 07:23:56
17 1.310978651046753 0.013245033112582781 2024-08-29 07:23:57
18 1.2655237913131714 0.013245033112582781 2024-08-29 07:23:57
19 1.2467674016952515 0.013245033112582781 2024-08-29 07:23:57
20 1.2412147521972656 0.013245033112582781 2024-08-29 07:23:57
21 1.2174712419509888 0.019867549668874173 2024-08-29 07:23:57
22 1.220411777496338 0.019867549668874173 2024-08-29 07:23:57
23 1.2011793851852417 0.019867549668874173 2024-08-29 07:23:57
24 1.1618995666503906 0.026490066225165563 2024-08-29 07:23:58
25 1.1673321723937988 0.026490066225165563 2024-08-29 07:23:58
26 1.1624501943588257 0.026490066225165563 2024-08-29 07:23:58
27 1.1503139734268188 0.026490066225165563 2024-08-29 07:23:58
28 1.147092342376709 0.026490066225165563 2024-08-29 07:23:58
29 1.1452505588531494 0.026490066225165563 2024-08-29 07:23:58
30 1.1348772048950195 0.026490066225165563 2024-08-29 07:23:58
31 1.111049771308899 0.026490066225165563 2024-08-29 07:23:59
32 1.1256319284439087 0.026490066225165563 2024-08-29 07:23:59
33 1.0799132585525513 0.026490066225165563 2024-08-29 07:23:59
34 1.088779330253601 0.026490066225165563 2024-08-29 07:23:59
35 1.1030839681625366 0.026490066225165563 2024-08-29 07:23:59
36 1.066366195678711 0.026490066225165563 2024-08-29 07:23:59
37 1.0782324075698853 0.026490066225165563 2024-08-29 07:23:59
38 1.0709623098373413 0.026490066225165563 2024-08-29 07:24:00
39 1.0550408363342285 0.026490066225165563 2024-08-29 07:24:00
40 1.0623342990875244 0.026490066225165563 2024-08-29 07:24:00
41 1.0684880018234253 0.026490066225165563 2024-08-29 07:24:00
42 1.0354880094528198 0.026490066225165563 2024-08-29 07:24:00
43 1.0407843589782715 0.026490066225165563 2024-08-29 07:24:00
44 1.0445680618286133 0.026490066225165563 2024-08-29 07:24:00
45 1.0398019552230835 0.026490066225165563 2024-08-29 07:24:01
46 1.0337852239608765 0.026490066225165563 2024-08-29 07:24:01
47 1.056471824645996 0.026490066225165563 2024-08-29 07:24:01
48 1.0534518957138062 0.026490066225165563 2024-08-29 07:24:01
49 1.0266180038452148 0.026490066225165563 2024-08-29 07:24:01
50 1.0080182552337646 0.026490066225165563 2024-08-29 07:24:01
51 1.0280061960220337 0.026490066225165563 2024-08-29 07:24:01
52 1.0196597576141357 0.026490066225165563 2024-08-29 07:24:02
53 1.0477538108825684 0.026490066225165563 2024-08-29 07:24:02
54 1.043188214302063 0.026490066225165563 2024-08-29 07:24:02
55 1.0200005769729614 0.026490066225165563 2024-08-29 07:24:02
56 1.043017864227295 0.026490066225165563 2024-08-29 07:24:02
57 1.0184826850891113 0.026490066225165563 2024-08-29 07:24:02
58 1.0054097175598145 0.026490066225165563 2024-08-29 07:24:03
59 1.036046028137207 0.026490066225165563 2024-08-29 07:24:03
60 1.0469876527786255 0.026490066225165563 2024-08-29 07:24:03
61 1.0337157249450684 0.026490066225165563 2024-08-29 07:24:03
62 1.0182069540023804 0.026490066225165563 2024-08-29 07:24:03
63 0.9905087351799011 0.026490066225165563 2024-08-29 07:24:03
147
4
1 1.020223617553711 0.0 2024-08-29 07:24:03
2 1.008482813835144 0.0 2024-08-29 07:24:04
3 1.030897617340088 0.0 2024-08-29 07:24:04
4 1.0276439189910889 0.0 2024-08-29 07:24:04
5 1.0192172527313232 0.0 2024-08-29 07:24:04
6 1.0092989206314087 0.0 2024-08-29 07:24:04
7 1.0196975469589233 0.0 2024-08-29 07:24:04
8 1.0206793546676636 0.0 2024-08-29 07:24:04
9 1.0243545770645142 0.0 2024-08-29 07:24:05
10 1.0178492069244385 0.0 2024-08-29 07:24:05
11 1.0104364156723022 0.0 2024-08-29 07:24:05
12 0.9982272982597351 0.0 2024-08-29 07:24:05
1 1.0169847011566162 0.0 2024-08-29 07:24:05
2 1.000817894935608 0.0 2024-08-29 07:24:05
3 1.0010532140731812 0.0 2024-08-29 07:24:06
4 1.0047413110733032 0.0 2024-08-29 07:24:06
5 1.0083749294281006 0.0 2024-08-29 07:24:06
6 1.0141459703445435 0.0 2024-08-29 07:24:06
7 0.9996957778930664 0.0 2024-08-29 07:24:06
1 1.0135196447372437 0.0 2024-08-29 07:24:06
2 1.0137437582015991 0.0 2024-08-29 07:24:06
3 1.000929355621338 0.0 2024-08-29 07:24:07
4 1.0014296770095825 0.0 2024-08-29 07:24:07
5 0.998425304889679 0.0 2024-08-29 07:24:07
Finish training graph 0 2024-08-29 07:24:07
Start validating 2024-08-29 07:24:07
../graphchi-cpp-master/graph_data/darpatc/theia_test.txt 2024-08-29 07:24:07
Data(edge_index=[2, 9426573], test_mask=[344765], train_mask=[344765], x=[344765, 36], y=[344765])
validating in model  0
fp and fn:  55995 288770
Precision:  0.3121447856693744
Recall:  0.9999999999999961
validating in model  1
fp and fn:  38916 17079
Precision:  0.3950599946948768
Recall:  0.9999999999999961
validating in model  2
fp and fn:  25859 13057
Precision:  0.4948645211777355
Recall:  0.9990520952644221
validating in model  3
fp and fn:  23035 2824
Precision:  0.5238036072974249
Recall:  0.9990520952644221
validating in model  4
fp and fn:  22021 1014
Precision:  0.5346919791974958
Recall:  0.9989336071724753
validating in model  5
fp and fn:  1078 20943
Precision:  0.9595204673925378
Recall:  0.9989336071724753
Resource usage: resource.struct_rusage(ru_utime=7171.26192, ru_stime=493.067004, ru_maxrss=4373352, ru_ixrss=0, ru_idrss=0, ru_isrss=0, ru_minflt=10546273, ru_majflt=57, ru_nswap=0, ru_inblock=24, ru_oublock=276256, ru_msgsnd=0, ru_msgrcv=0, ru_nsignals=0, ru_nvcsw=4844336, ru_nivcsw=53081) 2024-08-29 07:27:35
